{"meta": {"format": 3, "version": "7.6.12", "timestamp": "2025-02-27T19:45:33.220896", "branch_coverage": false, "show_contexts": false}, "files": {"pyerp\\__init__.py": {"executed_lines": [5, 7], "summary": {"covered_lines": 2, "num_statements": 2, "percent_covered": 100.0, "percent_covered_display": "100", "missing_lines": 0, "excluded_lines": 0}, "missing_lines": [], "excluded_lines": [], "functions": {"": {"executed_lines": [5, 7], "summary": {"covered_lines": 2, "num_statements": 2, "percent_covered": 100.0, "percent_covered_display": "100", "missing_lines": 0, "excluded_lines": 0}, "missing_lines": [], "excluded_lines": []}}, "classes": {"": {"executed_lines": [5, 7], "summary": {"covered_lines": 2, "num_statements": 2, "percent_covered": 100.0, "percent_covered_display": "100", "missing_lines": 0, "excluded_lines": 0}, "missing_lines": [], "excluded_lines": []}}}, "pyerp\\asgi.py": {"executed_lines": [], "summary": {"covered_lines": 0, "num_statements": 9, "percent_covered": 0.0, "percent_covered_display": "0", "missing_lines": 9, "excluded_lines": 0}, "missing_lines": [10, 11, 13, 14, 17, 18, 19, 22, 25], "excluded_lines": [], "functions": {"": {"executed_lines": [], "summary": {"covered_lines": 0, "num_statements": 9, "percent_covered": 0.0, "percent_covered_display": "0", "missing_lines": 9, "excluded_lines": 0}, "missing_lines": [10, 11, 13, 14, 17, 18, 19, 22, 25], "excluded_lines": []}}, "classes": {"": {"executed_lines": [], "summary": {"covered_lines": 0, "num_statements": 9, "percent_covered": 0.0, "percent_covered_display": "0", "missing_lines": 9, "excluded_lines": 0}, "missing_lines": [10, 11, 13, 14, 17, 18, 19, 22, 25], "excluded_lines": []}}}, "pyerp\\celery.py": {"executed_lines": [1, 2, 4, 5, 8, 9, 13, 16, 20, 23, 26, 27], "summary": {"covered_lines": 12, "num_statements": 14, "percent_covered": 85.71428571428571, "percent_covered_display": "86", "missing_lines": 2, "excluded_lines": 0}, "missing_lines": [10, 29], "excluded_lines": [], "functions": {"debug_task": {"executed_lines": [], "summary": {"covered_lines": 0, "num_statements": 1, "percent_covered": 0.0, "percent_covered_display": "0", "missing_lines": 1, "excluded_lines": 0}, "missing_lines": [29], "excluded_lines": []}, "": {"executed_lines": [1, 2, 4, 5, 8, 9, 13, 16, 20, 23, 26, 27], "summary": {"covered_lines": 12, "num_statements": 13, "percent_covered": 92.3076923076923, "percent_covered_display": "92", "missing_lines": 1, "excluded_lines": 0}, "missing_lines": [10], "excluded_lines": []}}, "classes": {"": {"executed_lines": [1, 2, 4, 5, 8, 9, 13, 16, 20, 23, 26, 27], "summary": {"covered_lines": 12, "num_statements": 14, "percent_covered": 85.71428571428571, "percent_covered_display": "86", "missing_lines": 2, "excluded_lines": 0}, "missing_lines": [10, 29], "excluded_lines": []}}}, "pyerp\\config\\__init__.py": {"executed_lines": [], "summary": {"covered_lines": 0, "num_statements": 0, "percent_covered": 100.0, "percent_covered_display": "100", "missing_lines": 0, "excluded_lines": 0}, "missing_lines": [], "excluded_lines": [], "functions": {"": {"executed_lines": [], "summary": {"covered_lines": 0, "num_statements": 0, "percent_covered": 100.0, "percent_covered_display": "100", "missing_lines": 0, "excluded_lines": 0}, "missing_lines": [], "excluded_lines": []}}, "classes": {"": {"executed_lines": [], "summary": {"covered_lines": 0, "num_statements": 0, "percent_covered": 100.0, "percent_covered_display": "100", "missing_lines": 0, "excluded_lines": 0}, "missing_lines": [], "excluded_lines": []}}}, "pyerp\\config\\env\\__init__.py": {"executed_lines": [], "summary": {"covered_lines": 0, "num_statements": 0, "percent_covered": 100.0, "percent_covered_display": "100", "missing_lines": 0, "excluded_lines": 0}, "missing_lines": [], "excluded_lines": [], "functions": {"": {"executed_lines": [], "summary": {"covered_lines": 0, "num_statements": 0, "percent_covered": 100.0, "percent_covered_display": "100", "missing_lines": 0, "excluded_lines": 0}, "missing_lines": [], "excluded_lines": []}}, "classes": {"": {"executed_lines": [], "summary": {"covered_lines": 0, "num_statements": 0, "percent_covered": 100.0, "percent_covered_display": "100", "missing_lines": 0, "excluded_lines": 0}, "missing_lines": [], "excluded_lines": []}}}, "pyerp\\config\\settings\\__init__.py": {"executed_lines": [], "summary": {"covered_lines": 0, "num_statements": 0, "percent_covered": 100.0, "percent_covered_display": "100", "missing_lines": 0, "excluded_lines": 0}, "missing_lines": [], "excluded_lines": [], "functions": {"": {"executed_lines": [], "summary": {"covered_lines": 0, "num_statements": 0, "percent_covered": 100.0, "percent_covered_display": "100", "missing_lines": 0, "excluded_lines": 0}, "missing_lines": [], "excluded_lines": []}}, "classes": {"": {"executed_lines": [], "summary": {"covered_lines": 0, "num_statements": 0, "percent_covered": 100.0, "percent_covered_display": "100", "missing_lines": 0, "excluded_lines": 0}, "missing_lines": [], "excluded_lines": []}}}, "pyerp\\config\\settings\\base.py": {"executed_lines": [], "summary": {"covered_lines": 0, "num_statements": 44, "percent_covered": 0.0, "percent_covered_display": "0", "missing_lines": 44, "excluded_lines": 0}, "missing_lines": [8, 9, 11, 14, 17, 20, 29, 38, 47, 49, 61, 63, 81, 85, 110, 127, 128, 129, 130, 134, 135, 136, 139, 142, 143, 147, 150, 168, 169, 170, 171, 172, 173, 174, 175, 178, 179, 180, 181, 182, 184, 186, 305, 315], "excluded_lines": [], "functions": {"": {"executed_lines": [], "summary": {"covered_lines": 0, "num_statements": 44, "percent_covered": 0.0, "percent_covered_display": "0", "missing_lines": 44, "excluded_lines": 0}, "missing_lines": [8, 9, 11, 14, 17, 20, 29, 38, 47, 49, 61, 63, 81, 85, 110, 127, 128, 129, 130, 134, 135, 136, 139, 142, 143, 147, 150, 168, 169, 170, 171, 172, 173, 174, 175, 178, 179, 180, 181, 182, 184, 186, 305, 315], "excluded_lines": []}}, "classes": {"": {"executed_lines": [], "summary": {"covered_lines": 0, "num_statements": 44, "percent_covered": 0.0, "percent_covered_display": "0", "missing_lines": 44, "excluded_lines": 0}, "missing_lines": [8, 9, 11, 14, 17, 20, 29, 38, 47, 49, 61, 63, 81, 85, 110, 127, 128, 129, 130, 134, 135, 136, 139, 142, 143, 147, 150, 168, 169, 170, 171, 172, 173, 174, 175, 178, 179, 180, 181, 182, 184, 186, 305, 315], "excluded_lines": []}}}, "pyerp\\config\\settings\\development.py": {"executed_lines": [], "summary": {"covered_lines": 0, "num_statements": 17, "percent_covered": 0.0, "percent_covered_display": "0", "missing_lines": 17, "excluded_lines": 0}, "missing_lines": [7, 8, 9, 12, 14, 21, 52, 55, 56, 58, 63, 68, 71, 74, 75, 78, 83], "excluded_lines": [], "functions": {"": {"executed_lines": [], "summary": {"covered_lines": 0, "num_statements": 17, "percent_covered": 0.0, "percent_covered_display": "0", "missing_lines": 17, "excluded_lines": 0}, "missing_lines": [7, 8, 9, 12, 14, 21, 52, 55, 56, 58, 63, 68, 71, 74, 75, 78, 83], "excluded_lines": []}}, "classes": {"": {"executed_lines": [], "summary": {"covered_lines": 0, "num_statements": 17, "percent_covered": 0.0, "percent_covered_display": "0", "missing_lines": 17, "excluded_lines": 0}, "missing_lines": [7, 8, 9, 12, 14, 21, 52, 55, 56, 58, 63, 68, 71, 74, 75, 78, 83], "excluded_lines": []}}}, "pyerp\\config\\settings\\production.py": {"executed_lines": [], "summary": {"covered_lines": 0, "num_statements": 39, "percent_covered": 0.0, "percent_covered_display": "0", "missing_lines": 39, "excluded_lines": 0}, "missing_lines": [8, 9, 10, 13, 16, 19, 42, 43, 44, 45, 46, 47, 48, 49, 50, 53, 54, 57, 68, 70, 71, 72, 73, 74, 75, 78, 79, 80, 83, 84, 85, 88, 89, 90, 91, 92, 93, 94, 97], "excluded_lines": [], "functions": {"": {"executed_lines": [], "summary": {"covered_lines": 0, "num_statements": 39, "percent_covered": 0.0, "percent_covered_display": "0", "missing_lines": 39, "excluded_lines": 0}, "missing_lines": [8, 9, 10, 13, 16, 19, 42, 43, 44, 45, 46, 47, 48, 49, 50, 53, 54, 57, 68, 70, 71, 72, 73, 74, 75, 78, 79, 80, 83, 84, 85, 88, 89, 90, 91, 92, 93, 94, 97], "excluded_lines": []}}, "classes": {"": {"executed_lines": [], "summary": {"covered_lines": 0, "num_statements": 39, "percent_covered": 0.0, "percent_covered_display": "0", "missing_lines": 39, "excluded_lines": 0}, "missing_lines": [8, 9, 10, 13, 16, 19, 42, 43, 44, 45, 46, 47, 48, 49, 50, 53, 54, 57, 68, 70, 71, 72, 73, 74, 75, 78, 79, 80, 83, 84, 85, 88, 89, 90, 91, 92, 93, 94, 97], "excluded_lines": []}}}, "pyerp\\config\\settings\\staging.py": {"executed_lines": [], "summary": {"covered_lines": 0, "num_statements": 19, "percent_covered": 0.0, "percent_covered_display": "0", "missing_lines": 19, "excluded_lines": 0}, "missing_lines": [8, 11, 14, 17, 18, 19, 20, 21, 26, 27, 28, 29, 30, 33, 34, 37, 38, 39, 42], "excluded_lines": [], "functions": {"": {"executed_lines": [], "summary": {"covered_lines": 0, "num_statements": 19, "percent_covered": 0.0, "percent_covered_display": "0", "missing_lines": 19, "excluded_lines": 0}, "missing_lines": [8, 11, 14, 17, 18, 19, 20, 21, 26, 27, 28, 29, 30, 33, 34, 37, 38, 39, 42], "excluded_lines": []}}, "classes": {"": {"executed_lines": [], "summary": {"covered_lines": 0, "num_statements": 19, "percent_covered": 0.0, "percent_covered_display": "0", "missing_lines": 19, "excluded_lines": 0}, "missing_lines": [8, 11, 14, 17, 18, 19, 20, 21, 26, 27, 28, 29, 30, 33, 34, 37, 38, 39, 42], "excluded_lines": []}}}, "pyerp\\config\\settings\\testing.py": {"executed_lines": [], "summary": {"covered_lines": 0, "num_statements": 28, "percent_covered": 0.0, "percent_covered_display": "0", "missing_lines": 28, "excluded_lines": 0}, "missing_lines": [8, 9, 10, 13, 16, 17, 19, 21, 24, 47, 52, 55, 56, 59, 62, 80, 81, 84, 85, 86, 88, 89, 91, 94, 102, 103, 106, 109], "excluded_lines": [], "functions": {"DisableMigrations.__contains__": {"executed_lines": [], "summary": {"covered_lines": 0, "num_statements": 1, "percent_covered": 0.0, "percent_covered_display": "0", "missing_lines": 1, "excluded_lines": 0}, "missing_lines": [86], "excluded_lines": []}, "DisableMigrations.__getitem__": {"executed_lines": [], "summary": {"covered_lines": 0, "num_statements": 1, "percent_covered": 0.0, "percent_covered_display": "0", "missing_lines": 1, "excluded_lines": 0}, "missing_lines": [89], "excluded_lines": []}, "": {"executed_lines": [], "summary": {"covered_lines": 0, "num_statements": 26, "percent_covered": 0.0, "percent_covered_display": "0", "missing_lines": 26, "excluded_lines": 0}, "missing_lines": [8, 9, 10, 13, 16, 17, 19, 21, 24, 47, 52, 55, 56, 59, 62, 80, 81, 84, 85, 88, 91, 94, 102, 103, 106, 109], "excluded_lines": []}}, "classes": {"DisableMigrations": {"executed_lines": [], "summary": {"covered_lines": 0, "num_statements": 2, "percent_covered": 0.0, "percent_covered_display": "0", "missing_lines": 2, "excluded_lines": 0}, "missing_lines": [86, 89], "excluded_lines": []}, "": {"executed_lines": [], "summary": {"covered_lines": 0, "num_statements": 26, "percent_covered": 0.0, "percent_covered_display": "0", "missing_lines": 26, "excluded_lines": 0}, "missing_lines": [8, 9, 10, 13, 16, 17, 19, 21, 24, 47, 52, 55, 56, 59, 62, 80, 81, 84, 85, 88, 91, 94, 102, 103, 106, 109], "excluded_lines": []}}}, "pyerp\\core\\__init__.py": {"executed_lines": [0], "summary": {"covered_lines": 0, "num_statements": 0, "percent_covered": 100.0, "percent_covered_display": "100", "missing_lines": 0, "excluded_lines": 0}, "missing_lines": [], "excluded_lines": [], "functions": {"": {"executed_lines": [], "summary": {"covered_lines": 0, "num_statements": 0, "percent_covered": 100.0, "percent_covered_display": "100", "missing_lines": 0, "excluded_lines": 0}, "missing_lines": [], "excluded_lines": []}}, "classes": {"": {"executed_lines": [], "summary": {"covered_lines": 0, "num_statements": 0, "percent_covered": 100.0, "percent_covered_display": "100", "missing_lines": 0, "excluded_lines": 0}, "missing_lines": [], "excluded_lines": []}}}, "pyerp\\core\\form_validation.py": {"executed_lines": [], "summary": {"covered_lines": 0, "num_statements": 77, "percent_covered": 0.0, "percent_covered_display": "0", "missing_lines": 77, "excluded_lines": 0}, "missing_lines": [7, 9, 10, 12, 15, 23, 26, 29, 30, 33, 35, 41, 43, 51, 52, 54, 56, 63, 65, 76, 79, 80, 83, 84, 85, 87, 89, 99, 102, 103, 104, 106, 108, 121, 124, 125, 127, 130, 133, 134, 135, 136, 138, 140, 147, 149, 152, 153, 154, 156, 158, 161, 164, 165, 166, 167, 168, 170, 173, 174, 175, 178, 181, 189, 202, 206, 209, 217, 227, 230, 231, 233, 235, 236, 237, 240, 242], "excluded_lines": [], "functions": {"ValidatedFormMixin.__init__": {"executed_lines": [], "summary": {"covered_lines": 0, "num_statements": 4, "percent_covered": 0.0, "percent_covered_display": "0", "missing_lines": 4, "excluded_lines": 0}, "missing_lines": [26, 29, 30, 33], "excluded_lines": []}, "ValidatedFormMixin.setup_validators": {"executed_lines": [], "summary": {"covered_lines": 0, "num_statements": 1, "percent_covered": 0.0, "percent_covered_display": "0", "missing_lines": 1, "excluded_lines": 0}, "missing_lines": [41], "excluded_lines": []}, "ValidatedFormMixin.add_validator": {"executed_lines": [], "summary": {"covered_lines": 0, "num_statements": 3, "percent_covered": 0.0, "percent_covered_display": "0", "missing_lines": 3, "excluded_lines": 0}, "missing_lines": [51, 52, 54], "excluded_lines": []}, "ValidatedFormMixin.add_form_validator": {"executed_lines": [], "summary": {"covered_lines": 0, "num_statements": 1, "percent_covered": 0.0, "percent_covered_display": "0", "missing_lines": 1, "excluded_lines": 0}, "missing_lines": [63], "excluded_lines": []}, "ValidatedFormMixin.apply_validators": {"executed_lines": [], "summary": {"covered_lines": 0, "num_statements": 7, "percent_covered": 0.0, "percent_covered_display": "0", "missing_lines": 7, "excluded_lines": 0}, "missing_lines": [76, 79, 80, 83, 84, 85, 87], "excluded_lines": []}, "ValidatedFormMixin.apply_form_validators": {"executed_lines": [], "summary": {"covered_lines": 0, "num_statements": 5, "percent_covered": 0.0, "percent_covered_display": "0", "missing_lines": 5, "excluded_lines": 0}, "missing_lines": [99, 102, 103, 104, 106], "excluded_lines": []}, "ValidatedFormMixin.clean": {"executed_lines": [], "summary": {"covered_lines": 0, "num_statements": 10, "percent_covered": 0.0, "percent_covered_display": "0", "missing_lines": 10, "excluded_lines": 0}, "missing_lines": [121, 124, 125, 127, 130, 133, 134, 135, 136, 138], "excluded_lines": []}, "ValidatedFormMixin.__getattribute__": {"executed_lines": [], "summary": {"covered_lines": 0, "num_statements": 10, "percent_covered": 0.0, "percent_covered_display": "0", "missing_lines": 10, "excluded_lines": 0}, "missing_lines": [147, 149, 152, 153, 154, 156, 173, 174, 175, 178], "excluded_lines": []}, "ValidatedFormMixin.__getattribute__.clean_field": {"executed_lines": [], "summary": {"covered_lines": 0, "num_statements": 8, "percent_covered": 0.0, "percent_covered_display": "0", "missing_lines": 8, "excluded_lines": 0}, "missing_lines": [158, 161, 164, 165, 166, 167, 168, 170], "excluded_lines": []}, "ValidatedModelForm.clean": {"executed_lines": [], "summary": {"covered_lines": 0, "num_statements": 2, "percent_covered": 0.0, "percent_covered_display": "0", "missing_lines": 2, "excluded_lines": 0}, "missing_lines": [202, 206], "excluded_lines": []}, "ValidatedForm.is_valid": {"executed_lines": [], "summary": {"covered_lines": 0, "num_statements": 9, "percent_covered": 0.0, "percent_covered_display": "0", "missing_lines": 9, "excluded_lines": 0}, "missing_lines": [227, 230, 231, 233, 235, 236, 237, 240, 242], "excluded_lines": []}, "": {"executed_lines": [], "summary": {"covered_lines": 0, "num_statements": 17, "percent_covered": 0.0, "percent_covered_display": "0", "missing_lines": 17, "excluded_lines": 0}, "missing_lines": [7, 9, 10, 12, 15, 23, 35, 43, 56, 65, 89, 108, 140, 181, 189, 209, 217], "excluded_lines": []}}, "classes": {"ValidatedFormMixin": {"executed_lines": [], "summary": {"covered_lines": 0, "num_statements": 49, "percent_covered": 0.0, "percent_covered_display": "0", "missing_lines": 49, "excluded_lines": 0}, "missing_lines": [26, 29, 30, 33, 41, 51, 52, 54, 63, 76, 79, 80, 83, 84, 85, 87, 99, 102, 103, 104, 106, 121, 124, 125, 127, 130, 133, 134, 135, 136, 138, 147, 149, 152, 153, 154, 156, 158, 161, 164, 165, 166, 167, 168, 170, 173, 174, 175, 178], "excluded_lines": []}, "ValidatedModelForm": {"executed_lines": [], "summary": {"covered_lines": 0, "num_statements": 2, "percent_covered": 0.0, "percent_covered_display": "0", "missing_lines": 2, "excluded_lines": 0}, "missing_lines": [202, 206], "excluded_lines": []}, "ValidatedForm": {"executed_lines": [], "summary": {"covered_lines": 0, "num_statements": 9, "percent_covered": 0.0, "percent_covered_display": "0", "missing_lines": 9, "excluded_lines": 0}, "missing_lines": [227, 230, 231, 233, 235, 236, 237, 240, 242], "excluded_lines": []}, "": {"executed_lines": [], "summary": {"covered_lines": 0, "num_statements": 17, "percent_covered": 0.0, "percent_covered_display": "0", "missing_lines": 17, "excluded_lines": 0}, "missing_lines": [7, 9, 10, 12, 15, 23, 35, 43, 56, 65, 89, 108, 140, 181, 189, 209, 217], "excluded_lines": []}}}, "pyerp\\core\\storage_backends.py": {"executed_lines": [], "summary": {"covered_lines": 0, "num_statements": 10, "percent_covered": 0.0, "percent_covered_display": "0", "missing_lines": 10, "excluded_lines": 0}, "missing_lines": [5, 6, 9, 13, 14, 15, 18, 22, 23, 24], "excluded_lines": [], "functions": {"": {"executed_lines": [], "summary": {"covered_lines": 0, "num_statements": 10, "percent_covered": 0.0, "percent_covered_display": "0", "missing_lines": 10, "excluded_lines": 0}, "missing_lines": [5, 6, 9, 13, 14, 15, 18, 22, 23, 24], "excluded_lines": []}}, "classes": {"StaticStorage": {"executed_lines": [], "summary": {"covered_lines": 0, "num_statements": 0, "percent_covered": 100.0, "percent_covered_display": "100", "missing_lines": 0, "excluded_lines": 0}, "missing_lines": [], "excluded_lines": []}, "MediaStorage": {"executed_lines": [], "summary": {"covered_lines": 0, "num_statements": 0, "percent_covered": 100.0, "percent_covered_display": "100", "missing_lines": 0, "excluded_lines": 0}, "missing_lines": [], "excluded_lines": []}, "": {"executed_lines": [], "summary": {"covered_lines": 0, "num_statements": 10, "percent_covered": 0.0, "percent_covered_display": "0", "missing_lines": 10, "excluded_lines": 0}, "missing_lines": [5, 6, 9, 13, 14, 15, 18, 22, 23, 24], "excluded_lines": []}}}, "pyerp\\core\\urls.py": {"executed_lines": [], "summary": {"covered_lines": 0, "num_statements": 4, "percent_covered": 0.0, "percent_covered_display": "0", "missing_lines": 4, "excluded_lines": 0}, "missing_lines": [5, 7, 9, 11], "excluded_lines": [], "functions": {"": {"executed_lines": [], "summary": {"covered_lines": 0, "num_statements": 4, "percent_covered": 0.0, "percent_covered_display": "0", "missing_lines": 4, "excluded_lines": 0}, "missing_lines": [5, 7, 9, 11], "excluded_lines": []}}, "classes": {"": {"executed_lines": [], "summary": {"covered_lines": 0, "num_statements": 4, "percent_covered": 0.0, "percent_covered_display": "0", "missing_lines": 4, "excluded_lines": 0}, "missing_lines": [5, 7, 9, 11], "excluded_lines": []}}}, "pyerp\\core\\validators.py": {"executed_lines": [1, 8, 9, 10, 11, 14, 15, 21, 28, 42, 57, 77, 90, 91, 93, 99, 100, 102, 108, 118, 119, 125, 131, 132, 138, 147, 158, 174, 175, 177, 189, 200, 201, 203, 215, 232, 233, 235, 260, 293, 294, 296, 321, 343, 344, 346, 358, 371, 372, 374, 395, 442, 443, 445, 454, 455, 461, 477, 505, 506, 512, 524, 532, 533, 541, 552, 624, 644, 666], "summary": {"covered_lines": 52, "num_statements": 275, "percent_covered": 18.90909090909091, "percent_covered_display": "19", "missing_lines": 223, "excluded_lines": 12}, "missing_lines": [23, 24, 25, 26, 36, 37, 39, 40, 52, 53, 55, 65, 66, 67, 70, 71, 72, 75, 95, 96, 104, 105, 106, 110, 111, 112, 113, 115, 127, 128, 145, 169, 170, 171, 186, 187, 191, 194, 197, 211, 212, 213, 217, 220, 221, 224, 225, 228, 229, 244, 245, 248, 249, 250, 251, 252, 253, 255, 257, 258, 262, 265, 266, 269, 270, 271, 272, 273, 276, 277, 278, 279, 280, 281, 282, 284, 285, 286, 287, 288, 289, 290, 305, 306, 309, 310, 311, 312, 313, 314, 316, 318, 319, 323, 326, 327, 330, 331, 334, 336, 337, 339, 340, 354, 355, 356, 360, 363, 364, 367, 368, 383, 384, 386, 387, 388, 389, 390, 392, 393, 397, 400, 401, 404, 405, 406, 408, 409, 410, 411, 414, 416, 417, 418, 421, 422, 423, 426, 427, 433, 434, 435, 436, 449, 450, 451, 470, 471, 473, 474, 475, 479, 481, 482, 485, 486, 487, 489, 491, 492, 496, 497, 499, 500, 501, 502, 520, 521, 522, 527, 528, 529, 549, 550, 563, 564, 567, 569, 570, 572, 573, 575, 580, 582, 583, 585, 588, 592, 593, 594, 595, 597, 599, 601, 603, 605, 609, 612, 613, 614, 617, 618, 619, 620, 622, 639, 640, 641, 656, 657, 659, 660, 661, 663, 677, 680, 683, 684, 685, 687, 688, 691, 692], "excluded_lines": [77, 78, 79, 80, 81, 82, 83, 84, 85, 86, 87, 156], "functions": {"ValidationResult.__init__": {"executed_lines": [], "summary": {"covered_lines": 0, "num_statements": 4, "percent_covered": 0.0, "percent_covered_display": "0", "missing_lines": 4, "excluded_lines": 0}, "missing_lines": [23, 24, 25, 26], "excluded_lines": []}, "ValidationResult.add_error": {"executed_lines": [], "summary": {"covered_lines": 0, "num_statements": 4, "percent_covered": 0.0, "percent_covered_display": "0", "missing_lines": 4, "excluded_lines": 0}, "missing_lines": [36, 37, 39, 40], "excluded_lines": []}, "ValidationResult.add_warning": {"executed_lines": [], "summary": {"covered_lines": 0, "num_statements": 3, "percent_covered": 0.0, "percent_covered_display": "0", "missing_lines": 3, "excluded_lines": 0}, "missing_lines": [52, 53, 55], "excluded_lines": []}, "ValidationResult.merge": {"executed_lines": [], "summary": {"covered_lines": 0, "num_statements": 7, "percent_covered": 0.0, "percent_covered_display": "0", "missing_lines": 7, "excluded_lines": 0}, "missing_lines": [65, 66, 67, 70, 71, 72, 75], "excluded_lines": []}, "ValidationResult.__str__": {"executed_lines": [], "summary": {"covered_lines": 0, "num_statements": 0, "percent_covered": 100.0, "percent_covered_display": "100", "missing_lines": 0, "excluded_lines": 10}, "missing_lines": [], "excluded_lines": [78, 79, 80, 81, 82, 83, 84, 85, 86, 87]}, "ValidationError.__init__": {"executed_lines": [], "summary": {"covered_lines": 0, "num_statements": 2, "percent_covered": 0.0, "percent_covered_display": "0", "missing_lines": 2, "excluded_lines": 0}, "missing_lines": [95, 96], "excluded_lines": []}, "ImportValidationError.__init__": {"executed_lines": [], "summary": {"covered_lines": 0, "num_statements": 3, "percent_covered": 0.0, "percent_covered_display": "0", "missing_lines": 3, "excluded_lines": 0}, "missing_lines": [104, 105, 106], "excluded_lines": []}, "ImportValidationError._format_errors": {"executed_lines": [], "summary": {"covered_lines": 0, "num_statements": 5, "percent_covered": 0.0, "percent_covered_display": "0", "missing_lines": 5, "excluded_lines": 0}, "missing_lines": [110, 111, 112, 113, 115], "excluded_lines": []}, "SkipRowException.__init__": {"executed_lines": [], "summary": {"covered_lines": 0, "num_statements": 2, "percent_covered": 0.0, "percent_covered_display": "0", "missing_lines": 2, "excluded_lines": 0}, "missing_lines": [127, 128], "excluded_lines": []}, "Validator.__init__": {"executed_lines": [], "summary": {"covered_lines": 0, "num_statements": 1, "percent_covered": 0.0, "percent_covered_display": "0", "missing_lines": 1, "excluded_lines": 0}, "missing_lines": [145], "excluded_lines": []}, "Validator._validate": {"executed_lines": [], "summary": {"covered_lines": 0, "num_statements": 0, "percent_covered": 100.0, "percent_covered_display": "100", "missing_lines": 0, "excluded_lines": 1}, "missing_lines": [], "excluded_lines": [156]}, "Validator.__call__": {"executed_lines": [], "summary": {"covered_lines": 0, "num_statements": 3, "percent_covered": 0.0, "percent_covered_display": "0", "missing_lines": 3, "excluded_lines": 0}, "missing_lines": [169, 170, 171], "excluded_lines": []}, "RequiredValidator.__init__": {"executed_lines": [], "summary": {"covered_lines": 0, "num_statements": 2, "percent_covered": 0.0, "percent_covered_display": "0", "missing_lines": 2, "excluded_lines": 0}, "missing_lines": [186, 187], "excluded_lines": []}, "RequiredValidator._validate": {"executed_lines": [], "summary": {"covered_lines": 0, "num_statements": 3, "percent_covered": 0.0, "percent_covered_display": "0", "missing_lines": 3, "excluded_lines": 0}, "missing_lines": [191, 194, 197], "excluded_lines": []}, "RegexValidator.__init__": {"executed_lines": [], "summary": {"covered_lines": 0, "num_statements": 3, "percent_covered": 0.0, "percent_covered_display": "0", "missing_lines": 3, "excluded_lines": 0}, "missing_lines": [211, 212, 213], "excluded_lines": []}, "RegexValidator._validate": {"executed_lines": [], "summary": {"covered_lines": 0, "num_statements": 7, "percent_covered": 0.0, "percent_covered_display": "0", "missing_lines": 7, "excluded_lines": 0}, "missing_lines": [217, 220, 221, 224, 225, 228, 229], "excluded_lines": []}, "RangeValidator.__init__": {"executed_lines": [], "summary": {"covered_lines": 0, "num_statements": 11, "percent_covered": 0.0, "percent_covered_display": "0", "missing_lines": 11, "excluded_lines": 0}, "missing_lines": [244, 245, 248, 249, 250, 251, 252, 253, 255, 257, 258], "excluded_lines": []}, "RangeValidator._validate": {"executed_lines": [], "summary": {"covered_lines": 0, "num_statements": 22, "percent_covered": 0.0, "percent_covered_display": "0", "missing_lines": 22, "excluded_lines": 0}, "missing_lines": [262, 265, 266, 269, 270, 271, 272, 273, 276, 277, 278, 279, 280, 281, 282, 284, 285, 286, 287, 288, 289, 290], "excluded_lines": []}, "LengthValidator.__init__": {"executed_lines": [], "summary": {"covered_lines": 0, "num_statements": 11, "percent_covered": 0.0, "percent_covered_display": "0", "missing_lines": 11, "excluded_lines": 0}, "missing_lines": [305, 306, 309, 310, 311, 312, 313, 314, 316, 318, 319], "excluded_lines": []}, "LengthValidator._validate": {"executed_lines": [], "summary": {"covered_lines": 0, "num_statements": 10, "percent_covered": 0.0, "percent_covered_display": "0", "missing_lines": 10, "excluded_lines": 0}, "missing_lines": [323, 326, 327, 330, 331, 334, 336, 337, 339, 340], "excluded_lines": []}, "ChoiceValidator.__init__": {"executed_lines": [], "summary": {"covered_lines": 0, "num_statements": 3, "percent_covered": 0.0, "percent_covered_display": "0", "missing_lines": 3, "excluded_lines": 0}, "missing_lines": [354, 355, 356], "excluded_lines": []}, "ChoiceValidator._validate": {"executed_lines": [], "summary": {"covered_lines": 0, "num_statements": 5, "percent_covered": 0.0, "percent_covered_display": "0", "missing_lines": 5, "excluded_lines": 0}, "missing_lines": [360, 363, 364, 367, 368], "excluded_lines": []}, "DecimalValidator.__init__": {"executed_lines": [], "summary": {"covered_lines": 0, "num_statements": 9, "percent_covered": 0.0, "percent_covered_display": "0", "missing_lines": 9, "excluded_lines": 0}, "missing_lines": [383, 384, 386, 387, 388, 389, 390, 392, 393], "excluded_lines": []}, "DecimalValidator._validate": {"executed_lines": [], "summary": {"covered_lines": 0, "num_statements": 23, "percent_covered": 0.0, "percent_covered_display": "0", "missing_lines": 23, "excluded_lines": 0}, "missing_lines": [397, 400, 401, 404, 405, 406, 408, 409, 410, 411, 414, 416, 417, 418, 421, 422, 423, 426, 427, 433, 434, 435, 436], "excluded_lines": []}, "SkuValidator.__init__": {"executed_lines": [], "summary": {"covered_lines": 0, "num_statements": 3, "percent_covered": 0.0, "percent_covered_display": "0", "missing_lines": 3, "excluded_lines": 0}, "missing_lines": [449, 450, 451], "excluded_lines": []}, "CompoundValidator.__init__": {"executed_lines": [], "summary": {"covered_lines": 0, "num_statements": 5, "percent_covered": 0.0, "percent_covered_display": "0", "missing_lines": 5, "excluded_lines": 0}, "missing_lines": [470, 471, 473, 474, 475], "excluded_lines": []}, "CompoundValidator._validate": {"executed_lines": [], "summary": {"covered_lines": 0, "num_statements": 15, "percent_covered": 0.0, "percent_covered_display": "0", "missing_lines": 15, "excluded_lines": 0}, "missing_lines": [479, 481, 482, 485, 486, 487, 489, 491, 492, 496, 497, 499, 500, 501, 502], "excluded_lines": []}, "BusinessRuleValidator.__init__": {"executed_lines": [], "summary": {"covered_lines": 0, "num_statements": 3, "percent_covered": 0.0, "percent_covered_display": "0", "missing_lines": 3, "excluded_lines": 0}, "missing_lines": [520, 521, 522], "excluded_lines": []}, "BusinessRuleValidator._validate": {"executed_lines": [], "summary": {"covered_lines": 0, "num_statements": 3, "percent_covered": 0.0, "percent_covered_display": "0", "missing_lines": 3, "excluded_lines": 0}, "missing_lines": [527, 528, 529], "excluded_lines": []}, "ImportValidator.__init__": {"executed_lines": [], "summary": {"covered_lines": 0, "num_statements": 2, "percent_covered": 0.0, "percent_covered_display": "0", "missing_lines": 2, "excluded_lines": 0}, "missing_lines": [549, 550], "excluded_lines": []}, "ImportValidator.validate_row": {"executed_lines": [], "summary": {"covered_lines": 0, "num_statements": 31, "percent_covered": 0.0, "percent_covered_display": "0", "missing_lines": 31, "excluded_lines": 0}, "missing_lines": [563, 564, 567, 569, 570, 572, 573, 575, 580, 582, 583, 585, 588, 592, 593, 594, 595, 597, 599, 601, 603, 605, 609, 612, 613, 614, 617, 618, 619, 620, 622], "excluded_lines": []}, "ImportValidator._post_validate_row": {"executed_lines": [], "summary": {"covered_lines": 0, "num_statements": 3, "percent_covered": 0.0, "percent_covered_display": "0", "missing_lines": 3, "excluded_lines": 0}, "missing_lines": [639, 640, 641], "excluded_lines": []}, "validate_data": {"executed_lines": [], "summary": {"covered_lines": 0, "num_statements": 6, "percent_covered": 0.0, "percent_covered_display": "0", "missing_lines": 6, "excluded_lines": 0}, "missing_lines": [656, 657, 659, 660, 661, 663], "excluded_lines": []}, "validate_model_data": {"executed_lines": [], "summary": {"covered_lines": 0, "num_statements": 9, "percent_covered": 0.0, "percent_covered_display": "0", "missing_lines": 9, "excluded_lines": 0}, "missing_lines": [677, 680, 683, 684, 685, 687, 688, 691, 692], "excluded_lines": []}, "": {"executed_lines": [1, 8, 9, 10, 11, 14, 15, 21, 28, 42, 57, 77, 90, 91, 93, 99, 100, 102, 108, 118, 119, 125, 131, 132, 138, 147, 158, 174, 175, 177, 189, 200, 201, 203, 215, 232, 233, 235, 260, 293, 294, 296, 321, 343, 344, 346, 358, 371, 372, 374, 395, 442, 443, 445, 454, 455, 461, 477, 505, 506, 512, 524, 532, 533, 541, 552, 624, 644, 666], "summary": {"covered_lines": 52, "num_statements": 52, "percent_covered": 100.0, "percent_covered_display": "100", "missing_lines": 0, "excluded_lines": 1}, "missing_lines": [], "excluded_lines": [77]}}, "classes": {"ValidationResult": {"executed_lines": [], "summary": {"covered_lines": 0, "num_statements": 18, "percent_covered": 0.0, "percent_covered_display": "0", "missing_lines": 18, "excluded_lines": 10}, "missing_lines": [23, 24, 25, 26, 36, 37, 39, 40, 52, 53, 55, 65, 66, 67, 70, 71, 72, 75], "excluded_lines": [78, 79, 80, 81, 82, 83, 84, 85, 86, 87]}, "ValidationError": {"executed_lines": [], "summary": {"covered_lines": 0, "num_statements": 2, "percent_covered": 0.0, "percent_covered_display": "0", "missing_lines": 2, "excluded_lines": 0}, "missing_lines": [95, 96], "excluded_lines": []}, "ImportValidationError": {"executed_lines": [], "summary": {"covered_lines": 0, "num_statements": 8, "percent_covered": 0.0, "percent_covered_display": "0", "missing_lines": 8, "excluded_lines": 0}, "missing_lines": [104, 105, 106, 110, 111, 112, 113, 115], "excluded_lines": []}, "SkipRowException": {"executed_lines": [], "summary": {"covered_lines": 0, "num_statements": 2, "percent_covered": 0.0, "percent_covered_display": "0", "missing_lines": 2, "excluded_lines": 0}, "missing_lines": [127, 128], "excluded_lines": []}, "Validator": {"executed_lines": [], "summary": {"covered_lines": 0, "num_statements": 4, "percent_covered": 0.0, "percent_covered_display": "0", "missing_lines": 4, "excluded_lines": 1}, "missing_lines": [145, 169, 170, 171], "excluded_lines": [156]}, "RequiredValidator": {"executed_lines": [], "summary": {"covered_lines": 0, "num_statements": 5, "percent_covered": 0.0, "percent_covered_display": "0", "missing_lines": 5, "excluded_lines": 0}, "missing_lines": [186, 187, 191, 194, 197], "excluded_lines": []}, "RegexValidator": {"executed_lines": [], "summary": {"covered_lines": 0, "num_statements": 10, "percent_covered": 0.0, "percent_covered_display": "0", "missing_lines": 10, "excluded_lines": 0}, "missing_lines": [211, 212, 213, 217, 220, 221, 224, 225, 228, 229], "excluded_lines": []}, "RangeValidator": {"executed_lines": [], "summary": {"covered_lines": 0, "num_statements": 33, "percent_covered": 0.0, "percent_covered_display": "0", "missing_lines": 33, "excluded_lines": 0}, "missing_lines": [244, 245, 248, 249, 250, 251, 252, 253, 255, 257, 258, 262, 265, 266, 269, 270, 271, 272, 273, 276, 277, 278, 279, 280, 281, 282, 284, 285, 286, 287, 288, 289, 290], "excluded_lines": []}, "LengthValidator": {"executed_lines": [], "summary": {"covered_lines": 0, "num_statements": 21, "percent_covered": 0.0, "percent_covered_display": "0", "missing_lines": 21, "excluded_lines": 0}, "missing_lines": [305, 306, 309, 310, 311, 312, 313, 314, 316, 318, 319, 323, 326, 327, 330, 331, 334, 336, 337, 339, 340], "excluded_lines": []}, "ChoiceValidator": {"executed_lines": [], "summary": {"covered_lines": 0, "num_statements": 8, "percent_covered": 0.0, "percent_covered_display": "0", "missing_lines": 8, "excluded_lines": 0}, "missing_lines": [354, 355, 356, 360, 363, 364, 367, 368], "excluded_lines": []}, "DecimalValidator": {"executed_lines": [], "summary": {"covered_lines": 0, "num_statements": 32, "percent_covered": 0.0, "percent_covered_display": "0", "missing_lines": 32, "excluded_lines": 0}, "missing_lines": [383, 384, 386, 387, 388, 389, 390, 392, 393, 397, 400, 401, 404, 405, 406, 408, 409, 410, 411, 414, 416, 417, 418, 421, 422, 423, 426, 427, 433, 434, 435, 436], "excluded_lines": []}, "SkuValidator": {"executed_lines": [], "summary": {"covered_lines": 0, "num_statements": 3, "percent_covered": 0.0, "percent_covered_display": "0", "missing_lines": 3, "excluded_lines": 0}, "missing_lines": [449, 450, 451], "excluded_lines": []}, "CompoundValidator": {"executed_lines": [], "summary": {"covered_lines": 0, "num_statements": 20, "percent_covered": 0.0, "percent_covered_display": "0", "missing_lines": 20, "excluded_lines": 0}, "missing_lines": [470, 471, 473, 474, 475, 479, 481, 482, 485, 486, 487, 489, 491, 492, 496, 497, 499, 500, 501, 502], "excluded_lines": []}, "BusinessRuleValidator": {"executed_lines": [], "summary": {"covered_lines": 0, "num_statements": 6, "percent_covered": 0.0, "percent_covered_display": "0", "missing_lines": 6, "excluded_lines": 0}, "missing_lines": [520, 521, 522, 527, 528, 529], "excluded_lines": []}, "ImportValidator": {"executed_lines": [], "summary": {"covered_lines": 0, "num_statements": 36, "percent_covered": 0.0, "percent_covered_display": "0", "missing_lines": 36, "excluded_lines": 0}, "missing_lines": [549, 550, 563, 564, 567, 569, 570, 572, 573, 575, 580, 582, 583, 585, 588, 592, 593, 594, 595, 597, 599, 601, 603, 605, 609, 612, 613, 614, 617, 618, 619, 620, 622, 639, 640, 641], "excluded_lines": []}, "": {"executed_lines": [1, 8, 9, 10, 11, 14, 15, 21, 28, 42, 57, 77, 90, 91, 93, 99, 100, 102, 108, 118, 119, 125, 131, 132, 138, 147, 158, 174, 175, 177, 189, 200, 201, 203, 215, 232, 233, 235, 260, 293, 294, 296, 321, 343, 344, 346, 358, 371, 372, 374, 395, 442, 443, 445, 454, 455, 461, 477, 505, 506, 512, 524, 532, 533, 541, 552, 624, 644, 666], "summary": {"covered_lines": 52, "num_statements": 67, "percent_covered": 77.61194029850746, "percent_covered_display": "78", "missing_lines": 15, "excluded_lines": 1}, "missing_lines": [656, 657, 659, 660, 661, 663, 677, 680, 683, 684, 685, 687, 688, 691, 692], "excluded_lines": [77]}}}, "pyerp\\core\\views.py": {"executed_lines": [], "summary": {"covered_lines": 0, "num_statements": 65, "percent_covered": 0.0, "percent_covered_display": "0", "missing_lines": 65, "excluded_lines": 0}, "missing_lines": [5, 7, 8, 9, 10, 11, 12, 13, 16, 18, 23, 26, 27, 28, 29, 30, 31, 32, 33, 36, 39, 46, 47, 50, 54, 56, 58, 60, 61, 72, 74, 76, 77, 80, 81, 83, 84, 85, 86, 88, 89, 90, 91, 93, 96, 100, 102, 104, 107, 115, 118, 122, 124, 127, 128, 129, 134, 137, 144, 146, 149, 150, 151, 156, 160], "excluded_lines": [], "functions": {"health_check": {"executed_lines": [], "summary": {"covered_lines": 0, "num_statements": 13, "percent_covered": 0.0, "percent_covered_display": "0", "missing_lines": 13, "excluded_lines": 0}, "missing_lines": [23, 26, 27, 28, 29, 30, 31, 32, 33, 36, 39, 46, 47], "excluded_lines": []}, "UserProfileView.get": {"executed_lines": [], "summary": {"covered_lines": 0, "num_statements": 4, "percent_covered": 0.0, "percent_covered_display": "0", "missing_lines": 4, "excluded_lines": 0}, "missing_lines": [58, 60, 61, 72], "excluded_lines": []}, "UserProfileView.patch": {"executed_lines": [], "summary": {"covered_lines": 0, "num_statements": 13, "percent_covered": 0.0, "percent_covered_display": "0", "missing_lines": 13, "excluded_lines": 0}, "missing_lines": [76, 77, 80, 81, 83, 84, 85, 86, 88, 89, 90, 91, 93], "excluded_lines": []}, "DashboardSummaryView.get": {"executed_lines": [], "summary": {"covered_lines": 0, "num_statements": 3, "percent_covered": 0.0, "percent_covered_display": "0", "missing_lines": 3, "excluded_lines": 0}, "missing_lines": [104, 107, 115], "excluded_lines": []}, "SystemSettingsView.get": {"executed_lines": [], "summary": {"covered_lines": 0, "num_statements": 6, "percent_covered": 0.0, "percent_covered_display": "0", "missing_lines": 6, "excluded_lines": 0}, "missing_lines": [127, 128, 129, 134, 137, 144], "excluded_lines": []}, "SystemSettingsView.patch": {"executed_lines": [], "summary": {"covered_lines": 0, "num_statements": 5, "percent_covered": 0.0, "percent_covered_display": "0", "missing_lines": 5, "excluded_lines": 0}, "missing_lines": [149, 150, 151, 156, 160], "excluded_lines": []}, "": {"executed_lines": [], "summary": {"covered_lines": 0, "num_statements": 21, "percent_covered": 0.0, "percent_covered_display": "0", "missing_lines": 21, "excluded_lines": 0}, "missing_lines": [5, 7, 8, 9, 10, 11, 12, 13, 16, 18, 50, 54, 56, 74, 96, 100, 102, 118, 122, 124, 146], "excluded_lines": []}}, "classes": {"UserProfileView": {"executed_lines": [], "summary": {"covered_lines": 0, "num_statements": 17, "percent_covered": 0.0, "percent_covered_display": "0", "missing_lines": 17, "excluded_lines": 0}, "missing_lines": [58, 60, 61, 72, 76, 77, 80, 81, 83, 84, 85, 86, 88, 89, 90, 91, 93], "excluded_lines": []}, "DashboardSummaryView": {"executed_lines": [], "summary": {"covered_lines": 0, "num_statements": 3, "percent_covered": 0.0, "percent_covered_display": "0", "missing_lines": 3, "excluded_lines": 0}, "missing_lines": [104, 107, 115], "excluded_lines": []}, "SystemSettingsView": {"executed_lines": [], "summary": {"covered_lines": 0, "num_statements": 11, "percent_covered": 0.0, "percent_covered_display": "0", "missing_lines": 11, "excluded_lines": 0}, "missing_lines": [127, 128, 129, 134, 137, 144, 149, 150, 151, 156, 160], "excluded_lines": []}, "": {"executed_lines": [], "summary": {"covered_lines": 0, "num_statements": 34, "percent_covered": 0.0, "percent_covered_display": "0", "missing_lines": 34, "excluded_lines": 0}, "missing_lines": [5, 7, 8, 9, 10, 11, 12, 13, 16, 18, 23, 26, 27, 28, 29, 30, 31, 32, 33, 36, 39, 46, 47, 50, 54, 56, 74, 96, 100, 102, 118, 122, 124, 146], "excluded_lines": []}}}, "pyerp\\legacy_sync\\__init__.py": {"executed_lines": [], "summary": {"covered_lines": 0, "num_statements": 1, "percent_covered": 0.0, "percent_covered_display": "0", "missing_lines": 1, "excluded_lines": 0}, "missing_lines": [5], "excluded_lines": [], "functions": {"": {"executed_lines": [], "summary": {"covered_lines": 0, "num_statements": 1, "percent_covered": 0.0, "percent_covered_display": "0", "missing_lines": 1, "excluded_lines": 0}, "missing_lines": [5], "excluded_lines": []}}, "classes": {"": {"executed_lines": [], "summary": {"covered_lines": 0, "num_statements": 1, "percent_covered": 0.0, "percent_covered_display": "0", "missing_lines": 1, "excluded_lines": 0}, "missing_lines": [5], "excluded_lines": []}}}, "pyerp\\legacy_sync\\api_client.py": {"executed_lines": [], "summary": {"covered_lines": 0, "num_statements": 46, "percent_covered": 0.0, "percent_covered_display": "0", "missing_lines": 46, "excluded_lines": 0}, "missing_lines": [8, 9, 10, 11, 12, 13, 16, 19, 20, 21, 23, 25, 26, 27, 28, 29, 30, 31, 34, 39, 43, 44, 46, 50, 51, 52, 53, 54, 55, 57, 78, 79, 86, 87, 88, 89, 90, 92, 111, 112, 118, 119, 120, 121, 122, 126], "excluded_lines": [], "functions": {"LegacyAPIClient.__init__": {"executed_lines": [], "summary": {"covered_lines": 0, "num_statements": 2, "percent_covered": 0.0, "percent_covered_display": "0", "missing_lines": 2, "excluded_lines": 0}, "missing_lines": [43, 44], "excluded_lines": []}, "LegacyAPIClient.refresh_session": {"executed_lines": [], "summary": {"covered_lines": 0, "num_statements": 6, "percent_covered": 0.0, "percent_covered_display": "0", "missing_lines": 6, "excluded_lines": 0}, "missing_lines": [50, 51, 52, 53, 54, 55], "excluded_lines": []}, "LegacyAPIClient.fetch_table": {"executed_lines": [], "summary": {"covered_lines": 0, "num_statements": 7, "percent_covered": 0.0, "percent_covered_display": "0", "missing_lines": 7, "excluded_lines": 0}, "missing_lines": [78, 79, 86, 87, 88, 89, 90], "excluded_lines": []}, "LegacyAPIClient.push_field": {"executed_lines": [], "summary": {"covered_lines": 0, "num_statements": 7, "percent_covered": 0.0, "percent_covered_display": "0", "missing_lines": 7, "excluded_lines": 0}, "missing_lines": [111, 112, 118, 119, 120, 121, 122], "excluded_lines": []}, "": {"executed_lines": [], "summary": {"covered_lines": 0, "num_statements": 24, "percent_covered": 0.0, "percent_covered_display": "0", "missing_lines": 24, "excluded_lines": 0}, "missing_lines": [8, 9, 10, 11, 12, 13, 16, 19, 20, 21, 23, 25, 26, 27, 28, 29, 30, 31, 34, 39, 46, 57, 92, 126], "excluded_lines": []}}, "classes": {"LegacyAPIClient": {"executed_lines": [], "summary": {"covered_lines": 0, "num_statements": 22, "percent_covered": 0.0, "percent_covered_display": "0", "missing_lines": 22, "excluded_lines": 0}, "missing_lines": [43, 44, 50, 51, 52, 53, 54, 55, 78, 79, 86, 87, 88, 89, 90, 111, 112, 118, 119, 120, 121, 122], "excluded_lines": []}, "": {"executed_lines": [], "summary": {"covered_lines": 0, "num_statements": 24, "percent_covered": 0.0, "percent_covered_display": "0", "missing_lines": 24, "excluded_lines": 0}, "missing_lines": [8, 9, 10, 11, 12, 13, 16, 19, 20, 21, 23, 25, 26, 27, 28, 29, 30, 31, 34, 39, 46, 57, 92, 126], "excluded_lines": []}}}, "pyerp\\legacy_sync\\management\\__init__.py": {"executed_lines": [], "summary": {"covered_lines": 0, "num_statements": 0, "percent_covered": 100.0, "percent_covered_display": "100", "missing_lines": 0, "excluded_lines": 0}, "missing_lines": [], "excluded_lines": [], "functions": {"": {"executed_lines": [], "summary": {"covered_lines": 0, "num_statements": 0, "percent_covered": 100.0, "percent_covered_display": "100", "missing_lines": 0, "excluded_lines": 0}, "missing_lines": [], "excluded_lines": []}}, "classes": {"": {"executed_lines": [], "summary": {"covered_lines": 0, "num_statements": 0, "percent_covered": 100.0, "percent_covered_display": "100", "missing_lines": 0, "excluded_lines": 0}, "missing_lines": [], "excluded_lines": []}}}, "pyerp\\legacy_sync\\management\\commands\\__init__.py": {"executed_lines": [], "summary": {"covered_lines": 0, "num_statements": 0, "percent_covered": 100.0, "percent_covered_display": "100", "missing_lines": 0, "excluded_lines": 0}, "missing_lines": [], "excluded_lines": [], "functions": {"": {"executed_lines": [], "summary": {"covered_lines": 0, "num_statements": 0, "percent_covered": 100.0, "percent_covered_display": "100", "missing_lines": 0, "excluded_lines": 0}, "missing_lines": [], "excluded_lines": []}}, "classes": {"": {"executed_lines": [], "summary": {"covered_lines": 0, "num_statements": 0, "percent_covered": 100.0, "percent_covered_display": "100", "missing_lines": 0, "excluded_lines": 0}, "missing_lines": [], "excluded_lines": []}}}, "pyerp\\legacy_sync\\management\\commands\\sync_legacy_data.py": {"executed_lines": [], "summary": {"covered_lines": 0, "num_statements": 74, "percent_covered": 0.0, "percent_covered_display": "0", "missing_lines": 74, "excluded_lines": 0}, "missing_lines": [5, 6, 7, 9, 12, 15, 18, 19, 21, 22, 27, 32, 37, 43, 44, 45, 46, 48, 49, 50, 53, 54, 55, 57, 58, 60, 62, 64, 65, 71, 72, 73, 75, 76, 77, 78, 80, 81, 83, 87, 88, 90, 93, 95, 96, 97, 99, 101, 102, 104, 105, 106, 107, 108, 113, 114, 115, 116, 117, 118, 120, 121, 123, 124, 125, 130, 134, 136, 138, 139, 140, 142, 143, 144], "excluded_lines": [], "functions": {"Command.add_arguments": {"executed_lines": [], "summary": {"covered_lines": 0, "num_statements": 4, "percent_covered": 0.0, "percent_covered_display": "0", "missing_lines": 4, "excluded_lines": 0}, "missing_lines": [22, 27, 32, 37], "excluded_lines": []}, "Command.handle": {"executed_lines": [], "summary": {"covered_lines": 0, "num_statements": 24, "percent_covered": 0.0, "percent_covered_display": "0", "missing_lines": 24, "excluded_lines": 0}, "missing_lines": [44, 45, 46, 48, 49, 50, 53, 54, 55, 57, 58, 60, 62, 64, 65, 71, 72, 73, 75, 76, 77, 78, 80, 81], "excluded_lines": []}, "Command.sync_all": {"executed_lines": [], "summary": {"covered_lines": 0, "num_statements": 26, "percent_covered": 0.0, "percent_covered_display": "0", "missing_lines": 26, "excluded_lines": 0}, "missing_lines": [87, 88, 90, 93, 95, 96, 97, 99, 101, 102, 104, 105, 106, 107, 108, 113, 114, 115, 116, 117, 118, 120, 121, 123, 124, 125], "excluded_lines": []}, "Command.list_entity_types": {"executed_lines": [], "summary": {"covered_lines": 0, "num_statements": 8, "percent_covered": 0.0, "percent_covered_display": "0", "missing_lines": 8, "excluded_lines": 0}, "missing_lines": [134, 136, 138, 139, 140, 142, 143, 144], "excluded_lines": []}, "": {"executed_lines": [], "summary": {"covered_lines": 0, "num_statements": 12, "percent_covered": 0.0, "percent_covered_display": "0", "missing_lines": 12, "excluded_lines": 0}, "missing_lines": [5, 6, 7, 9, 12, 15, 18, 19, 21, 43, 83, 130], "excluded_lines": []}}, "classes": {"Command": {"executed_lines": [], "summary": {"covered_lines": 0, "num_statements": 62, "percent_covered": 0.0, "percent_covered_display": "0", "missing_lines": 62, "excluded_lines": 0}, "missing_lines": [22, 27, 32, 37, 44, 45, 46, 48, 49, 50, 53, 54, 55, 57, 58, 60, 62, 64, 65, 71, 72, 73, 75, 76, 77, 78, 80, 81, 87, 88, 90, 93, 95, 96, 97, 99, 101, 102, 104, 105, 106, 107, 108, 113, 114, 115, 116, 117, 118, 120, 121, 123, 124, 125, 134, 136, 138, 139, 140, 142, 143, 144], "excluded_lines": []}, "": {"executed_lines": [], "summary": {"covered_lines": 0, "num_statements": 12, "percent_covered": 0.0, "percent_covered_display": "0", "missing_lines": 12, "excluded_lines": 0}, "missing_lines": [5, 6, 7, 9, 12, 15, 18, 19, 21, 43, 83, 130], "excluded_lines": []}}}, "pyerp\\legacy_sync\\models.py": {"executed_lines": [], "summary": {"covered_lines": 0, "num_statements": 95, "percent_covered": 0.0, "percent_covered_display": "0", "missing_lines": 95, "excluded_lines": 8}, "missing_lines": [5, 6, 7, 10, 14, 15, 16, 17, 18, 21, 25, 29, 35, 39, 44, 48, 52, 56, 60, 65, 66, 67, 68, 69, 79, 83, 87, 91, 95, 100, 101, 102, 103, 107, 116, 123, 128, 132, 136, 139, 143, 147, 152, 153, 154, 155, 160, 170, 171, 173, 183, 185, 186, 187, 190, 191, 194, 195, 200, 201, 202, 203, 204, 205, 206, 207, 208, 209, 212, 214, 217, 218, 219, 221, 224, 231, 236, 240, 243, 247, 251, 256, 257, 258, 259, 264, 276, 278, 281, 284, 285, 287, 288, 289, 290], "excluded_lines": [75, 76, 112, 113, 157, 158, 261, 262], "functions": {"SyncLog.__str__": {"executed_lines": [], "summary": {"covered_lines": 0, "num_statements": 0, "percent_covered": 100.0, "percent_covered_display": "100", "missing_lines": 0, "excluded_lines": 1}, "missing_lines": [], "excluded_lines": [76]}, "EntityMapping.__str__": {"executed_lines": [], "summary": {"covered_lines": 0, "num_statements": 0, "percent_covered": 100.0, "percent_covered_display": "100", "missing_lines": 0, "excluded_lines": 1}, "missing_lines": [], "excluded_lines": [113]}, "EntityMappingConfig.__str__": {"executed_lines": [], "summary": {"covered_lines": 0, "num_statements": 0, "percent_covered": 100.0, "percent_covered_display": "100", "missing_lines": 0, "excluded_lines": 1}, "missing_lines": [], "excluded_lines": [158]}, "EntityMappingConfig.get_field_mapping": {"executed_lines": [], "summary": {"covered_lines": 0, "num_statements": 2, "percent_covered": 0.0, "percent_covered_display": "0", "missing_lines": 2, "excluded_lines": 0}, "missing_lines": [170, 171], "excluded_lines": []}, "EntityMappingConfig.transform_legacy_data": {"executed_lines": [], "summary": {"covered_lines": 0, "num_statements": 24, "percent_covered": 0.0, "percent_covered_display": "0", "missing_lines": 24, "excluded_lines": 0}, "missing_lines": [183, 185, 186, 187, 190, 191, 194, 195, 200, 201, 202, 203, 204, 205, 206, 207, 208, 209, 212, 214, 217, 218, 219, 221], "excluded_lines": []}, "TransformationFunction.__str__": {"executed_lines": [], "summary": {"covered_lines": 0, "num_statements": 0, "percent_covered": 100.0, "percent_covered_display": "100", "missing_lines": 0, "excluded_lines": 1}, "missing_lines": [], "excluded_lines": [262]}, "TransformationFunction.execute": {"executed_lines": [], "summary": {"covered_lines": 0, "num_statements": 9, "percent_covered": 0.0, "percent_covered_display": "0", "missing_lines": 9, "excluded_lines": 0}, "missing_lines": [276, 278, 281, 284, 285, 287, 288, 289, 290], "excluded_lines": []}, "": {"executed_lines": [], "summary": {"covered_lines": 0, "num_statements": 60, "percent_covered": 0.0, "percent_covered_display": "0", "missing_lines": 60, "excluded_lines": 4}, "missing_lines": [5, 6, 7, 10, 14, 15, 16, 17, 18, 21, 25, 29, 35, 39, 44, 48, 52, 56, 60, 65, 66, 67, 68, 69, 79, 83, 87, 91, 95, 100, 101, 102, 103, 107, 116, 123, 128, 132, 136, 139, 143, 147, 152, 153, 154, 155, 160, 173, 224, 231, 236, 240, 243, 247, 251, 256, 257, 258, 259, 264], "excluded_lines": [75, 112, 157, 261]}}, "classes": {"SyncStatus": {"executed_lines": [], "summary": {"covered_lines": 0, "num_statements": 0, "percent_covered": 100.0, "percent_covered_display": "100", "missing_lines": 0, "excluded_lines": 0}, "missing_lines": [], "excluded_lines": []}, "SyncLog": {"executed_lines": [], "summary": {"covered_lines": 0, "num_statements": 0, "percent_covered": 100.0, "percent_covered_display": "100", "missing_lines": 0, "excluded_lines": 1}, "missing_lines": [], "excluded_lines": [76]}, "SyncLog.Meta": {"executed_lines": [], "summary": {"covered_lines": 0, "num_statements": 0, "percent_covered": 100.0, "percent_covered_display": "100", "missing_lines": 0, "excluded_lines": 0}, "missing_lines": [], "excluded_lines": []}, "EntityMapping": {"executed_lines": [], "summary": {"covered_lines": 0, "num_statements": 0, "percent_covered": 100.0, "percent_covered_display": "100", "missing_lines": 0, "excluded_lines": 1}, "missing_lines": [], "excluded_lines": [113]}, "EntityMapping.Meta": {"executed_lines": [], "summary": {"covered_lines": 0, "num_statements": 0, "percent_covered": 100.0, "percent_covered_display": "100", "missing_lines": 0, "excluded_lines": 0}, "missing_lines": [], "excluded_lines": []}, "EntityMappingConfig": {"executed_lines": [], "summary": {"covered_lines": 0, "num_statements": 26, "percent_covered": 0.0, "percent_covered_display": "0", "missing_lines": 26, "excluded_lines": 1}, "missing_lines": [170, 171, 183, 185, 186, 187, 190, 191, 194, 195, 200, 201, 202, 203, 204, 205, 206, 207, 208, 209, 212, 214, 217, 218, 219, 221], "excluded_lines": [158]}, "EntityMappingConfig.Meta": {"executed_lines": [], "summary": {"covered_lines": 0, "num_statements": 0, "percent_covered": 100.0, "percent_covered_display": "100", "missing_lines": 0, "excluded_lines": 0}, "missing_lines": [], "excluded_lines": []}, "TransformationFunction": {"executed_lines": [], "summary": {"covered_lines": 0, "num_statements": 9, "percent_covered": 0.0, "percent_covered_display": "0", "missing_lines": 9, "excluded_lines": 1}, "missing_lines": [276, 278, 281, 284, 285, 287, 288, 289, 290], "excluded_lines": [262]}, "TransformationFunction.Meta": {"executed_lines": [], "summary": {"covered_lines": 0, "num_statements": 0, "percent_covered": 100.0, "percent_covered_display": "100", "missing_lines": 0, "excluded_lines": 0}, "missing_lines": [], "excluded_lines": []}, "": {"executed_lines": [], "summary": {"covered_lines": 0, "num_statements": 60, "percent_covered": 0.0, "percent_covered_display": "0", "missing_lines": 60, "excluded_lines": 4}, "missing_lines": [5, 6, 7, 10, 14, 15, 16, 17, 18, 21, 25, 29, 35, 39, 44, 48, 52, 56, 60, 65, 66, 67, 68, 69, 79, 83, 87, 91, 95, 100, 101, 102, 103, 107, 116, 123, 128, 132, 136, 139, 143, 147, 152, 153, 154, 155, 160, 173, 224, 231, 236, 240, 243, 247, 251, 256, 257, 258, 259, 264], "excluded_lines": [75, 112, 157, 261]}}}, "pyerp\\legacy_sync\\signals.py": {"executed_lines": [], "summary": {"covered_lines": 0, "num_statements": 2, "percent_covered": 0.0, "percent_covered_display": "0", "missing_lines": 2, "excluded_lines": 0}, "missing_lines": [6, 7], "excluded_lines": [], "functions": {"": {"executed_lines": [], "summary": {"covered_lines": 0, "num_statements": 2, "percent_covered": 0.0, "percent_covered_display": "0", "missing_lines": 2, "excluded_lines": 0}, "missing_lines": [6, 7], "excluded_lines": []}}, "classes": {"": {"executed_lines": [], "summary": {"covered_lines": 0, "num_statements": 2, "percent_covered": 0.0, "percent_covered_display": "0", "missing_lines": 2, "excluded_lines": 0}, "missing_lines": [6, 7], "excluded_lines": []}}}, "pyerp\\legacy_sync\\sync_tasks.py": {"executed_lines": [], "summary": {"covered_lines": 0, "num_statements": 89, "percent_covered": 0.0, "percent_covered_display": "0", "missing_lines": 89, "excluded_lines": 0}, "missing_lines": [8, 9, 10, 11, 12, 13, 14, 16, 17, 20, 23, 33, 34, 35, 36, 37, 38, 39, 42, 53, 56, 57, 58, 59, 60, 63, 69, 76, 78, 81, 82, 87, 88, 91, 92, 93, 95, 96, 98, 99, 100, 103, 106, 109, 110, 115, 116, 117, 118, 119, 120, 121, 123, 125, 130, 131, 132, 134, 136, 137, 138, 139, 141, 142, 143, 146, 147, 148, 149, 150, 151, 152, 154, 155, 157, 158, 161, 162, 163, 164, 166, 169, 179, 182, 192, 196, 206, 209, 219], "excluded_lines": [], "functions": {"get_model_class": {"executed_lines": [], "summary": {"covered_lines": 0, "num_statements": 7, "percent_covered": 0.0, "percent_covered_display": "0", "missing_lines": 7, "excluded_lines": 0}, "missing_lines": [33, 34, 35, 36, 37, 38, 39], "excluded_lines": []}, "sync_entity": {"executed_lines": [], "summary": {"covered_lines": 0, "num_statements": 62, "percent_covered": 0.0, "percent_covered_display": "0", "missing_lines": 62, "excluded_lines": 0}, "missing_lines": [53, 56, 57, 58, 59, 60, 63, 69, 76, 78, 81, 82, 87, 88, 91, 92, 93, 95, 96, 98, 99, 100, 103, 106, 109, 110, 115, 116, 117, 118, 119, 120, 121, 123, 125, 130, 131, 132, 134, 136, 137, 138, 139, 141, 142, 143, 146, 147, 148, 149, 150, 151, 152, 154, 155, 157, 158, 161, 162, 163, 164, 166], "excluded_lines": []}, "sync_products": {"executed_lines": [], "summary": {"covered_lines": 0, "num_statements": 1, "percent_covered": 0.0, "percent_covered_display": "0", "missing_lines": 1, "excluded_lines": 0}, "missing_lines": [179], "excluded_lines": []}, "sync_customers": {"executed_lines": [], "summary": {"covered_lines": 0, "num_statements": 1, "percent_covered": 0.0, "percent_covered_display": "0", "missing_lines": 1, "excluded_lines": 0}, "missing_lines": [192], "excluded_lines": []}, "sync_orders": {"executed_lines": [], "summary": {"covered_lines": 0, "num_statements": 1, "percent_covered": 0.0, "percent_covered_display": "0", "missing_lines": 1, "excluded_lines": 0}, "missing_lines": [206], "excluded_lines": []}, "sync_inventory": {"executed_lines": [], "summary": {"covered_lines": 0, "num_statements": 1, "percent_covered": 0.0, "percent_covered_display": "0", "missing_lines": 1, "excluded_lines": 0}, "missing_lines": [219], "excluded_lines": []}, "": {"executed_lines": [], "summary": {"covered_lines": 0, "num_statements": 16, "percent_covered": 0.0, "percent_covered_display": "0", "missing_lines": 16, "excluded_lines": 0}, "missing_lines": [8, 9, 10, 11, 12, 13, 14, 16, 17, 20, 23, 42, 169, 182, 196, 209], "excluded_lines": []}}, "classes": {"": {"executed_lines": [], "summary": {"covered_lines": 0, "num_statements": 89, "percent_covered": 0.0, "percent_covered_display": "0", "missing_lines": 89, "excluded_lines": 0}, "missing_lines": [8, 9, 10, 11, 12, 13, 14, 16, 17, 20, 23, 33, 34, 35, 36, 37, 38, 39, 42, 53, 56, 57, 58, 59, 60, 63, 69, 76, 78, 81, 82, 87, 88, 91, 92, 93, 95, 96, 98, 99, 100, 103, 106, 109, 110, 115, 116, 117, 118, 119, 120, 121, 123, 125, 130, 131, 132, 134, 136, 137, 138, 139, 141, 142, 143, 146, 147, 148, 149, 150, 151, 152, 154, 155, 157, 158, 161, 162, 163, 164, 166, 169, 179, 182, 192, 196, 206, 209, 219], "excluded_lines": []}}}, "pyerp\\legacy_sync\\tasks.py": {"executed_lines": [], "summary": {"covered_lines": 0, "num_statements": 63, "percent_covered": 0.0, "percent_covered_display": "0", "missing_lines": 63, "excluded_lines": 0}, "missing_lines": [5, 6, 8, 13, 16, 22, 30, 31, 32, 33, 34, 35, 36, 37, 40, 46, 53, 54, 55, 56, 57, 58, 59, 60, 63, 69, 76, 77, 78, 79, 80, 81, 82, 83, 86, 92, 99, 100, 101, 102, 103, 104, 105, 106, 109, 115, 122, 123, 124, 125, 126, 127, 128, 129, 132, 136, 143, 146, 147, 148, 149, 151, 152], "excluded_lines": [], "functions": {"sync_entity_task": {"executed_lines": [], "summary": {"covered_lines": 0, "num_statements": 8, "percent_covered": 0.0, "percent_covered_display": "0", "missing_lines": 8, "excluded_lines": 0}, "missing_lines": [30, 31, 32, 33, 34, 35, 36, 37], "excluded_lines": []}, "sync_products_task": {"executed_lines": [], "summary": {"covered_lines": 0, "num_statements": 8, "percent_covered": 0.0, "percent_covered_display": "0", "missing_lines": 8, "excluded_lines": 0}, "missing_lines": [53, 54, 55, 56, 57, 58, 59, 60], "excluded_lines": []}, "sync_customers_task": {"executed_lines": [], "summary": {"covered_lines": 0, "num_statements": 8, "percent_covered": 0.0, "percent_covered_display": "0", "missing_lines": 8, "excluded_lines": 0}, "missing_lines": [76, 77, 78, 79, 80, 81, 82, 83], "excluded_lines": []}, "sync_orders_task": {"executed_lines": [], "summary": {"covered_lines": 0, "num_statements": 8, "percent_covered": 0.0, "percent_covered_display": "0", "missing_lines": 8, "excluded_lines": 0}, "missing_lines": [99, 100, 101, 102, 103, 104, 105, 106], "excluded_lines": []}, "sync_inventory_task": {"executed_lines": [], "summary": {"covered_lines": 0, "num_statements": 8, "percent_covered": 0.0, "percent_covered_display": "0", "missing_lines": 8, "excluded_lines": 0}, "missing_lines": [122, 123, 124, 125, 126, 127, 128, 129], "excluded_lines": []}, "sync_all_task": {"executed_lines": [], "summary": {"covered_lines": 0, "num_statements": 7, "percent_covered": 0.0, "percent_covered_display": "0", "missing_lines": 7, "excluded_lines": 0}, "missing_lines": [143, 146, 147, 148, 149, 151, 152], "excluded_lines": []}, "": {"executed_lines": [], "summary": {"covered_lines": 0, "num_statements": 16, "percent_covered": 0.0, "percent_covered_display": "0", "missing_lines": 16, "excluded_lines": 0}, "missing_lines": [5, 6, 8, 13, 16, 22, 40, 46, 63, 69, 86, 92, 109, 115, 132, 136], "excluded_lines": []}}, "classes": {"": {"executed_lines": [], "summary": {"covered_lines": 0, "num_statements": 63, "percent_covered": 0.0, "percent_covered_display": "0", "missing_lines": 63, "excluded_lines": 0}, "missing_lines": [5, 6, 8, 13, 16, 22, 30, 31, 32, 33, 34, 35, 36, 37, 40, 46, 53, 54, 55, 56, 57, 58, 59, 60, 63, 69, 76, 77, 78, 79, 80, 81, 82, 83, 86, 92, 99, 100, 101, 102, 103, 104, 105, 106, 109, 115, 122, 123, 124, 125, 126, 127, 128, 129, 132, 136, 143, 146, 147, 148, 149, 151, 152], "excluded_lines": []}}}, "pyerp\\management\\__init__.py": {"executed_lines": [], "summary": {"covered_lines": 0, "num_statements": 0, "percent_covered": 100.0, "percent_covered_display": "100", "missing_lines": 0, "excluded_lines": 0}, "missing_lines": [], "excluded_lines": [], "functions": {"": {"executed_lines": [], "summary": {"covered_lines": 0, "num_statements": 0, "percent_covered": 100.0, "percent_covered_display": "100", "missing_lines": 0, "excluded_lines": 0}, "missing_lines": [], "excluded_lines": []}}, "classes": {"": {"executed_lines": [], "summary": {"covered_lines": 0, "num_statements": 0, "percent_covered": 100.0, "percent_covered_display": "100", "missing_lines": 0, "excluded_lines": 0}, "missing_lines": [], "excluded_lines": []}}}, "pyerp\\management\\commands\\__init__.py": {"executed_lines": [], "summary": {"covered_lines": 0, "num_statements": 0, "percent_covered": 100.0, "percent_covered_display": "100", "missing_lines": 0, "excluded_lines": 0}, "missing_lines": [], "excluded_lines": [], "functions": {"": {"executed_lines": [], "summary": {"covered_lines": 0, "num_statements": 0, "percent_covered": 100.0, "percent_covered_display": "100", "missing_lines": 0, "excluded_lines": 0}, "missing_lines": [], "excluded_lines": []}}, "classes": {"": {"executed_lines": [], "summary": {"covered_lines": 0, "num_statements": 0, "percent_covered": 100.0, "percent_covered_display": "100", "missing_lines": 0, "excluded_lines": 0}, "missing_lines": [], "excluded_lines": []}}}, "pyerp\\management\\commands\\importproducts.py": {"executed_lines": [], "summary": {"covered_lines": 0, "num_statements": 35, "percent_covered": 0.0, "percent_covered_display": "0", "missing_lines": 35, "excluded_lines": 0}, "missing_lines": [5, 6, 9, 12, 14, 15, 16, 18, 20, 21, 22, 24, 26, 27, 28, 29, 33, 34, 35, 40, 42, 45, 48, 50, 52, 54, 56, 57, 59, 60, 61, 63, 65, 67, 69], "excluded_lines": [], "functions": {"ProductImportValidator.validate_sku": {"executed_lines": [], "summary": {"covered_lines": 0, "num_statements": 3, "percent_covered": 0.0, "percent_covered_display": "0", "missing_lines": 3, "excluded_lines": 0}, "missing_lines": [14, 15, 16], "excluded_lines": []}, "ProductImportValidator.validate_name": {"executed_lines": [], "summary": {"covered_lines": 0, "num_statements": 3, "percent_covered": 0.0, "percent_covered_display": "0", "missing_lines": 3, "excluded_lines": 0}, "missing_lines": [20, 21, 22], "excluded_lines": []}, "ProductImportValidator.validate_list_price": {"executed_lines": [], "summary": {"covered_lines": 0, "num_statements": 7, "percent_covered": 0.0, "percent_covered_display": "0", "missing_lines": 7, "excluded_lines": 0}, "missing_lines": [26, 27, 28, 29, 33, 34, 35], "excluded_lines": []}, "ProductImportValidator.cross_validate_row": {"executed_lines": [], "summary": {"covered_lines": 0, "num_statements": 1, "percent_covered": 0.0, "percent_covered_display": "0", "missing_lines": 1, "excluded_lines": 0}, "missing_lines": [42], "excluded_lines": []}, "Command.create_product_validator": {"executed_lines": [], "summary": {"covered_lines": 0, "num_statements": 1, "percent_covered": 0.0, "percent_covered_display": "0", "missing_lines": 1, "excluded_lines": 0}, "missing_lines": [52], "excluded_lines": []}, "Command.validate_products": {"executed_lines": [], "summary": {"covered_lines": 0, "num_statements": 6, "percent_covered": 0.0, "percent_covered_display": "0", "missing_lines": 6, "excluded_lines": 0}, "missing_lines": [56, 57, 59, 60, 61, 63], "excluded_lines": []}, "Command.handle": {"executed_lines": [], "summary": {"covered_lines": 0, "num_statements": 2, "percent_covered": 0.0, "percent_covered_display": "0", "missing_lines": 2, "excluded_lines": 0}, "missing_lines": [67, 69], "excluded_lines": []}, "": {"executed_lines": [], "summary": {"covered_lines": 0, "num_statements": 12, "percent_covered": 0.0, "percent_covered_display": "0", "missing_lines": 12, "excluded_lines": 0}, "missing_lines": [5, 6, 9, 12, 18, 24, 40, 45, 48, 50, 54, 65], "excluded_lines": []}}, "classes": {"ProductImportValidator": {"executed_lines": [], "summary": {"covered_lines": 0, "num_statements": 14, "percent_covered": 0.0, "percent_covered_display": "0", "missing_lines": 14, "excluded_lines": 0}, "missing_lines": [14, 15, 16, 20, 21, 22, 26, 27, 28, 29, 33, 34, 35, 42], "excluded_lines": []}, "Command": {"executed_lines": [], "summary": {"covered_lines": 0, "num_statements": 9, "percent_covered": 0.0, "percent_covered_display": "0", "missing_lines": 9, "excluded_lines": 0}, "missing_lines": [52, 56, 57, 59, 60, 61, 63, 67, 69], "excluded_lines": []}, "": {"executed_lines": [], "summary": {"covered_lines": 0, "num_statements": 12, "percent_covered": 0.0, "percent_covered_display": "0", "missing_lines": 12, "excluded_lines": 0}, "missing_lines": [5, 6, 9, 12, 18, 24, 40, 45, 48, 50, 54, 65], "excluded_lines": []}}}, "pyerp\\products\\__init__.py": {"executed_lines": [1, 5], "summary": {"covered_lines": 1, "num_statements": 1, "percent_covered": 100.0, "percent_covered_display": "100", "missing_lines": 0, "excluded_lines": 0}, "missing_lines": [], "excluded_lines": [], "functions": {"": {"executed_lines": [1, 5], "summary": {"covered_lines": 1, "num_statements": 1, "percent_covered": 100.0, "percent_covered_display": "100", "missing_lines": 0, "excluded_lines": 0}, "missing_lines": [], "excluded_lines": []}}, "classes": {"": {"executed_lines": [1, 5], "summary": {"covered_lines": 1, "num_statements": 1, "percent_covered": 100.0, "percent_covered_display": "100", "missing_lines": 0, "excluded_lines": 0}, "missing_lines": [], "excluded_lines": []}}}, "pyerp\\products\\forms.py": {"executed_lines": [], "summary": {"covered_lines": 0, "num_statements": 51, "percent_covered": 0.0, "percent_covered_display": "0", "missing_lines": 51, "excluded_lines": 0}, "missing_lines": [2, 3, 5, 8, 11, 12, 13, 14, 19, 22, 23, 24, 25, 34, 37, 38, 39, 58, 66, 68, 69, 71, 73, 74, 77, 78, 80, 82, 84, 87, 88, 90, 91, 94, 95, 97, 98, 100, 103, 106, 115, 123, 133, 143, 149, 151, 153, 154, 156, 157, 159], "excluded_lines": [], "functions": {"ProductForm.clean_sku": {"executed_lines": [], "summary": {"covered_lines": 0, "num_statements": 8, "percent_covered": 0.0, "percent_covered_display": "0", "missing_lines": 8, "excluded_lines": 0}, "missing_lines": [68, 69, 71, 73, 74, 77, 78, 80], "excluded_lines": []}, "ProductForm.clean": {"executed_lines": [], "summary": {"covered_lines": 0, "num_statements": 10, "percent_covered": 0.0, "percent_covered_display": "0", "missing_lines": 10, "excluded_lines": 0}, "missing_lines": [84, 87, 88, 90, 91, 94, 95, 97, 98, 100], "excluded_lines": []}, "ProductSearchForm.clean": {"executed_lines": [], "summary": {"covered_lines": 0, "num_statements": 6, "percent_covered": 0.0, "percent_covered_display": "0", "missing_lines": 6, "excluded_lines": 0}, "missing_lines": [151, 153, 154, 156, 157, 159], "excluded_lines": []}, "": {"executed_lines": [], "summary": {"covered_lines": 0, "num_statements": 27, "percent_covered": 0.0, "percent_covered_display": "0", "missing_lines": 27, "excluded_lines": 0}, "missing_lines": [2, 3, 5, 8, 11, 12, 13, 14, 19, 22, 23, 24, 25, 34, 37, 38, 39, 58, 66, 82, 103, 106, 115, 123, 133, 143, 149], "excluded_lines": []}}, "classes": {"ProductCategoryForm": {"executed_lines": [], "summary": {"covered_lines": 0, "num_statements": 0, "percent_covered": 100.0, "percent_covered_display": "100", "missing_lines": 0, "excluded_lines": 0}, "missing_lines": [], "excluded_lines": []}, "ProductCategoryForm.Meta": {"executed_lines": [], "summary": {"covered_lines": 0, "num_statements": 0, "percent_covered": 100.0, "percent_covered_display": "100", "missing_lines": 0, "excluded_lines": 0}, "missing_lines": [], "excluded_lines": []}, "ProductImageForm": {"executed_lines": [], "summary": {"covered_lines": 0, "num_statements": 0, "percent_covered": 100.0, "percent_covered_display": "100", "missing_lines": 0, "excluded_lines": 0}, "missing_lines": [], "excluded_lines": []}, "ProductImageForm.Meta": {"executed_lines": [], "summary": {"covered_lines": 0, "num_statements": 0, "percent_covered": 100.0, "percent_covered_display": "100", "missing_lines": 0, "excluded_lines": 0}, "missing_lines": [], "excluded_lines": []}, "ProductForm": {"executed_lines": [], "summary": {"covered_lines": 0, "num_statements": 18, "percent_covered": 0.0, "percent_covered_display": "0", "missing_lines": 18, "excluded_lines": 0}, "missing_lines": [68, 69, 71, 73, 74, 77, 78, 80, 84, 87, 88, 90, 91, 94, 95, 97, 98, 100], "excluded_lines": []}, "ProductForm.Meta": {"executed_lines": [], "summary": {"covered_lines": 0, "num_statements": 0, "percent_covered": 100.0, "percent_covered_display": "100", "missing_lines": 0, "excluded_lines": 0}, "missing_lines": [], "excluded_lines": []}, "ProductSearchForm": {"executed_lines": [], "summary": {"covered_lines": 0, "num_statements": 6, "percent_covered": 0.0, "percent_covered_display": "0", "missing_lines": 6, "excluded_lines": 0}, "missing_lines": [151, 153, 154, 156, 157, 159], "excluded_lines": []}, "": {"executed_lines": [], "summary": {"covered_lines": 0, "num_statements": 27, "percent_covered": 0.0, "percent_covered_display": "0", "missing_lines": 27, "excluded_lines": 0}, "missing_lines": [2, 3, 5, 8, 11, 12, 13, 14, 19, 22, 23, 24, 25, 34, 37, 38, 39, 58, 66, 82, 103, 106, 115, 123, 133, 143, 149], "excluded_lines": []}}}, "pyerp\\products\\image_api.py": {"executed_lines": [], "summary": {"covered_lines": 0, "num_statements": 139, "percent_covered": 0.0, "percent_covered_display": "0", "missing_lines": 139, "excluded_lines": 0}, "missing_lines": [9, 10, 11, 12, 13, 14, 16, 18, 29, 31, 32, 33, 34, 35, 36, 39, 40, 42, 54, 57, 58, 59, 60, 61, 62, 64, 65, 66, 73, 74, 77, 78, 80, 82, 83, 84, 86, 87, 88, 90, 101, 106, 117, 118, 119, 120, 122, 123, 125, 126, 129, 130, 131, 132, 135, 136, 139, 140, 141, 142, 144, 147, 148, 149, 151, 153, 163, 171, 172, 173, 176, 177, 178, 180, 188, 189, 190, 191, 193, 196, 197, 198, 200, 201, 202, 203, 204, 206, 214, 215, 216, 219, 220, 221, 222, 223, 224, 225, 226, 229, 230, 231, 232, 235, 236, 237, 238, 239, 240, 242, 245, 246, 247, 248, 250, 252, 264, 266, 267, 270, 271, 274, 275, 276, 277, 278, 279, 280, 281, 283, 285, 295, 297, 307, 309, 310, 313, 314, 316], "excluded_lines": [], "functions": {"ImageAPIClient.__init__": {"executed_lines": [], "summary": {"covered_lines": 0, "num_statements": 8, "percent_covered": 0.0, "percent_covered_display": "0", "missing_lines": 8, "excluded_lines": 0}, "missing_lines": [31, 32, 33, 34, 35, 36, 39, 40], "excluded_lines": []}, "ImageAPIClient._make_request": {"executed_lines": [], "summary": {"covered_lines": 0, "num_statements": 21, "percent_covered": 0.0, "percent_covered_display": "0", "missing_lines": 21, "excluded_lines": 0}, "missing_lines": [54, 57, 58, 59, 60, 61, 62, 64, 65, 66, 73, 74, 77, 78, 80, 82, 83, 84, 86, 87, 88], "excluded_lines": []}, "ImageAPIClient.get_all_images": {"executed_lines": [], "summary": {"covered_lines": 0, "num_statements": 1, "percent_covered": 0.0, "percent_covered_display": "0", "missing_lines": 1, "excluded_lines": 0}, "missing_lines": [101], "excluded_lines": []}, "ImageAPIClient.search_product_images": {"executed_lines": [], "summary": {"covered_lines": 0, "num_statements": 23, "percent_covered": 0.0, "percent_covered_display": "0", "missing_lines": 23, "excluded_lines": 0}, "missing_lines": [117, 118, 119, 120, 122, 123, 125, 126, 129, 130, 131, 132, 135, 136, 139, 140, 141, 142, 144, 147, 148, 149, 151], "excluded_lines": []}, "ImageAPIClient.parse_image": {"executed_lines": [], "summary": {"covered_lines": 0, "num_statements": 49, "percent_covered": 0.0, "percent_covered_display": "0", "missing_lines": 49, "excluded_lines": 0}, "missing_lines": [163, 171, 172, 173, 176, 177, 178, 180, 188, 189, 190, 191, 193, 196, 197, 198, 200, 201, 202, 203, 204, 206, 214, 215, 216, 219, 220, 221, 222, 223, 224, 225, 226, 229, 230, 231, 232, 235, 236, 237, 238, 239, 240, 242, 245, 246, 247, 248, 250], "excluded_lines": []}, "ImageAPIClient.get_image_priority": {"executed_lines": [], "summary": {"covered_lines": 0, "num_statements": 14, "percent_covered": 0.0, "percent_covered_display": "0", "missing_lines": 14, "excluded_lines": 0}, "missing_lines": [264, 266, 267, 270, 271, 274, 275, 276, 277, 278, 279, 280, 281, 283], "excluded_lines": []}, "ImageAPIClient.sort_images_by_priority": {"executed_lines": [], "summary": {"covered_lines": 0, "num_statements": 1, "percent_covered": 0.0, "percent_covered_display": "0", "missing_lines": 1, "excluded_lines": 0}, "missing_lines": [295], "excluded_lines": []}, "ImageAPIClient.get_best_image_for_product": {"executed_lines": [], "summary": {"covered_lines": 0, "num_statements": 6, "percent_covered": 0.0, "percent_covered_display": "0", "missing_lines": 6, "excluded_lines": 0}, "missing_lines": [307, 309, 310, 313, 314, 316], "excluded_lines": []}, "": {"executed_lines": [], "summary": {"covered_lines": 0, "num_statements": 16, "percent_covered": 0.0, "percent_covered_display": "0", "missing_lines": 16, "excluded_lines": 0}, "missing_lines": [9, 10, 11, 12, 13, 14, 16, 18, 29, 42, 90, 106, 153, 252, 285, 297], "excluded_lines": []}}, "classes": {"ImageAPIClient": {"executed_lines": [], "summary": {"covered_lines": 0, "num_statements": 123, "percent_covered": 0.0, "percent_covered_display": "0", "missing_lines": 123, "excluded_lines": 0}, "missing_lines": [31, 32, 33, 34, 35, 36, 39, 40, 54, 57, 58, 59, 60, 61, 62, 64, 65, 66, 73, 74, 77, 78, 80, 82, 83, 84, 86, 87, 88, 101, 117, 118, 119, 120, 122, 123, 125, 126, 129, 130, 131, 132, 135, 136, 139, 140, 141, 142, 144, 147, 148, 149, 151, 163, 171, 172, 173, 176, 177, 178, 180, 188, 189, 190, 191, 193, 196, 197, 198, 200, 201, 202, 203, 204, 206, 214, 215, 216, 219, 220, 221, 222, 223, 224, 225, 226, 229, 230, 231, 232, 235, 236, 237, 238, 239, 240, 242, 245, 246, 247, 248, 250, 264, 266, 267, 270, 271, 274, 275, 276, 277, 278, 279, 280, 281, 283, 295, 307, 309, 310, 313, 314, 316], "excluded_lines": []}, "": {"executed_lines": [], "summary": {"covered_lines": 0, "num_statements": 16, "percent_covered": 0.0, "percent_covered_display": "0", "missing_lines": 16, "excluded_lines": 0}, "missing_lines": [9, 10, 11, 12, 13, 14, 16, 18, 29, 42, 90, 106, 153, 252, 285, 297], "excluded_lines": []}}}, "pyerp\\products\\management\\__init__.py": {"executed_lines": [], "summary": {"covered_lines": 0, "num_statements": 0, "percent_covered": 100.0, "percent_covered_display": "100", "missing_lines": 0, "excluded_lines": 0}, "missing_lines": [], "excluded_lines": [], "functions": {"": {"executed_lines": [], "summary": {"covered_lines": 0, "num_statements": 0, "percent_covered": 100.0, "percent_covered_display": "100", "missing_lines": 0, "excluded_lines": 0}, "missing_lines": [], "excluded_lines": []}}, "classes": {"": {"executed_lines": [], "summary": {"covered_lines": 0, "num_statements": 0, "percent_covered": 100.0, "percent_covered_display": "100", "missing_lines": 0, "excluded_lines": 0}, "missing_lines": [], "excluded_lines": []}}}, "pyerp\\products\\management\\commands\\__init__.py": {"executed_lines": [], "summary": {"covered_lines": 0, "num_statements": 0, "percent_covered": 100.0, "percent_covered_display": "100", "missing_lines": 0, "excluded_lines": 0}, "missing_lines": [], "excluded_lines": [], "functions": {"": {"executed_lines": [], "summary": {"covered_lines": 0, "num_statements": 0, "percent_covered": 100.0, "percent_covered_display": "100", "missing_lines": 0, "excluded_lines": 0}, "missing_lines": [], "excluded_lines": []}}, "classes": {"": {"executed_lines": [], "summary": {"covered_lines": 0, "num_statements": 0, "percent_covered": 100.0, "percent_covered_display": "100", "missing_lines": 0, "excluded_lines": 0}, "missing_lines": [], "excluded_lines": []}}}, "pyerp\\products\\management\\commands\\import_artikel_variante.py": {"executed_lines": [], "summary": {"covered_lines": 0, "num_statements": 90, "percent_covered": 0.0, "percent_covered_display": "0", "missing_lines": 90, "excluded_lines": 0}, "missing_lines": [5, 6, 7, 8, 9, 10, 11, 14, 17, 18, 19, 21, 23, 24, 25, 26, 29, 30, 32, 33, 39, 44, 50, 51, 52, 53, 55, 58, 63, 65, 66, 72, 75, 84, 85, 87, 88, 89, 90, 93, 94, 95, 96, 99, 100, 102, 103, 106, 107, 108, 112, 113, 115, 117, 121, 122, 124, 125, 128, 131, 132, 134, 135, 136, 137, 138, 139, 140, 141, 142, 145, 159, 160, 161, 162, 165, 166, 171, 172, 174, 176, 178, 179, 182, 185, 194, 195, 199, 200, 203], "excluded_lines": [], "functions": {"Command.add_arguments": {"executed_lines": [], "summary": {"covered_lines": 0, "num_statements": 3, "percent_covered": 0.0, "percent_covered_display": "0", "missing_lines": 3, "excluded_lines": 0}, "missing_lines": [33, 39, 44], "excluded_lines": []}, "Command.handle": {"executed_lines": [], "summary": {"covered_lines": 0, "num_statements": 67, "percent_covered": 0.0, "percent_covered_display": "0", "missing_lines": 67, "excluded_lines": 0}, "missing_lines": [51, 52, 53, 55, 58, 63, 65, 66, 72, 75, 84, 85, 87, 88, 89, 90, 93, 94, 95, 96, 99, 100, 102, 103, 106, 107, 108, 112, 113, 115, 117, 121, 122, 124, 125, 128, 131, 132, 134, 135, 136, 137, 138, 139, 140, 141, 142, 145, 159, 160, 161, 162, 165, 166, 171, 172, 174, 176, 178, 179, 182, 185, 194, 195, 199, 200, 203], "excluded_lines": []}, "": {"executed_lines": [], "summary": {"covered_lines": 0, "num_statements": 20, "percent_covered": 0.0, "percent_covered_display": "0", "missing_lines": 20, "excluded_lines": 0}, "missing_lines": [5, 6, 7, 8, 9, 10, 11, 14, 17, 18, 19, 21, 23, 24, 25, 26, 29, 30, 32, 50], "excluded_lines": []}}, "classes": {"Command": {"executed_lines": [], "summary": {"covered_lines": 0, "num_statements": 70, "percent_covered": 0.0, "percent_covered_display": "0", "missing_lines": 70, "excluded_lines": 0}, "missing_lines": [33, 39, 44, 51, 52, 53, 55, 58, 63, 65, 66, 72, 75, 84, 85, 87, 88, 89, 90, 93, 94, 95, 96, 99, 100, 102, 103, 106, 107, 108, 112, 113, 115, 117, 121, 122, 124, 125, 128, 131, 132, 134, 135, 136, 137, 138, 139, 140, 141, 142, 145, 159, 160, 161, 162, 165, 166, 171, 172, 174, 176, 178, 179, 182, 185, 194, 195, 199, 200, 203], "excluded_lines": []}, "": {"executed_lines": [], "summary": {"covered_lines": 0, "num_statements": 20, "percent_covered": 0.0, "percent_covered_display": "0", "missing_lines": 20, "excluded_lines": 0}, "missing_lines": [5, 6, 7, 8, 9, 10, 11, 14, 17, 18, 19, 21, 23, 24, 25, 26, 29, 30, 32, 50], "excluded_lines": []}}}, "pyerp\\products\\management\\commands\\import_parent_products.py": {"executed_lines": [], "summary": {"covered_lines": 0, "num_statements": 141, "percent_covered": 0.0, "percent_covered_display": "0", "missing_lines": 141, "excluded_lines": 0}, "missing_lines": [2, 3, 4, 5, 6, 7, 8, 9, 10, 12, 15, 16, 17, 20, 22, 24, 25, 27, 28, 34, 39, 44, 49, 55, 57, 60, 61, 62, 63, 64, 67, 76, 77, 79, 84, 85, 87, 90, 91, 92, 95, 97, 98, 99, 100, 102, 106, 107, 108, 110, 114, 115, 116, 117, 118, 120, 123, 124, 125, 127, 128, 130, 131, 132, 133, 134, 135, 136, 137, 139, 140, 141, 142, 143, 144, 147, 148, 149, 150, 151, 153, 
[...]
{"executed_lines": [], "summary": {"covered_lines": 0, "num_statements": 7, "percent_covered": 0.0, "percent_covered_display": "0", "missing_lines": 7, "excluded_lines": 0}, "missing_lines": [21, 23, 24, 25, 26, 27, 30], "excluded_lines": []}, "product_image_post_save": {"executed_lines": [], "summary": {"covered_lines": 0, "num_statements": 2, "percent_covered": 0.0, "percent_covered_display": "0", "missing_lines": 2, "excluded_lines": 0}, "missing_lines": [40, 42], "excluded_lines": []}, "": {"executed_lines": [], "summary": {"covered_lines": 0, "num_statements": 9, "percent_covered": 0.0, "percent_covered_display": "0", "missing_lines": 9, "excluded_lines": 0}, "missing_lines": [5, 6, 7, 9, 11, 14, 15, 33, 34], "excluded_lines": []}}, "classes": {"": {"executed_lines": [], "summary": {"covered_lines": 0, "num_statements": 18, "percent_covered": 0.0, "percent_covered_display": "0", "missing_lines": 18, "excluded_lines": 0}, "missing_lines": [5, 6, 7, 9, 11, 14, 15, 21, 23, 24, 25, 26, 27, 30, 33, 34, 40, 42], "excluded_lines": []}}}, "pyerp\\products\\urls.py": {"executed_lines": [], "summary": {"covered_lines": 0, "num_statements": 4, "percent_covered": 0.0, "percent_covered_display": "0", "missing_lines": 4, "excluded_lines": 0}, "missing_lines": [5, 7, 9, 11], "excluded_lines": [], "functions": {"": {"executed_lines": [], "summary": {"covered_lines": 0, "num_statements": 4, "percent_covered": 0.0, "percent_covered_display": "0", "missing_lines": 4, "excluded_lines": 0}, "missing_lines": [5, 7, 9, 11], "excluded_lines": []}}, "classes": {"": {"executed_lines": [], "summary": {"covered_lines": 0, "num_statements": 4, "percent_covered": 0.0, "percent_covered_display": "0", "missing_lines": 4, "excluded_lines": 0}, "missing_lines": [5, 7, 9, 11], "excluded_lines": []}}}, "pyerp\\products\\validators.py": {"executed_lines": [1, 7, 8, 9, 11, 13, 19, 22, 25, 26, 32, 38, 59, 79, 131, 163, 214, 265, 316, 364], "summary": {"covered_lines": 17, "num_statements": 180, "percent_covered": 9.444444444444445, "percent_covered_display": "9", "missing_lines": 163, "excluded_lines": 2}, "missing_lines": [34, 36, 49, 52, 53, 56, 57, 70, 71, 72, 75, 76, 77, 92, 95, 96, 99, 100, 101, 104, 105, 106, 109, 110, 111, 114, 115, 116, 118, 119, 120, 121, 122, 123, 125, 126, 127, 129, 144, 147, 148, 151, 152, 153, 156, 157, 158, 159, 161, 176, 179, 180, 181, 182, 183, 184, 185, 186, 187, 188, 191, 192, 195, 196, 197, 198, 199, 200, 203, 204, 205, 208, 209, 210, 212, 227, 230, 231, 232, 233, 234, 235, 236, 237, 238, 239, 242, 243, 246, 247, 248, 249, 250, 251, 254, 255, 256, 259, 260, 261, 263, 278, 281, 282, 283, 284, 285, 286, 287, 288, 289, 290, 293, 294, 297, 298, 299, 300, 301, 302, 305, 306, 307, 310, 311, 312, 314, 329, 332, 333, 336, 337, 340, 341, 342, 344, 345, 348, 349, 350, 351, 352, 353, 356, 357, 359, 374, 377, 378, 379, 380, 383, 384, 389, 390, 391, 392, 394, 397, 398, 403, 404, 405], "excluded_lines": [19, 20], "functions": {"ProductImportValidator.__init__": {"executed_lines": [], "summary": {"covered_lines": 0, "num_statements": 2, "percent_covered": 0.0, "percent_covered_display": "0", "missing_lines": 2, "excluded_lines": 0}, "missing_lines": [34, 36], "excluded_lines": []}, "ProductImportValidator._pre_validate_row": {"executed_lines": [], "summary": {"covered_lines": 0, "num_statements": 5, "percent_covered": 0.0, "percent_covered_display": "0", "missing_lines": 5, "excluded_lines": 0}, "missing_lines": [49, 52, 53, 56, 57], "excluded_lines": []}, "ProductImportValidator._post_validate_row": {"executed_lines": [], "summary": {"covered_lines": 0, "num_statements": 6, "percent_covered": 0.0, "percent_covered_display": "0", "missing_lines": 6, "excluded_lines": 0}, "missing_lines": [70, 71, 72, 75, 76, 77], "excluded_lines": []}, "ProductImportValidator.validate_sku": {"executed_lines": [], "summary": {"covered_lines": 0, "num_statements": 25, "percent_covered": 0.0, "percent_covered_display": "0", "missing_lines": 25, "excluded_lines": 0}, "missing_lines": [92, 95, 96, 99, 100, 101, 104, 105, 106, 109, 110, 111, 114, 115, 116, 118, 119, 120, 121, 122, 123, 125, 126, 127, 129], "excluded_lines": []}, "ProductImportValidator.validate_name": {"executed_lines": [], "summary": {"covered_lines": 0, "num_statements": 11, "percent_covered": 0.0, "percent_covered_display": "0", "missing_lines": 11, "excluded_lines": 0}, "missing_lines": [144, 147, 148, 151, 152, 153, 156, 157, 158, 159, 161], "excluded_lines": []}, "ProductImportValidator.validate_list_price": {"executed_lines": [], "summary": {"covered_lines": 0, "num_statements": 26, "percent_covered": 0.0, "percent_covered_display": "0", "missing_lines": 26, "excluded_lines": 0}, "missing_lines": [176, 179, 180, 181, 182, 183, 184, 185, 186, 187, 188, 191, 192, 195, 196, 197, 198, 199, 200, 203, 204, 205, 208, 209, 210, 212], "excluded_lines": []}, "ProductImportValidator.validate_wholesale_price": {"executed_lines": [], "summary": {"covered_lines": 0, "num_statements": 26, "percent_covered": 0.0, "percent_covered_display": "0", "missing_lines": 26, "excluded_lines": 0}, "missing_lines": [227, 230, 231, 232, 233, 234, 235, 236, 237, 238, 239, 242, 243, 246, 247, 248, 249, 250, 251, 254, 255, 256, 259, 260, 261, 263], "excluded_lines": []}, "ProductImportValidator.validate_cost_price": {"executed_lines": [], "summary": {"covered_lines": 0, "num_statements": 26, "percent_covered": 0.0, "percent_covered_display": "0", "missing_lines": 26, "excluded_lines": 0}, "missing_lines": [278, 281, 282, 283, 284, 285, 286, 287, 288, 289, 290, 293, 294, 297, 298, 299, 300, 301, 302, 305, 306, 307, 310, 311, 312, 314], "excluded_lines": []}, "ProductImportValidator.validate_category": {"executed_lines": [], "summary": {"covered_lines": 0, "num_statements": 19, "percent_covered": 0.0, "percent_covered_display": "0", "missing_lines": 19, "excluded_lines": 0}, "missing_lines": [329, 332, 333, 336, 337, 340, 341, 342, 344, 345, 348, 349, 350, 351, 352, 353, 356, 357, 359], "excluded_lines": []}, "validate_product_model": {"executed_lines": [], "summary": {"covered_lines": 0, "num_statements": 17, "percent_covered": 0.0, "percent_covered_display": "0", "missing_lines": 17, "excluded_lines": 0}, "missing_lines": [374, 377, 378, 379, 380, 383, 384, 389, 390, 391, 392, 394, 397, 398, 403, 404, 405], "excluded_lines": []}, "": {"executed_lines": [1, 7, 8, 9, 11, 13, 19, 22, 25, 26, 32, 38, 59, 79, 131, 163, 214, 265, 316, 364], "summary": {"covered_lines": 17, "num_statements": 17, "percent_covered": 100.0, "percent_covered_display": "100", "missing_lines": 0, "excluded_lines": 2}, "missing_lines": [], "excluded_lines": [19, 20]}}, "classes": {"ProductImportValidator": {"executed_lines": [], "summary": {"covered_lines": 0, "num_statements": 146, "percent_covered": 0.0, "percent_covered_display": "0", "missing_lines": 146, "excluded_lines": 0}, "missing_lines": [34, 36, 49, 52, 53, 56, 57, 70, 71, 72, 75, 76, 77, 92, 95, 96, 99, 100, 101, 104, 105, 106, 109, 110, 111, 114, 115, 116, 118, 119, 120, 121, 122, 123, 125, 126, 127, 129, 144, 147, 148, 151, 152, 153, 156, 157, 158, 159, 161, 176, 179, 180, 181, 182, 183, 184, 185, 186, 187, 188, 191, 192, 195, 196, 197, 198, 199, 200, 203, 204, 205, 208, 209, 210, 212, 227, 230, 231, 232, 233, 234, 235, 236, 237, 238, 239, 242, 243, 246, 247, 248, 249, 250, 251, 254, 255, 256, 259, 260, 261, 263, 278, 281, 282, 283, 284, 285, 286, 287, 288, 289, 290, 293, 294, 297, 298, 299, 300, 301, 302, 305, 306, 307, 310, 311, 312, 314, 329, 332, 333, 336, 337, 340, 341, 342, 344, 345, 348, 349, 350, 351, 352, 353, 356, 357, 359], "excluded_lines": []}, "": {"executed_lines": [1, 7, 8, 9, 11, 13, 19, 22, 25, 26, 32, 38, 59, 79, 131, 163, 214, 265, 316, 364], "summary": {"covered_lines": 17, "num_statements": 34, "percent_covered": 50.0, "percent_covered_display": "50", "missing_lines": 17, "excluded_lines": 2}, "missing_lines": [374, 377, 378, 379, 380, 383, 384, 389, 390, 391, 392, 394, 397, 398, 403, 404, 405], "excluded_lines": [19, 20]}}}, "pyerp\\products\\views.py": {"executed_lines": [], "summary": {"covered_lines": 0, "num_statements": 64, "percent_covered": 0.0, "percent_covered_display": "0", "missing_lines": 64, "excluded_lines": 0}, "missing_lines": [5, 6, 7, 9, 10, 13, 17, 18, 19, 20, 22, 26, 29, 30, 32, 33, 34, 37, 38, 39, 42, 43, 44, 46, 47, 48, 51, 52, 53, 56, 57, 58, 60, 61, 62, 64, 66, 70, 71, 72, 73, 76, 78, 81, 85, 86, 87, 89, 93, 94, 97, 98, 102, 104, 107, 111, 112, 113, 114, 115, 117, 121, 122, 123], "excluded_lines": [], "functions": {"ProductListView.get_queryset": {"executed_lines": [], "summary": {"covered_lines": 0, "num_statements": 25, "percent_covered": 0.0, "percent_covered_display": "0", "missing_lines": 25, "excluded_lines": 0}, "missing_lines": [26, 29, 30, 32, 33, 34, 37, 38, 39, 42, 43, 44, 46, 47, 48, 51, 52, 53, 56, 57, 58, 60, 61, 62, 64], "excluded_lines": []}, "ProductListView.get_context_data": {"executed_lines": [], "summary": {"covered_lines": 0, "num_statements": 6, "percent_covered": 0.0, "percent_covered_display": "0", "missing_lines": 6, "excluded_lines": 0}, "missing_lines": [70, 71, 72, 73, 76, 78], "excluded_lines": []}, "ProductDetailView.get_context_data": {"executed_lines": [], "summary": {"covered_lines": 0, "num_statements": 6, "percent_covered": 0.0, "percent_covered_display": "0", "missing_lines": 6, "excluded_lines": 0}, "missing_lines": [93, 94, 97, 98, 102, 104], "excluded_lines": []}, "CategoryListView.get_context_data": {"executed_lines": [], "summary": {"covered_lines": 0, "num_statements": 3, "percent_covered": 0.0, "percent_covered_display": "0", "missing_lines": 3, "excluded_lines": 0}, "missing_lines": [121, 122, 123], "excluded_lines": []}, "": {"executed_lines": [], "summary": {"covered_lines": 0, "num_statements": 24, "percent_covered": 0.0, "percent_covered_display": "0", "missing_lines": 24, "excluded_lines": 0}, "missing_lines": [5, 6, 7, 9, 10, 13, 17, 18, 19, 20, 22, 66, 81, 85, 86, 87, 89, 107, 111, 112, 113, 114, 115, 117], "excluded_lines": []}}, "classes": {"ProductListView": {"executed_lines": [], "summary": {"covered_lines": 0, "num_statements": 31, "percent_covered": 0.0, "percent_covered_display": "0", "missing_lines": 31, "excluded_lines": 0}, "missing_lines": [26, 29, 30, 32, 33, 34, 37, 38, 39, 42, 43, 44, 46, 47, 48, 51, 52, 53, 56, 57, 58, 60, 61, 62, 64, 70, 71, 72, 73, 76, 78], "excluded_lines": []}, "ProductDetailView": {"executed_lines": [], "summary": {"covered_lines": 0, "num_statements": 6, "percent_covered": 0.0, "percent_covered_display": "0", "missing_lines": 6, "excluded_lines": 0}, "missing_lines": [93, 94, 97, 98, 102, 104], "excluded_lines": []}, "CategoryListView": {"executed_lines": [], "summary": {"covered_lines": 0, "num_statements": 3, "percent_covered": 0.0, "percent_covered_display": "0", "missing_lines": 3, "excluded_lines": 0}, "missing_lines": [121, 122, 123], "excluded_lines": []}, "": {"executed_lines": [], "summary": {"covered_lines": 0, "num_statements": 24, "percent_covered": 0.0, "percent_covered_display": "0", "missing_lines": 24, "excluded_lines": 0}, "missing_lines": [5, 6, 7, 9, 10, 13, 17, 18, 19, 20, 22, 66, 81, 85, 86, 87, 89, 107, 111, 112, 113, 114, 115, 117], "excluded_lines": []}}}, "pyerp\\settings\\__init__.py": {"executed_lines": [], "summary": {"covered_lines": 0, "num_statements": 0, "percent_covered": 100.0, "percent_covered_display": "100", "missing_lines": 0, "excluded_lines": 0}, "missing_lines": [], "excluded_lines": [], "functions": {"": {"executed_lines": [], "summary": {"covered_lines": 0, "num_statements": 0, "percent_covered": 100.0, "percent_covered_display": "100", "missing_lines": 0, "excluded_lines": 0}, "missing_lines": [], "excluded_lines": []}}, "classes": {"": {"executed_lines": [], "summary": {"covered_lines": 0, "num_statements": 0, "percent_covered": 100.0, "percent_covered_display": "100", "missing_lines": 0, "excluded_lines": 0}, "missing_lines": [], "excluded_lines": []}}}, "pyerp\\settings\\base.py": {"executed_lines": [], "summary": {"covered_lines": 0, "num_statements": 44, "percent_covered": 0.0, "percent_covered_display": "0", "missing_lines": 44, "excluded_lines": 0}, "missing_lines": [8, 9, 11, 14, 17, 20, 29, 38, 47, 49, 61, 63, 81, 85, 110, 127, 128, 129, 130, 134, 135, 136, 139, 142, 143, 147, 150, 168, 169, 170, 171, 172, 173, 174, 175, 178, 179, 180, 181, 182, 184, 186, 305, 315], "excluded_lines": [], "functions": {"": {"executed_lines": [], "summary": {"covered_lines": 0, "num_statements": 44, "percent_covered": 0.0, "percent_covered_display": "0", "missing_lines": 44, "excluded_lines": 0}, "missing_lines": [8, 9, 11, 14, 17, 20, 29, 38, 47, 49, 61, 63, 81, 85, 110, 127, 128, 129, 130, 134, 135, 136, 139, 142, 143, 147, 150, 168, 169, 170, 171, 172, 173, 174, 175, 178, 179, 180, 181, 182, 184, 186, 305, 315], "excluded_lines": []}}, "classes": {"": {"executed_lines": [], "summary": {"covered_lines": 0, "num_statements": 44, "percent_covered": 0.0, "percent_covered_display": "0", "missing_lines": 44, "excluded_lines": 0}, "missing_lines": [8, 9, 11, 14, 17, 20, 29, 38, 47, 49, 61, 63, 81, 85, 110, 127, 128, 129, 130, 134, 135, 136, 139, 142, 143, 147, 150, 168, 169, 170, 171, 172, 173, 174, 175, 178, 179, 180, 181, 182, 184, 186, 305, 315], "excluded_lines": []}}}, "pyerp\\settings\\development.py": {"executed_lines": [], "summary": {"covered_lines": 0, "num_statements": 17, "percent_covered": 0.0, "percent_covered_display": "0", "missing_lines": 17, "excluded_lines": 0}, "missing_lines": [7, 8, 9, 12, 14, 21, 52, 55, 56, 58, 63, 68, 71, 74, 75, 78, 83], "excluded_lines": [], "functions": {"": {"executed_lines": [], "summary": {"covered_lines": 0, "num_statements": 17, "percent_covered": 0.0, "percent_covered_display": "0", "missing_lines": 17, "excluded_lines": 0}, "missing_lines": [7, 8, 9, 12, 14, 21, 52, 55, 56, 58, 63, 68, 71, 74, 75, 78, 83], "excluded_lines": []}}, "classes": {"": {"executed_lines": [], "summary": {"covered_lines": 0, "num_statements": 17, "percent_covered": 0.0, "percent_covered_display": "0", "missing_lines": 17, "excluded_lines": 0}, "missing_lines": [7, 8, 9, 12, 14, 21, 52, 55, 56, 58, 63, 68, 71, 74, 75, 78, 83], "excluded_lines": []}}}, "pyerp\\settings\\production.py": {"executed_lines": [], "summary": {"covered_lines": 0, "num_statements": 39, "percent_covered": 0.0, "percent_covered_display": "0", "missing_lines": 39, "excluded_lines": 0}, "missing_lines": [8, 9, 10, 13, 16, 19, 42, 43, 44, 45, 46, 47, 48, 49, 50, 53, 54, 57, 68, 70, 71, 72, 73, 74, 75, 78, 79, 80, 83, 84, 85, 88, 89, 90, 91, 92, 93, 94, 97], "excluded_lines": [], "functions": {"": {"executed_lines": [], "summary": {"covered_lines": 0, "num_statements": 39, "percent_covered": 0.0, "percent_covered_display": "0", "missing_lines": 39, "excluded_lines": 0}, "missing_lines": [8, 9, 10, 13, 16, 19, 42, 43, 44, 45, 46, 47, 48, 49, 50, 53, 54, 57, 68, 70, 71, 72, 73, 74, 75, 78, 79, 80, 83, 84, 85, 88, 89, 90, 91, 92, 93, 94, 97], "excluded_lines": []}}, "classes": {"": {"executed_lines": [], "summary": {"covered_lines": 0, "num_statements": 39, "percent_covered": 0.0, "percent_covered_display": "0", "missing_lines": 39, "excluded_lines": 0}, "missing_lines": [8, 9, 10, 13, 16, 19, 42, 43, 44, 45, 46, 47, 48, 49, 50, 53, 54, 57, 68, 70, 71, 72, 73, 74, 75, 78, 79, 80, 83, 84, 85, 88, 89, 90, 91, 92, 93, 94, 97], "excluded_lines": []}}}, "pyerp\\settings\\staging.py": {"executed_lines": [], "summary": {"covered_lines": 0, "num_statements": 19, "percent_covered": 0.0, "percent_covered_display": "0", "missing_lines": 19, "excluded_lines": 0}, "missing_lines": [8, 11, 14, 17, 18, 19, 20, 21, 26, 27, 28, 29, 30, 33, 34, 37, 38, 39, 42], "excluded_lines": [], "functions": {"": {"executed_lines": [], "summary": {"covered_lines": 0, "num_statements": 19, "percent_covered": 0.0, "percent_covered_display": "0", "missing_lines": 19, "excluded_lines": 0}, "missing_lines": [8, 11, 14, 17, 18, 19, 20, 21, 26, 27, 28, 29, 30, 33, 34, 37, 38, 39, 42], "excluded_lines": []}}, "classes": {"": {"executed_lines": [], "summary": {"covered_lines": 0, "num_statements": 19, "percent_covered": 0.0, "percent_covered_display": "0", "missing_lines": 19, "excluded_lines": 0}, "missing_lines": [8, 11, 14, 17, 18, 19, 20, 21, 26, 27, 28, 29, 30, 33, 34, 37, 38, 39, 42], "excluded_lines": []}}}, "pyerp\\settings\\testing.py": {"executed_lines": [], "summary": {"covered_lines": 0, "num_statements": 24, "percent_covered": 0.0, "percent_covered_display": "0", "missing_lines": 24, "excluded_lines": 0}, "missing_lines": [8, 9, 10, 13, 15, 18, 41, 46, 49, 50, 53, 56, 74, 75, 78, 79, 80, 82, 83, 85, 88, 96, 97, 100], "excluded_lines": [], "functions": {"DisableMigrations.__contains__": {"executed_lines": [], "summary": {"covered_lines": 0, "num_statements": 1, "percent_covered": 0.0, "percent_covered_display": "0", "missing_lines": 1, "excluded_lines": 0}, "missing_lines": [80], "excluded_lines": []}, "DisableMigrations.__getitem__": {"executed_lines": [], "summary": {"covered_lines": 0, "num_statements": 1, "percent_covered": 0.0, "percent_covered_display": "0", "missing_lines": 1, "excluded_lines": 0}, "missing_lines": [83], "excluded_lines": []}, "": {"executed_lines": [], "summary": {"covered_lines": 0, "num_statements": 22, "percent_covered": 0.0, "percent_covered_display": "0", "missing_lines": 22, "excluded_lines": 0}, "missing_lines": [8, 9, 10, 13, 15, 18, 41, 46, 49, 50, 53, 56, 74, 75, 78, 79, 82, 85, 88, 96, 97, 100], "excluded_lines": []}}, "classes": {"DisableMigrations": {"executed_lines": [], "summary": {"covered_lines": 0, "num_statements": 2, "percent_covered": 0.0, "percent_covered_display": "0", "missing_lines": 2, "excluded_lines": 0}, "missing_lines": [80, 83], "excluded_lines": []}, "": {"executed_lines": [], "summary": {"covered_lines": 0, "num_statements": 22, "percent_covered": 0.0, "percent_covered_display": "0", "missing_lines": 22, "excluded_lines": 0}, "missing_lines": [8, 9, 10, 13, 15, 18, 41, 46, 49, 50, 53, 56, 74, 75, 78, 79, 82, 85, 88, 96, 97, 100], "excluded_lines": []}}}, "pyerp\\urls.py": {"executed_lines": [], "summary": {"covered_lines": 0, "num_statements": 10, "percent_covered": 0.0, "percent_covered_display": "0", "missing_lines": 10, "excluded_lines": 6}, "missing_lines": [8, 9, 10, 11, 12, 13, 14, 15, 19, 33], "excluded_lines": [60, 61, 62, 65, 66, 67], "functions": {"": {"executed_lines": [], "summary": {"covered_lines": 0, "num_statements": 10, "percent_covered": 0.0, "percent_covered_display": "0", "missing_lines": 10, "excluded_lines": 6}, "missing_lines": [8, 9, 10, 11, 12, 13, 14, 15, 19, 33], "excluded_lines": [60, 61, 62, 65, 66, 67]}}, "classes": {"": {"executed_lines": [], "summary": {"covered_lines": 0, "num_statements": 10, "percent_covered": 0.0, "percent_covered_display": "0", "missing_lines": 10, "excluded_lines": 6}, "missing_lines": [8, 9, 10, 11, 12, 13, 14, 15, 19, 33], "excluded_lines": [60, 61, 62, 65, 66, 67]}}}, "pyerp\\wsgi.py": {"executed_lines": [], "summary": {"covered_lines": 0, "num_statements": 9, "percent_covered": 0.0, "percent_covered_display": "0", "missing_lines": 9, "excluded_lines": 0}, "missing_lines": [10, 11, 13, 14, 17, 18, 19, 22, 25], "excluded_lines": [], "functions": {"": {"executed_lines": [], "summary": {"covered_lines": 0, "num_statements": 9, "percent_covered": 0.0, "percent_covered_display": "0", "missing_lines": 9, "excluded_lines": 0}, "missing_lines": [10, 11, 13, 14, 17, 18, 19, 22, 25], "excluded_lines": []}}, "classes": {"": {"executed_lines": [], "summary": {"covered_lines": 0, "num_statements": 9, "percent_covered": 0.0, "percent_covered_display": "0", "missing_lines": 9, "excluded_lines": 0}, "missing_lines": [10, 11, 13, 14, 17, 18, 19, 22, 25], "excluded_lines": []}}}}, "totals": {"covered_lines": 175, "num_statements": 2285, "percent_covered": 7.658643326039387, "percent_covered_display": "8", "missing_lines": 2110, "excluded_lines": 36}}