{"created": 1742502125.439171, "duration": 1.9587671756744385, "exitcode": 1, "root": "/Users/joan/VSProjects/pyERP/tests", "environment": {}, "summary": {"failed": 15, "passed": 173, "xfailed": 7, "total": 195, "collected": 195}, "collectors": [{"nodeid": "", "outcome": "passed", "result": [{"nodeid": "core", "type": "Package"}]}, {"nodeid": "core/business/test_product_signals.py::TestCase", "outcome": "passed", "result": []}, {"nodeid": "core/business/test_product_signals.py::TestVariantProductSignals", "outcome": "passed", "result": [{"nodeid": "core/business/test_product_signals.py::TestVariantProductSignals::test_variant_product_pre_save_existing_created_at", "type": "TestCaseFunction", "lineno": 120}, {"nodeid": "core/business/test_product_signals.py::TestVariantProductSignals::test_variant_product_pre_save_existing_instance", "type": "TestCaseFunction", "lineno": 74}, {"nodeid": "core/business/test_product_signals.py::TestVariantProductSignals::test_variant_product_pre_save_no_parent_no_variant", "type": "TestCaseFunction", "lineno": 93}, {"nodeid": "core/business/test_product_signals.py::TestVariantProductSignals::test_variant_product_pre_save_parent_no_sku_no_legacy_id", "type": "TestCaseFunction", "lineno": 140}, {"nodeid": "core/business/test_product_signals.py::TestVariantProductSignals::test_variant_product_pre_save_parent_no_variant_code", "type": "TestCaseFunction", "lineno": 107}, {"nodeid": "core/business/test_product_signals.py::TestVariantProductSignals::test_variant_product_pre_save_sets_sku", "type": "TestCaseFunction", "lineno": 30}, {"nodeid": "core/business/test_product_signals.py::TestVariantProductSignals::test_variant_product_pre_save_sets_timestamps", "type": "TestCaseFunction", "lineno": 60}, {"nodeid": "core/business/test_product_signals.py::TestVariantProductSignals::test_variant_product_pre_save_with_existing_sku", "type": "TestCaseFunction", "lineno": 49}, {"nodeid": "core/business/test_product_signals.py::TestVariantProductSignals::test_variant_product_pre_save_with_parent_sku_none", "type": "TestCaseFunction", "lineno": 38}]}, {"nodeid": "core/business/test_product_signals.py", "outcome": "passed", "result": [{"nodeid": "core/business/test_product_signals.py::TestCase", "type": "UnitTestCase"}, {"nodeid": "core/business/test_product_signals.py::TestVariantProductSignals", "type": "UnitTestCase"}]}, {"nodeid": "core/business/test_product_validation.py::TestCase", "outcome": "passed", "result": []}, {"nodeid": "core/business/test_product_validation.py::TestProductValidation", "outcome": "passed", "result": [{"nodeid": "core/business/test_product_validation.py::TestProductValidation::test_sku_uniqueness_validation", "type": "Function", "lineno": 25}, {"nodeid": "core/business/test_product_validation.py::TestProductValidation::test_parent_variant_validation", "type": "Function", "lineno": 56}, {"nodeid": "core/business/test_product_validation.py::TestProductValidation::test_price_validation", "type": "Function", "lineno": 69}, {"nodeid": "core/business/test_product_validation.py::TestProductValidation::test_price_range_validation", "type": "Function", "lineno": 82}]}, {"nodeid": "core/business/test_product_validation.py::TestProductCategoryValidation", "outcome": "passed", "result": [{"nodeid": "core/business/test_product_validation.py::TestProductCategoryValidation::test_category_code_uniqueness", "type": "Function", "lineno": 99}]}, {"nodeid": "core/business/test_product_validation.py::TestProductImageValidation", "outcome": "passed", "result": [{"nodeid": "core/business/test_product_validation.py::TestProductImageValidation::test_image_url_validation", "type": "Function", "lineno": 134}, {"nodeid": "core/business/test_product_validation.py::TestProductImageValidation::test_primary_image_validation", "type": "Function", "lineno": 146}]}, {"nodeid": "core/business/test_product_validation.py::TestProductImportValidator", "outcome": "passed", "result": [{"nodeid": "core/business/test_product_validation.py::TestProductImportValidator::test_post_validate_row_duplicate_sku", "type": "TestCaseFunction", "lineno": 200}, {"nodeid": "core/business/test_product_validation.py::TestProductImportValidator::test_post_validate_row_parent_with_variant_code", "type": "TestCaseFunction", "lineno": 190}, {"nodeid": "core/business/test_product_validation.py::TestProductImportValidator::test_pre_validate_row_missing_sku_and_name", "type": "TestCaseFunction", "lineno": 170}, {"nodeid": "core/business/test_product_validation.py::TestProductImportValidator::test_pre_validate_row_with_alte_nummer", "type": "TestCaseFunction", "lineno": 181}, {"nodeid": "core/business/test_product_validation.py::TestProductImportValidator::test_validate_category_by_code", "type": "TestCaseFunction", "lineno": 410}, {"nodeid": "core/business/test_product_validation.py::TestProductImportValidator::test_validate_category_by_id", "type": "TestCaseFunction", "lineno": 427}, {"nodeid": "core/business/test_product_validation.py::TestProductImportValidator::test_validate_category_default", "type": "TestCaseFunction", "lineno": 458}, {"nodeid": "core/business/test_product_validation.py::TestProductImportValidator::test_validate_category_not_found", "type": "TestCaseFunction", "lineno": 444}, {"nodeid": "core/business/test_product_validation.py::TestProductImportValidator::test_validate_cost_price_invalid_preise", "type": "TestCaseFunction", "lineno": 379}, {"nodeid": "core/business/test_product_validation.py::TestProductImportValidator::test_validate_cost_price_negative", "type": "TestCaseFunction", "lineno": 402}, {"nodeid": "core/business/test_product_validation.py::TestProductImportValidator::test_validate_cost_price_numeric_conversion", "type": "TestCaseFunction", "lineno": 394}, {"nodeid": "core/business/test_product_validation.py::TestProductImportValidator::test_validate_cost_price_with_preise", "type": "TestCaseFunction", "lineno": 363}, {"nodeid": "core/business/test_product_validation.py::TestProductImportValidator::test_validate_list_price_invalid_preise", "type": "TestCaseFunction", "lineno": 292}, {"nodeid": "core/business/test_product_validation.py::TestProductImportValidator::test_validate_list_price_negative", "type": "TestCaseFunction", "lineno": 307}, {"nodeid": "core/business/test_product_validation.py::TestProductImportValidator::test_validate_list_price_with_preise", "type": "TestCaseFunction", "lineno": 276}, {"nodeid": "core/business/test_product_validation.py::TestProductImportValidator::test_validate_name_missing", "type": "TestCaseFunction", "lineno": 259}, {"nodeid": "core/business/test_product_validation.py::TestProductImportValidator::test_validate_name_too_long", "type": "TestCaseFunction", "lineno": 267}, {"nodeid": "core/business/test_product_validation.py::TestProductImportValidator::test_validate_name_with_bezeichnung", "type": "TestCaseFunction", "lineno": 251}, {"nodeid": "core/business/test_product_validation.py::TestProductImportValidator::test_validate_sku_as_parent", "type": "TestCaseFunction", "lineno": 241}, {"nodeid": "core/business/test_product_validation.py::TestProductImportValidator::test_validate_sku_empty", "type": "TestCaseFunction", "lineno": 223}, {"nodeid": "core/business/test_product_validation.py::TestProductImportValidator::test_validate_sku_with_alte_nummer", "type": "TestCaseFunction", "lineno": 215}, {"nodeid": "core/business/test_product_validation.py::TestProductImportValidator::test_validate_sku_with_variant", "type": "TestCaseFunction", "lineno": 231}, {"nodeid": "core/business/test_product_validation.py::TestProductImportValidator::test_validate_wholesale_price_invalid_preise", "type": "TestCaseFunction", "lineno": 332}, {"nodeid": "core/business/test_product_validation.py::TestProductImportValidator::test_validate_wholesale_price_negative", "type": "TestCaseFunction", "lineno": 355}, {"nodeid": "core/business/test_product_validation.py::TestProductImportValidator::test_validate_wholesale_price_numeric_conversion", "type": "TestCaseFunction", "lineno": 347}, {"nodeid": "core/business/test_product_validation.py::TestProductImportValidator::test_validate_wholesale_price_with_preise", "type": "TestCaseFunction", "lineno": 315}]}, {"nodeid": "core/business/test_product_validation.py::TestValidateProductModel", "outcome": "passed", "result": [{"nodeid": "core/business/test_product_validation.py::TestValidateProductModel::test_validate_product_model_invalid_fields", "type": "TestCaseFunction", "lineno": 500}, {"nodeid": "core/business/test_product_validation.py::TestValidateProductModel::test_validate_product_model_invalid_parent_relationship", "type": "TestCaseFunction", "lineno": 512}, {"nodeid": "core/business/test_product_validation.py::TestValidateProductModel::test_validate_product_model_valid", "type": "TestCaseFunction", "lineno": 481}]}, {"nodeid": "core/business/test_product_validation.py", "outcome": "passed", "result": [{"nodeid": "core/business/test_product_validation.py::TestCase", "type": "UnitTestCase"}, {"nodeid": "core/business/test_product_validation.py::TestProductValidation", "type": "Class"}, {"nodeid": "core/business/test_product_validation.py::TestProductCategoryValidation", "type": "Class"}, {"nodeid": "core/business/test_product_validation.py::TestProductImageValidation", "type": "Class"}, {"nodeid": "core/business/test_product_validation.py::TestProductImportValidator", "type": "UnitTestCase"}, {"nodeid": "core/business/test_product_validation.py::TestValidateProductModel", "type": "UnitTestCase"}]}, {"nodeid": "core/business/test_products.py::TestProductValidation::TestSKUValidation", "outcome": "passed", "result": [{"nodeid": "core/business/test_products.py::TestProductValidation::TestSKUValidation::test_validate_sku_valid", "type": "Function", "lineno": 46}, {"nodeid": "core/business/test_products.py::TestProductValidation::TestSKUValidation::test_validate_sku_empty", "type": "Function", "lineno": 53}, {"nodeid": "core/business/test_products.py::TestProductValidation::TestSKUValidation::test_validate_sku_invalid_format", "type": "Function", "lineno": 58}, {"nodeid": "core/business/test_products.py::TestProductValidation::TestSKUValidation::test_validate_sku_duplicate", "type": "Function", "lineno": 63}]}, {"nodeid": "core/business/test_products.py::TestProductValidation::TestNameValidation", "outcome": "passed", "result": [{"nodeid": "core/business/test_products.py::TestProductValidation::TestNameValidation::test_validate_name_valid", "type": "Function", "lineno": 73}, {"nodeid": "core/business/test_products.py::TestProductValidation::TestNameValidation::test_validate_name_empty", "type": "Function", "lineno": 79}, {"nodeid": "core/business/test_products.py::TestProductValidation::TestNameValidation::test_validate_name_too_long", "type": "Function", "lineno": 84}]}, {"nodeid": "core/business/test_products.py::TestProductValidation::TestPriceValidation", "outcome": "passed", "result": [{"nodeid": "core/business/test_products.py::TestProductValidation::TestPriceValidation::test_validate_list_price_valid", "type": "Function", "lineno": 93}, {"nodeid": "core/business/test_products.py::TestProductValidation::TestPriceValidation::test_validate_list_price_negative", "type": "Function", "lineno": 99}, {"nodeid": "core/business/test_products.py::TestProductValidation::TestPriceValidation::test_validate_wholesale_price_valid", "type": "Function", "lineno": 104}, {"nodeid": "core/business/test_products.py::TestProductValidation::TestPriceValidation::test_validate_cost_price_valid", "type": "Function", "lineno": 110}]}, {"nodeid": "core/business/test_products.py::TestProductValidation::TestCategoryValidation", "outcome": "passed", "result": [{"nodeid": "core/business/test_products.py::TestProductValidation::TestCategoryValidation::test_validate_category_valid", "type": "Function", "lineno": 123}, {"nodeid": "core/business/test_products.py::TestProductValidation::TestCategoryValidation::test_validate_category_not_found", "type": "Function", "lineno": 137}]}, {"nodeid": "core/business/test_products.py::TestProductValidation", "outcome": "passed", "result": [{"nodeid": "core/business/test_products.py::TestProductValidation::TestSKUValidation", "type": "Class"}, {"nodeid": "core/business/test_products.py::TestProductValidation::TestNameValidation", "type": "Class"}, {"nodeid": "core/business/test_products.py::TestProductValidation::TestPriceValidation", "type": "Class"}, {"nodeid": "core/business/test_products.py::TestProductValidation::TestCategoryValidation", "type": "Class"}]}, {"nodeid": "core/business/test_products.py::TestProductModelValidation", "outcome": "passed", "result": [{"nodeid": "core/business/test_products.py::TestProductModelValidation::test_validate_product_model_valid", "type": "Function", "lineno": 182}, {"nodeid": "core/business/test_products.py::TestProductModelValidation::test_validate_product_model_invalid_sku", "type": "Function", "lineno": 192}, {"nodeid": "core/business/test_products.py::TestProductModelValidation::test_validate_product_model_parent_with_variant", "type": "Function", "lineno": 202}]}, {"nodeid": "core/business/test_products.py", "outcome": "passed", "result": [{"nodeid": "core/business/test_products.py::TestProductValidation", "type": "Class"}, {"nodeid": "core/business/test_products.py::TestProductModelValidation", "type": "Class"}]}, {"nodeid": "core/business/test_sales.py::TestCase", "outcome": "passed", "result": []}, {"nodeid": "core/business/test_sales.py::TestSalesModel", "outcome": "passed", "result": [{"nodeid": "core/business/test_sales.py::TestSalesModel::test_abstract_model", "type": "TestCaseFunction", "lineno": 12}]}, {"nodeid": "core/business/test_sales.py::TestSalesStatusFunction", "outcome": "passed", "result": [{"nodeid": "core/business/test_sales.py::TestSalesStatusFunction::test_get_sales_status_general_exception", "type": "TestCaseFunction", "lineno": 49}, {"nodeid": "core/business/test_sales.py::TestSalesStatusFunction::test_get_sales_status_operational_error", "type": "TestCaseFunction", "lineno": 35}, {"nodeid": "core/business/test_sales.py::TestSalesStatusFunction::test_get_sales_status_success", "type": "TestCaseFunction", "lineno": 20}]}, {"nodeid": "core/business/test_sales.py", "outcome": "passed", "result": [{"nodeid": "core/business/test_sales.py::TestCase", "type": "UnitTestCase"}, {"nodeid": "core/business/test_sales.py::TestSalesModel", "type": "UnitTestCase"}, {"nodeid": "core/business/test_sales.py::TestSalesStatusFunction", "type": "UnitTestCase"}]}, {"nodeid": "core/business/test_sales_api.py::TestDummySalesViewSet", "outcome": "passed", "result": [{"nodeid": "core/business/test_sales_api.py::TestDummySalesViewSet::test_list", "type": "TestCaseFunction", "lineno": 14}, {"nodeid": "core/business/test_sales_api.py::TestDummySalesViewSet::test_retrieve", "type": "TestCaseFunction", "lineno": 20}, {"nodeid": "core/business/test_sales_api.py::TestDummySalesViewSet::test_retrieve_default_pk", "type": "TestCaseFunction", "lineno": 29}]}, {"nodeid": "core/business/test_sales_api.py::TestApiVersion", "outcome": "passed", "result": [{"nodeid": "core/business/test_sales_api.py::TestApiVersion::test_api_version_format", "type": "TestCaseFunction", "lineno": 42}]}, {"nodeid": "core/business/test_sales_api.py", "outcome": "passed", "result": [{"nodeid": "core/business/test_sales_api.py::TestDummySalesViewSet", "type": "UnitTestCase"}, {"nodeid": "core/business/test_sales_api.py::TestApiVersion", "type": "UnitTestCase"}]}, {"nodeid": "core/business/test_sales_views.py::TestViewSet", "outcome": "passed", "result": [{"nodeid": "core/business/test_sales_views.py::TestViewSet::test_docstring", "type": "TestCaseFunction", "lineno": 19}, {"nodeid": "core/business/test_sales_views.py::TestViewSet::test_viewset_init", "type": "TestCaseFunction", "lineno": 14}]}, {"nodeid": "core/business/test_sales_views.py", "outcome": "passed", "result": [{"nodeid": "core/business/test_sales_views.py::TestViewSet", "type": "UnitTestCase"}]}, {"nodeid": "core/business", "outcome": "passed", "result": [{"nodeid": "core/business/test_product_signals.py", "type": "Module"}, {"nodeid": "core/business/test_product_validation.py", "type": "Module"}, {"nodeid": "core/business/test_products.py", "type": "Module"}, {"nodeid": "core/business/test_sales.py", "type": "Module"}, {"nodeid": "core/business/test_sales_api.py", "type": "Module"}, {"nodeid": "core/business/test_sales_views.py", "type": "Module"}]}, {"nodeid": "core/test_audit_service.py::TestCase", "outcome": "passed", "result": []}, {"nodeid": "core/test_audit_service.py::TestAuditService", "outcome": "passed", "result": [{"nodeid": "core/test_audit_service.py::TestAuditService::test_get_client_ip_with_remote_addr", "type": "TestCaseFunction", "lineno": 314}, {"nodeid": "core/test_audit_service.py::TestAuditService::test_get_client_ip_with_x_forwarded_for", "type": "TestCaseFunction", "lineno": 306}, {"nodeid": "core/test_audit_service.py::TestAuditService::test_log_data_access", "type": "TestCaseFunction", "lineno": 284}, {"nodeid": "core/test_audit_service.py::TestAuditService::test_log_event_basic", "type": "TestCaseFunction", "lineno": 45}, {"nodeid": "core/test_audit_service.py::TestAuditService::test_log_event_handles_exception", "type": "TestCaseFunction", "lineno": 322}, {"nodeid": "core/test_audit_service.py::TestAuditService::test_log_event_with_additional_data", "type": "TestCaseFunction", "lineno": 127}, {"nodeid": "core/test_audit_service.py::TestAuditService::test_log_event_with_logger", "type": "TestCaseFunction", "lineno": 84}, {"nodeid": "core/test_audit_service.py::TestAuditService::test_log_event_with_related_object", "type": "TestCaseFunction", "lineno": 108}, {"nodeid": "core/test_audit_service.py::TestAuditService::test_log_event_with_request", "type": "TestCaseFunction", "lineno": 67}, {"nodeid": "core/test_audit_service.py::TestAuditService::test_log_login", "type": "TestCaseFunction", "lineno": 153}, {"nodeid": "core/test_audit_service.py::TestAuditService::test_log_logout", "type": "TestCaseFunction", "lineno": 175}, {"nodeid": "core/test_audit_service.py::TestAuditService::test_log_password_change", "type": "TestCaseFunction", "lineno": 183}, {"nodeid": "core/test_audit_service.py::TestAuditService::test_log_password_reset", "type": "TestCaseFunction", "lineno": 194}, {"nodeid": "core/test_audit_service.py::TestAuditService::test_log_permission_change", "type": "TestCaseFunction", "lineno": 255}, {"nodeid": "core/test_audit_service.py::TestAuditService::test_log_user_created", "type": "TestCaseFunction", "lineno": 205}, {"nodeid": "core/test_audit_service.py::TestAuditService::test_log_user_updated", "type": "TestCaseFunction", "lineno": 221}]}, {"nodeid": "core/test_audit_service.py", "outcome": "passed", "result": [{"nodeid": "core/test_audit_service.py::TestCase", "type": "UnitTestCase"}, {"nodeid": "core/test_audit_service.py::TestAuditService", "type": "UnitTestCase"}]}, {"nodeid": "core/test_compound_business_validator.py::TestBusinessRuleValidator", "outcome": "passed", "result": [{"nodeid": "core/test_compound_business_validator.py::TestBusinessRuleValidator::test_business_rule_validator_with_function", "type": "Function", "lineno": 20}, {"nodeid": "core/test_compound_business_validator.py::TestBusinessRuleValidator::test_business_rule_validator_with_lambda", "type": "Function", "lineno": 46}, {"nodeid": "core/test_compound_business_validator.py::TestBusinessRuleValidator::test_business_rule_validator_with_context", "type": "Function", "lineno": 66}]}, {"nodeid": "core/test_compound_business_validator.py::TestCompoundValidator", "outcome": "passed", "result": [{"nodeid": "core/test_compound_business_validator.py::TestCompoundValidator::test_compound_validator_not_require_all", "type": "Function", "lineno": 93}, {"nodeid": "core/test_compound_business_validator.py::TestCompoundValidator::test_compound_validator_custom_error_message", "type": "Function", "lineno": 132}, {"nodeid": "core/test_compound_business_validator.py::TestCompoundValidator::test_compound_validator_empty_validators_list", "type": "Function", "lineno": 150}]}, {"nodeid": "core/test_compound_business_validator.py", "outcome": "passed", "result": [{"nodeid": "core/test_compound_business_validator.py::TestBusinessRuleValidator", "type": "Class"}, {"nodeid": "core/test_compound_business_validator.py::TestCompoundValidator", "type": "Class"}]}, {"nodeid": "core/test_import_validator.py::TestImportValidator", "outcome": "passed", "result": [{"nodeid": "core/test_import_validator.py::TestImportValidator::test_init", "type": "Function", "lineno": 52}, {"nodeid": "core/test_import_validator.py::TestImportValidator::test_validate_row_success", "type": "Function", "lineno": 62}, {"nodeid": "core/test_import_validator.py::TestImportValidator::test_validate_row_with_field_error", "type": "Function", "lineno": 75}, {"nodeid": "core/test_import_validator.py::TestImportValidator::test_validate_row_with_field_warning", "type": "Function", "lineno": 86}, {"nodeid": "core/test_import_validator.py::TestImportValidator::test_validate_row_with_strict_mode", "type": "Function", "lineno": 97}, {"nodeid": "core/test_import_validator.py::TestImportValidator::test_validate_row_with_cross_validation", "type": "Function", "lineno": 108}, {"nodeid": "core/test_import_validator.py::TestImportValidator::test_validate_row_with_exception", "type": "Function", "lineno": 119}, {"nodeid": "core/test_import_validator.py::TestImportValidator::test_validate_row_with_skip_exception", "type": "Function", "lineno": 134}, {"nodeid": "core/test_import_validator.py::TestImportValidator::test_post_validate_row", "type": "Function", "lineno": 148}]}, {"nodeid": "core/test_import_validator.py", "outcome": "passed", "result": [{"nodeid": "core/test_import_validator.py::TestImportValidator", "type": "Class"}]}, {"nodeid": "core/test_middleware.py::TestCase", "outcome": "passed", "result": []}, {"nodeid": "core/test_middleware.py::TestDatabaseConnectionMiddleware", "outcome": "passed", "result": [{"nodeid": "core/test_middleware.py::TestDatabaseConnectionMiddleware::test_db_error_handling_for_api_paths", "type": "TestCaseFunction", "lineno": 111}, {"nodeid": "core/test_middleware.py::TestDatabaseConnectionMiddleware::test_db_error_handling_for_regular_paths", "type": "TestCaseFunction", "lineno": 95}, {"nodeid": "core/test_middleware.py::TestDatabaseConnectionMiddleware::test_health_check_endpoint", "type": "TestCaseFunction", "lineno": 37}, {"nodeid": "core/test_middleware.py::TestDatabaseConnectionMiddleware::test_health_check_environment_info", "type": "TestCaseFunction", "lineno": 130}, {"nodeid": "core/test_middleware.py::TestDatabaseConnectionMiddleware::test_health_check_missing_settings", "type": "TestCaseFunction", "lineno": 148}, {"nodeid": "core/test_middleware.py::TestDatabaseConnectionMiddleware::test_health_check_with_db_error", "type": "TestCaseFunction", "lineno": 56}, {"nodeid": "core/test_middleware.py::TestDatabaseConnectionMiddleware::test_normal_request_flow", "type": "TestCaseFunction", "lineno": 29}, {"nodeid": "core/test_middleware.py::TestDatabaseConnectionMiddleware::test_static_file_paths", "type": "TestCaseFunction", "lineno": 79}]}, {"nodeid": "core/test_middleware.py::TestAuthExemptMiddleware", "outcome": "passed", "result": [{"nodeid": "core/test_middleware.py::TestAuthExemptMiddleware::test_auth_exempt_paths", "type": "TestCaseFunction", "lineno": 184}, {"nodeid": "core/test_middleware.py::TestAuthExemptMiddleware::test_auth_exempt_response_handling", "type": "TestCaseFunction", "lineno": 236}, {"nodeid": "core/test_middleware.py::TestAuthExemptMiddleware::test_auth_exempt_with_custom_response", "type": "TestCaseFunction", "lineno": 268}, {"nodeid": "core/test_middleware.py::TestAuthExemptMiddleware::test_non_auth_response_handling", "type": "TestCaseFunction", "lineno": 256}, {"nodeid": "core/test_middleware.py::TestAuthExemptMiddleware::test_non_exempt_paths", "type": "TestCaseFunction", "lineno": 215}]}, {"nodeid": "core/test_middleware.py", "outcome": "passed", "result": [{"nodeid": "core/test_middleware.py::TestCase", "type": "UnitTestCase"}, {"nodeid": "core/test_middleware.py::TestDatabaseConnectionMiddleware", "type": "UnitTestCase"}, {"nodeid": "core/test_middleware.py::TestAuthExemptMiddleware", "type": "UnitTestCase"}]}, {"nodeid": "core/test_models.py::TransactionTestCase", "outcome": "passed", "result": []}, {"nodeid": "core/test_models.py::TestAuditLogModel", "outcome": "passed", "result": [{"nodeid": "core/test_models.py::TestAuditLogModel::test_additional_data_storage", "type": "TestCaseFunction", "lineno": 131}, {"nodeid": "core/test_models.py::TestAuditLogModel::test_audit_log_creation", "type": "TestCaseFunction", "lineno": 35}, {"nodeid": "core/test_models.py::TestAuditLogModel::test_audit_log_str_method", "type": "TestCaseFunction", "lineno": 69}, {"nodeid": "core/test_models.py::TestAuditLogModel::test_event_type_choices", "type": "TestCaseFunction", "lineno": 159}, {"nodeid": "core/test_models.py::TestAuditLogModel::test_related_object_tracking", "type": "TestCaseFunction", "lineno": 109}, {"nodeid": "core/test_models.py::TestAuditLogModel::test_username_auto_population", "type": "TestCaseFunction", "lineno": 88}]}, {"nodeid": "core/test_models.py", "outcome": "passed", "result": [{"nodeid": "core/test_models.py::TransactionTestCase", "type": "UnitTestCase"}, {"nodeid": "core/test_models.py::TestAuditLogModel", "type": "UnitTestCase"}]}, {"nodeid": "core/test_validation.py::TestValidatedForm", "outcome": "passed", "result": [{"nodeid": "core/test_validation.py::TestValidatedForm::test_form_valid", "type": "Function", "lineno": 208}, {"nodeid": "core/test_validation.py::TestValidatedForm::test_form_invalid_field", "type": "Function", "lineno": 221}, {"nodeid": "core/test_validation.py::TestValidatedForm::test_form_invalid_multiple_fields", "type": "Function", "lineno": 235}, {"nodeid": "core/test_validation.py::TestValidatedForm::test_form_level_validation", "type": "Function", "lineno": 250}]}, {"nodeid": "core/test_validation.py::TestValidatedModelForm", "outcome": "passed", "result": [{"nodeid": "core/test_validation.py::TestValidatedModelForm::test_model_form_valid", "type": "Function", "lineno": 320}, {"nodeid": "core/test_validation.py::TestValidatedModelForm::test_model_form_invalid_field", "type": "Function", "lineno": 327}, {"nodeid": "core/test_validation.py::TestValidatedModelForm::test_model_form_partial_data", "type": "Function", "lineno": 337}]}, {"nodeid": "core/test_validation.py::TestRegexValidator", "outcome": "passed", "result": [{"nodeid": "core/test_validation.py::TestRegexValidator::test_regex_validator_valid", "type": "Function", "lineno": 355}, {"nodeid": "core/test_validation.py::TestRegexValidator::test_regex_validator_invalid", "type": "Function", "lineno": 366}]}, {"nodeid": "core/test_validation.py::TestEmailValidator", "outcome": "passed", "result": [{"nodeid": "core/test_validation.py::TestEmailValidator::test_email_validator_valid", "type": "Function", "lineno": 381}, {"nodeid": "core/test_validation.py::TestEmailValidator::test_email_validator_invalid", "type": "Function", "lineno": 392}]}, {"nodeid": "core/test_validation.py::TestNumberValidator", "outcome": "passed", "result": [{"nodeid": "core/test_validation.py::TestNumberValidator::test_number_validator_valid", "type": "Function", "lineno": 407}, {"nodeid": "core/test_validation.py::TestNumberValidator::test_number_validator_invalid", "type": "Function", "lineno": 418}]}, {"nodeid": "core/test_validation.py", "outcome": "passed", "result": [{"nodeid": "core/test_validation.py::TestValidatedForm", "type": "Class"}, {"nodeid": "core/test_validation.py::TestValidatedModelForm", "type": "Class"}, {"nodeid": "core/test_validation.py::TestRegexValidator", "type": "Class"}, {"nodeid": "core/test_validation.py::TestEmailValidator", "type": "Class"}, {"nodeid": "core/test_validation.py::TestNumberValidator", "type": "Class"}]}, {"nodeid": "core/test_validation_exceptions.py::TestImportValidationError", "outcome": "passed", "result": [{"nodeid": "core/test_validation_exceptions.py::TestImportValidationError::test_init_with_single_error", "type": "Function", "lineno": 12}, {"nodeid": "core/test_validation_exceptions.py::TestImportValidationError::test_init_with_multiple_errors", "type": "Function", "lineno": 20}, {"nodeid": "core/test_validation_exceptions.py::TestImportValidationError::test_format_errors", "type": "Function", "lineno": 33}]}, {"nodeid": "core/test_validation_exceptions.py::TestSkipRowException", "outcome": "passed", "result": [{"nodeid": "core/test_validation_exceptions.py::TestSkipRowException::test_init_with_reason", "type": "Function", "lineno": 47}, {"nodeid": "core/test_validation_exceptions.py::TestSkipRowException::test_init_without_reason", "type": "Function", "lineno": 54}]}, {"nodeid": "core/test_validation_exceptions.py", "outcome": "passed", "result": [{"nodeid": "core/test_validation_exceptions.py::TestImportValidationError", "type": "Class"}, {"nodeid": "core/test_validation_exceptions.py::TestSkipRowException", "type": "Class"}]}, {"nodeid": "core/test_validators.py::TestValidationResult", "outcome": "passed", "result": [{"nodeid": "core/test_validators.py::TestValidationResult::test_initialization", "type": "Function", "lineno": 27}, {"nodeid": "core/test_validators.py::TestValidationResult::test_add_error", "type": "Function", "lineno": 35}, {"nodeid": "core/test_validators.py::TestValidationResult::test_add_warning", "type": "Function", "lineno": 51}, {"nodeid": "core/test_validators.py::TestValidationResult::test_merge", "type": "Function", "lineno": 67}]}, {"nodeid": "core/test_validators.py::TestRequiredValidator", "outcome": "passed", "result": [{"nodeid": "core/test_validators.py::TestRequiredValidator::test_required_validator_with_value", "type": "Function", "lineno": 96}, {"nodeid": "core/test_validators.py::TestRequiredValidator::test_required_validator_without_value", "type": "Function", "lineno": 103}]}, {"nodeid": "core/test_validators.py::TestRegexValidator", "outcome": "passed", "result": [{"nodeid": "core/test_validators.py::TestRegexValidator::test_regex_validator_match", "type": "Function", "lineno": 125}, {"nodeid": "core/test_validators.py::TestRegexValidator::test_regex_validator_no_match", "type": "Function", "lineno": 132}, {"nodeid": "core/test_validators.py::TestRegexValidator::test_regex_validator_none_value", "type": "Function", "lineno": 143}]}, {"nodeid": "core/test_validators.py::TestRangeValidator", "outcome": "passed", "result": [{"nodeid": "core/test_validators.py::TestRangeValidator::test_range_validator_within_range", "type": "Function", "lineno": 154}, {"nodeid": "core/test_validators.py::TestRangeValidator::test_range_validator_below_min", "type": "Function", "lineno": 161}, {"nodeid": "core/test_validators.py::TestRangeValidator::test_range_validator_above_max", "type": "Function", "lineno": 173}, {"nodeid": "core/test_validators.py::TestRangeValidator::test_range_validator_min_only", "type": "Function", "lineno": 179}, {"nodeid": "core/test_validators.py::TestRangeValidator::test_range_validator_max_only", "type": "Function", "lineno": 188}]}, {"nodeid": "core/test_validators.py::TestLengthValidator", "outcome": "passed", "result": [{"nodeid": "core/test_validators.py::TestLengthValidator::test_length_validator_within_range", "type": "Function", "lineno": 201}, {"nodeid": "core/test_validators.py::TestLengthValidator::test_length_validator_too_short", "type": "Function", "lineno": 208}, {"nodeid": "core/test_validators.py::TestLengthValidator::test_length_validator_too_long", "type": "Function", "lineno": 215}, {"nodeid": "core/test_validators.py::TestLengthValidator::test_length_validator_min_only", "type": "Function", "lineno": 222}, {"nodeid": "core/test_validators.py::TestLengthValidator::test_length_validator_max_only", "type": "Function", "lineno": 231}]}, {"nodeid": "core/test_validators.py::TestChoiceValidator", "outcome": "passed", "result": [{"nodeid": "core/test_validators.py::TestChoiceValidator::test_choice_validator_valid_choice", "type": "Function", "lineno": 244}, {"nodeid": "core/test_validators.py::TestChoiceValidator::test_choice_validator_invalid_choice", "type": "Function", "lineno": 252}]}, {"nodeid": "core/test_validators.py::TestDecimalValidator", "outcome": "passed", "result": [{"nodeid": "core/test_validators.py::TestDecimalValidator::test_decimal_validator_valid", "type": "Function", "lineno": 268}, {"nodeid": "core/test_validators.py::TestDecimalValidator::test_decimal_validator_too_many_digits", "type": "Function", "lineno": 279}, {"nodeid": "core/test_validators.py::TestDecimalValidator::test_decimal_validator_too_many_decimal_places", "type": "Function", "lineno": 286}, {"nodeid": "core/test_validators.py::TestDecimalValidator::test_decimal_validator_invalid_decimal", "type": "Function", "lineno": 293}]}, {"nodeid": "core/test_validators.py::TestSkuValidator", "outcome": "passed", "result": [{"nodeid": "core/test_validators.py::TestSkuValidator::test_sku_validator_valid", "type": "Function", "lineno": 304}, {"nodeid": "core/test_validators.py::TestSkuValidator::test_sku_validator_invalid", "type": "Function", "lineno": 311}]}, {"nodeid": "core/test_validators.py::TestCompoundValidator", "outcome": "passed", "result": [{"nodeid": "core/test_validators.py::TestCompoundValidator::test_compound_validator_all_valid", "type": "Function", "lineno": 322}, {"nodeid": "core/test_validators.py::TestCompoundValidator::test_compound_validator_one_invalid", "type": "Function", "lineno": 334}, {"nodeid": "core/test_validators.py::TestCompoundValidator::test_compound_validator_all_invalid", "type": "Function", "lineno": 346}, {"nodeid": "core/test_validators.py::TestCompoundValidator::test_compound_validator_not_require_all", "type": "Function", "lineno": 360}]}, {"nodeid": "core/test_validators.py::TestBusinessRuleValidator", "outcome": "passed", "result": [{"nodeid": "core/test_validators.py::TestBusinessRuleValidator::test_business_rule_validator_valid", "type": "Function", "lineno": 386}, {"nodeid": "core/test_validators.py::TestBusinessRuleValidator::test_business_rule_validator_invalid", "type": "Function", "lineno": 403}]}, {"nodeid": "core/test_validators.py", "outcome": "passed", "result": [{"nodeid": "core/test_validators.py::TestValidationResult", "type": "Class"}, {"nodeid": "core/test_validators.py::TestRequiredValidator", "type": "Class"}, {"nodeid": "core/test_validators.py::TestRegexValidator", "type": "Class"}, {"nodeid": "core/test_validators.py::TestRangeValidator", "type": "Class"}, {"nodeid": "core/test_validators.py::TestLengthValidator", "type": "Class"}, {"nodeid": "core/test_validators.py::TestChoiceValidator", "type": "Class"}, {"nodeid": "core/test_validators.py::TestDecimalValidator", "type": "Class"}, {"nodeid": "core/test_validators.py::TestSkuValidator", "type": "Class"}, {"nodeid": "core/test_validators.py::TestCompoundValidator", "type": "Class"}, {"nodeid": "core/test_validators.py::TestBusinessRuleValidator", "type": "Class"}, {"nodeid": "core/test_validators.py::test_validate_data", "type": "Function", "lineno": 422}]}, {"nodeid": "core/test_validators_base.py::TestValidationResult", "outcome": "passed", "result": [{"nodeid": "core/test_validators_base.py::TestValidationResult::test_init", "type": "Function", "lineno": 26}, {"nodeid": "core/test_validators_base.py::TestValidationResult::test_add_error", "type": "Function", "lineno": 34}, {"nodeid": "core/test_validators_base.py::TestValidationResult::test_add_warning", "type": "Function", "lineno": 52}, {"nodeid": "core/test_validators_base.py::TestValidationResult::test_merge", "type": "Function", "lineno": 65}, {"nodeid": "core/test_validators_base.py::TestValidationResult::test_str", "type": "Function", "lineno": 93}]}, {"nodeid": "core/test_validators_base.py::TestValidator", "outcome": "passed", "result": [{"nodeid": "core/test_validators_base.py::TestValidator::test_validator_interface", "type": "Function", "lineno": 109}]}, {"nodeid": "core/test_validators_base.py::TestRequiredValidator", "outcome": "passed", "result": [{"nodeid": "core/test_validators_base.py::TestRequiredValidator::test_valid_values", "type": "Function", "lineno": 121}, {"nodeid": "core/test_validators_base.py::TestRequiredValidator::test_invalid_values", "type": "Function", "lineno": 130}, {"nodeid": "core/test_validators_base.py::TestRequiredValidator::test_custom_message", "type": "Function", "lineno": 139}]}, {"nodeid": "core/test_validators_base.py::TestRegexValidator", "outcome": "passed", "result": [{"nodeid": "core/test_validators_base.py::TestRegexValidator::test_valid_values", "type": "Function", "lineno": 152}, {"nodeid": "core/test_validators_base.py::TestRegexValidator::test_invalid_values", "type": "Function", "lineno": 159}]}, {"nodeid": "core/test_validators_base.py::TestRangeValidator", "outcome": "passed", "result": [{"nodeid": "core/test_validators_base.py::TestRangeValidator::test_min_value", "type": "Function", "lineno": 173}, {"nodeid": "core/test_validators_base.py::TestRangeValidator::test_max_value", "type": "Function", "lineno": 181}, {"nodeid": "core/test_validators_base.py::TestRangeValidator::test_min_and_max_value", "type": "Function", "lineno": 189}, {"nodeid": "core/test_validators_base.py::TestRangeValidator::test_non_numeric_value", "type": "Function", "lineno": 199}, {"nodeid": "core/test_validators_base.py::TestRangeValidator::test_skip_empty_values", "type": "Function", "lineno": 207}]}, {"nodeid": "core/test_validators_base.py::TestDecimalValidator", "outcome": "passed", "result": [{"nodeid": "core/test_validators_base.py::TestDecimalValidator::test_valid_decimal", "type": "Function", "lineno": 219}, {"nodeid": "core/test_validators_base.py::TestDecimalValidator::test_invalid_precision", "type": "Function", "lineno": 227}, {"nodeid": "core/test_validators_base.py::TestDecimalValidator::test_invalid_format", "type": "Function", "lineno": 237}]}, {"nodeid": "core/test_validators_base.py::TestSkuValidator", "outcome": "passed", "result": [{"nodeid": "core/test_validators_base.py::TestSkuValidator::test_valid_skus", "type": "Function", "lineno": 249}, {"nodeid": "core/test_validators_base.py::TestSkuValidator::test_invalid_skus", "type": "Function", "lineno": 259}]}, {"nodeid": "core/test_validators_base.py", "outcome": "passed", "result": [{"nodeid": "core/test_validators_base.py::TestValidationResult", "type": "Class"}, {"nodeid": "core/test_validators_base.py::TestValidator", "type": "Class"}, {"nodeid": "core/test_validators_base.py::TestRequiredValidator", "type": "Class"}, {"nodeid": "core/test_validators_base.py::TestRegexValidator", "type": "Class"}, {"nodeid": "core/test_validators_base.py::TestRangeValidator", "type": "Class"}, {"nodeid": "core/test_validators_base.py::TestDecimalValidator", "type": "Class"}, {"nodeid": "core/test_validators_base.py::TestSkuValidator", "type": "Class"}, {"nodeid": "core/test_validators_base.py::test_validate_data_utility", "type": "Function", "lineno": 273}]}, {"nodeid": "core", "outcome": "passed", "result": [{"nodeid": "core/business", "type": "Package"}, {"nodeid": "core/test_audit_service.py", "type": "Module"}, {"nodeid": "core/test_compound_business_validator.py", "type": "Module"}, {"nodeid": "core/test_import_validator.py", "type": "Module"}, {"nodeid": "core/test_middleware.py", "type": "Module"}, {"nodeid": "core/test_models.py", "type": "Module"}, {"nodeid": "core/test_validation.py", "type": "Module"}, {"nodeid": "core/test_validation_exceptions.py", "type": "Module"}, {"nodeid": "core/test_validators.py", "type": "Module"}, {"nodeid": "core/test_validators_base.py", "type": "Module"}]}], "tests": [{"nodeid": "core/business/test_product_signals.py::TestVariantProductSignals::test_variant_product_pre_save_existing_created_at", "lineno": 120, "outcome": "failed", "keywords": ["test_variant_product_pre_save_existing_created_at", "__wrapped__", "patchings", "TestVariantProductSignals", "test_product_signals.py", "business", "core", "tests", ""], "setup": {"duration": 0.649534166965168, "outcome": "passed", "stdout": "Operations to perform:\n  Synchronize unmigrated apps: corsheaders, django_filters, drf_yasg, external_api, messages, rest_framework, staticfiles\n  Apply all migrations: admin, auth, contenttypes, core, django_celery_beat, django_celery_results, email_system, inventory, monitoring, production, products, sales, sessions, sync, users\nSynchronizing apps without migrations:\n  Creating tables...\n    Running deferred SQL...\nRunning migrations:\n  Applying contenttypes.0001_initial... OK\n  Applying auth.0001_initial... OK\n  Applying admin.0001_initial... OK\n  Applying admin.0002_logentry_remove_auto_add... OK\n  Applying admin.0003_logentry_add_action_flag_choices... OK\n  Applying contenttypes.0002_remove_content_type_name... OK\n  Applying auth.0002_alter_permission_name_max_length... OK\n  Applying auth.0003_alter_user_email_max_length... OK\n  Applying auth.0004_alter_user_username_opts... OK\n  Applying auth.0005_alter_user_last_login_null... OK\n  Applying auth.0006_require_contenttypes_0002... OK\n  Applying auth.0007_alter_validators_add_error_messages... OK\n  Applying auth.0008_alter_user_username_max_length... OK\n  Applying auth.0009_alter_user_last_name_max_length... OK\n  Applying auth.0010_alter_group_name_max_length... OK\n  Applying auth.0011_update_proxy_permissions... OK\n  Applying auth.0012_alter_user_first_name_max_length... OK\n  Applying core.0001_initial... OK\n  Applying django_celery_beat.0001_initial... OK\n  Applying django_celery_results.0001_initial... OK\n  Applying email_system.0001_initial... OK\n  Applying products.0001_initial... OK\n  Applying inventory.0001_initial... OK\n  Applying inventory.0002_initial... OK\n  Applying monitoring.0001_initial... OK\n  Applying production.0001_initial... OK\n  Applying production.0002_initial... OK\n  Applying sales.0001_initial... OK\n  Applying sessions.0001_initial... OK\n  Applying sync.0001_initial... OK\n  Applying users.0001_initial... OK\n", "stderr": "Creating test database for alias 'default' ('file:memorydb_default?mode=memory&cache=shared')...\n"}, "call": {"duration": 0.0009835420059971511, "outcome": "failed", "crash": {"path": "/Users/joan/VSProjects/pyERP/venv/lib/python3.12/site-packages/django/db/backends/sqlite3/base.py", "lineno": 354, "message": "django.db.utils.IntegrityError: NOT NULL constraint failed: products_parentproduct.dimensions"}, "traceback": [{"path": "tests/core/business/test_product_signals.py", "lineno": 19, "message": "in setUp"}, {"path": "venv/lib/python3.12/site-packages/django/db/models/manager.py", "lineno": 87, "message": "in manager_method"}, {"path": "venv/lib/python3.12/site-packages/django/db/models/query.py", "lineno": 679, "message": "in create"}, {"path": "venv/lib/python3.12/site-packages/django/db/models/base.py", "lineno": 892, "message": "in save"}, {"path": "venv/lib/python3.12/site-packages/django/db/models/base.py", "lineno": 998, "message": "in save_base"}, {"path": "venv/lib/python3.12/site-packages/django/db/models/base.py", "lineno": 1161, "message": "in _save_table"}, {"path": "venv/lib/python3.12/site-packages/django/db/models/base.py", "lineno": 1202, "message": "in _do_insert"}, {"path": "venv/lib/python3.12/site-packages/django/db/models/manager.py", "lineno": 87, "message": "in manager_method"}, {"path": "venv/lib/python3.12/site-packages/django/db/models/query.py", "lineno": 1847, "message": "in _insert"}, {"path": "venv/lib/python3.12/site-packages/django/db/models/sql/compiler.py", "lineno": 1836, "message": "in execute_sql"}, {"path": "venv/lib/python3.12/site-packages/django/db/backends/utils.py", "lineno": 79, "message": "in execute"}, {"path": "venv/lib/python3.12/site-packages/django/db/backends/utils.py", "lineno": 92, "message": "in _execute_with_wrappers"}, {"path": "venv/lib/python3.12/site-packages/django/db/backends/utils.py", "lineno": 100, "message": "in _execute"}, {"path": "venv/lib/python3.12/site-packages/django/db/utils.py", "lineno": 91, "message": "in __exit__"}, {"path": "venv/lib/python3.12/site-packages/django/db/backends/utils.py", "lineno": 105, "message": "in _execute"}, {"path": "venv/lib/python3.12/site-packages/django/db/backends/sqlite3/base.py", "lineno": 354, "message": "in execute"}], "longrepr": "venv/lib/python3.12/site-packages/django/db/backends/utils.py:105: in _execute\n    return self.cursor.execute(sql, params)\nvenv/lib/python3.12/site-packages/django/db/backends/sqlite3/base.py:354: in execute\n    return super().execute(query, params)\nE   sqlite3.IntegrityError: NOT NULL constraint failed: products_parentproduct.dimensions\n\nThe above exception was the direct cause of the following exception:\ntests/core/business/test_product_signals.py:19: in setUp\n    self.parent_product = ParentProduct.objects.create(\nvenv/lib/python3.12/site-packages/django/db/models/manager.py:87: in manager_method\n    return getattr(self.get_queryset(), name)(*args, **kwargs)\nvenv/lib/python3.12/site-packages/django/db/models/query.py:679: in create\n    obj.save(force_insert=True, using=self.db)\nvenv/lib/python3.12/site-packages/django/db/models/base.py:892: in save\n    self.save_base(\nvenv/lib/python3.12/site-packages/django/db/models/base.py:998: in save_base\n    updated = self._save_table(\nvenv/lib/python3.12/site-packages/django/db/models/base.py:1161: in _save_table\n    results = self._do_insert(\nvenv/lib/python3.12/site-packages/django/db/models/base.py:1202: in _do_insert\n    return manager._insert(\nvenv/lib/python3.12/site-packages/django/db/models/manager.py:87: in manager_method\n    return getattr(self.get_queryset(), name)(*args, **kwargs)\nvenv/lib/python3.12/site-packages/django/db/models/query.py:1847: in _insert\n    return query.get_compiler(using=using).execute_sql(returning_fields)\nvenv/lib/python3.12/site-packages/django/db/models/sql/compiler.py:1836: in execute_sql\n    cursor.execute(sql, params)\nvenv/lib/python3.12/site-packages/django/db/backends/utils.py:79: in execute\n    return self._execute_with_wrappers(\nvenv/lib/python3.12/site-packages/django/db/backends/utils.py:92: in _execute_with_wrappers\n    return executor(sql, params, many, context)\nvenv/lib/python3.12/site-packages/django/db/backends/utils.py:100: in _execute\n    with self.db.wrap_database_errors:\nvenv/lib/python3.12/site-packages/django/db/utils.py:91: in __exit__\n    raise dj_exc_value.with_traceback(traceback) from exc_value\nvenv/lib/python3.12/site-packages/django/db/backends/utils.py:105: in _execute\n    return self.cursor.execute(sql, params)\nvenv/lib/python3.12/site-packages/django/db/backends/sqlite3/base.py:354: in execute\n    return super().execute(query, params)\nE   django.db.utils.IntegrityError: NOT NULL constraint failed: products_parentproduct.dimensions"}, "teardown": {"duration": 0.0002003330155275762, "outcome": "passed"}}, {"nodeid": "core/business/test_product_signals.py::TestVariantProductSignals::test_variant_product_pre_save_existing_instance", "lineno": 74, "outcome": "failed", "keywords": ["test_variant_product_pre_save_existing_instance", "__wrapped__", "patchings", "TestVariantProductSignals", "test_product_signals.py", "business", "core", "tests", ""], "setup": {"duration": 0.0003201669896952808, "outcome": "passed"}, "call": {"duration": 0.0004507920239120722, "outcome": "failed", "crash": {"path": "/Users/joan/VSProjects/pyERP/venv/lib/python3.12/site-packages/django/db/backends/sqlite3/base.py", "lineno": 354, "message": "django.db.utils.IntegrityError: NOT NULL constraint failed: products_parentproduct.dimensions"}, "traceback": [{"path": "tests/core/business/test_product_signals.py", "lineno": 19, "message": "in setUp"}, {"path": "venv/lib/python3.12/site-packages/django/db/models/manager.py", "lineno": 87, "message": "in manager_method"}, {"path": "venv/lib/python3.12/site-packages/django/db/models/query.py", "lineno": 679, "message": "in create"}, {"path": "venv/lib/python3.12/site-packages/django/db/models/base.py", "lineno": 892, "message": "in save"}, {"path": "venv/lib/python3.12/site-packages/django/db/models/base.py", "lineno": 998, "message": "in save_base"}, {"path": "venv/lib/python3.12/site-packages/django/db/models/base.py", "lineno": 1161, "message": "in _save_table"}, {"path": "venv/lib/python3.12/site-packages/django/db/models/base.py", "lineno": 1202, "message": "in _do_insert"}, {"path": "venv/lib/python3.12/site-packages/django/db/models/manager.py", "lineno": 87, "message": "in manager_method"}, {"path": "venv/lib/python3.12/site-packages/django/db/models/query.py", "lineno": 1847, "message": "in _insert"}, {"path": "venv/lib/python3.12/site-packages/django/db/models/sql/compiler.py", "lineno": 1836, "message": "in execute_sql"}, {"path": "venv/lib/python3.12/site-packages/django/db/backends/utils.py", "lineno": 79, "message": "in execute"}, {"path": "venv/lib/python3.12/site-packages/django/db/backends/utils.py", "lineno": 92, "message": "in _execute_with_wrappers"}, {"path": "venv/lib/python3.12/site-packages/django/db/backends/utils.py", "lineno": 100, "message": "in _execute"}, {"path": "venv/lib/python3.12/site-packages/django/db/utils.py", "lineno": 91, "message": "in __exit__"}, {"path": "venv/lib/python3.12/site-packages/django/db/backends/utils.py", "lineno": 105, "message": "in _execute"}, {"path": "venv/lib/python3.12/site-packages/django/db/backends/sqlite3/base.py", "lineno": 354, "message": "in execute"}], "longrepr": "venv/lib/python3.12/site-packages/django/db/backends/utils.py:105: in _execute\n    return self.cursor.execute(sql, params)\nvenv/lib/python3.12/site-packages/django/db/backends/sqlite3/base.py:354: in execute\n    return super().execute(query, params)\nE   sqlite3.IntegrityError: NOT NULL constraint failed: products_parentproduct.dimensions\n\nThe above exception was the direct cause of the following exception:\ntests/core/business/test_product_signals.py:19: in setUp\n    self.parent_product = ParentProduct.objects.create(\nvenv/lib/python3.12/site-packages/django/db/models/manager.py:87: in manager_method\n    return getattr(self.get_queryset(), name)(*args, **kwargs)\nvenv/lib/python3.12/site-packages/django/db/models/query.py:679: in create\n    obj.save(force_insert=True, using=self.db)\nvenv/lib/python3.12/site-packages/django/db/models/base.py:892: in save\n    self.save_base(\nvenv/lib/python3.12/site-packages/django/db/models/base.py:998: in save_base\n    updated = self._save_table(\nvenv/lib/python3.12/site-packages/django/db/models/base.py:1161: in _save_table\n    results = self._do_insert(\nvenv/lib/python3.12/site-packages/django/db/models/base.py:1202: in _do_insert\n    return manager._insert(\nvenv/lib/python3.12/site-packages/django/db/models/manager.py:87: in manager_method\n    return getattr(self.get_queryset(), name)(*args, **kwargs)\nvenv/lib/python3.12/site-packages/django/db/models/query.py:1847: in _insert\n    return query.get_compiler(using=using).execute_sql(returning_fields)\nvenv/lib/python3.12/site-packages/django/db/models/sql/compiler.py:1836: in execute_sql\n    cursor.execute(sql, params)\nvenv/lib/python3.12/site-packages/django/db/backends/utils.py:79: in execute\n    return self._execute_with_wrappers(\nvenv/lib/python3.12/site-packages/django/db/backends/utils.py:92: in _execute_with_wrappers\n    return executor(sql, params, many, context)\nvenv/lib/python3.12/site-packages/django/db/backends/utils.py:100: in _execute\n    with self.db.wrap_database_errors:\nvenv/lib/python3.12/site-packages/django/db/utils.py:91: in __exit__\n    raise dj_exc_value.with_traceback(traceback) from exc_value\nvenv/lib/python3.12/site-packages/django/db/backends/utils.py:105: in _execute\n    return self.cursor.execute(sql, params)\nvenv/lib/python3.12/site-packages/django/db/backends/sqlite3/base.py:354: in execute\n    return super().execute(query, params)\nE   django.db.utils.IntegrityError: NOT NULL constraint failed: products_parentproduct.dimensions"}, "teardown": {"duration": 0.000181332987267524, "outcome": "passed"}}, {"nodeid": "core/business/test_product_signals.py::TestVariantProductSignals::test_variant_product_pre_save_no_parent_no_variant", "lineno": 93, "outcome": "failed", "keywords": ["test_variant_product_pre_save_no_parent_no_variant", "TestVariantProductSignals", "test_product_signals.py", "business", "core", "tests", ""], "setup": {"duration": 0.0002780830254778266, "outcome": "passed"}, "call": {"duration": 0.00040670798625797033, "outcome": "failed", "crash": {"path": "/Users/joan/VSProjects/pyERP/venv/lib/python3.12/site-packages/django/db/backends/sqlite3/base.py", "lineno": 354, "message": "django.db.utils.IntegrityError: NOT NULL constraint failed: products_parentproduct.dimensions"}, "traceback": [{"path": "tests/core/business/test_product_signals.py", "lineno": 19, "message": "in setUp"}, {"path": "venv/lib/python3.12/site-packages/django/db/models/manager.py", "lineno": 87, "message": "in manager_method"}, {"path": "venv/lib/python3.12/site-packages/django/db/models/query.py", "lineno": 679, "message": "in create"}, {"path": "venv/lib/python3.12/site-packages/django/db/models/base.py", "lineno": 892, "message": "in save"}, {"path": "venv/lib/python3.12/site-packages/django/db/models/base.py", "lineno": 998, "message": "in save_base"}, {"path": "venv/lib/python3.12/site-packages/django/db/models/base.py", "lineno": 1161, "message": "in _save_table"}, {"path": "venv/lib/python3.12/site-packages/django/db/models/base.py", "lineno": 1202, "message": "in _do_insert"}, {"path": "venv/lib/python3.12/site-packages/django/db/models/manager.py", "lineno": 87, "message": "in manager_method"}, {"path": "venv/lib/python3.12/site-packages/django/db/models/query.py", "lineno": 1847, "message": "in _insert"}, {"path": "venv/lib/python3.12/site-packages/django/db/models/sql/compiler.py", "lineno": 1836, "message": "in execute_sql"}, {"path": "venv/lib/python3.12/site-packages/django/db/backends/utils.py", "lineno": 79, "message": "in execute"}, {"path": "venv/lib/python3.12/site-packages/django/db/backends/utils.py", "lineno": 92, "message": "in _execute_with_wrappers"}, {"path": "venv/lib/python3.12/site-packages/django/db/backends/utils.py", "lineno": 100, "message": "in _execute"}, {"path": "venv/lib/python3.12/site-packages/django/db/utils.py", "lineno": 91, "message": "in __exit__"}, {"path": "venv/lib/python3.12/site-packages/django/db/backends/utils.py", "lineno": 105, "message": "in _execute"}, {"path": "venv/lib/python3.12/site-packages/django/db/backends/sqlite3/base.py", "lineno": 354, "message": "in execute"}], "longrepr": "venv/lib/python3.12/site-packages/django/db/backends/utils.py:105: in _execute\n    return self.cursor.execute(sql, params)\nvenv/lib/python3.12/site-packages/django/db/backends/sqlite3/base.py:354: in execute\n    return super().execute(query, params)\nE   sqlite3.IntegrityError: NOT NULL constraint failed: products_parentproduct.dimensions\n\nThe above exception was the direct cause of the following exception:\ntests/core/business/test_product_signals.py:19: in setUp\n    self.parent_product = ParentProduct.objects.create(\nvenv/lib/python3.12/site-packages/django/db/models/manager.py:87: in manager_method\n    return getattr(self.get_queryset(), name)(*args, **kwargs)\nvenv/lib/python3.12/site-packages/django/db/models/query.py:679: in create\n    obj.save(force_insert=True, using=self.db)\nvenv/lib/python3.12/site-packages/django/db/models/base.py:892: in save\n    self.save_base(\nvenv/lib/python3.12/site-packages/django/db/models/base.py:998: in save_base\n    updated = self._save_table(\nvenv/lib/python3.12/site-packages/django/db/models/base.py:1161: in _save_table\n    results = self._do_insert(\nvenv/lib/python3.12/site-packages/django/db/models/base.py:1202: in _do_insert\n    return manager._insert(\nvenv/lib/python3.12/site-packages/django/db/models/manager.py:87: in manager_method\n    return getattr(self.get_queryset(), name)(*args, **kwargs)\nvenv/lib/python3.12/site-packages/django/db/models/query.py:1847: in _insert\n    return query.get_compiler(using=using).execute_sql(returning_fields)\nvenv/lib/python3.12/site-packages/django/db/models/sql/compiler.py:1836: in execute_sql\n    cursor.execute(sql, params)\nvenv/lib/python3.12/site-packages/django/db/backends/utils.py:79: in execute\n    return self._execute_with_wrappers(\nvenv/lib/python3.12/site-packages/django/db/backends/utils.py:92: in _execute_with_wrappers\n    return executor(sql, params, many, context)\nvenv/lib/python3.12/site-packages/django/db/backends/utils.py:100: in _execute\n    with self.db.wrap_database_errors:\nvenv/lib/python3.12/site-packages/django/db/utils.py:91: in __exit__\n    raise dj_exc_value.with_traceback(traceback) from exc_value\nvenv/lib/python3.12/site-packages/django/db/backends/utils.py:105: in _execute\n    return self.cursor.execute(sql, params)\nvenv/lib/python3.12/site-packages/django/db/backends/sqlite3/base.py:354: in execute\n    return super().execute(query, params)\nE   django.db.utils.IntegrityError: NOT NULL constraint failed: products_parentproduct.dimensions"}, "teardown": {"duration": 0.0002086659660562873, "outcome": "passed"}}, {"nodeid": "core/business/test_product_signals.py::TestVariantProductSignals::test_variant_product_pre_save_parent_no_sku_no_legacy_id", "lineno": 140, "outcome": "failed", "keywords": ["test_variant_product_pre_save_parent_no_sku_no_legacy_id", "TestVariantProductSignals", "test_product_signals.py", "business", "core", "tests", ""], "setup": {"duration": 0.00034012499963864684, "outcome": "passed"}, "call": {"duration": 0.00047270802315324545, "outcome": "failed", "crash": {"path": "/Users/joan/VSProjects/pyERP/venv/lib/python3.12/site-packages/django/db/backends/sqlite3/base.py", "lineno": 354, "message": "django.db.utils.IntegrityError: NOT NULL constraint failed: products_parentproduct.dimensions"}, "traceback": [{"path": "tests/core/business/test_product_signals.py", "lineno": 19, "message": "in setUp"}, {"path": "venv/lib/python3.12/site-packages/django/db/models/manager.py", "lineno": 87, "message": "in manager_method"}, {"path": "venv/lib/python3.12/site-packages/django/db/models/query.py", "lineno": 679, "message": "in create"}, {"path": "venv/lib/python3.12/site-packages/django/db/models/base.py", "lineno": 892, "message": "in save"}, {"path": "venv/lib/python3.12/site-packages/django/db/models/base.py", "lineno": 998, "message": "in save_base"}, {"path": "venv/lib/python3.12/site-packages/django/db/models/base.py", "lineno": 1161, "message": "in _save_table"}, {"path": "venv/lib/python3.12/site-packages/django/db/models/base.py", "lineno": 1202, "message": "in _do_insert"}, {"path": "venv/lib/python3.12/site-packages/django/db/models/manager.py", "lineno": 87, "message": "in manager_method"}, {"path": "venv/lib/python3.12/site-packages/django/db/models/query.py", "lineno": 1847, "message": "in _insert"}, {"path": "venv/lib/python3.12/site-packages/django/db/models/sql/compiler.py", "lineno": 1836, "message": "in execute_sql"}, {"path": "venv/lib/python3.12/site-packages/django/db/backends/utils.py", "lineno": 79, "message": "in execute"}, {"path": "venv/lib/python3.12/site-packages/django/db/backends/utils.py", "lineno": 92, "message": "in _execute_with_wrappers"}, {"path": "venv/lib/python3.12/site-packages/django/db/backends/utils.py", "lineno": 100, "message": "in _execute"}, {"path": "venv/lib/python3.12/site-packages/django/db/utils.py", "lineno": 91, "message": "in __exit__"}, {"path": "venv/lib/python3.12/site-packages/django/db/backends/utils.py", "lineno": 105, "message": "in _execute"}, {"path": "venv/lib/python3.12/site-packages/django/db/backends/sqlite3/base.py", "lineno": 354, "message": "in execute"}], "longrepr": "venv/lib/python3.12/site-packages/django/db/backends/utils.py:105: in _execute\n    return self.cursor.execute(sql, params)\nvenv/lib/python3.12/site-packages/django/db/backends/sqlite3/base.py:354: in execute\n    return super().execute(query, params)\nE   sqlite3.IntegrityError: NOT NULL constraint failed: products_parentproduct.dimensions\n\nThe above exception was the direct cause of the following exception:\ntests/core/business/test_product_signals.py:19: in setUp\n    self.parent_product = ParentProduct.objects.create(\nvenv/lib/python3.12/site-packages/django/db/models/manager.py:87: in manager_method\n    return getattr(self.get_queryset(), name)(*args, **kwargs)\nvenv/lib/python3.12/site-packages/django/db/models/query.py:679: in create\n    obj.save(force_insert=True, using=self.db)\nvenv/lib/python3.12/site-packages/django/db/models/base.py:892: in save\n    self.save_base(\nvenv/lib/python3.12/site-packages/django/db/models/base.py:998: in save_base\n    updated = self._save_table(\nvenv/lib/python3.12/site-packages/django/db/models/base.py:1161: in _save_table\n    results = self._do_insert(\nvenv/lib/python3.12/site-packages/django/db/models/base.py:1202: in _do_insert\n    return manager._insert(\nvenv/lib/python3.12/site-packages/django/db/models/manager.py:87: in manager_method\n    return getattr(self.get_queryset(), name)(*args, **kwargs)\nvenv/lib/python3.12/site-packages/django/db/models/query.py:1847: in _insert\n    return query.get_compiler(using=using).execute_sql(returning_fields)\nvenv/lib/python3.12/site-packages/django/db/models/sql/compiler.py:1836: in execute_sql\n    cursor.execute(sql, params)\nvenv/lib/python3.12/site-packages/django/db/backends/utils.py:79: in execute\n    return self._execute_with_wrappers(\nvenv/lib/python3.12/site-packages/django/db/backends/utils.py:92: in _execute_with_wrappers\n    return executor(sql, params, many, context)\nvenv/lib/python3.12/site-packages/django/db/backends/utils.py:100: in _execute\n    with self.db.wrap_database_errors:\nvenv/lib/python3.12/site-packages/django/db/utils.py:91: in __exit__\n    raise dj_exc_value.with_traceback(traceback) from exc_value\nvenv/lib/python3.12/site-packages/django/db/backends/utils.py:105: in _execute\n    return self.cursor.execute(sql, params)\nvenv/lib/python3.12/site-packages/django/db/backends/sqlite3/base.py:354: in execute\n    return super().execute(query, params)\nE   django.db.utils.IntegrityError: NOT NULL constraint failed: products_parentproduct.dimensions"}, "teardown": {"duration": 0.0001901669893413782, "outcome": "passed"}}, {"nodeid": "core/business/test_product_signals.py::TestVariantProductSignals::test_variant_product_pre_save_parent_no_variant_code", "lineno": 107, "outcome": "failed", "keywords": ["test_variant_product_pre_save_parent_no_variant_code", "TestVariantProductSignals", "test_product_signals.py", "business", "core", "tests", ""], "setup": {"duration": 0.00027983303880319, "outcome": "passed"}, "call": {"duration": 0.0004091670271009207, "outcome": "failed", "crash": {"path": "/Users/joan/VSProjects/pyERP/venv/lib/python3.12/site-packages/django/db/backends/sqlite3/base.py", "lineno": 354, "message": "django.db.utils.IntegrityError: NOT NULL constraint failed: products_parentproduct.dimensions"}, "traceback": [{"path": "tests/core/business/test_product_signals.py", "lineno": 19, "message": "in setUp"}, {"path": "venv/lib/python3.12/site-packages/django/db/models/manager.py", "lineno": 87, "message": "in manager_method"}, {"path": "venv/lib/python3.12/site-packages/django/db/models/query.py", "lineno": 679, "message": "in create"}, {"path": "venv/lib/python3.12/site-packages/django/db/models/base.py", "lineno": 892, "message": "in save"}, {"path": "venv/lib/python3.12/site-packages/django/db/models/base.py", "lineno": 998, "message": "in save_base"}, {"path": "venv/lib/python3.12/site-packages/django/db/models/base.py", "lineno": 1161, "message": "in _save_table"}, {"path": "venv/lib/python3.12/site-packages/django/db/models/base.py", "lineno": 1202, "message": "in _do_insert"}, {"path": "venv/lib/python3.12/site-packages/django/db/models/manager.py", "lineno": 87, "message": "in manager_method"}, {"path": "venv/lib/python3.12/site-packages/django/db/models/query.py", "lineno": 1847, "message": "in _insert"}, {"path": "venv/lib/python3.12/site-packages/django/db/models/sql/compiler.py", "lineno": 1836, "message": "in execute_sql"}, {"path": "venv/lib/python3.12/site-packages/django/db/backends/utils.py", "lineno": 79, "message": "in execute"}, {"path": "venv/lib/python3.12/site-packages/django/db/backends/utils.py", "lineno": 92, "message": "in _execute_with_wrappers"}, {"path": "venv/lib/python3.12/site-packages/django/db/backends/utils.py", "lineno": 100, "message": "in _execute"}, {"path": "venv/lib/python3.12/site-packages/django/db/utils.py", "lineno": 91, "message": "in __exit__"}, {"path": "venv/lib/python3.12/site-packages/django/db/backends/utils.py", "lineno": 105, "message": "in _execute"}, {"path": "venv/lib/python3.12/site-packages/django/db/backends/sqlite3/base.py", "lineno": 354, "message": "in execute"}], "longrepr": "venv/lib/python3.12/site-packages/django/db/backends/utils.py:105: in _execute\n    return self.cursor.execute(sql, params)\nvenv/lib/python3.12/site-packages/django/db/backends/sqlite3/base.py:354: in execute\n    return super().execute(query, params)\nE   sqlite3.IntegrityError: NOT NULL constraint failed: products_parentproduct.dimensions\n\nThe above exception was the direct cause of the following exception:\ntests/core/business/test_product_signals.py:19: in setUp\n    self.parent_product = ParentProduct.objects.create(\nvenv/lib/python3.12/site-packages/django/db/models/manager.py:87: in manager_method\n    return getattr(self.get_queryset(), name)(*args, **kwargs)\nvenv/lib/python3.12/site-packages/django/db/models/query.py:679: in create\n    obj.save(force_insert=True, using=self.db)\nvenv/lib/python3.12/site-packages/django/db/models/base.py:892: in save\n    self.save_base(\nvenv/lib/python3.12/site-packages/django/db/models/base.py:998: in save_base\n    updated = self._save_table(\nvenv/lib/python3.12/site-packages/django/db/models/base.py:1161: in _save_table\n    results = self._do_insert(\nvenv/lib/python3.12/site-packages/django/db/models/base.py:1202: in _do_insert\n    return manager._insert(\nvenv/lib/python3.12/site-packages/django/db/models/manager.py:87: in manager_method\n    return getattr(self.get_queryset(), name)(*args, **kwargs)\nvenv/lib/python3.12/site-packages/django/db/models/query.py:1847: in _insert\n    return query.get_compiler(using=using).execute_sql(returning_fields)\nvenv/lib/python3.12/site-packages/django/db/models/sql/compiler.py:1836: in execute_sql\n    cursor.execute(sql, params)\nvenv/lib/python3.12/site-packages/django/db/backends/utils.py:79: in execute\n    return self._execute_with_wrappers(\nvenv/lib/python3.12/site-packages/django/db/backends/utils.py:92: in _execute_with_wrappers\n    return executor(sql, params, many, context)\nvenv/lib/python3.12/site-packages/django/db/backends/utils.py:100: in _execute\n    with self.db.wrap_database_errors:\nvenv/lib/python3.12/site-packages/django/db/utils.py:91: in __exit__\n    raise dj_exc_value.with_traceback(traceback) from exc_value\nvenv/lib/python3.12/site-packages/django/db/backends/utils.py:105: in _execute\n    return self.cursor.execute(sql, params)\nvenv/lib/python3.12/site-packages/django/db/backends/sqlite3/base.py:354: in execute\n    return super().execute(query, params)\nE   django.db.utils.IntegrityError: NOT NULL constraint failed: products_parentproduct.dimensions"}, "teardown": {"duration": 0.0001859589829109609, "outcome": "passed"}}, {"nodeid": "core/business/test_product_signals.py::TestVariantProductSignals::test_variant_product_pre_save_sets_sku", "lineno": 30, "outcome": "failed", "keywords": ["test_variant_product_pre_save_sets_sku", "TestVariantProductSignals", "test_product_signals.py", "business", "core", "tests", ""], "setup": {"duration": 0.0002917920355685055, "outcome": "passed"}, "call": {"duration": 0.0004675419768318534, "outcome": "failed", "crash": {"path": "/Users/joan/VSProjects/pyERP/venv/lib/python3.12/site-packages/django/db/backends/sqlite3/base.py", "lineno": 354, "message": "django.db.utils.IntegrityError: NOT NULL constraint failed: products_parentproduct.dimensions"}, "traceback": [{"path": "tests/core/business/test_product_signals.py", "lineno": 19, "message": "in setUp"}, {"path": "venv/lib/python3.12/site-packages/django/db/models/manager.py", "lineno": 87, "message": "in manager_method"}, {"path": "venv/lib/python3.12/site-packages/django/db/models/query.py", "lineno": 679, "message": "in create"}, {"path": "venv/lib/python3.12/site-packages/django/db/models/base.py", "lineno": 892, "message": "in save"}, {"path": "venv/lib/python3.12/site-packages/django/db/models/base.py", "lineno": 998, "message": "in save_base"}, {"path": "venv/lib/python3.12/site-packages/django/db/models/base.py", "lineno": 1161, "message": "in _save_table"}, {"path": "venv/lib/python3.12/site-packages/django/db/models/base.py", "lineno": 1202, "message": "in _do_insert"}, {"path": "venv/lib/python3.12/site-packages/django/db/models/manager.py", "lineno": 87, "message": "in manager_method"}, {"path": "venv/lib/python3.12/site-packages/django/db/models/query.py", "lineno": 1847, "message": "in _insert"}, {"path": "venv/lib/python3.12/site-packages/django/db/models/sql/compiler.py", "lineno": 1836, "message": "in execute_sql"}, {"path": "venv/lib/python3.12/site-packages/django/db/backends/utils.py", "lineno": 79, "message": "in execute"}, {"path": "venv/lib/python3.12/site-packages/django/db/backends/utils.py", "lineno": 92, "message": "in _execute_with_wrappers"}, {"path": "venv/lib/python3.12/site-packages/django/db/backends/utils.py", "lineno": 100, "message": "in _execute"}, {"path": "venv/lib/python3.12/site-packages/django/db/utils.py", "lineno": 91, "message": "in __exit__"}, {"path": "venv/lib/python3.12/site-packages/django/db/backends/utils.py", "lineno": 105, "message": "in _execute"}, {"path": "venv/lib/python3.12/site-packages/django/db/backends/sqlite3/base.py", "lineno": 354, "message": "in execute"}], "longrepr": "venv/lib/python3.12/site-packages/django/db/backends/utils.py:105: in _execute\n    return self.cursor.execute(sql, params)\nvenv/lib/python3.12/site-packages/django/db/backends/sqlite3/base.py:354: in execute\n    return super().execute(query, params)\nE   sqlite3.IntegrityError: NOT NULL constraint failed: products_parentproduct.dimensions\n\nThe above exception was the direct cause of the following exception:\ntests/core/business/test_product_signals.py:19: in setUp\n    self.parent_product = ParentProduct.objects.create(\nvenv/lib/python3.12/site-packages/django/db/models/manager.py:87: in manager_method\n    return getattr(self.get_queryset(), name)(*args, **kwargs)\nvenv/lib/python3.12/site-packages/django/db/models/query.py:679: in create\n    obj.save(force_insert=True, using=self.db)\nvenv/lib/python3.12/site-packages/django/db/models/base.py:892: in save\n    self.save_base(\nvenv/lib/python3.12/site-packages/django/db/models/base.py:998: in save_base\n    updated = self._save_table(\nvenv/lib/python3.12/site-packages/django/db/models/base.py:1161: in _save_table\n    results = self._do_insert(\nvenv/lib/python3.12/site-packages/django/db/models/base.py:1202: in _do_insert\n    return manager._insert(\nvenv/lib/python3.12/site-packages/django/db/models/manager.py:87: in manager_method\n    return getattr(self.get_queryset(), name)(*args, **kwargs)\nvenv/lib/python3.12/site-packages/django/db/models/query.py:1847: in _insert\n    return query.get_compiler(using=using).execute_sql(returning_fields)\nvenv/lib/python3.12/site-packages/django/db/models/sql/compiler.py:1836: in execute_sql\n    cursor.execute(sql, params)\nvenv/lib/python3.12/site-packages/django/db/backends/utils.py:79: in execute\n    return self._execute_with_wrappers(\nvenv/lib/python3.12/site-packages/django/db/backends/utils.py:92: in _execute_with_wrappers\n    return executor(sql, params, many, context)\nvenv/lib/python3.12/site-packages/django/db/backends/utils.py:100: in _execute\n    with self.db.wrap_database_errors:\nvenv/lib/python3.12/site-packages/django/db/utils.py:91: in __exit__\n    raise dj_exc_value.with_traceback(traceback) from exc_value\nvenv/lib/python3.12/site-packages/django/db/backends/utils.py:105: in _execute\n    return self.cursor.execute(sql, params)\nvenv/lib/python3.12/site-packages/django/db/backends/sqlite3/base.py:354: in execute\n    return super().execute(query, params)\nE   django.db.utils.IntegrityError: NOT NULL constraint failed: products_parentproduct.dimensions"}, "teardown": {"duration": 0.0001824579667299986, "outcome": "passed"}}, {"nodeid": "core/business/test_product_signals.py::TestVariantProductSignals::test_variant_product_pre_save_sets_timestamps", "lineno": 60, "outcome": "failed", "keywords": ["test_variant_product_pre_save_sets_timestamps", "__wrapped__", "patchings", "TestVariantProductSignals", "test_product_signals.py", "business", "core", "tests", ""], "setup": {"duration": 0.0002809170400723815, "outcome": "passed"}, "call": {"duration": 0.00042112497612833977, "outcome": "failed", "crash": {"path": "/Users/joan/VSProjects/pyERP/venv/lib/python3.12/site-packages/django/db/backends/sqlite3/base.py", "lineno": 354, "message": "django.db.utils.IntegrityError: NOT NULL constraint failed: products_parentproduct.dimensions"}, "traceback": [{"path": "tests/core/business/test_product_signals.py", "lineno": 19, "message": "in setUp"}, {"path": "venv/lib/python3.12/site-packages/django/db/models/manager.py", "lineno": 87, "message": "in manager_method"}, {"path": "venv/lib/python3.12/site-packages/django/db/models/query.py", "lineno": 679, "message": "in create"}, {"path": "venv/lib/python3.12/site-packages/django/db/models/base.py", "lineno": 892, "message": "in save"}, {"path": "venv/lib/python3.12/site-packages/django/db/models/base.py", "lineno": 998, "message": "in save_base"}, {"path": "venv/lib/python3.12/site-packages/django/db/models/base.py", "lineno": 1161, "message": "in _save_table"}, {"path": "venv/lib/python3.12/site-packages/django/db/models/base.py", "lineno": 1202, "message": "in _do_insert"}, {"path": "venv/lib/python3.12/site-packages/django/db/models/manager.py", "lineno": 87, "message": "in manager_method"}, {"path": "venv/lib/python3.12/site-packages/django/db/models/query.py", "lineno": 1847, "message": "in _insert"}, {"path": "venv/lib/python3.12/site-packages/django/db/models/sql/compiler.py", "lineno": 1836, "message": "in execute_sql"}, {"path": "venv/lib/python3.12/site-packages/django/db/backends/utils.py", "lineno": 79, "message": "in execute"}, {"path": "venv/lib/python3.12/site-packages/django/db/backends/utils.py", "lineno": 92, "message": "in _execute_with_wrappers"}, {"path": "venv/lib/python3.12/site-packages/django/db/backends/utils.py", "lineno": 100, "message": "in _execute"}, {"path": "venv/lib/python3.12/site-packages/django/db/utils.py", "lineno": 91, "message": "in __exit__"}, {"path": "venv/lib/python3.12/site-packages/django/db/backends/utils.py", "lineno": 105, "message": "in _execute"}, {"path": "venv/lib/python3.12/site-packages/django/db/backends/sqlite3/base.py", "lineno": 354, "message": "in execute"}], "longrepr": "venv/lib/python3.12/site-packages/django/db/backends/utils.py:105: in _execute\n    return self.cursor.execute(sql, params)\nvenv/lib/python3.12/site-packages/django/db/backends/sqlite3/base.py:354: in execute\n    return super().execute(query, params)\nE   sqlite3.IntegrityError: NOT NULL constraint failed: products_parentproduct.dimensions\n\nThe above exception was the direct cause of the following exception:\ntests/core/business/test_product_signals.py:19: in setUp\n    self.parent_product = ParentProduct.objects.create(\nvenv/lib/python3.12/site-packages/django/db/models/manager.py:87: in manager_method\n    return getattr(self.get_queryset(), name)(*args, **kwargs)\nvenv/lib/python3.12/site-packages/django/db/models/query.py:679: in create\n    obj.save(force_insert=True, using=self.db)\nvenv/lib/python3.12/site-packages/django/db/models/base.py:892: in save\n    self.save_base(\nvenv/lib/python3.12/site-packages/django/db/models/base.py:998: in save_base\n    updated = self._save_table(\nvenv/lib/python3.12/site-packages/django/db/models/base.py:1161: in _save_table\n    results = self._do_insert(\nvenv/lib/python3.12/site-packages/django/db/models/base.py:1202: in _do_insert\n    return manager._insert(\nvenv/lib/python3.12/site-packages/django/db/models/manager.py:87: in manager_method\n    return getattr(self.get_queryset(), name)(*args, **kwargs)\nvenv/lib/python3.12/site-packages/django/db/models/query.py:1847: in _insert\n    return query.get_compiler(using=using).execute_sql(returning_fields)\nvenv/lib/python3.12/site-packages/django/db/models/sql/compiler.py:1836: in execute_sql\n    cursor.execute(sql, params)\nvenv/lib/python3.12/site-packages/django/db/backends/utils.py:79: in execute\n    return self._execute_with_wrappers(\nvenv/lib/python3.12/site-packages/django/db/backends/utils.py:92: in _execute_with_wrappers\n    return executor(sql, params, many, context)\nvenv/lib/python3.12/site-packages/django/db/backends/utils.py:100: in _execute\n    with self.db.wrap_database_errors:\nvenv/lib/python3.12/site-packages/django/db/utils.py:91: in __exit__\n    raise dj_exc_value.with_traceback(traceback) from exc_value\nvenv/lib/python3.12/site-packages/django/db/backends/utils.py:105: in _execute\n    return self.cursor.execute(sql, params)\nvenv/lib/python3.12/site-packages/django/db/backends/sqlite3/base.py:354: in execute\n    return super().execute(query, params)\nE   django.db.utils.IntegrityError: NOT NULL constraint failed: products_parentproduct.dimensions"}, "teardown": {"duration": 0.0001764170010574162, "outcome": "passed"}}, {"nodeid": "core/business/test_product_signals.py::TestVariantProductSignals::test_variant_product_pre_save_with_existing_sku", "lineno": 49, "outcome": "failed", "keywords": ["test_variant_product_pre_save_with_existing_sku", "TestVariantProductSignals", "test_product_signals.py", "business", "core", "tests", ""], "setup": {"duration": 0.0002726250095292926, "outcome": "passed"}, "call": {"duration": 0.00043050001841038465, "outcome": "failed", "crash": {"path": "/Users/joan/VSProjects/pyERP/venv/lib/python3.12/site-packages/django/db/backends/sqlite3/base.py", "lineno": 354, "message": "django.db.utils.IntegrityError: NOT NULL constraint failed: products_parentproduct.dimensions"}, "traceback": [{"path": "tests/core/business/test_product_signals.py", "lineno": 19, "message": "in setUp"}, {"path": "venv/lib/python3.12/site-packages/django/db/models/manager.py", "lineno": 87, "message": "in manager_method"}, {"path": "venv/lib/python3.12/site-packages/django/db/models/query.py", "lineno": 679, "message": "in create"}, {"path": "venv/lib/python3.12/site-packages/django/db/models/base.py", "lineno": 892, "message": "in save"}, {"path": "venv/lib/python3.12/site-packages/django/db/models/base.py", "lineno": 998, "message": "in save_base"}, {"path": "venv/lib/python3.12/site-packages/django/db/models/base.py", "lineno": 1161, "message": "in _save_table"}, {"path": "venv/lib/python3.12/site-packages/django/db/models/base.py", "lineno": 1202, "message": "in _do_insert"}, {"path": "venv/lib/python3.12/site-packages/django/db/models/manager.py", "lineno": 87, "message": "in manager_method"}, {"path": "venv/lib/python3.12/site-packages/django/db/models/query.py", "lineno": 1847, "message": "in _insert"}, {"path": "venv/lib/python3.12/site-packages/django/db/models/sql/compiler.py", "lineno": 1836, "message": "in execute_sql"}, {"path": "venv/lib/python3.12/site-packages/django/db/backends/utils.py", "lineno": 79, "message": "in execute"}, {"path": "venv/lib/python3.12/site-packages/django/db/backends/utils.py", "lineno": 92, "message": "in _execute_with_wrappers"}, {"path": "venv/lib/python3.12/site-packages/django/db/backends/utils.py", "lineno": 100, "message": "in _execute"}, {"path": "venv/lib/python3.12/site-packages/django/db/utils.py", "lineno": 91, "message": "in __exit__"}, {"path": "venv/lib/python3.12/site-packages/django/db/backends/utils.py", "lineno": 105, "message": "in _execute"}, {"path": "venv/lib/python3.12/site-packages/django/db/backends/sqlite3/base.py", "lineno": 354, "message": "in execute"}], "longrepr": "venv/lib/python3.12/site-packages/django/db/backends/utils.py:105: in _execute\n    return self.cursor.execute(sql, params)\nvenv/lib/python3.12/site-packages/django/db/backends/sqlite3/base.py:354: in execute\n    return super().execute(query, params)\nE   sqlite3.IntegrityError: NOT NULL constraint failed: products_parentproduct.dimensions\n\nThe above exception was the direct cause of the following exception:\ntests/core/business/test_product_signals.py:19: in setUp\n    self.parent_product = ParentProduct.objects.create(\nvenv/lib/python3.12/site-packages/django/db/models/manager.py:87: in manager_method\n    return getattr(self.get_queryset(), name)(*args, **kwargs)\nvenv/lib/python3.12/site-packages/django/db/models/query.py:679: in create\n    obj.save(force_insert=True, using=self.db)\nvenv/lib/python3.12/site-packages/django/db/models/base.py:892: in save\n    self.save_base(\nvenv/lib/python3.12/site-packages/django/db/models/base.py:998: in save_base\n    updated = self._save_table(\nvenv/lib/python3.12/site-packages/django/db/models/base.py:1161: in _save_table\n    results = self._do_insert(\nvenv/lib/python3.12/site-packages/django/db/models/base.py:1202: in _do_insert\n    return manager._insert(\nvenv/lib/python3.12/site-packages/django/db/models/manager.py:87: in manager_method\n    return getattr(self.get_queryset(), name)(*args, **kwargs)\nvenv/lib/python3.12/site-packages/django/db/models/query.py:1847: in _insert\n    return query.get_compiler(using=using).execute_sql(returning_fields)\nvenv/lib/python3.12/site-packages/django/db/models/sql/compiler.py:1836: in execute_sql\n    cursor.execute(sql, params)\nvenv/lib/python3.12/site-packages/django/db/backends/utils.py:79: in execute\n    return self._execute_with_wrappers(\nvenv/lib/python3.12/site-packages/django/db/backends/utils.py:92: in _execute_with_wrappers\n    return executor(sql, params, many, context)\nvenv/lib/python3.12/site-packages/django/db/backends/utils.py:100: in _execute\n    with self.db.wrap_database_errors:\nvenv/lib/python3.12/site-packages/django/db/utils.py:91: in __exit__\n    raise dj_exc_value.with_traceback(traceback) from exc_value\nvenv/lib/python3.12/site-packages/django/db/backends/utils.py:105: in _execute\n    return self.cursor.execute(sql, params)\nvenv/lib/python3.12/site-packages/django/db/backends/sqlite3/base.py:354: in execute\n    return super().execute(query, params)\nE   django.db.utils.IntegrityError: NOT NULL constraint failed: products_parentproduct.dimensions"}, "teardown": {"duration": 0.00017587497131899, "outcome": "passed"}}, {"nodeid": "core/business/test_product_signals.py::TestVariantProductSignals::test_variant_product_pre_save_with_parent_sku_none", "lineno": 38, "outcome": "failed", "keywords": ["test_variant_product_pre_save_with_parent_sku_none", "TestVariantProductSignals", "test_product_signals.py", "business", "core", "tests", ""], "setup": {"duration": 0.0002750830026343465, "outcome": "passed"}, "call": {"duration": 0.00043583399383351207, "outcome": "failed", "crash": {"path": "/Users/joan/VSProjects/pyERP/venv/lib/python3.12/site-packages/django/db/backends/sqlite3/base.py", "lineno": 354, "message": "django.db.utils.IntegrityError: NOT NULL constraint failed: products_parentproduct.dimensions"}, "traceback": [{"path": "tests/core/business/test_product_signals.py", "lineno": 19, "message": "in setUp"}, {"path": "venv/lib/python3.12/site-packages/django/db/models/manager.py", "lineno": 87, "message": "in manager_method"}, {"path": "venv/lib/python3.12/site-packages/django/db/models/query.py", "lineno": 679, "message": "in create"}, {"path": "venv/lib/python3.12/site-packages/django/db/models/base.py", "lineno": 892, "message": "in save"}, {"path": "venv/lib/python3.12/site-packages/django/db/models/base.py", "lineno": 998, "message": "in save_base"}, {"path": "venv/lib/python3.12/site-packages/django/db/models/base.py", "lineno": 1161, "message": "in _save_table"}, {"path": "venv/lib/python3.12/site-packages/django/db/models/base.py", "lineno": 1202, "message": "in _do_insert"}, {"path": "venv/lib/python3.12/site-packages/django/db/models/manager.py", "lineno": 87, "message": "in manager_method"}, {"path": "venv/lib/python3.12/site-packages/django/db/models/query.py", "lineno": 1847, "message": "in _insert"}, {"path": "venv/lib/python3.12/site-packages/django/db/models/sql/compiler.py", "lineno": 1836, "message": "in execute_sql"}, {"path": "venv/lib/python3.12/site-packages/django/db/backends/utils.py", "lineno": 79, "message": "in execute"}, {"path": "venv/lib/python3.12/site-packages/django/db/backends/utils.py", "lineno": 92, "message": "in _execute_with_wrappers"}, {"path": "venv/lib/python3.12/site-packages/django/db/backends/utils.py", "lineno": 100, "message": "in _execute"}, {"path": "venv/lib/python3.12/site-packages/django/db/utils.py", "lineno": 91, "message": "in __exit__"}, {"path": "venv/lib/python3.12/site-packages/django/db/backends/utils.py", "lineno": 105, "message": "in _execute"}, {"path": "venv/lib/python3.12/site-packages/django/db/backends/sqlite3/base.py", "lineno": 354, "message": "in execute"}], "longrepr": "venv/lib/python3.12/site-packages/django/db/backends/utils.py:105: in _execute\n    return self.cursor.execute(sql, params)\nvenv/lib/python3.12/site-packages/django/db/backends/sqlite3/base.py:354: in execute\n    return super().execute(query, params)\nE   sqlite3.IntegrityError: NOT NULL constraint failed: products_parentproduct.dimensions\n\nThe above exception was the direct cause of the following exception:\ntests/core/business/test_product_signals.py:19: in setUp\n    self.parent_product = ParentProduct.objects.create(\nvenv/lib/python3.12/site-packages/django/db/models/manager.py:87: in manager_method\n    return getattr(self.get_queryset(), name)(*args, **kwargs)\nvenv/lib/python3.12/site-packages/django/db/models/query.py:679: in create\n    obj.save(force_insert=True, using=self.db)\nvenv/lib/python3.12/site-packages/django/db/models/base.py:892: in save\n    self.save_base(\nvenv/lib/python3.12/site-packages/django/db/models/base.py:998: in save_base\n    updated = self._save_table(\nvenv/lib/python3.12/site-packages/django/db/models/base.py:1161: in _save_table\n    results = self._do_insert(\nvenv/lib/python3.12/site-packages/django/db/models/base.py:1202: in _do_insert\n    return manager._insert(\nvenv/lib/python3.12/site-packages/django/db/models/manager.py:87: in manager_method\n    return getattr(self.get_queryset(), name)(*args, **kwargs)\nvenv/lib/python3.12/site-packages/django/db/models/query.py:1847: in _insert\n    return query.get_compiler(using=using).execute_sql(returning_fields)\nvenv/lib/python3.12/site-packages/django/db/models/sql/compiler.py:1836: in execute_sql\n    cursor.execute(sql, params)\nvenv/lib/python3.12/site-packages/django/db/backends/utils.py:79: in execute\n    return self._execute_with_wrappers(\nvenv/lib/python3.12/site-packages/django/db/backends/utils.py:92: in _execute_with_wrappers\n    return executor(sql, params, many, context)\nvenv/lib/python3.12/site-packages/django/db/backends/utils.py:100: in _execute\n    with self.db.wrap_database_errors:\nvenv/lib/python3.12/site-packages/django/db/utils.py:91: in __exit__\n    raise dj_exc_value.with_traceback(traceback) from exc_value\nvenv/lib/python3.12/site-packages/django/db/backends/utils.py:105: in _execute\n    return self.cursor.execute(sql, params)\nvenv/lib/python3.12/site-packages/django/db/backends/sqlite3/base.py:354: in execute\n    return super().execute(query, params)\nE   django.db.utils.IntegrityError: NOT NULL constraint failed: products_parentproduct.dimensions"}, "teardown": {"duration": 0.00033137499121949077, "outcome": "passed"}}, {"nodeid": "core/business/test_product_validation.py::TestProductImportValidator::test_post_validate_row_duplicate_sku", "lineno": 200, "outcome": "passed", "keywords": ["test_post_validate_row_duplicate_sku", "__wrapped__", "patchings", "TestProductImportValidator", "test_product_validation.py", "business", "core", "tests", ""], "setup": {"duration": 0.00047333299880847335, "outcome": "passed"}, "call": {"duration": 0.0006092500407248735, "outcome": "passed"}, "teardown": {"duration": 8.629198418930173e-05, "outcome": "passed"}}, {"nodeid": "core/business/test_product_validation.py::TestProductImportValidator::test_post_validate_row_parent_with_variant_code", "lineno": 190, "outcome": "passed", "keywords": ["test_post_validate_row_parent_with_variant_code", "TestProductImportValidator", "test_product_validation.py", "business", "core", "tests", ""], "setup": {"duration": 0.0002293749712407589, "outcome": "passed"}, "call": {"duration": 0.00020900001982226968, "outcome": "passed"}, "teardown": {"duration": 7.912499131634831e-05, "outcome": "passed"}}, {"nodeid": "core/business/test_product_validation.py::TestProductImportValidator::test_pre_validate_row_missing_sku_and_name", "lineno": 170, "outcome": "passed", "keywords": ["test_pre_validate_row_missing_sku_and_name", "TestProductImportValidator", "test_product_validation.py", "business", "core", "tests", ""], "setup": {"duration": 0.00021070800721645355, "outcome": "passed"}, "call": {"duration": 0.00019220798276364803, "outcome": "passed"}, "teardown": {"duration": 7.750000804662704e-05, "outcome": "passed"}}, {"nodeid": "core/business/test_product_validation.py::TestProductImportValidator::test_pre_validate_row_with_alte_nummer", "lineno": 181, "outcome": "passed", "keywords": ["test_pre_validate_row_with_alte_nummer", "TestProductImportValidator", "test_product_validation.py", "business", "core", "tests", ""], "setup": {"duration": 0.0002767090336419642, "outcome": "passed"}, "call": {"duration": 0.0001872499706223607, "outcome": "passed"}, "teardown": {"duration": 7.60830007493496e-05, "outcome": "passed"}}, {"nodeid": "core/business/test_product_validation.py::TestProductImportValidator::test_validate_category_by_code", "lineno": 410, "outcome": "xfailed", "keywords": ["test_validate_category_by_code", "xfail", "__wrapped__", "patchings", "pytestmark", "TestProductImportValidator", "test_product_validation.py", "business", "core", "tests", ""], "setup": {"duration": 0.00021191599080339074, "outcome": "passed"}, "call": {"duration": 0.00044450000859797, "outcome": "skipped", "crash": {"path": "/opt/miniconda3/lib/python3.12/unittest/mock.py", "lineno": 960, "message": "AssertionError: Expected 'filter' to be called once. Called 0 times."}, "traceback": [{"path": "tests/core/business/test_product_validation.py", "lineno": 424, "message": "in test_validate_category_by_code"}, {"path": "/opt/miniconda3/lib/python3.12/unittest/mock.py", "lineno": 960, "message": "in assert_called_once_with"}], "longrepr": "tests/core/business/test_product_validation.py:424: in test_validate_category_by_code\n    mock_filter.assert_called_once_with(code='TEST-CAT')\n/opt/miniconda3/lib/python3.12/unittest/mock.py:960: in assert_called_once_with\n    raise AssertionError(msg)\nE   AssertionError: Expected 'filter' to be called once. Called 0 times."}, "teardown": {"duration": 0.00022729201009497046, "outcome": "passed"}}, {"nodeid": "core/business/test_product_validation.py::TestProductImportValidator::test_validate_category_by_id", "lineno": 427, "outcome": "xfailed", "keywords": ["test_validate_category_by_id", "xfail", "__wrapped__", "patchings", "pytestmark", "TestProductImportValidator", "test_product_validation.py", "business", "core", "tests", ""], "setup": {"duration": 0.00038170802872627974, "outcome": "passed"}, "call": {"duration": 0.0006320829852484167, "outcome": "skipped", "crash": {"path": "/opt/miniconda3/lib/python3.12/unittest/mock.py", "lineno": 960, "message": "AssertionError: Expected 'filter' to be called once. Called 0 times."}, "traceback": [{"path": "tests/core/business/test_product_validation.py", "lineno": 441, "message": "in test_validate_category_by_id"}, {"path": "/opt/miniconda3/lib/python3.12/unittest/mock.py", "lineno": 960, "message": "in assert_called_once_with"}], "longrepr": "tests/core/business/test_product_validation.py:441: in test_validate_category_by_id\n    mock_filter.assert_called_once_with(id=5)\n/opt/miniconda3/lib/python3.12/unittest/mock.py:960: in assert_called_once_with\n    raise AssertionError(msg)\nE   AssertionError: Expected 'filter' to be called once. Called 0 times."}, "teardown": {"duration": 0.00018395797815173864, "outcome": "passed"}}, {"nodeid": "core/business/test_product_validation.py::TestProductImportValidator::test_validate_category_default", "lineno": 458, "outcome": "xfailed", "keywords": ["test_validate_category_default", "xfail", "__wrapped__", "patchings", "pytestmark", "TestProductImportValidator", "test_product_validation.py", "business", "core", "tests", ""], "setup": {"duration": 0.000305499997921288, "outcome": "passed"}, "call": {"duration": 0.0006216670153662562, "outcome": "skipped", "crash": {"path": "/opt/miniconda3/lib/python3.12/unittest/case.py", "lineno": 878, "message": "AssertionError: 0 != 1"}, "traceback": [{"path": "tests/core/business/test_product_validation.py", "lineno": 475, "message": "in test_validate_category_default"}], "longrepr": "tests/core/business/test_product_validation.py:475: in test_validate_category_default\n    self.assertEqual(len(result.warnings), 1)  # Should have a warning about using default\nE   AssertionError: 0 != 1"}, "teardown": {"duration": 0.00010070798452943563, "outcome": "passed"}}, {"nodeid": "core/business/test_product_validation.py::TestProductImportValidator::test_validate_category_not_found", "lineno": 444, "outcome": "xfailed", "keywords": ["test_validate_category_not_found", "xfail", "__wrapped__", "patchings", "pytestmark", "TestProductImportValidator", "test_product_validation.py", "business", "core", "tests", ""], "setup": {"duration": 0.0002454170025885105, "outcome": "passed"}, "call": {"duration": 0.0004705419996753335, "outcome": "skipped", "crash": {"path": "/opt/miniconda3/lib/python3.12/unittest/case.py", "lineno": 878, "message": "AssertionError: 0 != 1"}, "traceback": [{"path": "tests/core/business/test_product_validation.py", "lineno": 456, "message": "in test_validate_category_not_found"}], "longrepr": "tests/core/business/test_product_validation.py:456: in test_validate_category_not_found\n    self.assertEqual(len(result.errors), 1)\nE   AssertionError: 0 != 1"}, "teardown": {"duration": 9.941600728780031e-05, "outcome": "passed"}}, {"nodeid": "core/business/test_product_validation.py::TestProductImportValidator::test_validate_cost_price_invalid_preise", "lineno": 379, "outcome": "passed", "keywords": ["test_validate_cost_price_invalid_preise", "TestProductImportValidator", "test_product_validation.py", "business", "core", "tests", ""], "setup": {"duration": 0.0002565000322647393, "outcome": "passed"}, "call": {"duration": 0.0002714999718591571, "outcome": "passed"}, "teardown": {"duration": 7.750000804662704e-05, "outcome": "passed"}}, {"nodeid": "core/business/test_product_validation.py::TestProductImportValidator::test_validate_cost_price_negative", "lineno": 402, "outcome": "passed", "keywords": ["test_validate_cost_price_negative", "TestProductImportValidator", "test_product_validation.py", "business", "core", "tests", ""], "setup": {"duration": 0.00020966603187844157, "outcome": "passed"}, "call": {"duration": 0.00021250004647299647, "outcome": "passed"}, "teardown": {"duration": 7.61249684728682e-05, "outcome": "passed"}}, {"nodeid": "core/business/test_product_validation.py::TestProductImportValidator::test_validate_cost_price_numeric_conversion", "lineno": 394, "outcome": "passed", "keywords": ["test_validate_cost_price_numeric_conversion", "TestProductImportValidator", "test_product_validation.py", "business", "core", "tests", ""], "setup": {"duration": 0.00020391697762534022, "outcome": "passed"}, "call": {"duration": 0.00018745800480246544, "outcome": "passed"}, "teardown": {"duration": 7.312500383704901e-05, "outcome": "passed"}}, {"nodeid": "core/business/test_product_validation.py::TestProductImportValidator::test_validate_cost_price_with_preise", "lineno": 363, "outcome": "passed", "keywords": ["test_validate_cost_price_with_preise", "TestProductImportValidator", "test_product_validation.py", "business", "core", "tests", ""], "setup": {"duration": 0.00020875001791864634, "outcome": "passed"}, "call": {"duration": 0.00019087502732872963, "outcome": "passed"}, "teardown": {"duration": 7.708295015618205e-05, "outcome": "passed"}}, {"nodeid": "core/business/test_product_validation.py::TestProductImportValidator::test_validate_list_price_invalid_preise", "lineno": 292, "outcome": "passed", "keywords": ["test_validate_list_price_invalid_preise", "TestProductImportValidator", "test_product_validation.py", "business", "core", "tests", ""], "setup": {"duration": 0.00020566699095070362, "outcome": "passed"}, "call": {"duration": 0.00019683397840708494, "outcome": "passed"}, "teardown": {"duration": 7.466599345207214e-05, "outcome": "passed"}}, {"nodeid": "core/business/test_product_validation.py::TestProductImportValidator::test_validate_list_price_negative", "lineno": 307, "outcome": "passed", "keywords": ["test_validate_list_price_negative", "TestProductImportValidator", "test_product_validation.py", "business", "core", "tests", ""], "setup": {"duration": 0.00021720799850299954, "outcome": "passed"}, "call": {"duration": 0.0002263750066049397, "outcome": "passed"}, "teardown": {"duration": 7.499998901039362e-05, "outcome": "passed"}}, {"nodeid": "core/business/test_product_validation.py::TestProductImportValidator::test_validate_list_price_with_preise", "lineno": 276, "outcome": "passed", "keywords": ["test_validate_list_price_with_preise", "TestProductImportValidator", "test_product_validation.py", "business", "core", "tests", ""], "setup": {"duration": 0.00020650000078603625, "outcome": "passed"}, "call": {"duration": 0.00019024999346584082, "outcome": "passed"}, "teardown": {"duration": 8.916697697713971e-05, "outcome": "passed"}}, {"nodeid": "core/business/test_product_validation.py::TestProductImportValidator::test_validate_name_missing", "lineno": 259, "outcome": "passed", "keywords": ["test_validate_name_missing", "TestProductImportValidator", "test_product_validation.py", "business", "core", "tests", ""], "setup": {"duration": 0.00022720900597050786, "outcome": "passed"}, "call": {"duration": 0.00022350001381710172, "outcome": "passed"}, "teardown": {"duration": 7.191702025011182e-05, "outcome": "passed"}}, {"nodeid": "core/business/test_product_validation.py::TestProductImportValidator::test_validate_name_too_long", "lineno": 267, "outcome": "passed", "keywords": ["test_validate_name_too_long", "TestProductImportValidator", "test_product_validation.py", "business", "core", "tests", ""], "setup": {"duration": 0.00031166698317974806, "outcome": "passed"}, "call": {"duration": 0.00027833302738144994, "outcome": "passed"}, "teardown": {"duration": 0.00025037501472979784, "outcome": "passed"}}, {"nodeid": "core/business/test_product_validation.py::TestProductImportValidator::test_validate_name_with_bezeichnung", "lineno": 251, "outcome": "passed", "keywords": ["test_validate_name_with_bezeichnung", "TestProductImportValidator", "test_product_validation.py", "business", "core", "tests", ""], "setup": {"duration": 0.0002554170205257833, "outcome": "passed"}, "call": {"duration": 0.0007305410108529031, "outcome": "passed"}, "teardown": {"duration": 0.00019045796943828464, "outcome": "passed"}}, {"nodeid": "core/business/test_product_validation.py::TestProductImportValidator::test_validate_sku_as_parent", "lineno": 241, "outcome": "passed", "keywords": ["test_validate_sku_as_parent", "TestProductImportValidator", "test_product_validation.py", "business", "core", "tests", ""], "setup": {"duration": 0.0003511249669827521, "outcome": "passed"}, "call": {"duration": 0.00037966598756611347, "outcome": "passed"}, "teardown": {"duration": 8.541595889255404e-05, "outcome": "passed"}}, {"nodeid": "core/business/test_product_validation.py::TestProductImportValidator::test_validate_sku_empty", "lineno": 223, "outcome": "passed", "keywords": ["test_validate_sku_empty", "TestProductImportValidator", "test_product_validation.py", "business", "core", "tests", ""], "setup": {"duration": 0.0002377500059083104, "outcome": "passed"}, "call": {"duration": 0.0002312909928150475, "outcome": "passed"}, "teardown": {"duration": 8.895801147446036e-05, "outcome": "passed"}}, {"nodeid": "core/business/test_product_validation.py::TestProductImportValidator::test_validate_sku_with_alte_nummer", "lineno": 215, "outcome": "passed", "keywords": ["test_validate_sku_with_alte_nummer", "TestProductImportValidator", "test_product_validation.py", "business", "core", "tests", ""], "setup": {"duration": 0.0002313329605385661, "outcome": "passed"}, "call": {"duration": 0.0002115420065820217, "outcome": "passed"}, "teardown": {"duration": 7.800001185387373e-05, "outcome": "passed"}}, {"nodeid": "core/business/test_product_validation.py::TestProductImportValidator::test_validate_sku_with_variant", "lineno": 231, "outcome": "passed", "keywords": ["test_validate_sku_with_variant", "TestProductImportValidator", "test_product_validation.py", "business", "core", "tests", ""], "setup": {"duration": 0.000212125014513731, "outcome": "passed"}, "call": {"duration": 0.0002157079870812595, "outcome": "passed"}, "teardown": {"duration": 7.85409938544035e-05, "outcome": "passed"}}, {"nodeid": "core/business/test_product_validation.py::TestProductImportValidator::test_validate_wholesale_price_invalid_preise", "lineno": 332, "outcome": "passed", "keywords": ["test_validate_wholesale_price_invalid_preise", "TestProductImportValidator", "test_product_validation.py", "business", "core", "tests", ""], "setup": {"duration": 0.00022175000049173832, "outcome": "passed"}, "call": {"duration": 0.00026470900047570467, "outcome": "passed"}, "teardown": {"duration": 9.92499990388751e-05, "outcome": "passed"}}, {"nodeid": "core/business/test_product_validation.py::TestProductImportValidator::test_validate_wholesale_price_negative", "lineno": 355, "outcome": "passed", "keywords": ["test_validate_wholesale_price_negative", "TestProductImportValidator", "test_product_validation.py", "business", "core", "tests", ""], "setup": {"duration": 0.0002472919877618551, "outcome": "passed"}, "call": {"duration": 0.00027712498558685184, "outcome": "passed"}, "teardown": {"duration": 8.19999841041863e-05, "outcome": "passed"}}, {"nodeid": "core/business/test_product_validation.py::TestProductImportValidator::test_validate_wholesale_price_numeric_conversion", "lineno": 347, "outcome": "passed", "keywords": ["test_validate_wholesale_price_numeric_conversion", "TestProductImportValidator", "test_product_validation.py", "business", "core", "tests", ""], "setup": {"duration": 0.00027187500381842256, "outcome": "passed"}, "call": {"duration": 0.00032129097962751985, "outcome": "passed"}, "teardown": {"duration": 8.650001836940646e-05, "outcome": "passed"}}, {"nodeid": "core/business/test_product_validation.py::TestProductImportValidator::test_validate_wholesale_price_with_preise", "lineno": 315, "outcome": "passed", "keywords": ["test_validate_wholesale_price_with_preise", "TestProductImportValidator", "test_product_validation.py", "business", "core", "tests", ""], "setup": {"duration": 0.00021770800231024623, "outcome": "passed"}, "call": {"duration": 0.00022433401318266988, "outcome": "passed"}, "teardown": {"duration": 0.00035366701195016503, "outcome": "passed"}}, {"nodeid": "core/business/test_product_validation.py::TestValidateProductModel::test_validate_product_model_invalid_fields", "lineno": 500, "outcome": "xfailed", "keywords": ["test_validate_product_model_invalid_fields", "xfail", "__wrapped__", "patchings", "pytestmark", "TestValidateProductModel", "test_product_validation.py", "business", "core", "tests", ""], "setup": {"duration": 0.0005258749588392675, "outcome": "passed"}, "call": {"duration": 0.0006668749847449362, "outcome": "skipped", "crash": {"path": "/Users/joan/VSProjects/pyERP/pyerp/business_modules/products/validators.py", "lineno": 485, "message": "django.core.exceptions.ValidationError: {'variant_code': ['Parent products cannot have variant codes']}"}, "traceback": [{"path": "tests/core/business/test_product_validation.py", "lineno": 510, "message": "in test_validate_product_model_invalid_fields"}, {"path": "pyerp/business_modules/products/validators.py", "lineno": 485, "message": "in validate_product_model"}], "longrepr": "tests/core/business/test_product_validation.py:510: in test_validate_product_model_invalid_fields\n    result = validate_product_model(product)\npyerp/business_modules/products/validators.py:485: in validate_product_model\n    raise ValidationError(\nE   django.core.exceptions.ValidationError: {'variant_code': ['Parent products cannot have variant codes']}"}, "teardown": {"duration": 0.00019366602646186948, "outcome": "passed"}}, {"nodeid": "core/business/test_product_validation.py::TestValidateProductModel::test_validate_product_model_invalid_parent_relationship", "lineno": 512, "outcome": "xfailed", "keywords": ["test_validate_product_model_invalid_parent_relationship", "xfail", "__wrapped__", "patchings", "pytestmark", "TestValidateProductModel", "test_product_validation.py", "business", "core", "tests", ""], "setup": {"duration": 0.00030983396572992206, "outcome": "passed"}, "call": {"duration": 0.0006632920121774077, "outcome": "skipped", "crash": {"path": "/Users/joan/VSProjects/pyERP/pyerp/business_modules/products/validators.py", "lineno": 481, "message": "django.core.exceptions.ValidationError: {'sku': ['Invalid SKU format']}"}, "traceback": [{"path": "tests/core/business/test_product_validation.py", "lineno": 529, "message": "in test_validate_product_model_invalid_parent_relationship"}, {"path": "pyerp/business_modules/products/validators.py", "lineno": 481, "message": "in validate_product_model"}], "longrepr": "tests/core/business/test_product_validation.py:529: in test_validate_product_model_invalid_parent_relationship\n    result = validate_product_model(product)\npyerp/business_modules/products/validators.py:481: in validate_product_model\n    raise ValidationError({\"sku\": [\"Invalid SKU format\"]})\nE   django.core.exceptions.ValidationError: {'sku': ['Invalid SKU format']}"}, "teardown": {"duration": 0.00016762502491474152, "outcome": "passed"}}, {"nodeid": "core/business/test_product_validation.py::TestValidateProductModel::test_validate_product_model_valid", "lineno": 481, "outcome": "xfailed", "keywords": ["test_validate_product_model_valid", "xfail", "__wrapped__", "patchings", "pytestmark", "TestValidateProductModel", "test_product_validation.py", "business", "core", "tests", ""], "setup": {"duration": 0.0003255000337958336, "outcome": "passed"}, "call": {"duration": 0.0006821660208515823, "outcome": "skipped", "crash": {"path": "/Users/joan/VSProjects/pyERP/pyerp/business_modules/products/validators.py", "lineno": 481, "message": "django.core.exceptions.ValidationError: {'sku': ['Invalid SKU format']}"}, "traceback": [{"path": "tests/core/business/test_product_validation.py", "lineno": 498, "message": "in test_validate_product_model_valid"}, {"path": "pyerp/business_modules/products/validators.py", "lineno": 481, "message": "in validate_product_model"}], "longrepr": "tests/core/business/test_product_validation.py:498: in test_validate_product_model_valid\n    result = validate_product_model(product)\npyerp/business_modules/products/validators.py:481: in validate_product_model\n    raise ValidationError({\"sku\": [\"Invalid SKU format\"]})\nE   django.core.exceptions.ValidationError: {'sku': ['Invalid SKU format']}"}, "teardown": {"duration": 0.00021612504497170448, "outcome": "passed"}}, {"nodeid": "core/business/test_products.py::TestProductValidation::TestSKUValidation::test_validate_sku_valid", "lineno": 46, "outcome": "passed", "keywords": ["test_validate_sku_valid", "TestSKUValidation", "TestProductValidation", "django_db", "test_products.py", "business", "core", "tests", ""], "setup": {"duration": 0.0005203339969739318, "outcome": "passed"}, "call": {"duration": 0.000268207979388535, "outcome": "passed"}, "teardown": {"duration": 0.00023854203755035996, "outcome": "passed"}}, {"nodeid": "core/business/test_products.py::TestProductValidation::TestSKUValidation::test_validate_sku_empty", "lineno": 53, "outcome": "passed", "keywords": ["test_validate_sku_empty", "TestSKUValidation", "TestProductValidation", "django_db", "test_products.py", "business", "core", "tests", ""], "setup": {"duration": 0.0005133750382810831, "outcome": "passed"}, "call": {"duration": 8.066702866926789e-05, "outcome": "passed"}, "teardown": {"duration": 0.00020758301252499223, "outcome": "passed"}}, {"nodeid": "core/business/test_products.py::TestProductValidation::TestSKUValidation::test_validate_sku_invalid_format", "lineno": 58, "outcome": "passed", "keywords": ["test_validate_sku_invalid_format", "TestSKUValidation", "TestProductValidation", "django_db", "test_products.py", "business", "core", "tests", ""], "setup": {"duration": 0.00040583405643701553, "outcome": "passed"}, "call": {"duration": 8.475000504404306e-05, "outcome": "passed"}, "teardown": {"duration": 0.0001931249862536788, "outcome": "passed"}}, {"nodeid": "core/business/test_products.py::TestProductValidation::TestSKUValidation::test_validate_sku_duplicate", "lineno": 63, "outcome": "passed", "keywords": ["test_validate_sku_duplicate", "TestSKUValidation", "TestProductValidation", "django_db", "test_products.py", "business", "core", "tests", ""], "setup": {"duration": 0.0003994579892605543, "outcome": "passed"}, "call": {"duration": 9.229197166860104e-05, "outcome": "passed"}, "teardown": {"duration": 0.00020020798547193408, "outcome": "passed"}}, {"nodeid": "core/business/test_products.py::TestProductValidation::TestNameValidation::test_validate_name_valid", "lineno": 73, "outcome": "passed", "keywords": ["test_validate_name_valid", "TestNameValidation", "TestProductValidation", "django_db", "test_products.py", "business", "core", "tests", ""], "setup": {"duration": 0.0008006670395843685, "outcome": "passed"}, "call": {"duration": 0.00024500000290572643, "outcome": "passed"}, "teardown": {"duration": 0.00025595800252631307, "outcome": "passed"}}, {"nodeid": "core/business/test_products.py::TestProductValidation::TestNameValidation::test_validate_name_empty", "lineno": 79, "outcome": "passed", "keywords": ["test_validate_name_empty", "TestNameValidation", "TestProductValidation", "django_db", "test_products.py", "business", "core", "tests", ""], "setup": {"duration": 0.0005017910152673721, "outcome": "passed"}, "call": {"duration": 9.250000584870577e-05, "outcome": "passed"}, "teardown": {"duration": 0.00021470803767442703, "outcome": "passed"}}, {"nodeid": "core/business/test_products.py::TestProductValidation::TestNameValidation::test_validate_name_too_long", "lineno": 84, "outcome": "passed", "keywords": ["test_validate_name_too_long", "TestNameValidation", "TestProductValidation", "django_db", "test_products.py", "business", "core", "tests", ""], "setup": {"duration": 0.00039595901034772396, "outcome": "passed"}, "call": {"duration": 7.520802319049835e-05, "outcome": "passed"}, "teardown": {"duration": 0.00019758299458771944, "outcome": "passed"}}, {"nodeid": "core/business/test_products.py::TestProductValidation::TestPriceValidation::test_validate_list_price_valid", "lineno": 93, "outcome": "passed", "keywords": ["test_validate_list_price_valid", "TestPriceValidation", "TestProductValidation", "django_db", "test_products.py", "business", "core", "tests", ""], "setup": {"duration": 0.00042395800119265914, "outcome": "passed"}, "call": {"duration": 7.874995935708284e-05, "outcome": "passed"}, "teardown": {"duration": 0.00018595904111862183, "outcome": "passed"}}, {"nodeid": "core/business/test_products.py::TestProductValidation::TestPriceValidation::test_validate_list_price_negative", "lineno": 99, "outcome": "passed", "keywords": ["test_validate_list_price_negative", "TestPriceValidation", "TestProductValidation", "django_db", "test_products.py", "business", "core", "tests", ""], "setup": {"duration": 0.00037016597343608737, "outcome": "passed"}, "call": {"duration": 7.420900510624051e-05, "outcome": "passed"}, "teardown": {"duration": 0.00018874998204410076, "outcome": "passed"}}, {"nodeid": "core/business/test_products.py::TestProductValidation::TestPriceValidation::test_validate_wholesale_price_valid", "lineno": 104, "outcome": "passed", "keywords": ["test_validate_wholesale_price_valid", "TestPriceValidation", "TestProductValidation", "django_db", "test_products.py", "business", "core", "tests", ""], "setup": {"duration": 0.0003951249527744949, "outcome": "passed"}, "call": {"duration": 7.212499622255564e-05, "outcome": "passed"}, "teardown": {"duration": 0.00019204203272238374, "outcome": "passed"}}, {"nodeid": "core/business/test_products.py::TestProductValidation::TestPriceValidation::test_validate_cost_price_valid", "lineno": 110, "outcome": "passed", "keywords": ["test_validate_cost_price_valid", "TestPriceValidation", "TestProductValidation", "django_db", "test_products.py", "business", "core", "tests", ""], "setup": {"duration": 0.00047450000420212746, "outcome": "passed"}, "call": {"duration": 7.770897354930639e-05, "outcome": "passed"}, "teardown": {"duration": 0.00020700000459328294, "outcome": "passed"}}, {"nodeid": "core/business/test_products.py::TestProductValidation::TestCategoryValidation::test_validate_category_valid", "lineno": 123, "outcome": "passed", "keywords": ["test_validate_category_valid", "__wrapped__", "patchings", "TestCategoryValidation", "TestProductValidation", "django_db", "test_products.py", "business", "core", "tests", ""], "setup": {"duration": 0.0005440000095404685, "outcome": "passed"}, "call": {"duration": 0.0004671250353567302, "outcome": "passed"}, "teardown": {"duration": 0.0002013749908655882, "outcome": "passed"}}, {"nodeid": "core/business/test_products.py::TestProductValidation::TestCategoryValidation::test_validate_category_not_found", "lineno": 137, "outcome": "passed", "keywords": ["test_validate_category_not_found", "__wrapped__", "patchings", "TestCategoryValidation", "TestProductValidation", "django_db", "test_products.py", "business", "core", "tests", ""], "setup": {"duration": 0.0008878330118022859, "outcome": "passed"}, "call": {"duration": 0.0003214579774066806, "outcome": "passed"}, "teardown": {"duration": 0.00022412498947232962, "outcome": "passed"}}, {"nodeid": "core/business/test_sales.py::TestSalesModel::test_abstract_model", "lineno": 12, "outcome": "passed", "keywords": ["test_abstract_model", "TestSalesModel", "test_sales.py", "business", "core", "tests", ""], "setup": {"duration": 0.00038470805156975985, "outcome": "passed"}, "call": {"duration": 0.00023854197934269905, "outcome": "passed"}, "teardown": {"duration": 0.00012320798123255372, "outcome": "passed"}}, {"nodeid": "core/test_audit_service.py::TestAuditService::test_get_client_ip_with_remote_addr", "lineno": 314, "outcome": "passed", "keywords": ["test_get_client_ip_with_remote_addr", "TestAuditService", "test_audit_service.py", "core", "tests", ""], "setup": {"duration": 0.000370957946870476, "outcome": "passed"}, "call": {"duration": 0.002536957967095077, "outcome": "passed", "stderr": "INFO 2025-03-20 21:22:05,173 signals 77805 8674591296 New user created: testuser\nINFO 2025-03-20 21:22:05,174 services 77805 8674591296 AUDIT: user_created - User 'testuser' created\n"}, "teardown": {"duration": 9.070802479982376e-05, "outcome": "passed"}}, {"nodeid": "core/test_audit_service.py::TestAuditService::test_get_client_ip_with_x_forwarded_for", "lineno": 306, "outcome": "passed", "keywords": ["test_get_client_ip_with_x_forwarded_for", "TestAuditService", "test_audit_service.py", "core", "tests", ""], "setup": {"duration": 0.00023920898092910647, "outcome": "passed"}, "call": {"duration": 0.001062709023244679, "outcome": "passed", "stderr": "INFO 2025-03-20 21:22:05,176 signals 77805 8674591296 New user created: testuser\nINFO 2025-03-20 21:22:05,176 services 77805 8674591296 AUDIT: user_created - User 'testuser' created\n"}, "teardown": {"duration": 8.458399679511786e-05, "outcome": "passed"}}, {"nodeid": "core/test_audit_service.py::TestAuditService::test_log_data_access", "lineno": 284, "outcome": "passed", "keywords": ["test_log_data_access", "__wrapped__", "patchings", "TestAuditService", "test_audit_service.py", "core", "tests", ""], "setup": {"duration": 0.00022833299590274692, "outcome": "passed"}, "call": {"duration": 0.001514042029157281, "outcome": "passed", "stderr": "INFO 2025-03-20 21:22:05,177 signals 77805 8674591296 New user created: testuser\nINFO 2025-03-20 21:22:05,177 services 77805 8674591296 AUDIT: user_created - User 'testuser' created\nINFO 2025-03-20 21:22:05,178 signals 77805 8674591296 New user created: accesseduser\n"}, "teardown": {"duration": 8.56249826028943e-05, "outcome": "passed"}}, {"nodeid": "core/test_audit_service.py::TestAuditService::test_log_event_basic", "lineno": 45, "outcome": "passed", "keywords": ["test_log_event_basic", "TestAuditService", "test_audit_service.py", "core", "tests", ""], "setup": {"duration": 0.00025879201712086797, "outcome": "passed"}, "call": {"duration": 0.002636499993968755, "outcome": "passed", "stderr": "INFO 2025-03-20 21:22:05,180 signals 77805 8674591296 New user created: testuser\nINFO 2025-03-20 21:22:05,180 services 77805 8674591296 AUDIT: user_created - User 'testuser' created\nINFO 2025-03-20 21:22:05,181 services 77805 8674591296 AUDIT: system_error - Test system error\n"}, "teardown": {"duration": 0.00011554098455235362, "outcome": "passed"}}, {"nodeid": "core/test_audit_service.py::TestAuditService::test_log_event_handles_exception", "lineno": 322, "outcome": "passed", "keywords": ["test_log_event_handles_exception", "__wrapped__", "patchings", "TestAuditService", "test_audit_service.py", "core", "tests", ""], "setup": {"duration": 0.0002976249670609832, "outcome": "passed"}, "call": {"duration": 0.0015215000021271408, "outcome": "passed", "stderr": "INFO 2025-03-20 21:22:05,183 signals 77805 8674591296 New user created: testuser\nINFO 2025-03-20 21:22:05,183 services 77805 8674591296 AUDIT: user_created - User 'testuser' created\n"}, "teardown": {"duration": 9.258300997316837e-05, "outcome": "passed"}}, {"nodeid": "core/test_audit_service.py::TestAuditService::test_log_event_with_additional_data", "lineno": 127, "outcome": "passed", "keywords": ["test_log_event_with_additional_data", "TestAuditService", "test_audit_service.py", "core", "tests", ""], "setup": {"duration": 0.00024470902280882, "outcome": "passed"}, "call": {"duration": 0.0014897919609211385, "outcome": "passed", "stderr": "INFO 2025-03-20 21:22:05,185 signals 77805 8674591296 New user created: testuser\nINFO 2025-03-20 21:22:05,185 services 77805 8674591296 AUDIT: user_created - User 'testuser' created\nINFO 2025-03-20 21:22:05,186 services 77805 8674591296 AUDIT: data_change - Test data change with extra info\n"}, "teardown": {"duration": 0.00011254195123910904, "outcome": "passed"}}, {"nodeid": "core/test_audit_service.py::TestAuditService::test_log_event_with_logger", "lineno": 84, "outcome": "passed", "keywords": ["test_log_event_with_logger", "__wrapped__", "patchings", "TestAuditService", "test_audit_service.py", "core", "tests", ""], "setup": {"duration": 0.00024095800472423434, "outcome": "passed"}, "call": {"duration": 0.0013397909933701158, "outcome": "passed", "stderr": "INFO 2025-03-20 21:22:05,187 signals 77805 8674591296 New user created: testuser\nINFO 2025-03-20 21:22:05,187 services 77805 8674591296 AUDIT: user_created - User 'testuser' created\n"}, "teardown": {"duration": 8.929200703278184e-05, "outcome": "passed"}}, {"nodeid": "core/test_audit_service.py::TestAuditService::test_log_event_with_related_object", "lineno": 108, "outcome": "passed", "keywords": ["test_log_event_with_related_object", "TestAuditService", "test_audit_service.py", "core", "tests", ""], "setup": {"duration": 0.00023966602748259902, "outcome": "passed"}, "call": {"duration": 0.0028505829977802932, "outcome": "passed", "stderr": "INFO 2025-03-20 21:22:05,189 signals 77805 8674591296 New user created: testuser\nINFO 2025-03-20 21:22:05,189 services 77805 8674591296 AUDIT: user_created - User 'testuser' created\nINFO 2025-03-20 21:22:05,191 signals 77805 8674591296 New user created: related_user\nINFO 2025-03-20 21:22:05,191 services 77805 8674591296 AUDIT: user_created - User 'related_user' created\nINFO 2025-03-20 21:22:05,191 services 77805 8674591296 AUDIT: user_created - Test user created event\n"}, "teardown": {"duration": 0.00011204200563952327, "outcome": "passed"}}, {"nodeid": "core/test_audit_service.py::TestAuditService::test_log_event_with_request", "lineno": 67, "outcome": "passed", "keywords": ["test_log_event_with_request", "TestAuditService", "test_audit_service.py", "core", "tests", ""], "setup": {"duration": 0.0004563329857774079, "outcome": "passed"}, "call": {"duration": 0.0017032500472851098, "outcome": "passed", "stderr": "INFO 2025-03-20 21:22:05,193 signals 77805 8674591296 New user created: testuser\nINFO 2025-03-20 21:22:05,194 services 77805 8674591296 AUDIT: user_created - User 'testuser' created\nINFO 2025-03-20 21:22:05,194 services 77805 8674591296 AUDIT: login - Test login event\n"}, "teardown": {"duration": 0.0001427080132998526, "outcome": "passed"}}, {"nodeid": "core/test_audit_service.py::TestAuditService::test_log_login", "lineno": 153, "outcome": "passed", "keywords": ["test_log_login", "__wrapped__", "patchings", "TestAuditService", "test_audit_service.py", "core", "tests", ""], "setup": {"duration": 0.0002561250003054738, "outcome": "passed"}, "call": {"duration": 0.0014811670407652855, "outcome": "passed", "stderr": "INFO 2025-03-20 21:22:05,196 signals 77805 8674591296 New user created: testuser\nINFO 2025-03-20 21:22:05,196 services 77805 8674591296 AUDIT: user_created - User 'testuser' created\n"}, "teardown": {"duration": 0.00013649999164044857, "outcome": "passed"}}, {"nodeid": "core/test_audit_service.py::TestAuditService::test_log_logout", "lineno": 175, "outcome": "passed", "keywords": ["test_log_logout", "__wrapped__", "patchings", "TestAuditService", "test_audit_service.py", "core", "tests", ""], "setup": {"duration": 0.00024616700829938054, "outcome": "passed"}, "call": {"duration": 0.001363791001494974, "outcome": "passed", "stderr": "INFO 2025-03-20 21:22:05,198 signals 77805 8674591296 New user created: testuser\nINFO 2025-03-20 21:22:05,198 services 77805 8674591296 AUDIT: user_created - User 'testuser' created\n"}, "teardown": {"duration": 9.170797420665622e-05, "outcome": "passed"}}, {"nodeid": "core/test_audit_service.py::TestAuditService::test_log_password_change", "lineno": 183, "outcome": "passed", "keywords": ["test_log_password_change", "__wrapped__", "patchings", "TestAuditService", "test_audit_service.py", "core", "tests", ""], "setup": {"duration": 0.001423209032509476, "outcome": "passed"}, "call": {"duration": 0.0016343329916708171, "outcome": "passed", "stderr": "INFO 2025-03-20 21:22:05,201 signals 77805 8674591296 New user created: testuser\nINFO 2025-03-20 21:22:05,202 services 77805 8674591296 AUDIT: user_created - User 'testuser' created\n"}, "teardown": {"duration": 0.00010554201435297728, "outcome": "passed"}}, {"nodeid": "core/test_audit_service.py::TestAuditService::test_log_password_reset", "lineno": 194, "outcome": "passed", "keywords": ["test_log_password_reset", "__wrapped__", "patchings", "TestAuditService", "test_audit_service.py", "core", "tests", ""], "setup": {"duration": 0.00026145903393626213, "outcome": "passed"}, "call": {"duration": 0.0016844169585965574, "outcome": "passed", "stderr": "INFO 2025-03-20 21:22:05,204 signals 77805 8674591296 New user created: testuser\nINFO 2025-03-20 21:22:05,204 services 77805 8674591296 AUDIT: user_created - User 'testuser' created\n"}, "teardown": {"duration": 9.433302329853177e-05, "outcome": "passed"}}, {"nodeid": "core/test_audit_service.py::TestAuditService::test_log_permission_change", "lineno": 255, "outcome": "passed", "keywords": ["test_log_permission_change", "__wrapped__", "patchings", "TestAuditService", "test_audit_service.py", "core", "tests", ""], "setup": {"duration": 0.00024329195730388165, "outcome": "passed"}, "call": {"duration": 0.0019652079790830612, "outcome": "passed", "stderr": "INFO 2025-03-20 21:22:05,206 signals 77805 8674591296 New user created: testuser\nINFO 2025-03-20 21:22:05,206 services 77805 8674591296 AUDIT: user_created - User 'testuser' created\nINFO 2025-03-20 21:22:05,207 signals 77805 8674591296 New user created: permissionuser\n"}, "teardown": {"duration": 0.00012754095951095223, "outcome": "passed"}}, {"nodeid": "core/test_audit_service.py::TestAuditService::test_log_user_created", "lineno": 205, "outcome": "passed", "keywords": ["test_log_user_created", "__wrapped__", "patchings", "TestAuditService", "test_audit_service.py", "core", "tests", ""], "setup": {"duration": 0.0003504169872030616, "outcome": "passed"}, "call": {"duration": 0.0015903330058790743, "outcome": "passed", "stderr": "INFO 2025-03-20 21:22:05,209 signals 77805 8674591296 New user created: testuser\nINFO 2025-03-20 21:22:05,209 services 77805 8674591296 AUDIT: user_created - User 'testuser' created\nINFO 2025-03-20 21:22:05,210 signals 77805 8674591296 New user created: newuser\n"}, "teardown": {"duration": 8.637498831376433e-05, "outcome": "passed"}}, {"nodeid": "core/test_audit_service.py::TestAuditService::test_log_user_updated", "lineno": 221, "outcome": "passed", "keywords": ["test_log_user_updated", "__wrapped__", "patchings", "TestAuditService", "test_audit_service.py", "core", "tests", ""], "setup": {"duration": 0.0002346670371480286, "outcome": "passed"}, "call": {"duration": 0.0013500829809345305, "outcome": "passed", "stderr": "INFO 2025-03-20 21:22:05,211 signals 77805 8674591296 New user created: testuser\nINFO 2025-03-20 21:22:05,211 services 77805 8674591296 AUDIT: user_created - User 'testuser' created\nINFO 2025-03-20 21:22:05,212 signals 77805 8674591296 New user created: updateduser\n"}, "teardown": {"duration": 0.0002505839802324772, "outcome": "passed"}}, {"nodeid": "core/test_middleware.py::TestDatabaseConnectionMiddleware::test_db_error_handling_for_api_paths", "lineno": 111, "outcome": "failed", "keywords": ["test_db_error_handling_for_api_paths", "TestDatabaseConnectionMiddleware", "test_middleware.py", "core", "tests", ""], "setup": {"duration": 0.0003665830008685589, "outcome": "passed"}, "call": {"duration": 0.00023787503596395254, "outcome": "failed", "crash": {"path": "/Users/joan/VSProjects/pyERP/tests/core/test_middleware.py", "lineno": 118, "message": "django.db.utils.OperationalError: Test error"}, "traceback": [{"path": "tests/core/test_middleware.py", "lineno": 122, "message": "in test_db_error_handling_for_api_paths"}, {"path": "pyerp/core/middleware.py", "lineno": 40, "message": "in __call__"}, {"path": "tests/core/test_middleware.py", "lineno": 118, "message": "in error_response"}], "longrepr": "tests/core/test_middleware.py:122: in test_db_error_handling_for_api_paths\n    response = error_middleware(request)\npyerp/core/middleware.py:40: in __call__\n    return self.get_response(request)\ntests/core/test_middleware.py:118: in error_response\n    raise OperationalError(\"Test error\")\nE   django.db.utils.OperationalError: Test error"}, "teardown": {"duration": 8.862500544637442e-05, "outcome": "passed"}}, {"nodeid": "core/test_middleware.py::TestDatabaseConnectionMiddleware::test_db_error_handling_for_regular_paths", "lineno": 95, "outcome": "failed", "keywords": ["test_db_error_handling_for_regular_paths", "TestDatabaseConnectionMiddleware", "test_middleware.py", "core", "tests", ""], "setup": {"duration": 0.00023691600654274225, "outcome": "passed"}, "call": {"duration": 0.00028241699328646064, "outcome": "failed", "crash": {"path": "/Users/joan/VSProjects/pyERP/tests/core/test_middleware.py", "lineno": 102, "message": "django.db.utils.OperationalError: Test error"}, "traceback": [{"path": "tests/core/test_middleware.py", "lineno": 106, "message": "in test_db_error_handling_for_regular_paths"}, {"path": "pyerp/core/middleware.py", "lineno": 40, "message": "in __call__"}, {"path": "tests/core/test_middleware.py", "lineno": 102, "message": "in error_response"}], "longrepr": "tests/core/test_middleware.py:106: in test_db_error_handling_for_regular_paths\n    response = error_middleware(request)\npyerp/core/middleware.py:40: in __call__\n    return self.get_response(request)\ntests/core/test_middleware.py:102: in error_response\n    raise OperationalError(\"Test error\")\nE   django.db.utils.OperationalError: Test error"}, "teardown": {"duration": 0.00012995797442272305, "outcome": "passed"}}, {"nodeid": "core/test_middleware.py::TestDatabaseConnectionMiddleware::test_health_check_endpoint", "lineno": 37, "outcome": "failed", "keywords": ["test_health_check_endpoint", "TestDatabaseConnectionMiddleware", "test_middleware.py", "core", "tests", ""], "setup": {"duration": 0.00025762501172721386, "outcome": "passed"}, "call": {"duration": 0.0007042079814709723, "outcome": "failed", "crash": {"path": "/opt/miniconda3/lib/python3.12/unittest/case.py", "lineno": 715, "message": "AssertionError: <HttpResponse status_code=200, \"text/html; charset=utf-8\"> is not an instance of <class 'django.http.response.JsonResponse'>"}, "traceback": [{"path": "tests/core/test_middleware.py", "lineno": 50, "message": "in test_health_check_endpoint"}], "longrepr": "tests/core/test_middleware.py:50: in test_health_check_endpoint\n    self.assertIsInstance(response, JsonResponse)\nE   AssertionError: <HttpResponse status_code=200, \"text/html; charset=utf-8\"> is not an instance of <class 'django.http.response.JsonResponse'>"}, "teardown": {"duration": 9.799998952075839e-05, "outcome": "passed"}}, {"nodeid": "core/test_middleware.py::TestDatabaseConnectionMiddleware::test_health_check_environment_info", "lineno": 130, "outcome": "failed", "keywords": ["test_health_check_environment_info", "__wrapped__", "patchings", "TestDatabaseConnectionMiddleware", "test_middleware.py", "core", "tests", ""], "setup": {"duration": 0.00023162498837336898, "outcome": "passed"}, "call": {"duration": 0.0009611669811420143, "outcome": "failed", "crash": {"path": "/opt/miniconda3/lib/python3.12/json/decoder.py", "lineno": 355, "message": "json.decoder.JSONDecodeError: Expecting value: line 1 column 1 (char 0)"}, "traceback": [{"path": "tests/core/test_middleware.py", "lineno": 145, "message": "in test_health_check_environment_info"}, {"path": "/opt/miniconda3/lib/python3.12/json/__init__.py", "lineno": 346, "message": "in loads"}, {"path": "/opt/miniconda3/lib/python3.12/json/decoder.py", "lineno": 337, "message": "in decode"}, {"path": "/opt/miniconda3/lib/python3.12/json/decoder.py", "lineno": 355, "message": "in raw_decode"}], "longrepr": "tests/core/test_middleware.py:145: in test_health_check_environment_info\n    response_data = json.loads(response.content)\n/opt/miniconda3/lib/python3.12/json/__init__.py:346: in loads\n    return _default_decoder.decode(s)\n/opt/miniconda3/lib/python3.12/json/decoder.py:337: in decode\n    obj, end = self.raw_decode(s, idx=_w(s, 0).end())\n/opt/miniconda3/lib/python3.12/json/decoder.py:355: in raw_decode\n    raise JSONDecodeError(\"Expecting value\", s, err.value) from None\nE   json.decoder.JSONDecodeError: Expecting value: line 1 column 1 (char 0)"}, "teardown": {"duration": 9.725004201754928e-05, "outcome": "passed"}}, {"nodeid": "core/test_middleware.py::TestDatabaseConnectionMiddleware::test_health_check_missing_settings", "lineno": 148, "outcome": "failed", "keywords": ["test_health_check_missing_settings", "__wrapped__", "patchings", "TestDatabaseConnectionMiddleware", "test_middleware.py", "core", "tests", ""], "setup": {"duration": 0.0002316250465810299, "outcome": "passed"}, "call": {"duration": 0.0007691250066272914, "outcome": "failed", "crash": {"path": "/opt/miniconda3/lib/python3.12/json/decoder.py", "lineno": 355, "message": "json.decoder.JSONDecodeError: Expecting value: line 1 column 1 (char 0)"}, "traceback": [{"path": "tests/core/test_middleware.py", "lineno": 167, "message": "in test_health_check_missing_settings"}, {"path": "/opt/miniconda3/lib/python3.12/json/__init__.py", "lineno": 346, "message": "in loads"}, {"path": "/opt/miniconda3/lib/python3.12/json/decoder.py", "lineno": 337, "message": "in decode"}, {"path": "/opt/miniconda3/lib/python3.12/json/decoder.py", "lineno": 355, "message": "in raw_decode"}], "longrepr": "tests/core/test_middleware.py:167: in test_health_check_missing_settings\n    response_data = json.loads(response.content)\n/opt/miniconda3/lib/python3.12/json/__init__.py:346: in loads\n    return _default_decoder.decode(s)\n/opt/miniconda3/lib/python3.12/json/decoder.py:337: in decode\n    obj, end = self.raw_decode(s, idx=_w(s, 0).end())\n/opt/miniconda3/lib/python3.12/json/decoder.py:355: in raw_decode\n    raise JSONDecodeError(\"Expecting value\", s, err.value) from None\nE   json.decoder.JSONDecodeError: Expecting value: line 1 column 1 (char 0)"}, "teardown": {"duration": 0.00017216696869581938, "outcome": "passed"}}, {"nodeid": "core/test_middleware.py::TestDatabaseConnectionMiddleware::test_health_check_with_db_error", "lineno": 56, "outcome": "failed", "keywords": ["test_health_check_with_db_error", "TestDatabaseConnectionMiddleware", "test_middleware.py", "core", "tests", ""], "setup": {"duration": 0.0006128749810159206, "outcome": "passed"}, "call": {"duration": 0.0006928750080987811, "outcome": "failed", "crash": {"path": "/opt/miniconda3/lib/python3.12/unittest/case.py", "lineno": 878, "message": "AssertionError: 200 != 503"}, "traceback": [{"path": "tests/core/test_middleware.py", "lineno": 71, "message": "in test_health_check_with_db_error"}], "longrepr": "tests/core/test_middleware.py:71: in test_health_check_with_db_error\n    self.assertEqual(response.status_code, 503)\nE   AssertionError: 200 != 503"}, "teardown": {"duration": 0.00011254101991653442, "outcome": "passed"}}, {"nodeid": "core/test_middleware.py::TestDatabaseConnectionMiddleware::test_normal_request_flow", "lineno": 29, "outcome": "passed", "keywords": ["test_normal_request_flow", "TestDatabaseConnectionMiddleware", "test_middleware.py", "core", "tests", ""], "setup": {"duration": 0.0002859999658539891, "outcome": "passed"}, "call": {"duration": 0.00032820802880451083, "outcome": "passed"}, "teardown": {"duration": 9.716697968542576e-05, "outcome": "passed"}}, {"nodeid": "core/test_middleware.py::TestDatabaseConnectionMiddleware::test_static_file_paths", "lineno": 79, "outcome": "passed", "keywords": ["test_static_file_paths", "TestDatabaseConnectionMiddleware", "test_middleware.py", "core", "tests", ""], "setup": {"duration": 0.00026112503837794065, "outcome": "passed"}, "call": {"duration": 0.00032245804322883487, "outcome": "passed"}, "teardown": {"duration": 0.00018191698472946882, "outcome": "passed"}}, {"nodeid": "core/test_middleware.py::TestAuthExemptMiddleware::test_auth_exempt_paths", "lineno": 184, "outcome": "passed", "keywords": ["test_auth_exempt_paths", "TestAuthExemptMiddleware", "test_middleware.py", "core", "tests", ""], "setup": {"duration": 0.0004171250038780272, "outcome": "passed"}, "call": {"duration": 0.0003501249593682587, "outcome": "passed"}, "teardown": {"duration": 8.891598554328084e-05, "outcome": "passed"}}, {"nodeid": "core/test_middleware.py::TestAuthExemptMiddleware::test_auth_exempt_response_handling", "lineno": 236, "outcome": "passed", "keywords": ["test_auth_exempt_response_handling", "__wrapped__", "TestAuthExemptMiddleware", "test_middleware.py", "core", "tests", ""], "setup": {"duration": 0.00022487499518319964, "outcome": "passed"}, "call": {"duration": 0.0012398330145515501, "outcome": "passed"}, "teardown": {"duration": 9.899999713525176e-05, "outcome": "passed"}}, {"nodeid": "core/test_middleware.py::TestAuthExemptMiddleware::test_auth_exempt_with_custom_response", "lineno": 268, "outcome": "passed", "keywords": ["test_auth_exempt_with_custom_response", "TestAuthExemptMiddleware", "test_middleware.py", "core", "tests", ""], "setup": {"duration": 0.00024120800662785769, "outcome": "passed"}, "call": {"duration": 0.0002654169802553952, "outcome": "passed"}, "teardown": {"duration": 7.983302930369973e-05, "outcome": "passed"}}, {"nodeid": "core/test_middleware.py::TestAuthExemptMiddleware::test_non_auth_response_handling", "lineno": 256, "outcome": "passed", "keywords": ["test_non_auth_response_handling", "TestAuthExemptMiddleware", "test_middleware.py", "core", "tests", ""], "setup": {"duration": 0.00021958298748359084, "outcome": "passed"}, "call": {"duration": 0.00021899997955188155, "outcome": "passed"}, "teardown": {"duration": 7.675000233575702e-05, "outcome": "passed"}}, {"nodeid": "core/test_middleware.py::TestAuthExemptMiddleware::test_non_exempt_paths", "lineno": 215, "outcome": "passed", "keywords": ["test_non_exempt_paths", "TestAuthExemptMiddleware", "test_middleware.py", "core", "tests", ""], "setup": {"duration": 0.0003149579861201346, "outcome": "passed"}, "call": {"duration": 0.0002626250497996807, "outcome": "passed"}, "teardown": {"duration": 0.00014841696247458458, "outcome": "passed"}}, {"nodeid": "core/test_models.py::TestAuditLogModel::test_additional_data_storage", "lineno": 131, "outcome": "passed", "keywords": ["test_additional_data_storage", "TestAuditLogModel", "test_models.py", "core", "tests", ""], "setup": {"duration": 0.00033845799043774605, "outcome": "passed"}, "call": {"duration": 0.02013854100368917, "outcome": "passed", "stderr": "INFO 2025-03-20 21:22:05,259 signals 77805 8674591296 New user created: testuser\nINFO 2025-03-20 21:22:05,260 services 77805 8674591296 AUDIT: user_created - User 'testuser' created\n"}, "teardown": {"duration": 0.00011175003601238132, "outcome": "passed"}}, {"nodeid": "core/test_models.py::TestAuditLogModel::test_audit_log_creation", "lineno": 35, "outcome": "passed", "keywords": ["test_audit_log_creation", "TestAuditLogModel", "test_models.py", "core", "tests", ""], "setup": {"duration": 0.0007155420025810599, "outcome": "passed"}, "call": {"duration": 0.016626874974463135, "outcome": "passed", "stderr": "INFO 2025-03-20 21:22:05,281 signals 77805 8674591296 New user created: testuser\nINFO 2025-03-20 21:22:05,281 services 77805 8674591296 AUDIT: user_created - User 'testuser' created\n"}, "teardown": {"duration": 0.00010312499944120646, "outcome": "passed"}}, {"nodeid": "core/test_models.py::TestAuditLogModel::test_audit_log_str_method", "lineno": 69, "outcome": "passed", "keywords": ["test_audit_log_str_method", "TestAuditLogModel", "test_models.py", "core", "tests", ""], "setup": {"duration": 0.0002657089498825371, "outcome": "passed"}, "call": {"duration": 0.017371000023558736, "outcome": "passed", "stderr": "INFO 2025-03-20 21:22:05,298 signals 77805 8674591296 New user created: testuser\nINFO 2025-03-20 21:22:05,298 services 77805 8674591296 AUDIT: user_created - User 'testuser' created\n"}, "teardown": {"duration": 0.00011683302000164986, "outcome": "passed"}}, {"nodeid": "core/test_models.py::TestAuditLogModel::test_event_type_choices", "lineno": 159, "outcome": "passed", "keywords": ["test_event_type_choices", "TestAuditLogModel", "test_models.py", "core", "tests", ""], "setup": {"duration": 0.00027029099874198437, "outcome": "passed"}, "call": {"duration": 0.017813583952374756, "outcome": "passed", "stderr": "INFO 2025-03-20 21:22:05,316 signals 77805 8674591296 New user created: testuser\nINFO 2025-03-20 21:22:05,317 services 77805 8674591296 AUDIT: user_created - User 'testuser' created\n"}, "teardown": {"duration": 0.00010454101720824838, "outcome": "passed"}}, {"nodeid": "core/test_models.py::TestAuditLogModel::test_related_object_tracking", "lineno": 109, "outcome": "passed", "keywords": ["test_related_object_tracking", "TestAuditLogModel", "test_models.py", "core", "tests", ""], "setup": {"duration": 0.00025625003036111593, "outcome": "passed"}, "call": {"duration": 0.015951292007230222, "outcome": "passed", "stderr": "INFO 2025-03-20 21:22:05,335 signals 77805 8674591296 New user created: testuser\nINFO 2025-03-20 21:22:05,335 services 77805 8674591296 AUDIT: user_created - User 'testuser' created\nINFO 2025-03-20 21:22:05,336 signals 77805 8674591296 New user created: related_user\nINFO 2025-03-20 21:22:05,336 services 77805 8674591296 AUDIT: user_created - User 'related_user' created\n"}, "teardown": {"duration": 0.00010237505193799734, "outcome": "passed"}}, {"nodeid": "core/test_models.py::TestAuditLogModel::test_username_auto_population", "lineno": 88, "outcome": "passed", "keywords": ["test_username_auto_population", "TestAuditLogModel", "test_models.py", "core", "tests", ""], "setup": {"duration": 0.000253707985393703, "outcome": "passed"}, "call": {"duration": 0.015506667026784271, "outcome": "passed", "stderr": "INFO 2025-03-20 21:22:05,351 signals 77805 8674591296 New user created: testuser\nINFO 2025-03-20 21:22:05,352 services 77805 8674591296 AUDIT: user_created - User 'testuser' created\n"}, "teardown": {"duration": 0.0001639170222915709, "outcome": "passed"}}, {"nodeid": "core/business/test_product_validation.py::TestProductValidation::test_sku_uniqueness_validation", "lineno": 25, "outcome": "passed", "keywords": ["test_sku_uniqueness_validation", "TestProductValidation", "test_product_validation.py", "business", "core", "tests", ""], "setup": {"duration": 0.0003964999923482537, "outcome": "passed"}, "call": {"duration": 0.00022112502483651042, "outcome": "passed"}, "teardown": {"duration": 8.595798863098025e-05, "outcome": "passed"}}, {"nodeid": "core/business/test_product_validation.py::TestProductValidation::test_parent_variant_validation", "lineno": 56, "outcome": "passed", "keywords": ["test_parent_variant_validation", "TestProductValidation", "test_product_validation.py", "business", "core", "tests", ""], "setup": {"duration": 0.00022379198344424367, "outcome": "passed"}, "call": {"duration": 6.270798621699214e-05, "outcome": "passed"}, "teardown": {"duration": 7.812504190951586e-05, "outcome": "passed"}}, {"nodeid": "core/business/test_product_validation.py::TestProductValidation::test_price_validation", "lineno": 69, "outcome": "passed", "keywords": ["test_price_validation", "TestProductValidation", "test_product_validation.py", "business", "core", "tests", ""], "setup": {"duration": 0.0002129159984178841, "outcome": "passed"}, "call": {"duration": 6.250001024454832e-05, "outcome": "passed"}, "teardown": {"duration": 7.524999091401696e-05, "outcome": "passed"}}, {"nodeid": "core/business/test_product_validation.py::TestProductValidation::test_price_range_validation", "lineno": 82, "outcome": "passed", "keywords": ["test_price_range_validation", "TestProductValidation", "test_product_validation.py", "business", "core", "tests", ""], "setup": {"duration": 0.00020549999317154288, "outcome": "passed"}, "call": {"duration": 5.691696424037218e-05, "outcome": "passed"}, "teardown": {"duration": 8.966703899204731e-05, "outcome": "passed"}}, {"nodeid": "core/business/test_product_validation.py::TestProductCategoryValidation::test_category_code_uniqueness", "lineno": 99, "outcome": "passed", "keywords": ["test_category_code_uniqueness", "TestProductCategoryValidation", "test_product_validation.py", "business", "core", "tests", ""], "setup": {"duration": 0.00022325001191347837, "outcome": "passed"}, "call": {"duration": 0.0001520420191809535, "outcome": "passed"}, "teardown": {"duration": 0.00014637497952207923, "outcome": "passed"}}, {"nodeid": "core/business/test_product_validation.py::TestProductImageValidation::test_image_url_validation", "lineno": 134, "outcome": "passed", "keywords": ["test_image_url_validation", "TestProductImageValidation", "test_product_validation.py", "business", "core", "tests", ""], "setup": {"duration": 0.00022166699636727571, "outcome": "passed"}, "call": {"duration": 5.666702054440975e-05, "outcome": "passed"}, "teardown": {"duration": 7.25829740986228e-05, "outcome": "passed"}}, {"nodeid": "core/business/test_product_validation.py::TestProductImageValidation::test_primary_image_validation", "lineno": 146, "outcome": "passed", "keywords": ["test_primary_image_validation", "TestProductImageValidation", "test_product_validation.py", "business", "core", "tests", ""], "setup": {"duration": 0.0002127499901689589, "outcome": "passed"}, "call": {"duration": 5.666702054440975e-05, "outcome": "passed"}, "teardown": {"duration": 8.01669666543603e-05, "outcome": "passed"}}, {"nodeid": "core/business/test_products.py::TestProductModelValidation::test_validate_product_model_valid", "lineno": 182, "outcome": "passed", "keywords": ["test_validate_product_model_valid", "TestProductModelValidation", "test_products.py", "business", "core", "tests", ""], "setup": {"duration": 0.00024266703985631466, "outcome": "passed"}, "call": {"duration": 0.00019145902479067445, "outcome": "passed"}, "teardown": {"duration": 8.26249597594142e-05, "outcome": "passed"}}, {"nodeid": "core/business/test_products.py::TestProductModelValidation::test_validate_product_model_invalid_sku", "lineno": 192, "outcome": "passed", "keywords": ["test_validate_product_model_invalid_sku", "TestProductModelValidation", "test_products.py", "business", "core", "tests", ""], "setup": {"duration": 0.00022641598479822278, "outcome": "passed"}, "call": {"duration": 0.0001823750208131969, "outcome": "passed"}, "teardown": {"duration": 0.0001443749642930925, "outcome": "passed"}}, {"nodeid": "core/business/test_products.py::TestProductModelValidation::test_validate_product_model_parent_with_variant", "lineno": 202, "outcome": "passed", "keywords": ["test_validate_product_model_parent_with_variant", "TestProductModelValidation", "test_products.py", "business", "core", "tests", ""], "setup": {"duration": 0.00022212497424334288, "outcome": "passed"}, "call": {"duration": 0.00016966601833701134, "outcome": "passed"}, "teardown": {"duration": 8.56249826028943e-05, "outcome": "passed"}}, {"nodeid": "core/business/test_sales.py::TestSalesStatusFunction::test_get_sales_status_general_exception", "lineno": 49, "outcome": "passed", "keywords": ["test_get_sales_status_general_exception", "__wrapped__", "patchings", "TestSalesStatusFunction", "test_sales.py", "business", "core", "tests", ""], "setup": {"duration": 0.00023983302526175976, "outcome": "passed"}, "call": {"duration": 0.00021849997574463487, "outcome": "passed"}, "teardown": {"duration": 7.54580250941217e-05, "outcome": "passed"}}, {"nodeid": "core/business/test_sales.py::TestSalesStatusFunction::test_get_sales_status_operational_error", "lineno": 35, "outcome": "passed", "keywords": ["test_get_sales_status_operational_error", "__wrapped__", "patchings", "TestSalesStatusFunction", "test_sales.py", "business", "core", "tests", ""], "setup": {"duration": 0.0002889580209739506, "outcome": "passed"}, "call": {"duration": 0.00019729201449081302, "outcome": "passed"}, "teardown": {"duration": 7.995800115168095e-05, "outcome": "passed"}}, {"nodeid": "core/business/test_sales.py::TestSalesStatusFunction::test_get_sales_status_success", "lineno": 20, "outcome": "passed", "keywords": ["test_get_sales_status_success", "__wrapped__", "patchings", "TestSalesStatusFunction", "test_sales.py", "business", "core", "tests", ""], "setup": {"duration": 0.00020587496692314744, "outcome": "passed"}, "call": {"duration": 0.00034816598054021597, "outcome": "passed"}, "teardown": {"duration": 9.433302329853177e-05, "outcome": "passed"}}, {"nodeid": "core/business/test_sales_api.py::TestDummySalesViewSet::test_list", "lineno": 14, "outcome": "passed", "keywords": ["test_list", "TestDummySalesViewSet", "test_sales_api.py", "business", "core", "tests", ""], "setup": {"duration": 0.00024045800091698766, "outcome": "passed"}, "call": {"duration": 0.00011025002459064126, "outcome": "passed"}, "teardown": {"duration": 7.320899749174714e-05, "outcome": "passed"}}, {"nodeid": "core/business/test_sales_api.py::TestDummySalesViewSet::test_retrieve", "lineno": 20, "outcome": "passed", "keywords": ["test_retrieve", "TestDummySalesViewSet", "test_sales_api.py", "business", "core", "tests", ""], "setup": {"duration": 0.00020750000840052962, "outcome": "passed"}, "call": {"duration": 9.079097071662545e-05, "outcome": "passed"}, "teardown": {"duration": 7.658300455659628e-05, "outcome": "passed"}}, {"nodeid": "core/business/test_sales_api.py::TestDummySalesViewSet::test_retrieve_default_pk", "lineno": 29, "outcome": "passed", "keywords": ["test_retrieve_default_pk", "TestDummySalesViewSet", "test_sales_api.py", "business", "core", "tests", ""], "setup": {"duration": 0.00020308303646743298, "outcome": "passed"}, "call": {"duration": 9.050004882737994e-05, "outcome": "passed"}, "teardown": {"duration": 0.00011016702046617866, "outcome": "passed"}}, {"nodeid": "core/business/test_sales_api.py::TestApiVersion::test_api_version_format", "lineno": 42, "outcome": "passed", "keywords": ["test_api_version_format", "TestApiVersion", "test_sales_api.py", "business", "core", "tests", ""], "setup": {"duration": 0.0002481670235283673, "outcome": "passed"}, "call": {"duration": 8.420797530561686e-05, "outcome": "passed"}, "teardown": {"duration": 8.100003469735384e-05, "outcome": "passed"}}, {"nodeid": "core/business/test_sales_views.py::TestViewSet::test_docstring", "lineno": 19, "outcome": "passed", "keywords": ["test_docstring", "TestViewSet", "test_sales_views.py", "business", "core", "tests", ""], "setup": {"duration": 0.00023229100042954087, "outcome": "passed"}, "call": {"duration": 0.00010612496407702565, "outcome": "passed"}, "teardown": {"duration": 0.00011500000255182385, "outcome": "passed"}}, {"nodeid": "core/business/test_sales_views.py::TestViewSet::test_viewset_init", "lineno": 14, "outcome": "passed", "keywords": ["test_viewset_init", "TestViewSet", "test_sales_views.py", "business", "core", "tests", ""], "setup": {"duration": 0.00025470799300819635, "outcome": "passed"}, "call": {"duration": 8.358398918062449e-05, "outcome": "passed"}, "teardown": {"duration": 9.233300806954503e-05, "outcome": "passed"}}, {"nodeid": "core/test_compound_business_validator.py::TestBusinessRuleValidator::test_business_rule_validator_with_function", "lineno": 20, "outcome": "passed", "keywords": ["test_business_rule_validator_with_function", "TestBusinessRuleValidator", "test_compound_business_validator.py", "core", "tests", ""], "setup": {"duration": 0.00023629103088751435, "outcome": "passed"}, "call": {"duration": 7.183401612564921e-05, "outcome": "passed"}, "teardown": {"duration": 8.370797149837017e-05, "outcome": "passed"}}, {"nodeid": "core/test_compound_business_validator.py::TestBusinessRuleValidator::test_business_rule_validator_with_lambda", "lineno": 46, "outcome": "passed", "keywords": ["test_business_rule_validator_with_lambda", "TestBusinessRuleValidator", "test_compound_business_validator.py", "core", "tests", ""], "setup": {"duration": 0.0002061669947579503, "outcome": "passed"}, "call": {"duration": 6.374996155500412e-05, "outcome": "passed"}, "teardown": {"duration": 7.833301788195968e-05, "outcome": "passed"}}, {"nodeid": "core/test_compound_business_validator.py::TestBusinessRuleValidator::test_business_rule_validator_with_context", "lineno": 66, "outcome": "passed", "keywords": ["test_business_rule_validator_with_context", "TestBusinessRuleValidator", "test_compound_business_validator.py", "core", "tests", ""], "setup": {"duration": 0.00020970799960196018, "outcome": "passed"}, "call": {"duration": 6.495800334960222e-05, "outcome": "passed"}, "teardown": {"duration": 8.112500654533505e-05, "outcome": "passed"}}, {"nodeid": "core/test_compound_business_validator.py::TestCompoundValidator::test_compound_validator_not_require_all", "lineno": 93, "outcome": "passed", "keywords": ["test_compound_validator_not_require_all", "TestCompoundValidator", "test_compound_business_validator.py", "core", "tests", ""], "setup": {"duration": 0.00024145800853148103, "outcome": "passed"}, "call": {"duration": 7.570796879008412e-05, "outcome": "passed"}, "teardown": {"duration": 7.500004721805453e-05, "outcome": "passed"}}, {"nodeid": "core/test_compound_business_validator.py::TestCompoundValidator::test_compound_validator_custom_error_message", "lineno": 132, "outcome": "passed", "keywords": ["test_compound_validator_custom_error_message", "TestCompoundValidator", "test_compound_business_validator.py", "core", "tests", ""], "setup": {"duration": 0.0002068749745376408, "outcome": "passed"}, "call": {"duration": 6.22090301476419e-05, "outcome": "passed"}, "teardown": {"duration": 7.258402183651924e-05, "outcome": "passed"}}, {"nodeid": "core/test_compound_business_validator.py::TestCompoundValidator::test_compound_validator_empty_validators_list", "lineno": 150, "outcome": "passed", "keywords": ["test_compound_validator_empty_validators_list", "TestCompoundValidator", "test_compound_business_validator.py", "core", "tests", ""], "setup": {"duration": 0.00025937496684491634, "outcome": "passed"}, "call": {"duration": 5.945900920778513e-05, "outcome": "passed"}, "teardown": {"duration": 0.00010216602822765708, "outcome": "passed"}}, {"nodeid": "core/test_import_validator.py::TestImportValidator::test_init", "lineno": 52, "outcome": "passed", "keywords": ["test_init", "TestImportValidator", "test_import_validator.py", "core", "tests", ""], "setup": {"duration": 0.00023137498646974564, "outcome": "passed"}, "call": {"duration": 5.616602720692754e-05, "outcome": "passed"}, "teardown": {"duration": 7.508404087275267e-05, "outcome": "passed"}}, {"nodeid": "core/test_import_validator.py::TestImportValidator::test_validate_row_success", "lineno": 62, "outcome": "passed", "keywords": ["test_validate_row_success", "TestImportValidator", "test_import_validator.py", "core", "tests", ""], "setup": {"duration": 0.00020033400505781174, "outcome": "passed"}, "call": {"duration": 6.762502016499639e-05, "outcome": "passed"}, "teardown": {"duration": 7.1291986387223e-05, "outcome": "passed"}}, {"nodeid": "core/test_import_validator.py::TestImportValidator::test_validate_row_with_field_error", "lineno": 75, "outcome": "passed", "keywords": ["test_validate_row_with_field_error", "TestImportValidator", "test_import_validator.py", "core", "tests", ""], "setup": {"duration": 0.0002003329573199153, "outcome": "passed"}, "call": {"duration": 6.549997488036752e-05, "outcome": "passed"}, "teardown": {"duration": 7.854198338463902e-05, "outcome": "passed"}}, {"nodeid": "core/test_import_validator.py::TestImportValidator::test_validate_row_with_field_warning", "lineno": 86, "outcome": "passed", "keywords": ["test_validate_row_with_field_warning", "TestImportValidator", "test_import_validator.py", "core", "tests", ""], "setup": {"duration": 0.00020483299158513546, "outcome": "passed"}, "call": {"duration": 6.204203236848116e-05, "outcome": "passed"}, "teardown": {"duration": 7.266696775332093e-05, "outcome": "passed"}}, {"nodeid": "core/test_import_validator.py::TestImportValidator::test_validate_row_with_strict_mode", "lineno": 97, "outcome": "passed", "keywords": ["test_validate_row_with_strict_mode", "TestImportValidator", "test_import_validator.py", "core", "tests", ""], "setup": {"duration": 0.0001961250090971589, "outcome": "passed"}, "call": {"duration": 6.1584054492414e-05, "outcome": "passed"}, "teardown": {"duration": 7.01249809935689e-05, "outcome": "passed"}}, {"nodeid": "core/test_import_validator.py::TestImportValidator::test_validate_row_with_cross_validation", "lineno": 108, "outcome": "passed", "keywords": ["test_validate_row_with_cross_validation", "TestImportValidator", "test_import_validator.py", "core", "tests", ""], "setup": {"duration": 0.00019320804858580232, "outcome": "passed"}, "call": {"duration": 6.049999501556158e-05, "outcome": "passed"}, "teardown": {"duration": 7.44159915484488e-05, "outcome": "passed"}}, {"nodeid": "core/test_import_validator.py::TestImportValidator::test_validate_row_with_exception", "lineno": 119, "outcome": "passed", "keywords": ["test_validate_row_with_exception", "TestImportValidator", "test_import_validator.py", "core", "tests", ""], "setup": {"duration": 0.0001990000018849969, "outcome": "passed"}, "call": {"duration": 7.20410025678575e-05, "outcome": "passed"}, "teardown": {"duration": 6.987497908994555e-05, "outcome": "passed"}}, {"nodeid": "core/test_import_validator.py::TestImportValidator::test_validate_row_with_skip_exception", "lineno": 134, "outcome": "passed", "keywords": ["test_validate_row_with_skip_exception", "TestImportValidator", "test_import_validator.py", "core", "tests", ""], "setup": {"duration": 0.00022004201309755445, "outcome": "passed"}, "call": {"duration": 7.349997758865356e-05, "outcome": "passed"}, "teardown": {"duration": 6.920797750353813e-05, "outcome": "passed"}}, {"nodeid": "core/test_import_validator.py::TestImportValidator::test_post_validate_row", "lineno": 148, "outcome": "passed", "keywords": ["test_post_validate_row", "TestImportValidator", "test_import_validator.py", "core", "tests", ""], "setup": {"duration": 0.00019508402328938246, "outcome": "passed"}, "call": {"duration": 5.887501174584031e-05, "outcome": "passed"}, "teardown": {"duration": 9.491603123024106e-05, "outcome": "passed"}}, {"nodeid": "core/test_validation.py::TestValidatedForm::test_form_valid", "lineno": 208, "outcome": "passed", "keywords": ["test_form_valid", "TestValidatedForm", "test_validation.py", "core", "tests", ""], "setup": {"duration": 0.0002447500010021031, "outcome": "passed"}, "call": {"duration": 0.0001210839836858213, "outcome": "passed"}, "teardown": {"duration": 7.499998901039362e-05, "outcome": "passed"}}, {"nodeid": "core/test_validation.py::TestValidatedForm::test_form_invalid_field", "lineno": 221, "outcome": "passed", "keywords": ["test_form_invalid_field", "TestValidatedForm", "test_validation.py", "core", "tests", ""], "setup": {"duration": 0.0002198750153183937, "outcome": "passed"}, "call": {"duration": 6.466603372246027e-05, "outcome": "passed"}, "teardown": {"duration": 7.254199590533972e-05, "outcome": "passed"}}, {"nodeid": "core/test_validation.py::TestValidatedForm::test_form_invalid_multiple_fields", "lineno": 235, "outcome": "passed", "keywords": ["test_form_invalid_multiple_fields", "TestValidatedForm", "test_validation.py", "core", "tests", ""], "setup": {"duration": 0.00021537498105317354, "outcome": "passed"}, "call": {"duration": 7.06670107319951e-05, "outcome": "passed"}, "teardown": {"duration": 7.30419997125864e-05, "outcome": "passed"}}, {"nodeid": "core/test_validation.py::TestValidatedForm::test_form_level_validation", "lineno": 250, "outcome": "passed", "keywords": ["test_form_level_validation", "TestValidatedForm", "test_validation.py", "core", "tests", ""], "setup": {"duration": 0.00021766702411696315, "outcome": "passed"}, "call": {"duration": 6.574997678399086e-05, "outcome": "passed"}, "teardown": {"duration": 8.574995445087552e-05, "outcome": "passed"}}, {"nodeid": "core/test_validation.py::TestValidatedModelForm::test_model_form_valid", "lineno": 320, "outcome": "passed", "keywords": ["test_model_form_valid", "TestValidatedModelForm", "test_validation.py", "core", "tests", ""], "setup": {"duration": 0.00022133300080895424, "outcome": "passed"}, "call": {"duration": 6.216700421646237e-05, "outcome": "passed"}, "teardown": {"duration": 7.100001676008105e-05, "outcome": "passed"}}, {"nodeid": "core/test_validation.py::TestValidatedModelForm::test_model_form_invalid_field", "lineno": 327, "outcome": "passed", "keywords": ["test_model_form_invalid_field", "TestValidatedModelForm", "test_validation.py", "core", "tests", ""], "setup": {"duration": 0.00020458397921174765, "outcome": "passed"}, "call": {"duration": 6.641697837039828e-05, "outcome": "passed"}, "teardown": {"duration": 7.329200161620975e-05, "outcome": "passed"}}, {"nodeid": "core/test_validation.py::TestValidatedModelForm::test_model_form_partial_data", "lineno": 337, "outcome": "passed", "keywords": ["test_model_form_partial_data", "TestValidatedModelForm", "test_validation.py", "core", "tests", ""], "setup": {"duration": 0.00019416597206145525, "outcome": "passed"}, "call": {"duration": 6.012496305629611e-05, "outcome": "passed"}, "teardown": {"duration": 8.108402835205197e-05, "outcome": "passed"}}, {"nodeid": "core/test_validation.py::TestRegexValidator::test_regex_validator_valid", "lineno": 355, "outcome": "passed", "keywords": ["test_regex_validator_valid", "TestRegexValidator", "test_validation.py", "core", "tests", ""], "setup": {"duration": 0.0002187080099247396, "outcome": "passed"}, "call": {"duration": 5.2709016017615795e-05, "outcome": "passed"}, "teardown": {"duration": 7.104198448359966e-05, "outcome": "passed"}}, {"nodeid": "core/test_validation.py::TestRegexValidator::test_regex_validator_invalid", "lineno": 366, "outcome": "passed", "keywords": ["test_regex_validator_invalid", "TestRegexValidator", "test_validation.py", "core", "tests", ""], "setup": {"duration": 0.00019108399283140898, "outcome": "passed"}, "call": {"duration": 5.545798921957612e-05, "outcome": "passed"}, "teardown": {"duration": 7.820804603397846e-05, "outcome": "passed"}}, {"nodeid": "core/test_validation.py::TestEmailValidator::test_email_validator_valid", "lineno": 381, "outcome": "passed", "keywords": ["test_email_validator_valid", "TestEmailValidator", "test_validation.py", "core", "tests", ""], "setup": {"duration": 0.000208082958124578, "outcome": "passed"}, "call": {"duration": 5.304196383804083e-05, "outcome": "passed"}, "teardown": {"duration": 7.158401422202587e-05, "outcome": "passed"}}, {"nodeid": "core/test_validation.py::TestEmailValidator::test_email_validator_invalid", "lineno": 392, "outcome": "passed", "keywords": ["test_email_validator_invalid", "TestEmailValidator", "test_validation.py", "core", "tests", ""], "setup": {"duration": 0.00025170797016471624, "outcome": "passed"}, "call": {"duration": 5.4500007536262274e-05, "outcome": "passed"}, "teardown": {"duration": 7.733295205980539e-05, "outcome": "passed"}}, {"nodeid": "core/test_validation.py::TestNumberValidator::test_number_validator_valid", "lineno": 407, "outcome": "passed", "keywords": ["test_number_validator_valid", "TestNumberValidator", "test_validation.py", "core", "tests", ""], "setup": {"duration": 0.00020908302394673228, "outcome": "passed"}, "call": {"duration": 5.58749889023602e-05, "outcome": "passed"}, "teardown": {"duration": 6.870803190395236e-05, "outcome": "passed"}}, {"nodeid": "core/test_validation.py::TestNumberValidator::test_number_validator_invalid", "lineno": 418, "outcome": "passed", "keywords": ["test_number_validator_invalid", "TestNumberValidator", "test_validation.py", "core", "tests", ""], "setup": {"duration": 0.00019587500719353557, "outcome": "passed"}, "call": {"duration": 5.4541975259780884e-05, "outcome": "passed"}, "teardown": {"duration": 7.750000804662704e-05, "outcome": "passed"}}, {"nodeid": "core/test_validation_exceptions.py::TestImportValidationError::test_init_with_single_error", "lineno": 12, "outcome": "passed", "keywords": ["test_init_with_single_error", "TestImportValidationError", "test_validation_exceptions.py", "core", "tests", ""], "setup": {"duration": 0.00021304201800376177, "outcome": "passed"}, "call": {"duration": 6.229197606444359e-05, "outcome": "passed"}, "teardown": {"duration": 7.466704118996859e-05, "outcome": "passed"}}, {"nodeid": "core/test_validation_exceptions.py::TestImportValidationError::test_init_with_multiple_errors", "lineno": 20, "outcome": "passed", "keywords": ["test_init_with_multiple_errors", "TestImportValidationError", "test_validation_exceptions.py", "core", "tests", ""], "setup": {"duration": 0.00019258400425314903, "outcome": "passed"}, "call": {"duration": 5.8375007938593626e-05, "outcome": "passed"}, "teardown": {"duration": 7.016700692474842e-05, "outcome": "passed"}}, {"nodeid": "core/test_validation_exceptions.py::TestImportValidationError::test_format_errors", "lineno": 33, "outcome": "passed", "keywords": ["test_format_errors", "TestImportValidationError", "test_validation_exceptions.py", "core", "tests", ""], "setup": {"duration": 0.000191833998542279, "outcome": "passed"}, "call": {"duration": 5.5917014833539724e-05, "outcome": "passed"}, "teardown": {"duration": 7.770804222673178e-05, "outcome": "passed"}}, {"nodeid": "core/test_validation_exceptions.py::TestSkipRowException::test_init_with_reason", "lineno": 47, "outcome": "passed", "keywords": ["test_init_with_reason", "TestSkipRowException", "test_validation_exceptions.py", "core", "tests", ""], "setup": {"duration": 0.00021258299238979816, "outcome": "passed"}, "call": {"duration": 0.00028366700280457735, "outcome": "passed"}, "teardown": {"duration": 0.0001189160393550992, "outcome": "passed"}}, {"nodeid": "core/test_validation_exceptions.py::TestSkipRowException::test_init_without_reason", "lineno": 54, "outcome": "passed", "keywords": ["test_init_without_reason", "TestSkipRowException", "test_validation_exceptions.py", "core", "tests", ""], "setup": {"duration": 0.000261999957729131, "outcome": "passed"}, "call": {"duration": 7.20410025678575e-05, "outcome": "passed"}, "teardown": {"duration": 8.591596269980073e-05, "outcome": "passed"}}, {"nodeid": "core/test_validators.py::TestValidationResult::test_initialization", "lineno": 27, "outcome": "passed", "keywords": ["test_initialization", "TestValidationResult", "test_validators.py", "core", "tests", ""], "setup": {"duration": 0.00023016601335257292, "outcome": "passed"}, "call": {"duration": 5.929201142862439e-05, "outcome": "passed"}, "teardown": {"duration": 7.387500954791903e-05, "outcome": "passed"}}, {"nodeid": "core/test_validators.py::TestValidationResult::test_add_error", "lineno": 35, "outcome": "passed", "keywords": ["test_add_error", "TestValidationResult", "test_validators.py", "core", "tests", ""], "setup": {"duration": 0.00019904098007827997, "outcome": "passed"}, "call": {"duration": 5.666696233674884e-05, "outcome": "passed"}, "teardown": {"duration": 7.43329874239862e-05, "outcome": "passed"}}, {"nodeid": "core/test_validators.py::TestValidationResult::test_add_warning", "lineno": 51, "outcome": "passed", "keywords": ["test_add_warning", "TestValidationResult", "test_validators.py", "core", "tests", ""], "setup": {"duration": 0.00021195801673457026, "outcome": "passed"}, "call": {"duration": 5.8416975662112236e-05, "outcome": "passed"}, "teardown": {"duration": 7.258396362885833e-05, "outcome": "passed"}}, {"nodeid": "core/test_validators.py::TestValidationResult::test_merge", "lineno": 67, "outcome": "passed", "keywords": ["test_merge", "TestValidationResult", "test_validators.py", "core", "tests", ""], "setup": {"duration": 0.0001955829793587327, "outcome": "passed"}, "call": {"duration": 6.229197606444359e-05, "outcome": "passed"}, "teardown": {"duration": 8.133298251777887e-05, "outcome": "passed"}}, {"nodeid": "core/test_validators.py::TestRequiredValidator::test_required_validator_with_value", "lineno": 96, "outcome": "passed", "keywords": ["test_required_validator_with_value", "TestRequiredValidator", "test_validators.py", "core", "tests", ""], "setup": {"duration": 0.0002596669946797192, "outcome": "passed"}, "call": {"duration": 5.787500413134694e-05, "outcome": "passed"}, "teardown": {"duration": 7.120799273252487e-05, "outcome": "passed"}}, {"nodeid": "core/test_validators.py::TestRequiredValidator::test_required_validator_without_value", "lineno": 103, "outcome": "passed", "keywords": ["test_required_validator_without_value", "TestRequiredValidator", "test_validators.py", "core", "tests", ""], "setup": {"duration": 0.00019841600442305207, "outcome": "passed"}, "call": {"duration": 6.250001024454832e-05, "outcome": "passed"}, "teardown": {"duration": 8.325005182996392e-05, "outcome": "passed"}}, {"nodeid": "core/test_validators.py::TestRegexValidator::test_regex_validator_match", "lineno": 125, "outcome": "passed", "keywords": ["test_regex_validator_match", "TestRegexValidator", "test_validators.py", "core", "tests", ""], "setup": {"duration": 0.0002137920237146318, "outcome": "passed"}, "call": {"duration": 0.0001210839836858213, "outcome": "passed"}, "teardown": {"duration": 7.050001295283437e-05, "outcome": "passed"}}, {"nodeid": "core/test_validators.py::TestRegexValidator::test_regex_validator_no_match", "lineno": 132, "outcome": "passed", "keywords": ["test_regex_validator_no_match", "TestRegexValidator", "test_validators.py", "core", "tests", ""], "setup": {"duration": 0.0001972499885596335, "outcome": "passed"}, "call": {"duration": 5.933298962190747e-05, "outcome": "passed"}, "teardown": {"duration": 6.991601549088955e-05, "outcome": "passed"}}, {"nodeid": "core/test_validators.py::TestRegexValidator::test_regex_validator_none_value", "lineno": 143, "outcome": "passed", "keywords": ["test_regex_validator_none_value", "TestRegexValidator", "test_validators.py", "core", "tests", ""], "setup": {"duration": 0.0001950410078279674, "outcome": "passed"}, "call": {"duration": 5.925004370510578e-05, "outcome": "passed"}, "teardown": {"duration": 8.512497879564762e-05, "outcome": "passed"}}, {"nodeid": "core/test_validators.py::TestRangeValidator::test_range_validator_within_range", "lineno": 154, "outcome": "passed", "keywords": ["test_range_validator_within_range", "TestRangeValidator", "test_validators.py", "core", "tests", ""], "setup": {"duration": 0.0002172920503653586, "outcome": "passed"}, "call": {"duration": 5.88749535381794e-05, "outcome": "passed"}, "teardown": {"duration": 7.099995855242014e-05, "outcome": "passed"}}, {"nodeid": "core/test_validators.py::TestRangeValidator::test_range_validator_below_min", "lineno": 161, "outcome": "passed", "keywords": ["test_range_validator_below_min", "TestRangeValidator", "test_validators.py", "core", "tests", ""], "setup": {"duration": 0.00019449996761977673, "outcome": "passed"}, "call": {"duration": 5.791697185486555e-05, "outcome": "passed"}, "teardown": {"duration": 7.016700692474842e-05, "outcome": "passed"}}, {"nodeid": "core/test_validators.py::TestRangeValidator::test_range_validator_above_max", "lineno": 173, "outcome": "passed", "keywords": ["test_range_validator_above_max", "TestRangeValidator", "test_validators.py", "core", "tests", ""], "setup": {"duration": 0.0002008749870583415, "outcome": "passed"}, "call": {"duration": 5.866697756573558e-05, "outcome": "passed"}, "teardown": {"duration": 7.349997758865356e-05, "outcome": "passed"}}, {"nodeid": "core/test_validators.py::TestRangeValidator::test_range_validator_min_only", "lineno": 179, "outcome": "passed", "keywords": ["test_range_validator_min_only", "TestRangeValidator", "test_validators.py", "core", "tests", ""], "setup": {"duration": 0.00020129198674112558, "outcome": "passed"}, "call": {"duration": 5.9582991525530815e-05, "outcome": "passed"}, "teardown": {"duration": 7.170898607000709e-05, "outcome": "passed"}}, {"nodeid": "core/test_validators.py::TestRangeValidator::test_range_validator_max_only", "lineno": 188, "outcome": "passed", "keywords": ["test_range_validator_max_only", "TestRangeValidator", "test_validators.py", "core", "tests", ""], "setup": {"duration": 0.0001942089875228703, "outcome": "passed"}, "call": {"duration": 5.716702435165644e-05, "outcome": "passed"}, "teardown": {"duration": 8.937501115724444e-05, "outcome": "passed"}}, {"nodeid": "core/test_validators.py::TestLengthValidator::test_length_validator_within_range", "lineno": 201, "outcome": "passed", "keywords": ["test_length_validator_within_range", "TestLengthValidator", "test_validators.py", "core", "tests", ""], "setup": {"duration": 0.00021091598318889737, "outcome": "passed"}, "call": {"duration": 5.6374992709606886e-05, "outcome": "passed"}, "teardown": {"duration": 6.987503729760647e-05, "outcome": "passed"}}, {"nodeid": "core/test_validators.py::TestLengthValidator::test_length_validator_too_short", "lineno": 208, "outcome": "passed", "keywords": ["test_length_validator_too_short", "TestLengthValidator", "test_validators.py", "core", "tests", ""], "setup": {"duration": 0.00019583303947001696, "outcome": "passed"}, "call": {"duration": 5.849997978657484e-05, "outcome": "passed"}, "teardown": {"duration": 7.49579630792141e-05, "outcome": "passed"}}, {"nodeid": "core/test_validators.py::TestLengthValidator::test_length_validator_too_long", "lineno": 215, "outcome": "passed", "keywords": ["test_length_validator_too_long", "TestLengthValidator", "test_validators.py", "core", "tests", ""], "setup": {"duration": 0.0005180410225875676, "outcome": "passed"}, "call": {"duration": 5.9958023484796286e-05, "outcome": "passed"}, "teardown": {"duration": 7.537502096965909e-05, "outcome": "passed"}}, {"nodeid": "core/test_validators.py::TestLengthValidator::test_length_validator_min_only", "lineno": 222, "outcome": "passed", "keywords": ["test_length_validator_min_only", "TestLengthValidator", "test_validators.py", "core", "tests", ""], "setup": {"duration": 0.00020087504526600242, "outcome": "passed"}, "call": {"duration": 5.7541998103260994e-05, "outcome": "passed"}, "teardown": {"duration": 7.199996616691351e-05, "outcome": "passed"}}, {"nodeid": "core/test_validators.py::TestLengthValidator::test_length_validator_max_only", "lineno": 231, "outcome": "passed", "keywords": ["test_length_validator_max_only", "TestLengthValidator", "test_validators.py", "core", "tests", ""], "setup": {"duration": 0.00019504199735820293, "outcome": "passed"}, "call": {"duration": 5.8334029745310545e-05, "outcome": "passed"}, "teardown": {"duration": 8.841603994369507e-05, "outcome": "passed"}}, {"nodeid": "core/test_validators.py::TestChoiceValidator::test_choice_validator_valid_choice", "lineno": 244, "outcome": "passed", "keywords": ["test_choice_validator_valid_choice", "TestChoiceValidator", "test_validators.py", "core", "tests", ""], "setup": {"duration": 0.00021433300571516156, "outcome": "passed"}, "call": {"duration": 5.962501745671034e-05, "outcome": "passed"}, "teardown": {"duration": 7.287500193342566e-05, "outcome": "passed"}}, {"nodeid": "core/test_validators.py::TestChoiceValidator::test_choice_validator_invalid_choice", "lineno": 252, "outcome": "passed", "keywords": ["test_choice_validator_invalid_choice", "TestChoiceValidator", "test_validators.py", "core", "tests", ""], "setup": {"duration": 0.00020104198483750224, "outcome": "passed"}, "call": {"duration": 5.683302879333496e-05, "outcome": "passed"}, "teardown": {"duration": 7.712497608736157e-05, "outcome": "passed"}}, {"nodeid": "core/test_validators.py::TestDecimalValidator::test_decimal_validator_valid", "lineno": 268, "outcome": "passed", "keywords": ["test_decimal_validator_valid", "TestDecimalValidator", "test_validators.py", "core", "tests", ""], "setup": {"duration": 0.00021062500309199095, "outcome": "passed"}, "call": {"duration": 6.333400961011648e-05, "outcome": "passed"}, "teardown": {"duration": 7.183302659541368e-05, "outcome": "passed"}}, {"nodeid": "core/test_validators.py::TestDecimalValidator::test_decimal_validator_too_many_digits", "lineno": 279, "outcome": "passed", "keywords": ["test_decimal_validator_too_many_digits", "TestDecimalValidator", "test_validators.py", "core", "tests", ""], "setup": {"duration": 0.00019324995810166, "outcome": "passed"}, "call": {"duration": 5.849997978657484e-05, "outcome": "passed"}, "teardown": {"duration": 7.358298171311617e-05, "outcome": "passed"}}, {"nodeid": "core/test_validators.py::TestDecimalValidator::test_decimal_validator_too_many_decimal_places", "lineno": 286, "outcome": "passed", "keywords": ["test_decimal_validator_too_many_decimal_places", "TestDecimalValidator", "test_validators.py", "core", "tests", ""], "setup": {"duration": 0.00019566703122109175, "outcome": "passed"}, "call": {"duration": 5.7958997786045074e-05, "outcome": "passed"}, "teardown": {"duration": 7.20410025678575e-05, "outcome": "passed"}}, {"nodeid": "core/test_validators.py::TestDecimalValidator::test_decimal_validator_invalid_decimal", "lineno": 293, "outcome": "passed", "keywords": ["test_decimal_validator_invalid_decimal", "TestDecimalValidator", "test_validators.py", "core", "tests", ""], "setup": {"duration": 0.0001984999980777502, "outcome": "passed"}, "call": {"duration": 5.645898636430502e-05, "outcome": "passed"}, "teardown": {"duration": 7.745902985334396e-05, "outcome": "passed"}}, {"nodeid": "core/test_validators.py::TestSkuValidator::test_sku_validator_valid", "lineno": 304, "outcome": "passed", "keywords": ["test_sku_validator_valid", "TestSkuValidator", "test_validators.py", "core", "tests", ""], "setup": {"duration": 0.00021529203513637185, "outcome": "passed"}, "call": {"duration": 6.308301817625761e-05, "outcome": "passed"}, "teardown": {"duration": 7.295800605788827e-05, "outcome": "passed"}}, {"nodeid": "core/test_validators.py::TestSkuValidator::test_sku_validator_invalid", "lineno": 311, "outcome": "passed", "keywords": ["test_sku_validator_invalid", "TestSkuValidator", "test_validators.py", "core", "tests", ""], "setup": {"duration": 0.0001961250090971589, "outcome": "passed"}, "call": {"duration": 5.716603482142091e-05, "outcome": "passed"}, "teardown": {"duration": 7.53339845687151e-05, "outcome": "passed"}}, {"nodeid": "core/test_validators.py::TestCompoundValidator::test_compound_validator_all_valid", "lineno": 322, "outcome": "passed", "keywords": ["test_compound_validator_all_valid", "TestCompoundValidator", "test_validators.py", "core", "tests", ""], "setup": {"duration": 0.0002115829847753048, "outcome": "passed"}, "call": {"duration": 9.454198880121112e-05, "outcome": "passed"}, "teardown": {"duration": 7.1291986387223e-05, "outcome": "passed"}}, {"nodeid": "core/test_validators.py::TestCompoundValidator::test_compound_validator_one_invalid", "lineno": 334, "outcome": "passed", "keywords": ["test_compound_validator_one_invalid", "TestCompoundValidator", "test_validators.py", "core", "tests", ""], "setup": {"duration": 0.00019583303947001696, "outcome": "passed"}, "call": {"duration": 6.583402864634991e-05, "outcome": "passed"}, "teardown": {"duration": 7.73330102674663e-05, "outcome": "passed"}}, {"nodeid": "core/test_validators.py::TestCompoundValidator::test_compound_validator_all_invalid", "lineno": 346, "outcome": "passed", "keywords": ["test_compound_validator_all_invalid", "TestCompoundValidator", "test_validators.py", "core", "tests", ""], "setup": {"duration": 0.00024387496523559093, "outcome": "passed"}, "call": {"duration": 6.341695552691817e-05, "outcome": "passed"}, "teardown": {"duration": 7.054198067635298e-05, "outcome": "passed"}}, {"nodeid": "core/test_validators.py::TestCompoundValidator::test_compound_validator_not_require_all", "lineno": 360, "outcome": "passed", "keywords": ["test_compound_validator_not_require_all", "TestCompoundValidator", "test_validators.py", "core", "tests", ""], "setup": {"duration": 0.00021675002062693238, "outcome": "passed"}, "call": {"duration": 7.25829740986228e-05, "outcome": "passed"}, "teardown": {"duration": 8.02499707788229e-05, "outcome": "passed"}}, {"nodeid": "core/test_validators.py::TestBusinessRuleValidator::test_business_rule_validator_valid", "lineno": 386, "outcome": "passed", "keywords": ["test_business_rule_validator_valid", "TestBusinessRuleValidator", "test_validators.py", "core", "tests", ""], "setup": {"duration": 0.00021691701840609312, "outcome": "passed"}, "call": {"duration": 0.0001805420033633709, "outcome": "passed"}, "teardown": {"duration": 0.00010216701775789261, "outcome": "passed"}}, {"nodeid": "core/test_validators.py::TestBusinessRuleValidator::test_business_rule_validator_invalid", "lineno": 403, "outcome": "passed", "keywords": ["test_business_rule_validator_invalid", "TestBusinessRuleValidator", "test_validators.py", "core", "tests", ""], "setup": {"duration": 0.00025649997405707836, "outcome": "passed"}, "call": {"duration": 7.599999662488699e-05, "outcome": "passed"}, "teardown": {"duration": 8.241599425673485e-05, "outcome": "passed"}}, {"nodeid": "core/test_validators.py::test_validate_data", "lineno": 422, "outcome": "passed", "keywords": ["test_validate_data", "test_validators.py", "core", "tests", ""], "setup": {"duration": 0.00021945801563560963, "outcome": "passed"}, "call": {"duration": 6.933300755918026e-05, "outcome": "passed"}, "teardown": {"duration": 7.983401883393526e-05, "outcome": "passed"}}, {"nodeid": "core/test_validators_base.py::TestValidationResult::test_init", "lineno": 26, "outcome": "passed", "keywords": ["test_init", "TestValidationResult", "test_validators_base.py", "core", "tests", ""], "setup": {"duration": 0.0002193329855799675, "outcome": "passed"}, "call": {"duration": 5.716702435165644e-05, "outcome": "passed"}, "teardown": {"duration": 7.658300455659628e-05, "outcome": "passed"}}, {"nodeid": "core/test_validators_base.py::TestValidationResult::test_add_error", "lineno": 34, "outcome": "passed", "keywords": ["test_add_error", "TestValidationResult", "test_validators_base.py", "core", "tests", ""], "setup": {"duration": 0.00019987497944384813, "outcome": "passed"}, "call": {"duration": 5.8959005400538445e-05, "outcome": "passed"}, "teardown": {"duration": 7.225002627819777e-05, "outcome": "passed"}}, {"nodeid": "core/test_validators_base.py::TestValidationResult::test_add_warning", "lineno": 52, "outcome": "passed", "keywords": ["test_add_warning", "TestValidationResult", "test_validators_base.py", "core", "tests", ""], "setup": {"duration": 0.00019287498435005546, "outcome": "passed"}, "call": {"duration": 5.404098192229867e-05, "outcome": "passed"}, "teardown": {"duration": 7.00420350767672e-05, "outcome": "passed"}}, {"nodeid": "core/test_validators_base.py::TestValidationResult::test_merge", "lineno": 65, "outcome": "passed", "keywords": ["test_merge", "TestValidationResult", "test_validators_base.py", "core", "tests", ""], "setup": {"duration": 0.00019345799228176475, "outcome": "passed"}, "call": {"duration": 5.9125013649463654e-05, "outcome": "passed"}, "teardown": {"duration": 7.324997568503022e-05, "outcome": "passed"}}, {"nodeid": "core/test_validators_base.py::TestValidationResult::test_str", "lineno": 93, "outcome": "passed", "keywords": ["test_str", "TestValidationResult", "test_validators_base.py", "core", "tests", ""], "setup": {"duration": 0.0001926660188473761, "outcome": "passed"}, "call": {"duration": 6.083300104364753e-05, "outcome": "passed"}, "teardown": {"duration": 8.587498450651765e-05, "outcome": "passed"}}, {"nodeid": "core/test_validators_base.py::TestValidator::test_validator_interface", "lineno": 109, "outcome": "passed", "keywords": ["test_validator_interface", "TestValidator", "test_validators_base.py", "core", "tests", ""], "setup": {"duration": 0.00021174998255446553, "outcome": "passed"}, "call": {"duration": 6.416701944544911e-05, "outcome": "passed"}, "teardown": {"duration": 7.379200542345643e-05, "outcome": "passed"}}, {"nodeid": "core/test_validators_base.py::TestRequiredValidator::test_valid_values", "lineno": 121, "outcome": "passed", "keywords": ["test_valid_values", "TestRequiredValidator", "test_validators_base.py", "core", "tests", ""], "setup": {"duration": 0.00020591705106198788, "outcome": "passed"}, "call": {"duration": 5.933298962190747e-05, "outcome": "passed"}, "teardown": {"duration": 7.029203698039055e-05, "outcome": "passed"}}, {"nodeid": "core/test_validators_base.py::TestRequiredValidator::test_invalid_values", "lineno": 130, "outcome": "passed", "keywords": ["test_invalid_values", "TestRequiredValidator", "test_validators_base.py", "core", "tests", ""], "setup": {"duration": 0.00023416697513312101, "outcome": "passed"}, "call": {"duration": 5.716702435165644e-05, "outcome": "passed"}, "teardown": {"duration": 7.179100066423416e-05, "outcome": "passed"}}, {"nodeid": "core/test_validators_base.py::TestRequiredValidator::test_custom_message", "lineno": 139, "outcome": "passed", "keywords": ["test_custom_message", "TestRequiredValidator", "test_validators_base.py", "core", "tests", ""], "setup": {"duration": 0.0002067500026896596, "outcome": "passed"}, "call": {"duration": 6.0624966863542795e-05, "outcome": "passed"}, "teardown": {"duration": 7.945799734443426e-05, "outcome": "passed"}}, {"nodeid": "core/test_validators_base.py::TestRegexValidator::test_valid_values", "lineno": 152, "outcome": "passed", "keywords": ["test_valid_values", "TestRegexValidator", "test_validators_base.py", "core", "tests", ""], "setup": {"duration": 0.00020879198564216495, "outcome": "passed"}, "call": {"duration": 0.00011062499834224582, "outcome": "passed"}, "teardown": {"duration": 7.041700882837176e-05, "outcome": "passed"}}, {"nodeid": "core/test_validators_base.py::TestRegexValidator::test_invalid_values", "lineno": 159, "outcome": "passed", "keywords": ["test_invalid_values", "TestRegexValidator", "test_validators_base.py", "core", "tests", ""], "setup": {"duration": 0.00019783299649134278, "outcome": "passed"}, "call": {"duration": 6.129097891971469e-05, "outcome": "passed"}, "teardown": {"duration": 7.583299884572625e-05, "outcome": "passed"}}, {"nodeid": "core/test_validators_base.py::TestRangeValidator::test_min_value", "lineno": 173, "outcome": "passed", "keywords": ["test_min_value", "TestRangeValidator", "test_validators_base.py", "core", "tests", ""], "setup": {"duration": 0.00021133298287168145, "outcome": "passed"}, "call": {"duration": 6.200000643730164e-05, "outcome": "passed"}, "teardown": {"duration": 7.25829740986228e-05, "outcome": "passed"}}, {"nodeid": "core/test_validators_base.py::TestRangeValidator::test_max_value", "lineno": 181, "outcome": "passed", "keywords": ["test_max_value", "TestRangeValidator", "test_validators_base.py", "core", "tests", ""], "setup": {"duration": 0.000194708991330117, "outcome": "passed"}, "call": {"duration": 5.9166981372982264e-05, "outcome": "passed"}, "teardown": {"duration": 6.808299804106355e-05, "outcome": "passed"}}, {"nodeid": "core/test_validators_base.py::TestRangeValidator::test_min_and_max_value", "lineno": 189, "outcome": "passed", "keywords": ["test_min_and_max_value", "TestRangeValidator", "test_validators_base.py", "core", "tests", ""], "setup": {"duration": 0.0001959170331247151, "outcome": "passed"}, "call": {"duration": 5.83329820074141e-05, "outcome": "passed"}, "teardown": {"duration": 6.954197306185961e-05, "outcome": "passed"}}, {"nodeid": "core/test_validators_base.py::TestRangeValidator::test_non_numeric_value", "lineno": 199, "outcome": "passed", "keywords": ["test_non_numeric_value", "TestRangeValidator", "test_validators_base.py", "core", "tests", ""], "setup": {"duration": 0.00019529199926182628, "outcome": "passed"}, "call": {"duration": 6.166700040921569e-05, "outcome": "passed"}, "teardown": {"duration": 7.241597631946206e-05, "outcome": "passed"}}, {"nodeid": "core/test_validators_base.py::TestRangeValidator::test_skip_empty_values", "lineno": 207, "outcome": "passed", "keywords": ["test_skip_empty_values", "TestRangeValidator", "test_validators_base.py", "core", "tests", ""], "setup": {"duration": 0.00019599997904151678, "outcome": "passed"}, "call": {"duration": 6.0375023167580366e-05, "outcome": "passed"}, "teardown": {"duration": 8.145900210365653e-05, "outcome": "passed"}}, {"nodeid": "core/test_validators_base.py::TestDecimalValidator::test_valid_decimal", "lineno": 219, "outcome": "passed", "keywords": ["test_valid_decimal", "TestDecimalValidator", "test_validators_base.py", "core", "tests", ""], "setup": {"duration": 0.00020829204004257917, "outcome": "passed"}, "call": {"duration": 6.366701563820243e-05, "outcome": "passed"}, "teardown": {"duration": 6.945902714505792e-05, "outcome": "passed"}}, {"nodeid": "core/test_validators_base.py::TestDecimalValidator::test_invalid_precision", "lineno": 227, "outcome": "passed", "keywords": ["test_invalid_precision", "TestDecimalValidator", "test_validators_base.py", "core", "tests", ""], "setup": {"duration": 0.000191875034943223, "outcome": "passed"}, "call": {"duration": 6.608397234231234e-05, "outcome": "passed"}, "teardown": {"duration": 7.224996807053685e-05, "outcome": "passed"}}, {"nodeid": "core/test_validators_base.py::TestDecimalValidator::test_invalid_format", "lineno": 237, "outcome": "passed", "keywords": ["test_invalid_format", "TestDecimalValidator", "test_validators_base.py", "core", "tests", ""], "setup": {"duration": 0.00020049995509907603, "outcome": "passed"}, "call": {"duration": 6.433395901694894e-05, "outcome": "passed"}, "teardown": {"duration": 8.012499893084168e-05, "outcome": "passed"}}, {"nodeid": "core/test_validators_base.py::TestSkuValidator::test_valid_skus", "lineno": 249, "outcome": "passed", "keywords": ["test_valid_skus", "TestSkuValidator", "test_validators_base.py", "core", "tests", ""], "setup": {"duration": 0.0002484579454176128, "outcome": "passed"}, "call": {"duration": 6.17500045336783e-05, "outcome": "passed"}, "teardown": {"duration": 6.995897274464369e-05, "outcome": "passed"}}, {"nodeid": "core/test_validators_base.py::TestSkuValidator::test_invalid_skus", "lineno": 259, "outcome": "passed", "keywords": ["test_invalid_skus", "TestSkuValidator", "test_validators_base.py", "core", "tests", ""], "setup": {"duration": 0.00019520899513736367, "outcome": "passed"}, "call": {"duration": 5.9583981055766344e-05, "outcome": "passed"}, "teardown": {"duration": 7.679197005927563e-05, "outcome": "passed"}}, {"nodeid": "core/test_validators_base.py::test_validate_data_utility", "lineno": 273, "outcome": "passed", "keywords": ["test_validate_data_utility", "test_validators_base.py", "core", "tests", ""], "setup": {"duration": 0.0002092079957947135, "outcome": "passed"}, "call": {"duration": 6.71250163577497e-05, "outcome": "passed"}, "teardown": {"duration": 0.004464625031687319, "outcome": "passed", "stderr": "Destroying test database for alias 'default' ('file:memorydb_default?mode=memory&cache=shared')...\n"}}], "warnings": [{"message": "pkg_resources is deprecated as an API. See https://setuptools.pypa.io/en/latest/pkg_resources.html", "category": "DeprecationWarning", "when": "config", "filename": "/Users/joan/VSProjects/pyERP/venv/lib/python3.12/site-packages/ddtrace/internal/module.py", "lineno": 297}, {"message": "Deprecated call to `pkg_resources.declare_namespace('sphinxcontrib')`.\nImplementing implicit namespace packages (as specified in PEP 420) is preferred to `pkg_resources.declare_namespace`. See https://setuptools.pypa.io/en/latest/references/keywords.html#keyword-namespace-packages", "category": "DeprecationWarning", "when": "config", "filename": "/Users/joan/VSProjects/pyERP/venv/lib/python3.12/site-packages/pkg_resources/__init__.py", "lineno": 3147}, {"message": "'cgi' is deprecated and slated for removal in Python 3.13", "category": "DeprecationWarning", "when": "config", "filename": "/Users/joan/VSProjects/pyERP/venv/lib/python3.12/site-packages/ddtrace/internal/module.py", "lineno": 297}, {"message": "pythonjsonlogger.jsonlogger has been moved to pythonjsonlogger.json", "category": "DeprecationWarning", "when": "config", "filename": "/Users/joan/VSProjects/pyERP/venv/lib/python3.12/site-packages/pythonjsonlogger/jsonlogger.py", "lineno": 11}, {"message": "Unknown config option: env\n", "category": "PytestConfigWarning", "when": "config", "filename": "/Users/joan/VSProjects/pyERP/venv/lib/python3.12/site-packages/_pytest/config/__init__.py", "lineno": 1396}]}