{"created": 1742310262.549106, "duration": 4.524630069732666, "exitcode": 1, "root": "/Users/joan/VSProjects/pyERP/tests", "environment": {}, "summary": {"passed": 115, "error": 6, "total": 121, "collected": 121}, "collectors": [{"nodeid": "", "outcome": "passed", "result": [{"nodeid": "unit", "type": "Package"}]}, {"nodeid": "unit/core/api/test_urls.py::APITestCase", "outcome": "passed", "result": []}, {"nodeid": "unit/core/api/test_urls.py::URLPatternsTestCase", "outcome": "passed", "result": []}, {"nodeid": "unit/core/api/test_urls.py::TestCoreApiUrls", "outcome": "passed", "result": [{"nodeid": "unit/core/api/test_urls.py::TestCoreApiUrls::test_dashboard_summary_url", "type": "TestCaseFunction", "lineno": 44}, {"nodeid": "unit/core/api/test_urls.py::TestCoreApiUrls::test_git_branch_url", "type": "TestCaseFunction", "lineno": 28}, {"nodeid": "unit/core/api/test_urls.py::TestCoreApiUrls::test_health_check_url", "type": "TestCaseFunction", "lineno": 20}, {"nodeid": "unit/core/api/test_urls.py::TestCoreApiUrls::test_system_settings_url", "type": "TestCaseFunction", "lineno": 52}, {"nodeid": "unit/core/api/test_urls.py::TestCoreApiUrls::test_user_profile_url", "type": "TestCaseFunction", "lineno": 36}]}, {"nodeid": "unit/core/api/test_urls.py", "outcome": "passed", "result": [{"nodeid": "unit/core/api/test_urls.py::APITestCase", "type": "UnitTestCase"}, {"nodeid": "unit/core/api/test_urls.py::URLPatternsTestCase", "type": "UnitTestCase"}, {"nodeid": "unit/core/api/test_urls.py::TestCoreApiUrls", "type": "UnitTestCase"}]}, {"nodeid": "unit/core/api", "outcome": "passed", "result": [{"nodeid": "unit/core/api/test_urls.py", "type": "Module"}]}, {"nodeid": "unit/core/serializers/test_user_preference.py::TestCase", "outcome": "passed", "result": []}, {"nodeid": "unit/core/serializers/test_user_preference.py::TestUserPreferenceSerializer", "outcome": "passed", "result": [{"nodeid": "unit/core/serializers/test_user_preference.py::TestUserPreferenceSerializer::test_serializer_contains_expected_fields", "type": "TestCaseFunction", "lineno": 33}, {"nodeid": "unit/core/serializers/test_user_preference.py::TestUserPreferenceSerializer::test_serializer_read_only_fields", "type": "TestCaseFunction", "lineno": 39}, {"nodeid": "unit/core/serializers/test_user_preference.py::TestUserPreferenceSerializer::test_serializer_update", "type": "TestCaseFunction", "lineno": 66}]}, {"nodeid": "unit/core/serializers/test_user_preference.py", "outcome": "passed", "result": [{"nodeid": "unit/core/serializers/test_user_preference.py::TestCase", "type": "UnitTestCase"}, {"nodeid": "unit/core/serializers/test_user_preference.py::TestUserPreferenceSerializer", "type": "UnitTestCase"}]}, {"nodeid": "unit/core/serializers", "outcome": "passed", "result": [{"nodeid": "unit/core/serializers/test_user_preference.py", "type": "Module"}]}, {"nodeid": "unit/core/test_api_views.py::TestUserProfileView", "outcome": "passed", "result": [{"nodeid": "unit/core/test_api_views.py::TestUserProfileView::test_get_user_profile", "type": "Function", "lineno": 53}, {"nodeid": "unit/core/test_api_views.py::TestUserProfileView::test_update_user_profile", "type": "Function", "lineno": 73}]}, {"nodeid": "unit/core/test_api_views.py::TestDashboardSummaryView", "outcome": "passed", "result": [{"nodeid": "unit/core/test_api_views.py::TestDashboardSummaryView::test_get_dashboard_summary", "type": "Function", "lineno": 120}]}, {"nodeid": "unit/core/test_api_views.py::TestSystemSettingsView", "outcome": "passed", "result": [{"nodeid": "unit/core/test_api_views.py::TestSystemSettingsView::test_get_system_settings_staff", "type": "Function", "lineno": 142}, {"nodeid": "unit/core/test_api_views.py::TestSystemSettingsView::test_get_system_settings_non_staff", "type": "Function", "lineno": 160}, {"nodeid": "unit/core/test_api_views.py::TestSystemSettingsView::test_update_system_settings_superuser", "type": "Function", "lineno": 169}]}, {"nodeid": "unit/core/test_api_views.py", "outcome": "passed", "result": [{"nodeid": "unit/core/test_api_views.py::TestUserProfileView", "type": "Class"}, {"nodeid": "unit/core/test_api_views.py::TestDashboardSummaryView", "type": "Class"}, {"nodeid": "unit/core/test_api_views.py::TestSystemSettingsView", "type": "Class"}]}, {"nodeid": "unit/core/test_core_views.py::TestHealthCheck", "outcome": "passed", "result": [{"nodeid": "unit/core/test_core_views.py::TestHealthCheck::test_health_check_success", "type": "Function", "lineno": 19}, {"nodeid": "unit/core/test_core_views.py::TestHealthCheck::test_health_check_db_error", "type": "Function", "lineno": 27}]}, {"nodeid": "unit/core/test_core_views.py::TestGitBranch", "outcome": "passed", "result": [{"nodeid": "unit/core/test_core_views.py::TestGitBranch::test_git_branch_success", "type": "Function", "lineno": 56}, {"nodeid": "unit/core/test_core_views.py::TestGitBranch::test_git_branch_error", "type": "Function", "lineno": 75}]}, {"nodeid": "unit/core/test_core_views.py::TestDBErrorView", "outcome": "passed", "result": [{"nodeid": "unit/core/test_core_views.py::TestDBErrorView::test_db_error_view_raises_error", "type": "Function", "lineno": 105}]}, {"nodeid": "unit/core/test_core_views.py", "outcome": "passed", "result": [{"nodeid": "unit/core/test_core_views.py::TestHealthCheck", "type": "Class"}, {"nodeid": "unit/core/test_core_views.py::TestGitBranch", "type": "Class"}, {"nodeid": "unit/core/test_core_views.py::TestDBErrorView", "type": "Class"}]}, {"nodeid": "unit/core", "outcome": "passed", "result": [{"nodeid": "unit/core/api", "type": "Package"}, {"nodeid": "unit/core/serializers", "type": "Package"}, {"nodeid": "unit/core/test_api_views.py", "type": "Module"}, {"nodeid": "unit/core/test_core_views.py", "type": "Module"}]}, {"nodeid": "unit/management/test_importproducts.py::TestProductImportValidator", "outcome": "passed", "result": [{"nodeid": "unit/management/test_importproducts.py::TestProductImportValidator::test_validate_sku", "type": "Function", "lineno": 34}, {"nodeid": "unit/management/test_importproducts.py::TestProductImportValidator::test_validate_name", "type": "Function", "lineno": 49}, {"nodeid": "unit/management/test_importproducts.py::TestProductImportValidator::test_validate_list_price", "type": "Function", "lineno": 64}]}, {"nodeid": "unit/management/test_importproducts.py::TestImportProductsCommand", "outcome": "passed", "result": [{"nodeid": "unit/management/test_importproducts.py::TestImportProductsCommand::test_create_product_validator", "type": "Function", "lineno": 89}, {"nodeid": "unit/management/test_importproducts.py::TestImportProductsCommand::test_validate_products", "type": "Function", "lineno": 98}, {"nodeid": "unit/management/test_importproducts.py::TestImportProductsCommand::test_handle_with_valid_file", "type": "Function", "lineno": 115}, {"nodeid": "unit/management/test_importproducts.py::TestImportProductsCommand::test_handle_with_invalid_data", "type": "Function", "lineno": 139}]}, {"nodeid": "unit/management/test_importproducts.py", "outcome": "passed", "result": [{"nodeid": "unit/management/test_importproducts.py::TestProductImportValidator", "type": "Class"}, {"nodeid": "unit/management/test_importproducts.py::TestImportProductsCommand", "type": "Class"}]}, {"nodeid": "unit/management", "outcome": "passed", "result": [{"nodeid": "unit/management/test_importproducts.py", "type": "Module"}]}, {"nodeid": "unit/sync/test_base_transformer.py::TestValidationError", "outcome": "passed", "result": [{"nodeid": "unit/sync/test_base_transformer.py::TestValidationError::test_init_with_defaults", "type": "Function", "lineno": 51}, {"nodeid": "unit/sync/test_base_transformer.py::TestValidationError::test_init_with_custom_values", "type": "Function", "lineno": 60}]}, {"nodeid": "unit/sync/test_base_transformer.py::TestBaseTransformer", "outcome": "passed", "result": [{"nodeid": "unit/sync/test_base_transformer.py::TestBaseTransformer::test_init_with_minimal_config", "type": "Function", "lineno": 74}, {"nodeid": "unit/sync/test_base_transformer.py::TestBaseTransformer::test_init_with_full_config", "type": "Function", "lineno": 84}, {"nodeid": "unit/sync/test_base_transformer.py::TestBaseTransformer::test_validate_config_valid", "type": "Function", "lineno": 92}, {"nodeid": "unit/sync/test_base_transformer.py::TestBaseTransformer::test_validate_config_invalid_mappings", "type": "Function", "lineno": 102}, {"nodeid": "unit/sync/test_base_transformer.py::TestBaseTransformer::test_validate_config_invalid_rules", "type": "Function", "lineno": 113}, {"nodeid": "unit/sync/test_base_transformer.py::TestBaseTransformer::test_register_custom_transformer", "type": "Function", "lineno": 124}, {"nodeid": "unit/sync/test_base_transformer.py::TestBaseTransformer::test_apply_field_mappings", "type": "Function", "lineno": 136}, {"nodeid": "unit/sync/test_base_transformer.py::TestBaseTransformer::test_apply_custom_transformers", "type": "Function", "lineno": 155}, {"nodeid": "unit/sync/test_base_transformer.py::TestBaseTransformer::test_apply_custom_transformers_error", "type": "Function", "lineno": 182}, {"nodeid": "unit/sync/test_base_transformer.py::TestBaseTransformer::test_validate_record", "type": "Function", "lineno": 199}, {"nodeid": "unit/sync/test_base_transformer.py::TestBaseTransformer::test_prefilter_records", "type": "Function", "lineno": 215}, {"nodeid": "unit/sync/test_base_transformer.py::TestBaseTransformer::test_prefilter_records_normalization", "type": "Function", "lineno": 239}, {"nodeid": "unit/sync/test_base_transformer.py::TestBaseTransformer::test_prefilter_records_missing_key_field", "type": "Function", "lineno": 261}, {"nodeid": "unit/sync/test_base_transformer.py::TestBaseTransformer::test_transform", "type": "Function", "lineno": 285}, {"nodeid": "unit/sync/test_base_transformer.py::TestBaseTransformer::test_validate", "type": "Function", "lineno": 312}]}, {"nodeid": "unit/sync/test_base_transformer.py", "outcome": "passed", "result": [{"nodeid": "unit/sync/test_base_transformer.py::TestValidationError", "type": "Class"}, {"nodeid": "unit/sync/test_base_transformer.py::TestBaseTransformer", "type": "Class"}]}, {"nodeid": "unit/sync", "outcome": "passed", "result": [{"nodeid": "unit/sync/test_base_transformer.py", "type": "Module"}]}, {"nodeid": "unit/test_core_checks.py", "outcome": "passed", "result": [{"nodeid": "unit/test_core_checks.py::test_check_database_connection_success", "type": "Function", "lineno": 13}, {"nodeid": "unit/test_core_checks.py::test_check_database_connection_failure[OperationalError]", "type": "Function", "lineno": 30}, {"nodeid": "unit/test_core_checks.py::test_check_database_connection_failure[InterfaceError]", "type": "Function", "lineno": 30}, {"nodeid": "unit/test_core_checks.py::test_check_database_connection_failure[DatabaseError]", "type": "Function", "lineno": 30}]}, {"nodeid": "unit/test_product_signals.py", "outcome": "passed", "result": [{"nodeid": "unit/test_product_signals.py::test_variant_product_pre_save_new_instance_no_parent", "type": "Function", "lineno": 25}, {"nodeid": "unit/test_product_signals.py::test_variant_product_pre_save_existing_instance", "type": "Function", "lineno": 43}, {"nodeid": "unit/test_product_signals.py::test_variant_product_pre_save_with_parent_and_variant", "type": "Function", "lineno": 62}, {"nodeid": "unit/test_product_signals.py::test_variant_product_pre_save_with_parent_legacy_id", "type": "Function", "lineno": 86}]}, {"nodeid": "unit/test_simple.py::TestSimpleClass", "outcome": "passed", "result": [{"nodeid": "unit/test_simple.py::TestSimpleClass::test_simple_subtraction", "type": "Function", "lineno": 21}, {"nodeid": "unit/test_simple.py::TestSimpleClass::test_simple_multiplication", "type": "Function", "lineno": 25}]}, {"nodeid": "unit/test_simple.py", "outcome": "passed", "result": [{"nodeid": "unit/test_simple.py::test_simple_addition", "type": "Function", "lineno": 8}, {"nodeid": "unit/test_simple.py::test_simple_string", "type": "Function", "lineno": 13}, {"nodeid": "unit/test_simple.py::TestSimpleClass", "type": "Class"}]}, {"nodeid": "unit/users/test_models.py::TransactionTestCase", "outcome": "passed", "result": []}, {"nodeid": "unit/users/test_models.py::UserProfileModelTest", "outcome": "passed", "result": [{"nodeid": "unit/users/test_models.py::UserProfileModelTest::test_profile_creation", "type": "TestCaseFunction", "lineno": 32}, {"nodeid": "unit/users/test_models.py::UserProfileModelTest::test_profile_default_values", "type": "TestCaseFunction", "lineno": 43}, {"nodeid": "unit/users/test_models.py::UserProfileModelTest::test_profile_string_representation", "type": "TestCaseFunction", "lineno": 38}, {"nodeid": "unit/users/test_models.py::UserProfileModelTest::test_profile_update", "type": "TestCaseFunction", "lineno": 55}]}, {"nodeid": "unit/users/test_models.py::RoleModelTest", "outcome": "passed", "result": [{"nodeid": "unit/users/test_models.py::RoleModelTest::test_role_attributes", "type": "TestCaseFunction", "lineno": 98}, {"nodeid": "unit/users/test_models.py::RoleModelTest::test_role_hierarchy", "type": "TestCaseFunction", "lineno": 106}, {"nodeid": "unit/users/test_models.py::RoleModelTest::test_role_string_representation", "type": "TestCaseFunction", "lineno": 93}]}, {"nodeid": "unit/users/test_models.py::PermissionCategoryModelTest", "outcome": "passed", "result": [{"nodeid": "unit/users/test_models.py::PermissionCategoryModelTest::test_category_attributes", "type": "TestCaseFunction", "lineno": 141}, {"nodeid": "unit/users/test_models.py::PermissionCategoryModelTest::test_category_has_permissions", "type": "TestCaseFunction", "lineno": 148}, {"nodeid": "unit/users/test_models.py::PermissionCategoryModelTest::test_category_item_string_representation", "type": "TestCaseFunction", "lineno": 155}, {"nodeid": "unit/users/test_models.py::PermissionCategoryModelTest::test_category_string_representation", "type": "TestCaseFunction", "lineno": 137}]}, {"nodeid": "unit/users/test_models.py::DataPermissionModelTest", "outcome": "passed", "result": [{"nodeid": "unit/users/test_models.py::DataPermissionModelTest::test_data_permission_attributes", "type": "TestCaseFunction", "lineno": 204}, {"nodeid": "unit/users/test_models.py::DataPermissionModelTest::test_data_permission_string_representation", "type": "TestCaseFunction", "lineno": 214}, {"nodeid": "unit/users/test_models.py::DataPermissionModelTest::test_group_permission_attributes", "type": "TestCaseFunction", "lineno": 219}]}, {"nodeid": "unit/users/test_models.py", "outcome": "passed", "result": [{"nodeid": "unit/users/test_models.py::TransactionTestCase", "type": "UnitTestCase"}, {"nodeid": "unit/users/test_models.py::UserProfileModelTest", "type": "UnitTestCase"}, {"nodeid": "unit/users/test_models.py::RoleModelTest", "type": "UnitTestCase"}, {"nodeid": "unit/users/test_models.py::PermissionCategoryModelTest", "type": "UnitTestCase"}, {"nodeid": "unit/users/test_models.py::DataPermissionModelTest", "type": "UnitTestCase"}]}, {"nodeid": "unit/users/test_serializers.py::TransactionTestCase", "outcome": "passed", "result": []}, {"nodeid": "unit/users/test_serializers.py::UserSerializerTest", "outcome": "passed", "result": [{"nodeid": "unit/users/test_serializers.py::UserSerializerTest::test_contains_expected_fields", "type": "TestCaseFunction", "lineno": 47}, {"nodeid": "unit/users/test_serializers.py::UserSerializerTest::test_department_field_content", "type": "TestCaseFunction", "lineno": 63}, {"nodeid": "unit/users/test_serializers.py::UserSerializerTest::test_status_field_content", "type": "TestCaseFunction", "lineno": 67}]}, {"nodeid": "unit/users/test_serializers.py::UserDetailSerializerTest", "outcome": "passed", "result": [{"nodeid": "unit/users/test_serializers.py::UserDetailSerializerTest::test_contains_expected_fields", "type": "TestCaseFunction", "lineno": 99}, {"nodeid": "unit/users/test_serializers.py::UserDetailSerializerTest::test_groups_field_content", "type": "TestCaseFunction", "lineno": 124}, {"nodeid": "unit/users/test_serializers.py::UserDetailSerializerTest::test_profile_field_content", "type": "TestCaseFunction", "lineno": 117}, {"nodeid": "unit/users/test_serializers.py::UserDetailSerializerTest::test_update_user_with_profile", "type": "TestCaseFunction", "lineno": 131}]}, {"nodeid": "unit/users/test_serializers.py::UserProfileSerializerTest", "outcome": "passed", "result": [{"nodeid": "unit/users/test_serializers.py::UserProfileSerializerTest::test_contains_expected_fields", "type": "TestCaseFunction", "lineno": 186}, {"nodeid": "unit/users/test_serializers.py::UserProfileSerializerTest::test_field_content", "type": "TestCaseFunction", "lineno": 200}]}, {"nodeid": "unit/users/test_serializers.py::GroupSerializerTest", "outcome": "passed", "result": [{"nodeid": "unit/users/test_serializers.py::GroupSerializerTest::test_contains_expected_fields", "type": "TestCaseFunction", "lineno": 248}, {"nodeid": "unit/users/test_serializers.py::GroupSerializerTest::test_permissions_count", "type": "TestCaseFunction", "lineno": 253}, {"nodeid": "unit/users/test_serializers.py::GroupSerializerTest::test_role_field", "type": "TestCaseFunction", "lineno": 261}, {"nodeid": "unit/users/test_serializers.py::GroupSerializerTest::test_users_count", "type": "TestCaseFunction", "lineno": 257}]}, {"nodeid": "unit/users/test_serializers.py::RoleSerializerTest", "outcome": "passed", "result": [{"nodeid": "unit/users/test_serializers.py::RoleSerializerTest::test_contains_expected_fields", "type": "TestCaseFunction", "lineno": 296}, {"nodeid": "unit/users/test_serializers.py::RoleSerializerTest::test_field_content", "type": "TestCaseFunction", "lineno": 309}]}, {"nodeid": "unit/users/test_serializers.py::PermissionSerializerTest", "outcome": "passed", "result": [{"nodeid": "unit/users/test_serializers.py::PermissionSerializerTest::test_contains_expected_fields", "type": "TestCaseFunction", "lineno": 336}, {"nodeid": "unit/users/test_serializers.py::PermissionSerializerTest::test_field_content", "type": "TestCaseFunction", "lineno": 348}]}, {"nodeid": "unit/users/test_serializers.py::PermissionCategorySerializerTest", "outcome": "passed", "result": [{"nodeid": "unit/users/test_serializers.py::PermissionCategorySerializerTest::test_contains_expected_fields", "type": "TestCaseFunction", "lineno": 372}, {"nodeid": "unit/users/test_serializers.py::PermissionCategorySerializerTest::test_description_field_content", "type": "TestCaseFunction", "lineno": 381}, {"nodeid": "unit/users/test_serializers.py::PermissionCategorySerializerTest::test_icon_field_content", "type": "TestCaseFunction", "lineno": 385}, {"nodeid": "unit/users/test_serializers.py::PermissionCategorySerializerTest::test_name_field_content", "type": "TestCaseFunction", "lineno": 377}]}, {"nodeid": "unit/users/test_serializers.py", "outcome": "passed", "result": [{"nodeid": "unit/users/test_serializers.py::TransactionTestCase", "type": "UnitTestCase"}, {"nodeid": "unit/users/test_serializers.py::UserSerializerTest", "type": "UnitTestCase"}, {"nodeid": "unit/users/test_serializers.py::UserDetailSerializerTest", "type": "UnitTestCase"}, {"nodeid": "unit/users/test_serializers.py::UserProfileSerializerTest", "type": "UnitTestCase"}, {"nodeid": "unit/users/test_serializers.py::GroupSerializerTest", "type": "UnitTestCase"}, {"nodeid": "unit/users/test_serializers.py::RoleSerializerTest", "type": "UnitTestCase"}, {"nodeid": "unit/users/test_serializers.py::PermissionSerializerTest", "type": "UnitTestCase"}, {"nodeid": "unit/users/test_serializers.py::PermissionCategorySerializerTest", "type": "UnitTestCase"}]}, {"nodeid": "unit/users/test_services.py::TransactionTestCase", "outcome": "passed", "result": []}, {"nodeid": "unit/users/test_services.py::UserServiceTest", "outcome": "passed", "result": [{"nodeid": "unit/users/test_services.py::UserServiceTest::test_assign_user_to_groups", "type": "TestCaseFunction", "lineno": 67}, {"nodeid": "unit/users/test_services.py::UserServiceTest::test_create_user_with_profile", "type": "TestCaseFunction", "lineno": 133}, {"nodeid": "unit/users/test_services.py::UserServiceTest::test_get_users_by_department", "type": "TestCaseFunction", "lineno": 101}, {"nodeid": "unit/users/test_services.py::UserServiceTest::test_get_users_by_permission", "type": "TestCaseFunction", "lineno": 160}, {"nodeid": "unit/users/test_services.py::UserServiceTest::test_get_users_by_status", "type": "TestCaseFunction", "lineno": 113}, {"nodeid": "unit/users/test_services.py::UserServiceTest::test_remove_user_from_groups", "type": "TestCaseFunction", "lineno": 83}, {"nodeid": "unit/users/test_services.py::UserServiceTest::test_update_user_status", "type": "TestCaseFunction", "lineno": 125}]}, {"nodeid": "unit/users/test_services.py::RoleServiceTest", "outcome": "passed", "result": [{"nodeid": "unit/users/test_services.py::RoleServiceTest::test_create_role", "type": "TestCaseFunction", "lineno": 241}, {"nodeid": "unit/users/test_services.py::RoleServiceTest::test_get_all_child_roles", "type": "TestCaseFunction", "lineno": 277}, {"nodeid": "unit/users/test_services.py::RoleServiceTest::test_get_users_in_role", "type": "TestCaseFunction", "lineno": 268}]}, {"nodeid": "unit/users/test_services.py::PermissionServiceTest", "outcome": "passed", "result": [{"nodeid": "unit/users/test_services.py::PermissionServiceTest::test_check_object_permission", "type": "TestCaseFunction", "lineno": 389}, {"nodeid": "unit/users/test_services.py::PermissionServiceTest::test_get_objects_with_permission", "type": "TestCaseFunction", "lineno": 415}, {"nodeid": "unit/users/test_services.py::PermissionServiceTest::test_get_user_permissions", "type": "TestCaseFunction", "lineno": 378}, {"nodeid": "unit/users/test_services.py::PermissionServiceTest::test_organize_permissions_by_category", "type": "TestCaseFunction", "lineno": 466}]}, {"nodeid": "unit/users/test_services.py", "outcome": "passed", "result": [{"nodeid": "unit/users/test_services.py::TransactionTestCase", "type": "UnitTestCase"}, {"nodeid": "unit/users/test_services.py::UserServiceTest", "type": "UnitTestCase"}, {"nodeid": "unit/users/test_services.py::RoleServiceTest", "type": "UnitTestCase"}, {"nodeid": "unit/users/test_services.py::PermissionServiceTest", "type": "UnitTestCase"}]}, {"nodeid": "unit/users/test_signals.py::TestCase", "outcome": "passed", "result": []}, {"nodeid": "unit/users/test_signals.py::UserSignalsTest", "outcome": "passed", "result": [{"nodeid": "unit/users/test_signals.py::UserSignalsTest::test_handle_password_change", "type": "TestCaseFunction", "lineno": 75}, {"nodeid": "unit/users/test_signals.py::UserSignalsTest::test_handle_user_logged_in", "type": "TestCaseFunction", "lineno": 33}, {"nodeid": "unit/users/test_signals.py::UserSignalsTest::test_handle_user_logged_out", "type": "TestCaseFunction", "lineno": 44}, {"nodeid": "unit/users/test_signals.py::UserSignalsTest::test_handle_user_login_failed", "type": "TestCaseFunction", "lineno": 58}, {"nodeid": "unit/users/test_signals.py::UserSignalsTest::test_handle_user_save", "type": "TestCaseFunction", "lineno": 103}]}, {"nodeid": "unit/users/test_signals.py", "outcome": "passed", "result": [{"nodeid": "unit/users/test_signals.py::TestCase", "type": "UnitTestCase"}, {"nodeid": "unit/users/test_signals.py::UserSignalsTest", "type": "UnitTestCase"}]}, {"nodeid": "unit/users", "outcome": "passed", "result": [{"nodeid": "unit/users/test_models.py", "type": "Module"}, {"nodeid": "unit/users/test_serializers.py", "type": "Module"}, {"nodeid": "unit/users/test_services.py", "type": "Module"}, {"nodeid": "unit/users/test_signals.py", "type": "Module"}]}, {"nodeid": "unit/utils/email_system/test_utils.py::TestEmailSystemUtils", "outcome": "passed", "result": [{"nodeid": "unit/utils/email_system/test_utils.py::TestEmailSystemUtils::test_ensure_password_from_1password_not_enabled", "type": "Function", "lineno": 14}, {"nodeid": "unit/utils/email_system/test_utils.py::TestEmailSystemUtils::test_ensure_password_from_1password_already_set", "type": "Function", "lineno": 22}, {"nodeid": "unit/utils/email_system/test_utils.py::TestEmailSystemUtils::test_ensure_password_from_1password_no_username", "type": "Function", "lineno": 30}, {"nodeid": "unit/utils/email_system/test_utils.py::TestEmailSystemUtils::test_ensure_password_from_1password_success", "type": "Function", "lineno": 40}, {"nodeid": "unit/utils/email_system/test_utils.py::TestEmailSystemUtils::test_ensure_password_from_1password_failure", "type": "Function", "lineno": 58}, {"nodeid": "unit/utils/email_system/test_utils.py::TestEmailSystemUtils::test_send_test_email_success", "type": "Function", "lineno": 72}, {"nodeid": "unit/utils/email_system/test_utils.py::TestEmailSystemUtils::test_send_test_email_password_failure", "type": "Function", "lineno": 96}, {"nodeid": "unit/utils/email_system/test_utils.py::TestEmailSystemUtils::test_send_test_email_exception", "type": "Function", "lineno": 104}, {"nodeid": "unit/utils/email_system/test_utils.py::TestEmailSystemUtils::test_send_html_email_success", "type": "Function", "lineno": 123}, {"nodeid": "unit/utils/email_system/test_utils.py::TestEmailSystemUtils::test_send_html_email_password_failure", "type": "Function", "lineno": 145}, {"nodeid": "unit/utils/email_system/test_utils.py::TestEmailSystemUtils::test_send_html_email_exception", "type": "Function", "lineno": 153}, {"nodeid": "unit/utils/email_system/test_utils.py::TestEmailSystemUtils::test_send_html_email_with_cc_bcc", "type": "Function", "lineno": 172}]}, {"nodeid": "unit/utils/email_system/test_utils.py", "outcome": "passed", "result": [{"nodeid": "unit/utils/email_system/test_utils.py::TestEmailSystemUtils", "type": "Class"}]}, {"nodeid": "unit/utils/email_system", "outcome": "passed", "result": [{"nodeid": "unit/utils/email_system/test_utils.py", "type": "Module"}]}, {"nodeid": "unit/utils", "outcome": "passed", "result": [{"nodeid": "unit/utils/email_system", "type": "Package"}]}, {"nodeid": "unit", "outcome": "passed", "result": [{"nodeid": "unit/core", "type": "Package"}, {"nodeid": "unit/management", "type": "Dir"}, {"nodeid": "unit/sync", "type": "Dir"}, {"nodeid": "unit/test_core_checks.py", "type": "Module"}, {"nodeid": "unit/test_product_signals.py", "type": "Module"}, {"nodeid": "unit/test_simple.py", "type": "Module"}, {"nodeid": "unit/users", "type": "Package"}, {"nodeid": "unit/utils", "type": "Package"}]}], "tests": [{"nodeid": "unit/core/api/test_urls.py::TestCoreApiUrls::test_dashboard_summary_url", "lineno": 44, "outcome": "passed", "keywords": ["test_dashboard_summary_url", "TestCoreApiUrls", "test_urls.py", "api", "core", "unit", "tests", ""], "setup": {"duration": 0.8073031660023844, "outcome": "passed", "stdout": "Operations to perform:\n  Synchronize unmigrated apps: corsheaders, django_filters, drf_yasg, external_api, messages, rest_framework, staticfiles\n  Apply all migrations: admin, auth, contenttypes, core, django_celery_beat, django_celery_results, email_system, inventory, monitoring, products, sales, sessions, sync, users\nSynchronizing apps without migrations:\n  Creating tables...\n    Running deferred SQL...\nRunning migrations:\n  Applying contenttypes.0001_initial... OK\n  Applying auth.0001_initial... OK\n  Applying admin.0001_initial... OK\n  Applying admin.0002_logentry_remove_auto_add... OK\n  Applying admin.0003_logentry_add_action_flag_choices... OK\n  Applying contenttypes.0002_remove_content_type_name... OK\n  Applying auth.0002_alter_permission_name_max_length... OK\n  Applying auth.0003_alter_user_email_max_length... OK\n  Applying auth.0004_alter_user_username_opts... OK\n  Applying auth.0005_alter_user_last_login_null... OK\n  Applying auth.0006_require_contenttypes_0002... OK\n  Applying auth.0007_alter_validators_add_error_messages... OK\n  Applying auth.0008_alter_user_username_max_length... OK\n  Applying auth.0009_alter_user_last_name_max_length... OK\n  Applying auth.0010_alter_group_name_max_length... OK\n  Applying auth.0011_update_proxy_permissions... OK\n  Applying auth.0012_alter_user_first_name_max_length... OK\n  Applying core.0001_initial... OK\n  Applying django_celery_beat.0001_initial... OK\n  Applying django_celery_results.0001_initial... OK\n  Applying email_system.0001_initial... OK\n  Applying products.0001_initial... OK\n  Applying inventory.0001_initial... OK\n  Applying monitoring.0001_initial... OK\n  Applying sales.0001_initial... OK\n  Applying sales.0002_auto_20250317_1528... OK\n  Applying sessions.0001_initial... OK\n  Applying sync.0001_initial... OK\n  Applying users.0001_initial... OK\n", "stderr": "Creating test database for alias 'default' ('file:memorydb_default?mode=memory&cache=shared')...\n"}, "call": {"duration": 0.002187417005188763, "outcome": "passed"}, "teardown": {"duration": 0.0002556249964982271, "outcome": "passed"}}, {"nodeid": "unit/core/api/test_urls.py::TestCoreApiUrls::test_git_branch_url", "lineno": 28, "outcome": "passed", "keywords": ["test_git_branch_url", "TestCoreApiUrls", "test_urls.py", "api", "core", "unit", "tests", ""], "setup": {"duration": 0.0005209579976508394, "outcome": "passed"}, "call": {"duration": 0.00037275000067893416, "outcome": "passed"}, "teardown": {"duration": 0.00016279099509119987, "outcome": "passed"}}, {"nodeid": "unit/core/api/test_urls.py::TestCoreApiUrls::test_health_check_url", "lineno": 20, "outcome": "passed", "keywords": ["test_health_check_url", "TestCoreApiUrls", "test_urls.py", "api", "core", "unit", "tests", ""], "setup": {"duration": 0.0004835419968003407, "outcome": "passed"}, "call": {"duration": 0.0003536669973982498, "outcome": "passed"}, "teardown": {"duration": 0.000191458995686844, "outcome": "passed"}}, {"nodeid": "unit/core/api/test_urls.py::TestCoreApiUrls::test_system_settings_url", "lineno": 52, "outcome": "passed", "keywords": ["test_system_settings_url", "TestCoreApiUrls", "test_urls.py", "api", "core", "unit", "tests", ""], "setup": {"duration": 0.0005401670059654862, "outcome": "passed"}, "call": {"duration": 0.0007407500088447705, "outcome": "passed"}, "teardown": {"duration": 0.00014958300744183362, "outcome": "passed"}}, {"nodeid": "unit/core/api/test_urls.py::TestCoreApiUrls::test_user_profile_url", "lineno": 36, "outcome": "passed", "keywords": ["test_user_profile_url", "TestCoreApiUrls", "test_urls.py", "api", "core", "unit", "tests", ""], "setup": {"duration": 0.00047654200170654804, "outcome": "passed"}, "call": {"duration": 0.00032120899413712323, "outcome": "passed"}, "teardown": {"duration": 0.00039533300150651485, "outcome": "passed"}}, {"nodeid": "unit/core/serializers/test_user_preference.py::TestUserPreferenceSerializer::test_serializer_contains_expected_fields", "lineno": 33, "outcome": "passed", "keywords": ["test_serializer_contains_expected_fields", "TestUserPreferenceSerializer", "django_db", "test_user_preference.py", "serializers", "core", "unit", "tests", ""], "setup": {"duration": 0.0010340830049244687, "outcome": "passed"}, "call": {"duration": 0.005264583000098355, "outcome": "passed", "stderr": "INFO 2025-03-18 16:04:19,264 signals 9855 8674591296 New user created: testuser\nINFO 2025-03-18 16:04:19,267 services 9855 8674591296 AUDIT: user_created - User 'testuser' created\n"}, "teardown": {"duration": 0.00021383300190791488, "outcome": "passed"}}, {"nodeid": "unit/core/serializers/test_user_preference.py::TestUserPreferenceSerializer::test_serializer_read_only_fields", "lineno": 39, "outcome": "passed", "keywords": ["test_serializer_read_only_fields", "TestUserPreferenceSerializer", "django_db", "test_user_preference.py", "serializers", "core", "unit", "tests", ""], "setup": {"duration": 0.0008975839882623404, "outcome": "passed"}, "call": {"duration": 0.0032149579928955063, "outcome": "passed", "stderr": "INFO 2025-03-18 16:04:19,271 signals 9855 8674591296 New user created: testuser\nINFO 2025-03-18 16:04:19,271 services 9855 8674591296 AUDIT: user_created - User 'testuser' created\nINFO 2025-03-18 16:04:19,272 signals 9855 8674591296 New user created: newuser\nINFO 2025-03-18 16:04:19,272 services 9855 8674591296 AUDIT: user_created - User 'newuser' created\n"}, "teardown": {"duration": 0.00021466599719133228, "outcome": "passed"}}, {"nodeid": "unit/core/serializers/test_user_preference.py::TestUserPreferenceSerializer::test_serializer_update", "lineno": 66, "outcome": "passed", "keywords": ["test_serializer_update", "TestUserPreferenceSerializer", "django_db", "test_user_preference.py", "serializers", "core", "unit", "tests", ""], "setup": {"duration": 0.0010171670001000166, "outcome": "passed"}, "call": {"duration": 0.0031027080112835392, "outcome": "passed", "stderr": "INFO 2025-03-18 16:04:19,276 signals 9855 8674591296 New user created: testuser\nINFO 2025-03-18 16:04:19,277 services 9855 8674591296 AUDIT: user_created - User 'testuser' created\n"}, "teardown": {"duration": 0.00037487500230781734, "outcome": "passed"}}, {"nodeid": "unit/users/test_signals.py::UserSignalsTest::test_handle_password_change", "lineno": 75, "outcome": "passed", "keywords": ["test_handle_password_change", "__wrapped__", "patchings", "UserSignalsTest", "test_signals.py", "users", "unit", "tests", ""], "setup": {"duration": 0.0012505000049714, "outcome": "passed"}, "call": {"duration": 0.005216290999669582, "outcome": "passed", "stderr": "INFO 2025-03-18 16:04:19,281 signals 9855 8674591296 New user created: testuser\nINFO 2025-03-18 16:04:19,282 services 9855 8674591296 AUDIT: user_created - User 'testuser' created\n"}, "teardown": {"duration": 0.00019054200674872845, "outcome": "passed"}}, {"nodeid": "unit/users/test_signals.py::UserSignalsTest::test_handle_user_logged_in", "lineno": 33, "outcome": "passed", "keywords": ["test_handle_user_logged_in", "__wrapped__", "patchings", "UserSignalsTest", "test_signals.py", "users", "unit", "tests", ""], "setup": {"duration": 0.0006836670072516426, "outcome": "passed"}, "call": {"duration": 0.0018270000000484288, "outcome": "passed", "stderr": "INFO 2025-03-18 16:04:19,288 signals 9855 8674591296 New user created: testuser\nINFO 2025-03-18 16:04:19,289 services 9855 8674591296 AUDIT: user_created - User 'testuser' created\n"}, "teardown": {"duration": 0.00017741699411999434, "outcome": "passed"}}, {"nodeid": "unit/users/test_signals.py::UserSignalsTest::test_handle_user_logged_out", "lineno": 44, "outcome": "passed", "keywords": ["test_handle_user_logged_out", "__wrapped__", "patchings", "UserSignalsTest", "test_signals.py", "users", "unit", "tests", ""], "setup": {"duration": 0.0005710840050596744, "outcome": "passed"}, "call": {"duration": 0.0016964579990599304, "outcome": "passed", "stderr": "INFO 2025-03-18 16:04:19,292 signals 9855 8674591296 New user created: testuser\nINFO 2025-03-18 16:04:19,292 services 9855 8674591296 AUDIT: user_created - User 'testuser' created\n"}, "teardown": {"duration": 0.00015537500439677387, "outcome": "passed"}}, {"nodeid": "unit/users/test_signals.py::UserSignalsTest::test_handle_user_login_failed", "lineno": 58, "outcome": "passed", "keywords": ["test_handle_user_login_failed", "__wrapped__", "patchings", "UserSignalsTest", "test_signals.py", "users", "unit", "tests", ""], "setup": {"duration": 0.0004738749994430691, "outcome": "passed"}, "call": {"duration": 0.001610833001905121, "outcome": "passed", "stderr": "INFO 2025-03-18 16:04:19,295 signals 9855 8674591296 New user created: testuser\nINFO 2025-03-18 16:04:19,295 services 9855 8674591296 AUDIT: user_created - User 'testuser' created\n"}, "teardown": {"duration": 0.0001564579870318994, "outcome": "passed"}}, {"nodeid": "unit/users/test_signals.py::UserSignalsTest::test_handle_user_save", "lineno": 103, "outcome": "passed", "keywords": ["test_handle_user_save", "__wrapped__", "patchings", "UserSignalsTest", "test_signals.py", "users", "unit", "tests", ""], "setup": {"duration": 0.0006264999974519014, "outcome": "passed"}, "call": {"duration": 0.001757666002959013, "outcome": "passed", "stderr": "INFO 2025-03-18 16:04:19,298 signals 9855 8674591296 New user created: testuser\nINFO 2025-03-18 16:04:19,298 services 9855 8674591296 AUDIT: user_created - User 'testuser' created\n"}, "teardown": {"duration": 0.000450249994173646, "outcome": "passed"}}, {"nodeid": "unit/users/test_models.py::UserProfileModelTest::test_profile_creation", "lineno": 32, "outcome": "passed", "keywords": ["test_profile_creation", "UserProfileModelTest", "test_models.py", "users", "unit", "tests", ""], "setup": {"duration": 0.0008325420058099553, "outcome": "passed"}, "call": {"duration": 0.03467245899082627, "outcome": "passed", "stderr": "INFO 2025-03-18 16:04:19,301 signals 9855 8674591296 New user created: testuser\nINFO 2025-03-18 16:04:19,302 services 9855 8674591296 AUDIT: user_created - User 'testuser' created\n"}, "teardown": {"duration": 0.00027429200417827815, "outcome": "passed"}}, {"nodeid": "unit/users/test_models.py::UserProfileModelTest::test_profile_default_values", "lineno": 43, "outcome": "passed", "keywords": ["test_profile_default_values", "UserProfileModelTest", "test_models.py", "users", "unit", "tests", ""], "setup": {"duration": 0.0006095840071793646, "outcome": "passed"}, "call": {"duration": 0.03027516599104274, "outcome": "passed", "stderr": "INFO 2025-03-18 16:04:19,338 signals 9855 8674591296 New user created: testuser\nINFO 2025-03-18 16:04:19,339 services 9855 8674591296 AUDIT: user_created - User 'testuser' created\n"}, "teardown": {"duration": 0.0002454170025885105, "outcome": "passed"}}, {"nodeid": "unit/users/test_models.py::UserProfileModelTest::test_profile_string_representation", "lineno": 38, "outcome": "passed", "keywords": ["test_profile_string_representation", "UserProfileModelTest", "test_models.py", "users", "unit", "tests", ""], "setup": {"duration": 0.0007482079963665456, "outcome": "passed"}, "call": {"duration": 0.028056583003490232, "outcome": "passed", "stderr": "INFO 2025-03-18 16:04:19,370 signals 9855 8674591296 New user created: testuser\nINFO 2025-03-18 16:04:19,371 services 9855 8674591296 AUDIT: user_created - User 'testuser' created\n"}, "teardown": {"duration": 0.00025512499269098043, "outcome": "passed"}}, {"nodeid": "unit/users/test_models.py::UserProfileModelTest::test_profile_update", "lineno": 55, "outcome": "passed", "keywords": ["test_profile_update", "UserProfileModelTest", "test_models.py", "users", "unit", "tests", ""], "setup": {"duration": 0.0006040410080458969, "outcome": "passed"}, "call": {"duration": 0.02936641700216569, "outcome": "passed", "stderr": "INFO 2025-03-18 16:04:19,400 signals 9855 8674591296 New user created: testuser\nINFO 2025-03-18 16:04:19,401 services 9855 8674591296 AUDIT: user_created - User 'testuser' created\n"}, "teardown": {"duration": 0.0003516249998938292, "outcome": "passed"}}, {"nodeid": "unit/users/test_models.py::RoleModelTest::test_role_attributes", "lineno": 98, "outcome": "passed", "keywords": ["test_role_attributes", "RoleModelTest", "test_models.py", "users", "unit", "tests", ""], "setup": {"duration": 0.0008193340036086738, "outcome": "passed"}, "call": {"duration": 0.028009292000206187, "outcome": "passed"}, "teardown": {"duration": 0.00024887498875614256, "outcome": "passed"}}, {"nodeid": "unit/users/test_models.py::RoleModelTest::test_role_hierarchy", "lineno": 106, "outcome": "passed", "keywords": ["test_role_hierarchy", "RoleModelTest", "test_models.py", "users", "unit", "tests", ""], "setup": {"duration": 0.0005540839920286089, "outcome": "passed"}, "call": {"duration": 0.030520583997713402, "outcome": "passed"}, "teardown": {"duration": 0.0002332500007469207, "outcome": "passed"}}, {"nodeid": "unit/users/test_models.py::RoleModelTest::test_role_string_representation", "lineno": 93, "outcome": "passed", "keywords": ["test_role_string_representation", "RoleModelTest", "test_models.py", "users", "unit", "tests", ""], "setup": {"duration": 0.0005423330003395677, "outcome": "passed"}, "call": {"duration": 0.02752229099860415, "outcome": "passed"}, "teardown": {"duration": 0.0003071249957429245, "outcome": "passed"}}, {"nodeid": "unit/users/test_models.py::PermissionCategoryModelTest::test_category_attributes", "lineno": 141, "outcome": "passed", "keywords": ["test_category_attributes", "PermissionCategoryModelTest", "test_models.py", "users", "unit", "tests", ""], "setup": {"duration": 0.0009724580013426021, "outcome": "passed"}, "call": {"duration": 0.02716583300207276, "outcome": "passed"}, "teardown": {"duration": 0.0002129159984178841, "outcome": "passed"}}, {"nodeid": "unit/users/test_models.py::PermissionCategoryModelTest::test_category_has_permissions", "lineno": 148, "outcome": "passed", "keywords": ["test_category_has_permissions", "PermissionCategoryModelTest", "test_models.py", "users", "unit", "tests", ""], "setup": {"duration": 0.0005370410071918741, "outcome": "passed"}, "call": {"duration": 0.027906375005841255, "outcome": "passed"}, "teardown": {"duration": 0.0002174580004066229, "outcome": "passed"}}, {"nodeid": "unit/users/test_models.py::PermissionCategoryModelTest::test_category_item_string_representation", "lineno": 155, "outcome": "passed", "keywords": ["test_category_item_string_representation", "PermissionCategoryModelTest", "test_models.py", "users", "unit", "tests", ""], "setup": {"duration": 0.0005452500045066699, "outcome": "passed"}, "call": {"duration": 0.029770791996270418, "outcome": "passed"}, "teardown": {"duration": 0.00034862499160226434, "outcome": "passed"}}, {"nodeid": "unit/users/test_models.py::PermissionCategoryModelTest::test_category_string_representation", "lineno": 137, "outcome": "passed", "keywords": ["test_category_string_representation", "PermissionCategoryModelTest", "test_models.py", "users", "unit", "tests", ""], "setup": {"duration": 0.0006007500051055104, "outcome": "passed"}, "call": {"duration": 0.027593041988438927, "outcome": "passed"}, "teardown": {"duration": 0.00035454099997878075, "outcome": "passed"}}, {"nodeid": "unit/users/test_models.py::DataPermissionModelTest::test_data_permission_attributes", "lineno": 204, "outcome": "passed", "keywords": ["test_data_permission_attributes", "DataPermissionModelTest", "test_models.py", "users", "unit", "tests", ""], "setup": {"duration": 0.0009428749908693135, "outcome": "passed"}, "call": {"duration": 0.03279945900430903, "outcome": "passed", "stderr": "INFO 2025-03-18 16:04:19,643 signals 9855 8674591296 New user created: admin\nINFO 2025-03-18 16:04:19,643 services 9855 8674591296 AUDIT: user_created - User 'admin' created\nINFO 2025-03-18 16:04:19,644 signals 9855 8674591296 New user created: testuser\nINFO 2025-03-18 16:04:19,644 services 9855 8674591296 AUDIT: user_created - User 'testuser' created\n"}, "teardown": {"duration": 0.000864874993567355, "outcome": "passed"}}, {"nodeid": "unit/users/test_models.py::DataPermissionModelTest::test_data_permission_string_representation", "lineno": 214, "outcome": "passed", "keywords": ["test_data_permission_string_representation", "DataPermissionModelTest", "test_models.py", "users", "unit", "tests", ""], "setup": {"duration": 0.0007478749903384596, "outcome": "passed"}, "call": {"duration": 0.04849637499137316, "outcome": "passed", "stderr": "INFO 2025-03-18 16:04:19,680 signals 9855 8674591296 New user created: admin\nINFO 2025-03-18 16:04:19,681 services 9855 8674591296 AUDIT: user_created - User 'admin' created\nINFO 2025-03-18 16:04:19,682 signals 9855 8674591296 New user created: testuser\nINFO 2025-03-18 16:04:19,682 services 9855 8674591296 AUDIT: user_created - User 'testuser' created\n"}, "teardown": {"duration": 0.0003532499977154657, "outcome": "passed"}}, {"nodeid": "unit/users/test_models.py::DataPermissionModelTest::test_group_permission_attributes", "lineno": 219, "outcome": "passed", "keywords": ["test_group_permission_attributes", "DataPermissionModelTest", "test_models.py", "users", "unit", "tests", ""], "setup": {"duration": 0.0006855419924249873, "outcome": "passed"}, "call": {"duration": 0.031050207995576784, "outcome": "passed", "stderr": "INFO 2025-03-18 16:04:19,730 signals 9855 8674591296 New user created: admin\nINFO 2025-03-18 16:04:19,731 services 9855 8674591296 AUDIT: user_created - User 'admin' created\nINFO 2025-03-18 16:04:19,731 signals 9855 8674591296 New user created: testuser\nINFO 2025-03-18 16:04:19,731 services 9855 8674591296 AUDIT: user_created - User 'testuser' created\n"}, "teardown": {"duration": 0.0003155839949613437, "outcome": "passed"}}, {"nodeid": "unit/users/test_serializers.py::UserSerializerTest::test_contains_expected_fields", "lineno": 47, "outcome": "passed", "keywords": ["test_contains_expected_fields", "UserSerializerTest", "test_serializers.py", "users", "unit", "tests", ""], "setup": {"duration": 0.0010228750034002587, "outcome": "passed"}, "call": {"duration": 0.030896165990270674, "outcome": "passed", "stderr": "INFO 2025-03-18 16:04:19,763 signals 9855 8674591296 New user created: testuser\nINFO 2025-03-18 16:04:19,763 services 9855 8674591296 AUDIT: user_created - User 'testuser' created\n"}, "teardown": {"duration": 0.00020108299213461578, "outcome": "passed"}}, {"nodeid": "unit/users/test_serializers.py::UserSerializerTest::test_department_field_content", "lineno": 63, "outcome": "passed", "keywords": ["test_department_field_content", "UserSerializerTest", "test_serializers.py", "users", "unit", "tests", ""], "setup": {"duration": 0.0005484169960254803, "outcome": "passed"}, "call": {"duration": 0.02923466700303834, "outcome": "passed", "stderr": "INFO 2025-03-18 16:04:19,795 signals 9855 8674591296 New user created: testuser\nINFO 2025-03-18 16:04:19,796 services 9855 8674591296 AUDIT: user_created - User 'testuser' created\n"}, "teardown": {"duration": 0.00020216699340380728, "outcome": "passed"}}, {"nodeid": "unit/users/test_serializers.py::UserSerializerTest::test_status_field_content", "lineno": 67, "outcome": "passed", "keywords": ["test_status_field_content", "UserSerializerTest", "test_serializers.py", "users", "unit", "tests", ""], "setup": {"duration": 0.0005352079897420481, "outcome": "passed"}, "call": {"duration": 0.03172154199273791, "outcome": "passed", "stderr": "INFO 2025-03-18 16:04:19,826 signals 9855 8674591296 New user created: testuser\nINFO 2025-03-18 16:04:19,827 services 9855 8674591296 AUDIT: user_created - User 'testuser' created\n"}, "teardown": {"duration": 0.00040137500036507845, "outcome": "passed"}}, {"nodeid": "unit/users/test_serializers.py::UserDetailSerializerTest::test_contains_expected_fields", "lineno": 99, "outcome": "passed", "keywords": ["test_contains_expected_fields", "UserDetailSerializerTest", "test_serializers.py", "users", "unit", "tests", ""], "setup": {"duration": 0.0010098749917233363, "outcome": "passed"}, "call": {"duration": 0.03425687499111518, "outcome": "passed", "stderr": "INFO 2025-03-18 16:04:19,860 signals 9855 8674591296 New user created: testuser\nINFO 2025-03-18 16:04:19,861 services 9855 8674591296 AUDIT: user_created - User 'testuser' created\n"}, "teardown": {"duration": 0.0001977500069187954, "outcome": "passed"}}, {"nodeid": "unit/users/test_serializers.py::UserDetailSerializerTest::test_groups_field_content", "lineno": 124, "outcome": "passed", "keywords": ["test_groups_field_content", "UserDetailSerializerTest", "test_serializers.py", "users", "unit", "tests", ""], "setup": {"duration": 0.0006016249972162768, "outcome": "passed"}, "call": {"duration": 0.030486834002658725, "outcome": "passed", "stderr": "INFO 2025-03-18 16:04:19,896 signals 9855 8674591296 New user created: testuser\nINFO 2025-03-18 16:04:19,897 services 9855 8674591296 AUDIT: user_created - User 'testuser' created\n"}, "teardown": {"duration": 0.0002562080044299364, "outcome": "passed"}}, {"nodeid": "unit/users/test_serializers.py::UserDetailSerializerTest::test_profile_field_content", "lineno": 117, "outcome": "passed", "keywords": ["test_profile_field_content", "UserDetailSerializerTest", "test_serializers.py", "users", "unit", "tests", ""], "setup": {"duration": 0.0006365419976646081, "outcome": "passed"}, "call": {"duration": 0.030054167000344023, "outcome": "passed", "stderr": "INFO 2025-03-18 16:04:19,928 signals 9855 8674591296 New user created: testuser\nINFO 2025-03-18 16:04:19,929 services 9855 8674591296 AUDIT: user_created - User 'testuser' created\n"}, "teardown": {"duration": 0.0002491670020390302, "outcome": "passed"}}, {"nodeid": "unit/users/test_serializers.py::UserDetailSerializerTest::test_update_user_with_profile", "lineno": 131, "outcome": "passed", "keywords": ["test_update_user_with_profile", "UserDetailSerializerTest", "test_serializers.py", "users", "unit", "tests", ""], "setup": {"duration": 0.0005527500034077093, "outcome": "passed"}, "call": {"duration": 0.03666141598660033, "outcome": "passed", "stderr": "INFO 2025-03-18 16:04:19,960 signals 9855 8674591296 New user created: testuser\nINFO 2025-03-18 16:04:19,961 services 9855 8674591296 AUDIT: user_created - User 'testuser' created\nINFO 2025-03-18 16:04:19,968 signals 9855 8674591296 User updated: updateduser\nINFO 2025-03-18 16:04:19,968 services 9855 8674591296 AUDIT: user_updated - User 'updateduser' updated\n"}, "teardown": {"duration": 0.00033566600177437067, "outcome": "passed"}}, {"nodeid": "unit/users/test_serializers.py::UserProfileSerializerTest::test_contains_expected_fields", "lineno": 186, "outcome": "passed", "keywords": ["test_contains_expected_fields", "UserProfileSerializerTest", "test_serializers.py", "users", "unit", "tests", ""], "setup": {"duration": 0.0010703329899115488, "outcome": "passed"}, "call": {"duration": 0.029293415995198302, "outcome": "passed", "stderr": "INFO 2025-03-18 16:04:19,999 signals 9855 8674591296 New user created: testuser\nINFO 2025-03-18 16:04:20,000 services 9855 8674591296 AUDIT: user_created - User 'testuser' created\n"}, "teardown": {"duration": 0.0002840000088326633, "outcome": "passed"}}, {"nodeid": "unit/users/test_serializers.py::UserProfileSerializerTest::test_field_content", "lineno": 200, "outcome": "passed", "keywords": ["test_field_content", "UserProfileSerializerTest", "test_serializers.py", "users", "unit", "tests", ""], "setup": {"duration": 0.0006645409885095432, "outcome": "passed"}, "call": {"duration": 0.028344708000076935, "outcome": "passed", "stderr": "INFO 2025-03-18 16:04:20,030 signals 9855 8674591296 New user created: testuser\nINFO 2025-03-18 16:04:20,031 services 9855 8674591296 AUDIT: user_created - User 'testuser' created\n"}, "teardown": {"duration": 0.0003828750050161034, "outcome": "passed"}}, {"nodeid": "unit/users/test_serializers.py::GroupSerializerTest::test_contains_expected_fields", "lineno": 248, "outcome": "passed", "keywords": ["test_contains_expected_fields", "GroupSerializerTest", "test_serializers.py", "users", "unit", "tests", ""], "setup": {"duration": 0.0008634999976493418, "outcome": "passed"}, "call": {"duration": 0.032806666000396945, "outcome": "passed", "stderr": "INFO 2025-03-18 16:04:20,061 signals 9855 8674591296 New user created: user1\nINFO 2025-03-18 16:04:20,061 services 9855 8674591296 AUDIT: user_created - User 'user1' created\nINFO 2025-03-18 16:04:20,062 signals 9855 8674591296 New user created: user2\nINFO 2025-03-18 16:04:20,062 services 9855 8674591296 AUDIT: user_created - User 'user2' created\n"}, "teardown": {"duration": 0.00021241699869278818, "outcome": "passed"}}, {"nodeid": "unit/users/test_serializers.py::GroupSerializerTest::test_permissions_count", "lineno": 253, "outcome": "passed", "keywords": ["test_permissions_count", "GroupSerializerTest", "test_serializers.py", "users", "unit", "tests", ""], "setup": {"duration": 0.0005771249998360872, "outcome": "passed"}, "call": {"duration": 0.031485667001106776, "outcome": "passed", "stderr": "INFO 2025-03-18 16:04:20,095 signals 9855 8674591296 New user created: user1\nINFO 2025-03-18 16:04:20,096 services 9855 8674591296 AUDIT: user_created - User 'user1' created\nINFO 2025-03-18 16:04:20,096 signals 9855 8674591296 New user created: user2\nINFO 2025-03-18 16:04:20,096 services 9855 8674591296 AUDIT: user_created - User 'user2' created\n"}, "teardown": {"duration": 0.00023933299235068262, "outcome": "passed"}}, {"nodeid": "unit/users/test_serializers.py::GroupSerializerTest::test_role_field", "lineno": 261, "outcome": "passed", "keywords": ["test_role_field", "GroupSerializerTest", "test_serializers.py", "users", "unit", "tests", ""], "setup": {"duration": 0.000639374993625097, "outcome": "passed"}, "call": {"duration": 0.030568540998501703, "outcome": "passed", "stderr": "INFO 2025-03-18 16:04:20,128 signals 9855 8674591296 New user created: user1\nINFO 2025-03-18 16:04:20,129 services 9855 8674591296 AUDIT: user_created - User 'user1' created\nINFO 2025-03-18 16:04:20,130 signals 9855 8674591296 New user created: user2\nINFO 2025-03-18 16:04:20,130 services 9855 8674591296 AUDIT: user_created - User 'user2' created\n"}, "teardown": {"duration": 0.00021662500512320548, "outcome": "passed"}}, {"nodeid": "unit/users/test_serializers.py::GroupSerializerTest::test_users_count", "lineno": 257, "outcome": "passed", "keywords": ["test_users_count", "GroupSerializerTest", "test_serializers.py", "users", "unit", "tests", ""], "setup": {"duration": 0.0005549170018639416, "outcome": "passed"}, "call": {"duration": 0.030851957999402657, "outcome": "passed", "stderr": "INFO 2025-03-18 16:04:20,161 signals 9855 8674591296 New user created: user1\nINFO 2025-03-18 16:04:20,161 services 9855 8674591296 AUDIT: user_created - User 'user1' created\nINFO 2025-03-18 16:04:20,162 signals 9855 8674591296 New user created: user2\nINFO 2025-03-18 16:04:20,162 services 9855 8674591296 AUDIT: user_created - User 'user2' created\n"}, "teardown": {"duration": 0.0003060000017285347, "outcome": "passed"}}, {"nodeid": "unit/users/test_serializers.py::RoleSerializerTest::test_contains_expected_fields", "lineno": 296, "outcome": "passed", "keywords": ["test_contains_expected_fields", "RoleSerializerTest", "test_serializers.py", "users", "unit", "tests", ""], "setup": {"duration": 0.0007974170002853498, "outcome": "passed"}, "call": {"duration": 0.030342083002324216, "outcome": "passed"}, "teardown": {"duration": 0.00020433400641195476, "outcome": "passed"}}, {"nodeid": "unit/users/test_serializers.py::RoleSerializerTest::test_field_content", "lineno": 309, "outcome": "passed", "keywords": ["test_field_content", "RoleSerializerTest", "test_serializers.py", "users", "unit", "tests", ""], "setup": {"duration": 0.0005526250024558976, "outcome": "passed"}, "call": {"duration": 0.029318457993213087, "outcome": "passed"}, "teardown": {"duration": 0.0002638750011101365, "outcome": "passed"}}, {"nodeid": "unit/users/test_serializers.py::PermissionSerializerTest::test_contains_expected_fields", "lineno": 336, "outcome": "passed", "keywords": ["test_contains_expected_fields", "PermissionSerializerTest", "test_serializers.py", "users", "unit", "tests", ""], "setup": {"duration": 0.0008650829986436293, "outcome": "passed"}, "call": {"duration": 0.029496375005692244, "outcome": "passed"}, "teardown": {"duration": 0.0007736249972367659, "outcome": "passed"}}, {"nodeid": "unit/users/test_serializers.py::PermissionSerializerTest::test_field_content", "lineno": 348, "outcome": "passed", "keywords": ["test_field_content", "PermissionSerializerTest", "test_serializers.py", "users", "unit", "tests", ""], "setup": {"duration": 0.0007864170038374141, "outcome": "passed"}, "call": {"duration": 0.02983154200774152, "outcome": "passed"}, "teardown": {"duration": 0.00028737500542774796, "outcome": "passed"}}, {"nodeid": "unit/users/test_serializers.py::PermissionCategorySerializerTest::test_contains_expected_fields", "lineno": 372, "outcome": "passed", "keywords": ["test_contains_expected_fields", "PermissionCategorySerializerTest", "test_serializers.py", "users", "unit", "tests", ""], "setup": {"duration": 0.0010070840071421117, "outcome": "passed"}, "call": {"duration": 0.028253583004698157, "outcome": "passed"}, "teardown": {"duration": 0.00026754100690595806, "outcome": "passed"}}, {"nodeid": "unit/users/test_serializers.py::PermissionCategorySerializerTest::test_description_field_content", "lineno": 381, "outcome": "passed", "keywords": ["test_description_field_content", "PermissionCategorySerializerTest", "test_serializers.py", "users", "unit", "tests", ""], "setup": {"duration": 0.0006678339996142313, "outcome": "passed"}, "call": {"duration": 0.02799570899514947, "outcome": "passed"}, "teardown": {"duration": 0.00022691699268762022, "outcome": "passed"}}, {"nodeid": "unit/users/test_serializers.py::PermissionCategorySerializerTest::test_icon_field_content", "lineno": 385, "outcome": "passed", "keywords": ["test_icon_field_content", "PermissionCategorySerializerTest", "test_serializers.py", "users", "unit", "tests", ""], "setup": {"duration": 0.0005911670014029369, "outcome": "passed"}, "call": {"duration": 0.028751541001838632, "outcome": "passed"}, "teardown": {"duration": 0.00023879201035015285, "outcome": "passed"}}, {"nodeid": "unit/users/test_serializers.py::PermissionCategorySerializerTest::test_name_field_content", "lineno": 377, "outcome": "passed", "keywords": ["test_name_field_content", "PermissionCategorySerializerTest", "test_serializers.py", "users", "unit", "tests", ""], "setup": {"duration": 0.000670916007948108, "outcome": "passed"}, "call": {"duration": 0.027774125002906658, "outcome": "passed"}, "teardown": {"duration": 0.00036670800182037055, "outcome": "passed"}}, {"nodeid": "unit/users/test_services.py::UserServiceTest::test_assign_user_to_groups", "lineno": 67, "outcome": "passed", "keywords": ["test_assign_user_to_groups", "UserServiceTest", "test_services.py", "users", "unit", "tests", ""], "setup": {"duration": 0.0008670410024933517, "outcome": "passed"}, "call": {"duration": 0.0321077080006944, "outcome": "passed", "stderr": "INFO 2025-03-18 16:04:20,441 signals 9855 8674591296 New user created: user1\nINFO 2025-03-18 16:04:20,441 services 9855 8674591296 AUDIT: user_created - User 'user1' created\nINFO 2025-03-18 16:04:20,442 signals 9855 8674591296 New user created: user2\nINFO 2025-03-18 16:04:20,442 services 9855 8674591296 AUDIT: user_created - User 'user2' created\n"}, "teardown": {"duration": 0.00023504199634771794, "outcome": "passed"}}, {"nodeid": "unit/users/test_services.py::UserServiceTest::test_create_user_with_profile", "lineno": 133, "outcome": "passed", "keywords": ["test_create_user_with_profile", "UserServiceTest", "test_services.py", "users", "unit", "tests", ""], "setup": {"duration": 0.000549457996385172, "outcome": "passed"}, "call": {"duration": 0.03226104199711699, "outcome": "passed", "stderr": "INFO 2025-03-18 16:04:20,474 signals 9855 8674591296 New user created: user1\nINFO 2025-03-18 16:04:20,475 services 9855 8674591296 AUDIT: user_created - User 'user1' created\nINFO 2025-03-18 16:04:20,475 signals 9855 8674591296 New user created: user2\nINFO 2025-03-18 16:04:20,476 services 9855 8674591296 AUDIT: user_created - User 'user2' created\nINFO 2025-03-18 16:04:20,477 signals 9855 8674591296 New user created: newuser\nINFO 2025-03-18 16:04:20,477 services 9855 8674591296 AUDIT: user_created - User 'newuser' created\n"}, "teardown": {"duration": 0.00030229100957512856, "outcome": "passed"}}, {"nodeid": "unit/users/test_services.py::UserServiceTest::test_get_users_by_department", "lineno": 101, "outcome": "passed", "keywords": ["test_get_users_by_department", "UserServiceTest", "test_services.py", "users", "unit", "tests", ""], "setup": {"duration": 0.0008400000078836456, "outcome": "passed"}, "call": {"duration": 0.03302470900234766, "outcome": "passed", "stderr": "INFO 2025-03-18 16:04:20,509 signals 9855 8674591296 New user created: user1\nINFO 2025-03-18 16:04:20,510 services 9855 8674591296 AUDIT: user_created - User 'user1' created\nINFO 2025-03-18 16:04:20,511 signals 9855 8674591296 New user created: user2\nINFO 2025-03-18 16:04:20,511 services 9855 8674591296 AUDIT: user_created - User 'user2' created\n"}, "teardown": {"duration": 0.00020870800653938204, "outcome": "passed"}}, {"nodeid": "unit/users/test_services.py::UserServiceTest::test_get_users_by_permission", "lineno": 160, "outcome": "passed", "keywords": ["test_get_users_by_permission", "UserServiceTest", "test_services.py", "users", "unit", "tests", ""], "setup": {"duration": 0.0005357500049285591, "outcome": "passed"}, "call": {"duration": 0.03427241600002162, "outcome": "passed", "stderr": "INFO 2025-03-18 16:04:20,543 signals 9855 8674591296 New user created: user1\nINFO 2025-03-18 16:04:20,544 services 9855 8674591296 AUDIT: user_created - User 'user1' created\nINFO 2025-03-18 16:04:20,544 signals 9855 8674591296 New user created: user2\nINFO 2025-03-18 16:04:20,544 services 9855 8674591296 AUDIT: user_created - User 'user2' created\nINFO 2025-03-18 16:04:20,549 signals 9855 8674591296 New user created: user3\nINFO 2025-03-18 16:04:20,549 services 9855 8674591296 AUDIT: user_created - User 'user3' created\n"}, "teardown": {"duration": 0.00024158399901352823, "outcome": "passed"}}, {"nodeid": "unit/users/test_services.py::UserServiceTest::test_get_users_by_status", "lineno": 113, "outcome": "passed", "keywords": ["test_get_users_by_status", "UserServiceTest", "test_services.py", "users", "unit", "tests", ""], "setup": {"duration": 0.0006738749943906441, "outcome": "passed"}, "call": {"duration": 0.032260250009130687, "outcome": "passed", "stderr": "INFO 2025-03-18 16:04:20,579 signals 9855 8674591296 New user created: user1\nINFO 2025-03-18 16:04:20,580 services 9855 8674591296 AUDIT: user_created - User 'user1' created\nINFO 2025-03-18 16:04:20,581 signals 9855 8674591296 New user created: user2\nINFO 2025-03-18 16:04:20,581 services 9855 8674591296 AUDIT: user_created - User 'user2' created\n"}, "teardown": {"duration": 0.0002591250085970387, "outcome": "passed"}}, {"nodeid": "unit/users/test_services.py::UserServiceTest::test_remove_user_from_groups", "lineno": 83, "outcome": "passed", "keywords": ["test_remove_user_from_groups", "UserServiceTest", "test_services.py", "users", "unit", "tests", ""], "setup": {"duration": 0.0005520420090761036, "outcome": "passed"}, "call": {"duration": 0.034647958003915846, "outcome": "passed", "stderr": "INFO 2025-03-18 16:04:20,613 signals 9855 8674591296 New user created: user1\nINFO 2025-03-18 16:04:20,614 services 9855 8674591296 AUDIT: user_created - User 'user1' created\nINFO 2025-03-18 16:04:20,614 signals 9855 8674591296 New user created: user2\nINFO 2025-03-18 16:04:20,614 services 9855 8674591296 AUDIT: user_created - User 'user2' created\n"}, "teardown": {"duration": 0.00024279201170429587, "outcome": "passed"}}, {"nodeid": "unit/users/test_services.py::UserServiceTest::test_update_user_status", "lineno": 125, "outcome": "passed", "keywords": ["test_update_user_status", "UserServiceTest", "test_services.py", "users", "unit", "tests", ""], "setup": {"duration": 0.0006320829998003319, "outcome": "passed"}, "call": {"duration": 0.03129625000292435, "outcome": "passed", "stderr": "INFO 2025-03-18 16:04:20,650 signals 9855 8674591296 New user created: user1\nINFO 2025-03-18 16:04:20,650 services 9855 8674591296 AUDIT: user_created - User 'user1' created\nINFO 2025-03-18 16:04:20,651 signals 9855 8674591296 New user created: user2\nINFO 2025-03-18 16:04:20,651 services 9855 8674591296 AUDIT: user_created - User 'user2' created\nINFO 2025-03-18 16:04:20,653 signals 9855 8674591296 User updated: user1\nINFO 2025-03-18 16:04:20,653 services 9855 8674591296 AUDIT: user_updated - User 'user1' updated\n"}, "teardown": {"duration": 0.00039512499643024057, "outcome": "passed"}}, {"nodeid": "unit/users/test_services.py::RoleServiceTest::test_create_role", "lineno": 241, "outcome": "passed", "keywords": ["test_create_role", "RoleServiceTest", "test_services.py", "users", "unit", "tests", ""], "setup": {"duration": 0.001133999990997836, "outcome": "passed"}, "call": {"duration": 0.031737167009850964, "outcome": "passed", "stderr": "INFO 2025-03-18 16:04:20,684 signals 9855 8674591296 New user created: user1\nINFO 2025-03-18 16:04:20,685 services 9855 8674591296 AUDIT: user_created - User 'user1' created\nINFO 2025-03-18 16:04:20,685 signals 9855 8674591296 New user created: user2\nINFO 2025-03-18 16:04:20,686 services 9855 8674591296 AUDIT: user_created - User 'user2' created\n"}, "teardown": {"duration": 0.00023533400963060558, "outcome": "passed"}}, {"nodeid": "unit/users/test_services.py::RoleServiceTest::test_get_all_child_roles", "lineno": 277, "outcome": "passed", "keywords": ["test_get_all_child_roles", "RoleServiceTest", "test_services.py", "users", "unit", "tests", ""], "setup": {"duration": 0.0006085420027375221, "outcome": "passed"}, "call": {"duration": 0.03184791700914502, "outcome": "passed", "stderr": "INFO 2025-03-18 16:04:20,717 signals 9855 8674591296 New user created: user1\nINFO 2025-03-18 16:04:20,718 services 9855 8674591296 AUDIT: user_created - User 'user1' created\nINFO 2025-03-18 16:04:20,718 signals 9855 8674591296 New user created: user2\nINFO 2025-03-18 16:04:20,718 services 9855 8674591296 AUDIT: user_created - User 'user2' created\n"}, "teardown": {"duration": 0.00027137500001117587, "outcome": "passed"}}, {"nodeid": "unit/users/test_services.py::RoleServiceTest::test_get_users_in_role", "lineno": 268, "outcome": "passed", "keywords": ["test_get_users_in_role", "RoleServiceTest", "test_services.py", "users", "unit", "tests", ""], "setup": {"duration": 0.000676499999826774, "outcome": "passed"}, "call": {"duration": 0.03019870800198987, "outcome": "passed", "stderr": "INFO 2025-03-18 16:04:20,751 signals 9855 8674591296 New user created: user1\nINFO 2025-03-18 16:04:20,751 services 9855 8674591296 AUDIT: user_created - User 'user1' created\nINFO 2025-03-18 16:04:20,752 signals 9855 8674591296 New user created: user2\nINFO 2025-03-18 16:04:20,752 services 9855 8674591296 AUDIT: user_created - User 'user2' created\n"}, "teardown": {"duration": 0.00028049999673385173, "outcome": "passed"}}, {"nodeid": "unit/users/test_services.py::PermissionServiceTest::test_check_object_permission", "lineno": 389, "outcome": "passed", "keywords": ["test_check_object_permission", "PermissionServiceTest", "test_services.py", "users", "unit", "tests", ""], "setup": {"duration": 0.0007829590031178668, "outcome": "passed"}, "call": {"duration": 0.03466370899695903, "outcome": "passed", "stderr": "INFO 2025-03-18 16:04:20,782 signals 9855 8674591296 New user created: admin\nINFO 2025-03-18 16:04:20,783 services 9855 8674591296 AUDIT: user_created - User 'admin' created\nINFO 2025-03-18 16:04:20,783 signals 9855 8674591296 New user created: user\nINFO 2025-03-18 16:04:20,784 services 9855 8674591296 AUDIT: user_created - User 'user' created\n"}, "teardown": {"duration": 0.00022999999055173248, "outcome": "passed"}}, {"nodeid": "unit/users/test_services.py::PermissionServiceTest::test_get_objects_with_permission", "lineno": 415, "outcome": "passed", "keywords": ["test_get_objects_with_permission", "PermissionServiceTest", "test_services.py", "users", "unit", "tests", ""], "setup": {"duration": 0.000691167006152682, "outcome": "passed"}, "call": {"duration": 0.04152916598832235, "outcome": "passed", "stderr": "INFO 2025-03-18 16:04:20,819 signals 9855 8674591296 New user created: admin\nINFO 2025-03-18 16:04:20,820 services 9855 8674591296 AUDIT: user_created - User 'admin' created\nINFO 2025-03-18 16:04:20,820 signals 9855 8674591296 New user created: user\nINFO 2025-03-18 16:04:20,820 services 9855 8674591296 AUDIT: user_created - User 'user' created\nINFO 2025-03-18 16:04:20,825 signals 9855 8674591296 New user created: testuser2\nINFO 2025-03-18 16:04:20,825 services 9855 8674591296 AUDIT: user_created - User 'testuser2' created\nINFO 2025-03-18 16:04:20,826 signals 9855 8674591296 New user created: testuser3\nINFO 2025-03-18 16:04:20,827 services 9855 8674591296 AUDIT: user_created - User 'testuser3' created\n"}, "teardown": {"duration": 0.00019983301172032952, "outcome": "passed"}}, {"nodeid": "unit/users/test_services.py::PermissionServiceTest::test_get_user_permissions", "lineno": 378, "outcome": "passed", "keywords": ["test_get_user_permissions", "PermissionServiceTest", "test_services.py", "users", "unit", "tests", ""], "setup": {"duration": 0.0005370829894673079, "outcome": "passed"}, "call": {"duration": 0.03299254100420512, "outcome": "passed", "stderr": "INFO 2025-03-18 16:04:20,862 signals 9855 8674591296 New user created: admin\nINFO 2025-03-18 16:04:20,862 services 9855 8674591296 AUDIT: user_created - User 'admin' created\nINFO 2025-03-18 16:04:20,863 signals 9855 8674591296 New user created: user\nINFO 2025-03-18 16:04:20,863 services 9855 8674591296 AUDIT: user_created - User 'user' created\n"}, "teardown": {"duration": 0.00021166699298191816, "outcome": "passed"}}, {"nodeid": "unit/users/test_services.py::PermissionServiceTest::test_organize_permissions_by_category", "lineno": 466, "outcome": "passed", "keywords": ["test_organize_permissions_by_category", "PermissionServiceTest", "test_services.py", "users", "unit", "tests", ""], "setup": {"duration": 0.0006601249915547669, "outcome": "passed"}, "call": {"duration": 0.03424104100849945, "outcome": "passed", "stderr": "INFO 2025-03-18 16:04:20,897 signals 9855 8674591296 New user created: admin\nINFO 2025-03-18 16:04:20,897 services 9855 8674591296 AUDIT: user_created - User 'admin' created\nINFO 2025-03-18 16:04:20,898 signals 9855 8674591296 New user created: user\nINFO 2025-03-18 16:04:20,898 services 9855 8674591296 AUDIT: user_created - User 'user' created\n"}, "teardown": {"duration": 0.00030499999411404133, "outcome": "passed"}}, {"nodeid": "unit/core/test_api_views.py::TestUserProfileView::test_get_user_profile", "lineno": 53, "outcome": "error", "keywords": ["test_get_user_profile", "TestUserProfileView", "test_api_views.py", "core", "unit", "tests", ""], "setup": {"duration": 0.0010619580134516582, "outcome": "failed", "crash": {"path": "/Users/joan/VSProjects/pyERP/venv/lib/python3.12/site-packages/django/db/backends/base/base.py", "lineno": 296, "message": "RuntimeError: Database access not allowed, use the \"django_db\" mark, or the \"db\" or \"transactional_db\" fixtures to enable it."}, "traceback": [{"path": "tests/unit/core/test_api_views.py", "lineno": 21, "message": "in user"}, {"path": "venv/lib/python3.12/site-packages/django/contrib/auth/models.py", "lineno": 162, "message": "in create_user"}, {"path": "venv/lib/python3.12/site-packages/django/contrib/auth/models.py", "lineno": 156, "message": "in _create_user"}, {"path": "venv/lib/python3.12/site-packages/django/contrib/auth/base_user.py", "lineno": 62, "message": "in save"}, {"path": "venv/lib/python3.12/site-packages/django/db/models/base.py", "lineno": 892, "message": "in save"}, {"path": "venv/lib/python3.12/site-packages/django/db/models/base.py", "lineno": 998, "message": "in save_base"}, {"path": "venv/lib/python3.12/site-packages/django/db/models/base.py", "lineno": 1161, "message": "in _save_table"}, {"path": "venv/lib/python3.12/site-packages/django/db/models/base.py", "lineno": 1202, "message": "in _do_insert"}, {"path": "venv/lib/python3.12/site-packages/django/db/models/manager.py", "lineno": 87, "message": "in manager_method"}, {"path": "venv/lib/python3.12/site-packages/django/db/models/query.py", "lineno": 1847, "message": "in _insert"}, {"path": "venv/lib/python3.12/site-packages/django/db/models/sql/compiler.py", "lineno": 1834, "message": "in execute_sql"}, {"path": "venv/lib/python3.12/site-packages/django/utils/asyncio.py", "lineno": 26, "message": "in inner"}, {"path": "venv/lib/python3.12/site-packages/django/db/backends/base/base.py", "lineno": 320, "message": "in cursor"}, {"path": "venv/lib/python3.12/site-packages/django/db/backends/base/base.py", "lineno": 296, "message": "in _cursor"}], "longrepr": "tests/unit/core/test_api_views.py:21: in user\n    return User.objects.create_user(\nvenv/lib/python3.12/site-packages/django/contrib/auth/models.py:162: in create_user\n    return self._create_user(username, email, password, **extra_fields)\nvenv/lib/python3.12/site-packages/django/contrib/auth/models.py:156: in _create_user\n    user.save(using=self._db)\nvenv/lib/python3.12/site-packages/django/contrib/auth/base_user.py:62: in save\n    super().save(*args, **kwargs)\nvenv/lib/python3.12/site-packages/django/db/models/base.py:892: in save\n    self.save_base(\nvenv/lib/python3.12/site-packages/django/db/models/base.py:998: in save_base\n    updated = self._save_table(\nvenv/lib/python3.12/site-packages/django/db/models/base.py:1161: in _save_table\n    results = self._do_insert(\nvenv/lib/python3.12/site-packages/django/db/models/base.py:1202: in _do_insert\n    return manager._insert(\nvenv/lib/python3.12/site-packages/django/db/models/manager.py:87: in manager_method\n    return getattr(self.get_queryset(), name)(*args, **kwargs)\nvenv/lib/python3.12/site-packages/django/db/models/query.py:1847: in _insert\n    return query.get_compiler(using=using).execute_sql(returning_fields)\nvenv/lib/python3.12/site-packages/django/db/models/sql/compiler.py:1834: in execute_sql\n    with self.connection.cursor() as cursor:\nvenv/lib/python3.12/site-packages/django/utils/asyncio.py:26: in inner\n    return func(*args, **kwargs)\nvenv/lib/python3.12/site-packages/django/db/backends/base/base.py:320: in cursor\n    return self._cursor()\nvenv/lib/python3.12/site-packages/django/db/backends/base/base.py:296: in _cursor\n    self.ensure_connection()\nE   RuntimeError: Database access not allowed, use the \"django_db\" mark, or the \"db\" or \"transactional_db\" fixtures to enable it."}, "teardown": {"duration": 0.00031154201133176684, "outcome": "passed"}}, {"nodeid": "unit/core/test_api_views.py::TestUserProfileView::test_update_user_profile", "lineno": 73, "outcome": "error", "keywords": ["test_update_user_profile", "TestUserProfileView", "test_api_views.py", "core", "unit", "tests", ""], "setup": {"duration": 0.0008218750008381903, "outcome": "failed", "crash": {"path": "/Users/joan/VSProjects/pyERP/venv/lib/python3.12/site-packages/django/db/backends/base/base.py", "lineno": 296, "message": "RuntimeError: Database access not allowed, use the \"django_db\" mark, or the \"db\" or \"transactional_db\" fixtures to enable it."}, "traceback": [{"path": "tests/unit/core/test_api_views.py", "lineno": 21, "message": "in user"}, {"path": "venv/lib/python3.12/site-packages/django/contrib/auth/models.py", "lineno": 162, "message": "in create_user"}, {"path": "venv/lib/python3.12/site-packages/django/contrib/auth/models.py", "lineno": 156, "message": "in _create_user"}, {"path": "venv/lib/python3.12/site-packages/django/contrib/auth/base_user.py", "lineno": 62, "message": "in save"}, {"path": "venv/lib/python3.12/site-packages/django/db/models/base.py", "lineno": 892, "message": "in save"}, {"path": "venv/lib/python3.12/site-packages/django/db/models/base.py", "lineno": 998, "message": "in save_base"}, {"path": "venv/lib/python3.12/site-packages/django/db/models/base.py", "lineno": 1161, "message": "in _save_table"}, {"path": "venv/lib/python3.12/site-packages/django/db/models/base.py", "lineno": 1202, "message": "in _do_insert"}, {"path": "venv/lib/python3.12/site-packages/django/db/models/manager.py", "lineno": 87, "message": "in manager_method"}, {"path": "venv/lib/python3.12/site-packages/django/db/models/query.py", "lineno": 1847, "message": "in _insert"}, {"path": "venv/lib/python3.12/site-packages/django/db/models/sql/compiler.py", "lineno": 1834, "message": "in execute_sql"}, {"path": "venv/lib/python3.12/site-packages/django/utils/asyncio.py", "lineno": 26, "message": "in inner"}, {"path": "venv/lib/python3.12/site-packages/django/db/backends/base/base.py", "lineno": 320, "message": "in cursor"}, {"path": "venv/lib/python3.12/site-packages/django/db/backends/base/base.py", "lineno": 296, "message": "in _cursor"}], "longrepr": "tests/unit/core/test_api_views.py:21: in user\n    return User.objects.create_user(\nvenv/lib/python3.12/site-packages/django/contrib/auth/models.py:162: in create_user\n    return self._create_user(username, email, password, **extra_fields)\nvenv/lib/python3.12/site-packages/django/contrib/auth/models.py:156: in _create_user\n    user.save(using=self._db)\nvenv/lib/python3.12/site-packages/django/contrib/auth/base_user.py:62: in save\n    super().save(*args, **kwargs)\nvenv/lib/python3.12/site-packages/django/db/models/base.py:892: in save\n    self.save_base(\nvenv/lib/python3.12/site-packages/django/db/models/base.py:998: in save_base\n    updated = self._save_table(\nvenv/lib/python3.12/site-packages/django/db/models/base.py:1161: in _save_table\n    results = self._do_insert(\nvenv/lib/python3.12/site-packages/django/db/models/base.py:1202: in _do_insert\n    return manager._insert(\nvenv/lib/python3.12/site-packages/django/db/models/manager.py:87: in manager_method\n    return getattr(self.get_queryset(), name)(*args, **kwargs)\nvenv/lib/python3.12/site-packages/django/db/models/query.py:1847: in _insert\n    return query.get_compiler(using=using).execute_sql(returning_fields)\nvenv/lib/python3.12/site-packages/django/db/models/sql/compiler.py:1834: in execute_sql\n    with self.connection.cursor() as cursor:\nvenv/lib/python3.12/site-packages/django/utils/asyncio.py:26: in inner\n    return func(*args, **kwargs)\nvenv/lib/python3.12/site-packages/django/db/backends/base/base.py:320: in cursor\n    return self._cursor()\nvenv/lib/python3.12/site-packages/django/db/backends/base/base.py:296: in _cursor\n    self.ensure_connection()\nE   RuntimeError: Database access not allowed, use the \"django_db\" mark, or the \"db\" or \"transactional_db\" fixtures to enable it."}, "teardown": {"duration": 0.00032808400283101946, "outcome": "passed"}}, {"nodeid": "unit/core/test_api_views.py::TestDashboardSummaryView::test_get_dashboard_summary", "lineno": 120, "outcome": "error", "keywords": ["test_get_dashboard_summary", "__wrapped__", "patchings", "TestDashboardSummaryView", "test_api_views.py", "core", "unit", "tests", ""], "setup": {"duration": 0.0008624999900348485, "outcome": "failed", "crash": {"path": "/Users/joan/VSProjects/pyERP/venv/lib/python3.12/site-packages/django/db/backends/base/base.py", "lineno": 296, "message": "RuntimeError: Database access not allowed, use the \"django_db\" mark, or the \"db\" or \"transactional_db\" fixtures to enable it."}, "traceback": [{"path": "tests/unit/core/test_api_views.py", "lineno": 21, "message": "in user"}, {"path": "venv/lib/python3.12/site-packages/django/contrib/auth/models.py", "lineno": 162, "message": "in create_user"}, {"path": "venv/lib/python3.12/site-packages/django/contrib/auth/models.py", "lineno": 156, "message": "in _create_user"}, {"path": "venv/lib/python3.12/site-packages/django/contrib/auth/base_user.py", "lineno": 62, "message": "in save"}, {"path": "venv/lib/python3.12/site-packages/django/db/models/base.py", "lineno": 892, "message": "in save"}, {"path": "venv/lib/python3.12/site-packages/django/db/models/base.py", "lineno": 998, "message": "in save_base"}, {"path": "venv/lib/python3.12/site-packages/django/db/models/base.py", "lineno": 1161, "message": "in _save_table"}, {"path": "venv/lib/python3.12/site-packages/django/db/models/base.py", "lineno": 1202, "message": "in _do_insert"}, {"path": "venv/lib/python3.12/site-packages/django/db/models/manager.py", "lineno": 87, "message": "in manager_method"}, {"path": "venv/lib/python3.12/site-packages/django/db/models/query.py", "lineno": 1847, "message": "in _insert"}, {"path": "venv/lib/python3.12/site-packages/django/db/models/sql/compiler.py", "lineno": 1834, "message": "in execute_sql"}, {"path": "venv/lib/python3.12/site-packages/django/utils/asyncio.py", "lineno": 26, "message": "in inner"}, {"path": "venv/lib/python3.12/site-packages/django/db/backends/base/base.py", "lineno": 320, "message": "in cursor"}, {"path": "venv/lib/python3.12/site-packages/django/db/backends/base/base.py", "lineno": 296, "message": "in _cursor"}], "longrepr": "tests/unit/core/test_api_views.py:21: in user\n    return User.objects.create_user(\nvenv/lib/python3.12/site-packages/django/contrib/auth/models.py:162: in create_user\n    return self._create_user(username, email, password, **extra_fields)\nvenv/lib/python3.12/site-packages/django/contrib/auth/models.py:156: in _create_user\n    user.save(using=self._db)\nvenv/lib/python3.12/site-packages/django/contrib/auth/base_user.py:62: in save\n    super().save(*args, **kwargs)\nvenv/lib/python3.12/site-packages/django/db/models/base.py:892: in save\n    self.save_base(\nvenv/lib/python3.12/site-packages/django/db/models/base.py:998: in save_base\n    updated = self._save_table(\nvenv/lib/python3.12/site-packages/django/db/models/base.py:1161: in _save_table\n    results = self._do_insert(\nvenv/lib/python3.12/site-packages/django/db/models/base.py:1202: in _do_insert\n    return manager._insert(\nvenv/lib/python3.12/site-packages/django/db/models/manager.py:87: in manager_method\n    return getattr(self.get_queryset(), name)(*args, **kwargs)\nvenv/lib/python3.12/site-packages/django/db/models/query.py:1847: in _insert\n    return query.get_compiler(using=using).execute_sql(returning_fields)\nvenv/lib/python3.12/site-packages/django/db/models/sql/compiler.py:1834: in execute_sql\n    with self.connection.cursor() as cursor:\nvenv/lib/python3.12/site-packages/django/utils/asyncio.py:26: in inner\n    return func(*args, **kwargs)\nvenv/lib/python3.12/site-packages/django/db/backends/base/base.py:320: in cursor\n    return self._cursor()\nvenv/lib/python3.12/site-packages/django/db/backends/base/base.py:296: in _cursor\n    self.ensure_connection()\nE   RuntimeError: Database access not allowed, use the \"django_db\" mark, or the \"db\" or \"transactional_db\" fixtures to enable it."}, "teardown": {"duration": 0.00032583299616817385, "outcome": "passed"}}, {"nodeid": "unit/core/test_api_views.py::TestSystemSettingsView::test_get_system_settings_staff", "lineno": 142, "outcome": "error", "keywords": ["test_get_system_settings_staff", "__wrapped__", "patchings", "TestSystemSettingsView", "test_api_views.py", "core", "unit", "tests", ""], "setup": {"duration": 0.0009574160067131743, "outcome": "failed", "crash": {"path": "/Users/joan/VSProjects/pyERP/venv/lib/python3.12/site-packages/django/db/backends/base/base.py", "lineno": 296, "message": "RuntimeError: Database access not allowed, use the \"django_db\" mark, or the \"db\" or \"transactional_db\" fixtures to enable it."}, "traceback": [{"path": "tests/unit/core/test_api_views.py", "lineno": 34, "message": "in admin_user"}, {"path": "venv/lib/python3.12/site-packages/django/contrib/auth/models.py", "lineno": 162, "message": "in create_user"}, {"path": "venv/lib/python3.12/site-packages/django/contrib/auth/models.py", "lineno": 156, "message": "in _create_user"}, {"path": "venv/lib/python3.12/site-packages/django/contrib/auth/base_user.py", "lineno": 62, "message": "in save"}, {"path": "venv/lib/python3.12/site-packages/django/db/models/base.py", "lineno": 892, "message": "in save"}, {"path": "venv/lib/python3.12/site-packages/django/db/models/base.py", "lineno": 998, "message": "in save_base"}, {"path": "venv/lib/python3.12/site-packages/django/db/models/base.py", "lineno": 1161, "message": "in _save_table"}, {"path": "venv/lib/python3.12/site-packages/django/db/models/base.py", "lineno": 1202, "message": "in _do_insert"}, {"path": "venv/lib/python3.12/site-packages/django/db/models/manager.py", "lineno": 87, "message": "in manager_method"}, {"path": "venv/lib/python3.12/site-packages/django/db/models/query.py", "lineno": 1847, "message": "in _insert"}, {"path": "venv/lib/python3.12/site-packages/django/db/models/sql/compiler.py", "lineno": 1834, "message": "in execute_sql"}, {"path": "venv/lib/python3.12/site-packages/django/utils/asyncio.py", "lineno": 26, "message": "in inner"}, {"path": "venv/lib/python3.12/site-packages/django/db/backends/base/base.py", "lineno": 320, "message": "in cursor"}, {"path": "venv/lib/python3.12/site-packages/django/db/backends/base/base.py", "lineno": 296, "message": "in _cursor"}], "longrepr": "tests/unit/core/test_api_views.py:34: in admin_user\n    return User.objects.create_user(\nvenv/lib/python3.12/site-packages/django/contrib/auth/models.py:162: in create_user\n    return self._create_user(username, email, password, **extra_fields)\nvenv/lib/python3.12/site-packages/django/contrib/auth/models.py:156: in _create_user\n    user.save(using=self._db)\nvenv/lib/python3.12/site-packages/django/contrib/auth/base_user.py:62: in save\n    super().save(*args, **kwargs)\nvenv/lib/python3.12/site-packages/django/db/models/base.py:892: in save\n    self.save_base(\nvenv/lib/python3.12/site-packages/django/db/models/base.py:998: in save_base\n    updated = self._save_table(\nvenv/lib/python3.12/site-packages/django/db/models/base.py:1161: in _save_table\n    results = self._do_insert(\nvenv/lib/python3.12/site-packages/django/db/models/base.py:1202: in _do_insert\n    return manager._insert(\nvenv/lib/python3.12/site-packages/django/db/models/manager.py:87: in manager_method\n    return getattr(self.get_queryset(), name)(*args, **kwargs)\nvenv/lib/python3.12/site-packages/django/db/models/query.py:1847: in _insert\n    return query.get_compiler(using=using).execute_sql(returning_fields)\nvenv/lib/python3.12/site-packages/django/db/models/sql/compiler.py:1834: in execute_sql\n    with self.connection.cursor() as cursor:\nvenv/lib/python3.12/site-packages/django/utils/asyncio.py:26: in inner\n    return func(*args, **kwargs)\nvenv/lib/python3.12/site-packages/django/db/backends/base/base.py:320: in cursor\n    return self._cursor()\nvenv/lib/python3.12/site-packages/django/db/backends/base/base.py:296: in _cursor\n    self.ensure_connection()\nE   RuntimeError: Database access not allowed, use the \"django_db\" mark, or the \"db\" or \"transactional_db\" fixtures to enable it."}, "teardown": {"duration": 0.00030266599787864834, "outcome": "passed"}}, {"nodeid": "unit/core/test_api_views.py::TestSystemSettingsView::test_get_system_settings_non_staff", "lineno": 160, "outcome": "error", "keywords": ["test_get_system_settings_non_staff", "TestSystemSettingsView", "test_api_views.py", "core", "unit", "tests", ""], "setup": {"duration": 0.0009102080075535923, "outcome": "failed", "crash": {"path": "/Users/joan/VSProjects/pyERP/venv/lib/python3.12/site-packages/django/db/backends/base/base.py", "lineno": 296, "message": "RuntimeError: Database access not allowed, use the \"django_db\" mark, or the \"db\" or \"transactional_db\" fixtures to enable it."}, "traceback": [{"path": "tests/unit/core/test_api_views.py", "lineno": 21, "message": "in user"}, {"path": "venv/lib/python3.12/site-packages/django/contrib/auth/models.py", "lineno": 162, "message": "in create_user"}, {"path": "venv/lib/python3.12/site-packages/django/contrib/auth/models.py", "lineno": 156, "message": "in _create_user"}, {"path": "venv/lib/python3.12/site-packages/django/contrib/auth/base_user.py", "lineno": 62, "message": "in save"}, {"path": "venv/lib/python3.12/site-packages/django/db/models/base.py", "lineno": 892, "message": "in save"}, {"path": "venv/lib/python3.12/site-packages/django/db/models/base.py", "lineno": 998, "message": "in save_base"}, {"path": "venv/lib/python3.12/site-packages/django/db/models/base.py", "lineno": 1161, "message": "in _save_table"}, {"path": "venv/lib/python3.12/site-packages/django/db/models/base.py", "lineno": 1202, "message": "in _do_insert"}, {"path": "venv/lib/python3.12/site-packages/django/db/models/manager.py", "lineno": 87, "message": "in manager_method"}, {"path": "venv/lib/python3.12/site-packages/django/db/models/query.py", "lineno": 1847, "message": "in _insert"}, {"path": "venv/lib/python3.12/site-packages/django/db/models/sql/compiler.py", "lineno": 1834, "message": "in execute_sql"}, {"path": "venv/lib/python3.12/site-packages/django/utils/asyncio.py", "lineno": 26, "message": "in inner"}, {"path": "venv/lib/python3.12/site-packages/django/db/backends/base/base.py", "lineno": 320, "message": "in cursor"}, {"path": "venv/lib/python3.12/site-packages/django/db/backends/base/base.py", "lineno": 296, "message": "in _cursor"}], "longrepr": "tests/unit/core/test_api_views.py:21: in user\n    return User.objects.create_user(\nvenv/lib/python3.12/site-packages/django/contrib/auth/models.py:162: in create_user\n    return self._create_user(username, email, password, **extra_fields)\nvenv/lib/python3.12/site-packages/django/contrib/auth/models.py:156: in _create_user\n    user.save(using=self._db)\nvenv/lib/python3.12/site-packages/django/contrib/auth/base_user.py:62: in save\n    super().save(*args, **kwargs)\nvenv/lib/python3.12/site-packages/django/db/models/base.py:892: in save\n    self.save_base(\nvenv/lib/python3.12/site-packages/django/db/models/base.py:998: in save_base\n    updated = self._save_table(\nvenv/lib/python3.12/site-packages/django/db/models/base.py:1161: in _save_table\n    results = self._do_insert(\nvenv/lib/python3.12/site-packages/django/db/models/base.py:1202: in _do_insert\n    return manager._insert(\nvenv/lib/python3.12/site-packages/django/db/models/manager.py:87: in manager_method\n    return getattr(self.get_queryset(), name)(*args, **kwargs)\nvenv/lib/python3.12/site-packages/django/db/models/query.py:1847: in _insert\n    return query.get_compiler(using=using).execute_sql(returning_fields)\nvenv/lib/python3.12/site-packages/django/db/models/sql/compiler.py:1834: in execute_sql\n    with self.connection.cursor() as cursor:\nvenv/lib/python3.12/site-packages/django/utils/asyncio.py:26: in inner\n    return func(*args, **kwargs)\nvenv/lib/python3.12/site-packages/django/db/backends/base/base.py:320: in cursor\n    return self._cursor()\nvenv/lib/python3.12/site-packages/django/db/backends/base/base.py:296: in _cursor\n    self.ensure_connection()\nE   RuntimeError: Database access not allowed, use the \"django_db\" mark, or the \"db\" or \"transactional_db\" fixtures to enable it."}, "teardown": {"duration": 0.0002809169964166358, "outcome": "passed"}}, {"nodeid": "unit/core/test_api_views.py::TestSystemSettingsView::test_update_system_settings_superuser", "lineno": 169, "outcome": "error", "keywords": ["test_update_system_settings_superuser", "__wrapped__", "patchings", "TestSystemSettingsView", "test_api_views.py", "core", "unit", "tests", ""], "setup": {"duration": 0.0011513329955050722, "outcome": "failed", "crash": {"path": "/Users/joan/VSProjects/pyERP/venv/lib/python3.12/site-packages/django/db/backends/base/base.py", "lineno": 296, "message": "RuntimeError: Database access not allowed, use the \"django_db\" mark, or the \"db\" or \"transactional_db\" fixtures to enable it."}, "traceback": [{"path": "tests/unit/core/test_api_views.py", "lineno": 34, "message": "in admin_user"}, {"path": "venv/lib/python3.12/site-packages/django/contrib/auth/models.py", "lineno": 162, "message": "in create_user"}, {"path": "venv/lib/python3.12/site-packages/django/contrib/auth/models.py", "lineno": 156, "message": "in _create_user"}, {"path": "venv/lib/python3.12/site-packages/django/contrib/auth/base_user.py", "lineno": 62, "message": "in save"}, {"path": "venv/lib/python3.12/site-packages/django/db/models/base.py", "lineno": 892, "message": "in save"}, {"path": "venv/lib/python3.12/site-packages/django/db/models/base.py", "lineno": 998, "message": "in save_base"}, {"path": "venv/lib/python3.12/site-packages/django/db/models/base.py", "lineno": 1161, "message": "in _save_table"}, {"path": "venv/lib/python3.12/site-packages/django/db/models/base.py", "lineno": 1202, "message": "in _do_insert"}, {"path": "venv/lib/python3.12/site-packages/django/db/models/manager.py", "lineno": 87, "message": "in manager_method"}, {"path": "venv/lib/python3.12/site-packages/django/db/models/query.py", "lineno": 1847, "message": "in _insert"}, {"path": "venv/lib/python3.12/site-packages/django/db/models/sql/compiler.py", "lineno": 1834, "message": "in execute_sql"}, {"path": "venv/lib/python3.12/site-packages/django/utils/asyncio.py", "lineno": 26, "message": "in inner"}, {"path": "venv/lib/python3.12/site-packages/django/db/backends/base/base.py", "lineno": 320, "message": "in cursor"}, {"path": "venv/lib/python3.12/site-packages/django/db/backends/base/base.py", "lineno": 296, "message": "in _cursor"}], "longrepr": "tests/unit/core/test_api_views.py:34: in admin_user\n    return User.objects.create_user(\nvenv/lib/python3.12/site-packages/django/contrib/auth/models.py:162: in create_user\n    return self._create_user(username, email, password, **extra_fields)\nvenv/lib/python3.12/site-packages/django/contrib/auth/models.py:156: in _create_user\n    user.save(using=self._db)\nvenv/lib/python3.12/site-packages/django/contrib/auth/base_user.py:62: in save\n    super().save(*args, **kwargs)\nvenv/lib/python3.12/site-packages/django/db/models/base.py:892: in save\n    self.save_base(\nvenv/lib/python3.12/site-packages/django/db/models/base.py:998: in save_base\n    updated = self._save_table(\nvenv/lib/python3.12/site-packages/django/db/models/base.py:1161: in _save_table\n    results = self._do_insert(\nvenv/lib/python3.12/site-packages/django/db/models/base.py:1202: in _do_insert\n    return manager._insert(\nvenv/lib/python3.12/site-packages/django/db/models/manager.py:87: in manager_method\n    return getattr(self.get_queryset(), name)(*args, **kwargs)\nvenv/lib/python3.12/site-packages/django/db/models/query.py:1847: in _insert\n    return query.get_compiler(using=using).execute_sql(returning_fields)\nvenv/lib/python3.12/site-packages/django/db/models/sql/compiler.py:1834: in execute_sql\n    with self.connection.cursor() as cursor:\nvenv/lib/python3.12/site-packages/django/utils/asyncio.py:26: in inner\n    return func(*args, **kwargs)\nvenv/lib/python3.12/site-packages/django/db/backends/base/base.py:320: in cursor\n    return self._cursor()\nvenv/lib/python3.12/site-packages/django/db/backends/base/base.py:296: in _cursor\n    self.ensure_connection()\nE   RuntimeError: Database access not allowed, use the \"django_db\" mark, or the \"db\" or \"transactional_db\" fixtures to enable it."}, "teardown": {"duration": 0.00038374999712686986, "outcome": "passed"}}, {"nodeid": "unit/core/test_core_views.py::TestHealthCheck::test_health_check_success", "lineno": 19, "outcome": "passed", "keywords": ["test_health_check_success", "TestHealthCheck", "test_core_views.py", "core", "unit", "tests", ""], "setup": {"duration": 0.000650458998279646, "outcome": "passed"}, "call": {"duration": 0.0023999580007512122, "outcome": "passed", "stderr": "ERROR 2025-03-18 16:04:22,006 views 9855 8674591296 Unexpected error during health check: Database access not allowed, use the \"django_db\" mark, or the \"db\" or \"transactional_db\" fixtures to enable it.\n"}, "teardown": {"duration": 0.0001951669983100146, "outcome": "passed"}}, {"nodeid": "unit/core/test_core_views.py::TestHealthCheck::test_health_check_db_error", "lineno": 27, "outcome": "passed", "keywords": ["test_health_check_db_error", "__wrapped__", "patchings", "TestHealthCheck", "test_core_views.py", "core", "unit", "tests", ""], "setup": {"duration": 0.0008194999973056838, "outcome": "passed"}, "call": {"duration": 0.0022105000098235905, "outcome": "passed"}, "teardown": {"duration": 0.00021475000539794564, "outcome": "passed"}}, {"nodeid": "unit/core/test_core_views.py::TestGitBranch::test_git_branch_success", "lineno": 56, "outcome": "passed", "keywords": ["test_git_branch_success", "__wrapped__", "patchings", "TestGitBranch", "test_core_views.py", "core", "unit", "tests", ""], "setup": {"duration": 0.0006171669956529513, "outcome": "passed"}, "call": {"duration": 0.016625167001620866, "outcome": "passed"}, "teardown": {"duration": 0.000323416999890469, "outcome": "passed"}}, {"nodeid": "unit/core/test_core_views.py::TestGitBranch::test_git_branch_error", "lineno": 75, "outcome": "passed", "keywords": ["test_git_branch_error", "__wrapped__", "patchings", "TestGitBranch", "test_core_views.py", "core", "unit", "tests", ""], "setup": {"duration": 0.0007017090101726353, "outcome": "passed"}, "call": {"duration": 0.012528582999948412, "outcome": "passed"}, "teardown": {"duration": 0.0005052500055171549, "outcome": "passed"}}, {"nodeid": "unit/core/test_core_views.py::TestDBErrorView::test_db_error_view_raises_error", "lineno": 105, "outcome": "passed", "keywords": ["test_db_error_view_raises_error", "__wrapped__", "patchings", "TestDBErrorView", "test_core_views.py", "core", "unit", "tests", ""], "setup": {"duration": 0.0009469590004300699, "outcome": "passed"}, "call": {"duration": 0.0008028750016819686, "outcome": "passed"}, "teardown": {"duration": 0.00019829200755339116, "outcome": "passed"}}, {"nodeid": "unit/management/test_importproducts.py::TestProductImportValidator::test_validate_sku", "lineno": 34, "outcome": "passed", "keywords": ["test_validate_sku", "TestProductImportValidator", "test_importproducts.py", "management", "unit", "tests", ""], "setup": {"duration": 0.0006347919988911599, "outcome": "passed"}, "call": {"duration": 0.00018149999959859997, "outcome": "passed"}, "teardown": {"duration": 0.00019870800315402448, "outcome": "passed"}}, {"nodeid": "unit/management/test_importproducts.py::TestProductImportValidator::test_validate_name", "lineno": 49, "outcome": "passed", "keywords": ["test_validate_name", "TestProductImportValidator", "test_importproducts.py", "management", "unit", "tests", ""], "setup": {"duration": 0.0005069159960839897, "outcome": "passed"}, "call": {"duration": 0.00013954099267721176, "outcome": "passed"}, "teardown": {"duration": 0.00013225000293459743, "outcome": "passed"}}, {"nodeid": "unit/management/test_importproducts.py::TestProductImportValidator::test_validate_list_price", "lineno": 64, "outcome": "passed", "keywords": ["test_validate_list_price", "TestProductImportValidator", "test_importproducts.py", "management", "unit", "tests", ""], "setup": {"duration": 0.00044966599671170115, "outcome": "passed"}, "call": {"duration": 0.00014016700151842088, "outcome": "passed"}, "teardown": {"duration": 0.0001724170142551884, "outcome": "passed"}}, {"nodeid": "unit/management/test_importproducts.py::TestImportProductsCommand::test_create_product_validator", "lineno": 89, "outcome": "passed", "keywords": ["test_create_product_validator", "TestImportProductsCommand", "test_importproducts.py", "management", "unit", "tests", ""], "setup": {"duration": 0.0004703339945990592, "outcome": "passed"}, "call": {"duration": 0.00019025000801775604, "outcome": "passed"}, "teardown": {"duration": 0.00013512499572243541, "outcome": "passed"}}, {"nodeid": "unit/management/test_importproducts.py::TestImportProductsCommand::test_validate_products", "lineno": 98, "outcome": "passed", "keywords": ["test_validate_products", "TestImportProductsCommand", "test_importproducts.py", "management", "unit", "tests", ""], "setup": {"duration": 0.0004894169978797436, "outcome": "passed"}, "call": {"duration": 0.00021345799905247986, "outcome": "passed"}, "teardown": {"duration": 0.0001483329979237169, "outcome": "passed"}}, {"nodeid": "unit/management/test_importproducts.py::TestImportProductsCommand::test_handle_with_valid_file", "lineno": 115, "outcome": "passed", "keywords": ["test_handle_with_valid_file", "__wrapped__", "patchings", "TestImportProductsCommand", "test_importproducts.py", "management", "unit", "tests", ""], "setup": {"duration": 0.0011709999962477013, "outcome": "passed"}, "call": {"duration": 0.0008869159937603399, "outcome": "passed"}, "teardown": {"duration": 0.0002911249903263524, "outcome": "passed"}}, {"nodeid": "unit/management/test_importproducts.py::TestImportProductsCommand::test_handle_with_invalid_data", "lineno": 139, "outcome": "passed", "keywords": ["test_handle_with_invalid_data", "__wrapped__", "patchings", "TestImportProductsCommand", "test_importproducts.py", "management", "unit", "tests", ""], "setup": {"duration": 0.000957583004492335, "outcome": "passed"}, "call": {"duration": 0.0003532090049702674, "outcome": "passed"}, "teardown": {"duration": 0.0002916670055128634, "outcome": "passed"}}, {"nodeid": "unit/sync/test_base_transformer.py::TestValidationError::test_init_with_defaults", "lineno": 51, "outcome": "passed", "keywords": ["test_init_with_defaults", "TestValidationError", "test_base_transformer.py", "sync", "unit", "tests", ""], "setup": {"duration": 0.0005414589977590367, "outcome": "passed"}, "call": {"duration": 0.00013104100071359426, "outcome": "passed"}, "teardown": {"duration": 0.00014237499271985143, "outcome": "passed"}}, {"nodeid": "unit/sync/test_base_transformer.py::TestValidationError::test_init_with_custom_values", "lineno": 60, "outcome": "passed", "keywords": ["test_init_with_custom_values", "TestValidationError", "test_base_transformer.py", "sync", "unit", "tests", ""], "setup": {"duration": 0.0004497079935390502, "outcome": "passed"}, "call": {"duration": 0.00013066700194031, "outcome": "passed"}, "teardown": {"duration": 0.0001641669950913638, "outcome": "passed"}}, {"nodeid": "unit/sync/test_base_transformer.py::TestBaseTransformer::test_init_with_minimal_config", "lineno": 74, "outcome": "passed", "keywords": ["test_init_with_minimal_config", "TestBaseTransformer", "test_base_transformer.py", "sync", "unit", "tests", ""], "setup": {"duration": 0.0005003330006729811, "outcome": "passed"}, "call": {"duration": 0.00013025000225752592, "outcome": "passed"}, "teardown": {"duration": 0.00013012500130571425, "outcome": "passed"}}, {"nodeid": "unit/sync/test_base_transformer.py::TestBaseTransformer::test_init_with_full_config", "lineno": 84, "outcome": "passed", "keywords": ["test_init_with_full_config", "TestBaseTransformer", "test_base_transformer.py", "sync", "unit", "tests", ""], "setup": {"duration": 0.0005010839959140867, "outcome": "passed"}, "call": {"duration": 0.00020595900423359126, "outcome": "passed"}, "teardown": {"duration": 0.00017183300224132836, "outcome": "passed"}}, {"nodeid": "unit/sync/test_base_transformer.py::TestBaseTransformer::test_validate_config_valid", "lineno": 92, "outcome": "passed", "keywords": ["test_validate_config_valid", "TestBaseTransformer", "test_base_transformer.py", "sync", "unit", "tests", ""], "setup": {"duration": 0.0005083750002086163, "outcome": "passed"}, "call": {"duration": 0.00011766600073315203, "outcome": "passed"}, "teardown": {"duration": 0.0001494169991929084, "outcome": "passed"}}, {"nodeid": "unit/sync/test_base_transformer.py::TestBaseTransformer::test_validate_config_invalid_mappings", "lineno": 102, "outcome": "passed", "keywords": ["test_validate_config_invalid_mappings", "TestBaseTransformer", "test_base_transformer.py", "sync", "unit", "tests", ""], "setup": {"duration": 0.0004803750052815303, "outcome": "passed"}, "call": {"duration": 0.0001551669993204996, "outcome": "passed"}, "teardown": {"duration": 0.0001446659880457446, "outcome": "passed"}}, {"nodeid": "unit/sync/test_base_transformer.py::TestBaseTransformer::test_validate_config_invalid_rules", "lineno": 113, "outcome": "passed", "keywords": ["test_validate_config_invalid_rules", "TestBaseTransformer", "test_base_transformer.py", "sync", "unit", "tests", ""], "setup": {"duration": 0.0006135840085335076, "outcome": "passed"}, "call": {"duration": 0.00015254199388436973, "outcome": "passed"}, "teardown": {"duration": 0.00015045799955260009, "outcome": "passed"}}, {"nodeid": "unit/sync/test_base_transformer.py::TestBaseTransformer::test_register_custom_transformer", "lineno": 124, "outcome": "passed", "keywords": ["test_register_custom_transformer", "TestBaseTransformer", "test_base_transformer.py", "sync", "unit", "tests", ""], "setup": {"duration": 0.0004935839970130473, "outcome": "passed"}, "call": {"duration": 0.00016487500397488475, "outcome": "passed"}, "teardown": {"duration": 0.0001509589928900823, "outcome": "passed"}}, {"nodeid": "unit/sync/test_base_transformer.py::TestBaseTransformer::test_apply_field_mappings", "lineno": 136, "outcome": "passed", "keywords": ["test_apply_field_mappings", "TestBaseTransformer", "test_base_transformer.py", "sync", "unit", "tests", ""], "setup": {"duration": 0.0004997499927412719, "outcome": "passed"}, "call": {"duration": 0.00013129200669936836, "outcome": "passed"}, "teardown": {"duration": 0.00014329201076179743, "outcome": "passed"}}, {"nodeid": "unit/sync/test_base_transformer.py::TestBaseTransformer::test_apply_custom_transformers", "lineno": 155, "outcome": "passed", "keywords": ["test_apply_custom_transformers", "TestBaseTransformer", "test_base_transformer.py", "sync", "unit", "tests", ""], "setup": {"duration": 0.00047037500189617276, "outcome": "passed"}, "call": {"duration": 0.0001410000113537535, "outcome": "passed"}, "teardown": {"duration": 0.00016516698815394193, "outcome": "passed"}}, {"nodeid": "unit/sync/test_base_transformer.py::TestBaseTransformer::test_apply_custom_transformers_error", "lineno": 182, "outcome": "passed", "keywords": ["test_apply_custom_transformers_error", "TestBaseTransformer", "test_base_transformer.py", "sync", "unit", "tests", ""], "setup": {"duration": 0.0004756659909617156, "outcome": "passed"}, "call": {"duration": 0.0003689170116558671, "outcome": "passed", "stderr": "Error applying custom transformer for field 'price': Test error\n", "log": [{"name": "pyerp.sync.transformers.base", "msg": "Error applying custom transformer for field 'price': Test error", "args": null, "levelname": "ERROR", "levelno": 40, "pathname": "/Users/joan/VSProjects/pyERP/pyerp/sync/transformers/base.py", "filename": "base.py", "module": "base", "exc_info": null, "exc_text": null, "stack_info": null, "lineno": 119, "funcName": "apply_custom_transformers", "created": 1742310262.076173, "msecs": 76.0, "relativeCreated": 9059.607028961182, "thread": 8674591296, "threadName": "MainThread", "processName": "MainProcess", "process": 9855, "taskName": null}]}, "teardown": {"duration": 0.00015145899669732898, "outcome": "passed"}}, {"nodeid": "unit/sync/test_base_transformer.py::TestBaseTransformer::test_validate_record", "lineno": 199, "outcome": "passed", "keywords": ["test_validate_record", "TestBaseTransformer", "test_base_transformer.py", "sync", "unit", "tests", ""], "setup": {"duration": 0.0005776660109404474, "outcome": "passed"}, "call": {"duration": 0.000152749998960644, "outcome": "passed"}, "teardown": {"duration": 0.0001532500027678907, "outcome": "passed"}}, {"nodeid": "unit/sync/test_base_transformer.py::TestBaseTransformer::test_prefilter_records", "lineno": 215, "outcome": "passed", "keywords": ["test_prefilter_records", "TestBaseTransformer", "test_base_transformer.py", "sync", "unit", "tests", ""], "setup": {"duration": 0.0005214580014580861, "outcome": "passed"}, "call": {"duration": 0.0001314590044785291, "outcome": "passed"}, "teardown": {"duration": 0.0001329160004388541, "outcome": "passed"}}, {"nodeid": "unit/sync/test_base_transformer.py::TestBaseTransformer::test_prefilter_records_normalization", "lineno": 239, "outcome": "passed", "keywords": ["test_prefilter_records_normalization", "TestBaseTransformer", "test_base_transformer.py", "sync", "unit", "tests", ""], "setup": {"duration": 0.0005866669962415472, "outcome": "passed"}, "call": {"duration": 0.00013841599866282195, "outcome": "passed"}, "teardown": {"duration": 0.00015683300443924963, "outcome": "passed"}}, {"nodeid": "unit/sync/test_base_transformer.py::TestBaseTransformer::test_prefilter_records_missing_key_field", "lineno": 261, "outcome": "passed", "keywords": ["test_prefilter_records_missing_key_field", "TestBaseTransformer", "test_base_transformer.py", "sync", "unit", "tests", ""], "setup": {"duration": 0.0006754589994670823, "outcome": "passed"}, "call": {"duration": 0.00014383300731424242, "outcome": "passed"}, "teardown": {"duration": 0.0001392499980283901, "outcome": "passed"}}, {"nodeid": "unit/sync/test_base_transformer.py::TestBaseTransformer::test_transform", "lineno": 285, "outcome": "passed", "keywords": ["test_transform", "TestBaseTransformer", "test_base_transformer.py", "sync", "unit", "tests", ""], "setup": {"duration": 0.00047637498937547207, "outcome": "passed"}, "call": {"duration": 0.00013800000306218863, "outcome": "passed"}, "teardown": {"duration": 0.00013787500211037695, "outcome": "passed"}}, {"nodeid": "unit/sync/test_base_transformer.py::TestBaseTransformer::test_validate", "lineno": 312, "outcome": "passed", "keywords": ["test_validate", "TestBaseTransformer", "test_base_transformer.py", "sync", "unit", "tests", ""], "setup": {"duration": 0.00048091700591612607, "outcome": "passed"}, "call": {"duration": 0.00015108300431165844, "outcome": "passed"}, "teardown": {"duration": 0.00026124999567400664, "outcome": "passed"}}, {"nodeid": "unit/test_core_checks.py::test_check_database_connection_success", "lineno": 13, "outcome": "passed", "keywords": ["test_check_database_connection_success", "test_core_checks.py", "unit", "tests", ""], "setup": {"duration": 0.0005870000022696331, "outcome": "passed"}, "call": {"duration": 0.0008822499949019402, "outcome": "passed"}, "teardown": {"duration": 0.00016245899314526469, "outcome": "passed"}}, {"nodeid": "unit/test_core_checks.py::test_check_database_connection_failure[OperationalError]", "lineno": 30, "outcome": "passed", "keywords": ["test_check_database_connection_failure[OperationalError]", "parametrize", "pytestmark", "OperationalError", "test_core_checks.py", "unit", "tests", ""], "setup": {"duration": 0.0006090830138418823, "outcome": "passed"}, "call": {"duration": 0.0050721250008791685, "outcome": "passed", "stderr": "ERROR 2025-03-18 16:04:22,089 checks 9855 8674591296 Database connection check failed: Test error\n"}, "teardown": {"duration": 0.00017462499090470374, "outcome": "passed"}}, {"nodeid": "unit/test_core_checks.py::test_check_database_connection_failure[InterfaceError]", "lineno": 30, "outcome": "passed", "keywords": ["test_check_database_connection_failure[InterfaceError]", "parametrize", "pytestmark", "InterfaceError", "test_core_checks.py", "unit", "tests", ""], "setup": {"duration": 0.0005440829991130158, "outcome": "passed"}, "call": {"duration": 0.0006929579976713285, "outcome": "passed", "stderr": "ERROR 2025-03-18 16:04:22,095 checks 9855 8674591296 Database connection check failed: Test error\n"}, "teardown": {"duration": 0.00018433299555908889, "outcome": "passed"}}, {"nodeid": "unit/test_core_checks.py::test_check_database_connection_failure[DatabaseError]", "lineno": 30, "outcome": "passed", "keywords": ["test_check_database_connection_failure[DatabaseError]", "parametrize", "pytestmark", "DatabaseError", "test_core_checks.py", "unit", "tests", ""], "setup": {"duration": 0.0005642080068355426, "outcome": "passed"}, "call": {"duration": 0.001271124987397343, "outcome": "passed", "stderr": "ERROR 2025-03-18 16:04:22,098 checks 9855 8674591296 Database connection check failed: Test error\n"}, "teardown": {"duration": 0.00025629201263654977, "outcome": "passed"}}, {"nodeid": "unit/test_product_signals.py::test_variant_product_pre_save_new_instance_no_parent", "lineno": 25, "outcome": "passed", "keywords": ["test_variant_product_pre_save_new_instance_no_parent", "test_product_signals.py", "unit", "tests", ""], "setup": {"duration": 0.0006267499993555248, "outcome": "passed"}, "call": {"duration": 0.0006695839983876795, "outcome": "passed"}, "teardown": {"duration": 0.0002519999979995191, "outcome": "passed"}}, {"nodeid": "unit/test_product_signals.py::test_variant_product_pre_save_existing_instance", "lineno": 43, "outcome": "passed", "keywords": ["test_variant_product_pre_save_existing_instance", "test_product_signals.py", "unit", "tests", ""], "setup": {"duration": 0.0007941670046420768, "outcome": "passed"}, "call": {"duration": 0.0011517079983605072, "outcome": "passed"}, "teardown": {"duration": 0.00025695899967104197, "outcome": "passed"}}, {"nodeid": "unit/test_product_signals.py::test_variant_product_pre_save_with_parent_and_variant", "lineno": 62, "outcome": "passed", "keywords": ["test_variant_product_pre_save_with_parent_and_variant", "test_product_signals.py", "unit", "tests", ""], "setup": {"duration": 0.001000250005745329, "outcome": "passed"}, "call": {"duration": 0.0009123749914579093, "outcome": "passed"}, "teardown": {"duration": 0.00021483399905264378, "outcome": "passed"}}, {"nodeid": "unit/test_product_signals.py::test_variant_product_pre_save_with_parent_legacy_id", "lineno": 86, "outcome": "passed", "keywords": ["test_variant_product_pre_save_with_parent_legacy_id", "test_product_signals.py", "unit", "tests", ""], "setup": {"duration": 0.0006363749998854473, "outcome": "passed"}, "call": {"duration": 0.0008410840091528371, "outcome": "passed"}, "teardown": {"duration": 0.00018412500503472984, "outcome": "passed"}}, {"nodeid": "unit/test_simple.py::test_simple_addition", "lineno": 8, "outcome": "passed", "keywords": ["test_simple_addition", "test_simple.py", "unit", "tests", ""], "setup": {"duration": 0.0006059590086806566, "outcome": "passed"}, "call": {"duration": 0.00010954099707305431, "outcome": "passed"}, "teardown": {"duration": 0.00016599999798927456, "outcome": "passed"}}, {"nodeid": "unit/test_simple.py::test_simple_string", "lineno": 13, "outcome": "passed", "keywords": ["test_simple_string", "test_simple.py", "unit", "tests", ""], "setup": {"duration": 0.0005692919949069619, "outcome": "passed"}, "call": {"duration": 0.00011695899593178183, "outcome": "passed"}, "teardown": {"duration": 0.00014804200327489525, "outcome": "passed"}}, {"nodeid": "unit/test_simple.py::TestSimpleClass::test_simple_subtraction", "lineno": 21, "outcome": "passed", "keywords": ["test_simple_subtraction", "TestSimpleClass", "test_simple.py", "unit", "tests", ""], "setup": {"duration": 0.0005672919942298904, "outcome": "passed"}, "call": {"duration": 0.00016866599617060274, "outcome": "passed"}, "teardown": {"duration": 0.00018433399964123964, "outcome": "passed"}}, {"nodeid": "unit/test_simple.py::TestSimpleClass::test_simple_multiplication", "lineno": 25, "outcome": "passed", "keywords": ["test_simple_multiplication", "TestSimpleClass", "test_simple.py", "unit", "tests", ""], "setup": {"duration": 0.0005564580060308799, "outcome": "passed"}, "call": {"duration": 0.00013366699567995965, "outcome": "passed"}, "teardown": {"duration": 0.0001888750120997429, "outcome": "passed"}}, {"nodeid": "unit/utils/email_system/test_utils.py::TestEmailSystemUtils::test_ensure_password_from_1password_not_enabled", "lineno": 14, "outcome": "passed", "keywords": ["test_ensure_password_from_1password_not_enabled", "__wrapped__", "patchings", "TestEmailSystemUtils", "test_utils.py", "email_system", "utils", "unit", "tests", ""], "setup": {"duration": 0.0013506670075003058, "outcome": "passed"}, "call": {"duration": 0.00035895800101570785, "outcome": "passed"}, "teardown": {"duration": 0.0001422909990651533, "outcome": "passed"}}, {"nodeid": "unit/utils/email_system/test_utils.py::TestEmailSystemUtils::test_ensure_password_from_1password_already_set", "lineno": 22, "outcome": "passed", "keywords": ["test_ensure_password_from_1password_already_set", "__wrapped__", "patchings", "TestEmailSystemUtils", "test_utils.py", "email_system", "utils", "unit", "tests", ""], "setup": {"duration": 0.000560332991881296, "outcome": "passed"}, "call": {"duration": 0.0011654999980237335, "outcome": "passed"}, "teardown": {"duration": 0.0003177920007146895, "outcome": "passed"}}, {"nodeid": "unit/utils/email_system/test_utils.py::TestEmailSystemUtils::test_ensure_password_from_1password_no_username", "lineno": 30, "outcome": "passed", "keywords": ["test_ensure_password_from_1password_no_username", "__wrapped__", "patchings", "TestEmailSystemUtils", "test_utils.py", "email_system", "utils", "unit", "tests", ""], "setup": {"duration": 0.0006965000065974891, "outcome": "passed"}, "call": {"duration": 0.000454084001830779, "outcome": "passed"}, "teardown": {"duration": 0.00022941699717193842, "outcome": "passed"}}, {"nodeid": "unit/utils/email_system/test_utils.py::TestEmailSystemUtils::test_ensure_password_from_1password_success", "lineno": 40, "outcome": "passed", "keywords": ["test_ensure_password_from_1password_success", "__wrapped__", "patchings", "TestEmailSystemUtils", "test_utils.py", "email_system", "utils", "unit", "tests", ""], "setup": {"duration": 0.000687374995322898, "outcome": "passed"}, "call": {"duration": 0.0011267500085523352, "outcome": "passed", "stderr": "Retrieved email password from 1Password\n", "log": [{"name": "anymail", "msg": "Retrieved email password from 1Password", "args": null, "levelname": "INFO", "levelno": 20, "pathname": "/Users/joan/VSProjects/pyERP/pyerp/utils/email_system/utils.py", "filename": "utils.py", "module": "utils", "exc_info": null, "exc_text": null, "stack_info": null, "lineno": 31, "funcName": "_ensure_password_from_1password", "created": 1742310262.12643, "msecs": 126.0, "relativeCreated": 9109.863996505737, "thread": 8674591296, "threadName": "MainThread", "processName": "MainProcess", "process": 9855, "taskName": null}]}, "teardown": {"duration": 0.00036816699139308184, "outcome": "passed"}}, {"nodeid": "unit/utils/email_system/test_utils.py::TestEmailSystemUtils::test_ensure_password_from_1password_failure", "lineno": 58, "outcome": "passed", "keywords": ["test_ensure_password_from_1password_failure", "__wrapped__", "patchings", "TestEmailSystemUtils", "test_utils.py", "email_system", "utils", "unit", "tests", ""], "setup": {"duration": 0.0007092499872669578, "outcome": "passed"}, "call": {"duration": 0.000790165999205783, "outcome": "passed", "stderr": "Failed to retrieve email password from 1Password\n", "log": [{"name": "anymail", "msg": "Failed to retrieve email password from 1Password", "args": null, "levelname": "ERROR", "levelno": 40, "pathname": "/Users/joan/VSProjects/pyERP/pyerp/utils/email_system/utils.py", "filename": "utils.py", "module": "utils", "exc_info": null, "exc_text": null, "stack_info": null, "lineno": 34, "funcName": "_ensure_password_from_1password", "created": 1742310262.12972, "msecs": 129.0, "relativeCreated": 9113.15393447876, "thread": 8674591296, "threadName": "MainThread", "processName": "MainProcess", "process": 9855, "taskName": null}]}, "teardown": {"duration": 0.0006892919918755069, "outcome": "passed"}}, {"nodeid": "unit/utils/email_system/test_utils.py::TestEmailSystemUtils::test_send_test_email_success", "lineno": 72, "outcome": "passed", "keywords": ["test_send_test_email_success", "__wrapped__", "patchings", "TestEmailSystemUtils", "test_utils.py", "email_system", "utils", "unit", "tests", ""], "setup": {"duration": 0.0007617080118507147, "outcome": "passed"}, "call": {"duration": 0.0015441669966094196, "outcome": "passed", "stderr": "Sending test email with settings: HOST=, PORT=587, USER=, SSL=False, TLS=True\nTest email sent to test@example.com\n", "log": [{"name": "anymail", "msg": "Sending test email with settings: HOST=, PORT=587, USER=, SSL=False, TLS=True", "args": null, "levelname": "INFO", "levelno": 20, "pathname": "/Users/joan/VSProjects/pyERP/pyerp/utils/email_system/utils.py", "filename": "utils.py", "module": "utils", "exc_info": null, "exc_text": null, "stack_info": null, "lineno": 72, "funcName": "send_test_email", "created": 1742310262.133178, "msecs": 133.0, "relativeCreated": 9116.611957550049, "thread": 8674591296, "threadName": "MainThread", "processName": "MainProcess", "process": 9855, "taskName": null}, {"name": "anymail", "msg": "Test email sent to test@example.com", "args": null, "levelname": "INFO", "levelno": 20, "pathname": "/Users/joan/VSProjects/pyERP/pyerp/utils/email_system/utils.py", "filename": "utils.py", "module": "utils", "exc_info": null, "exc_text": null, "stack_info": null, "lineno": 90, "funcName": "send_test_email", "created": 1742310262.1338592, "msecs": 133.0, "relativeCreated": 9117.293119430542, "thread": 8674591296, "threadName": "MainThread", "processName": "MainProcess", "process": 9855, "taskName": null}]}, "teardown": {"duration": 0.0001815839932532981, "outcome": "passed"}}, {"nodeid": "unit/utils/email_system/test_utils.py::TestEmailSystemUtils::test_send_test_email_password_failure", "lineno": 96, "outcome": "passed", "keywords": ["test_send_test_email_password_failure", "__wrapped__", "patchings", "TestEmailSystemUtils", "test_utils.py", "email_system", "utils", "unit", "tests", ""], "setup": {"duration": 0.0007699170091655105, "outcome": "passed"}, "call": {"duration": 0.00042141700396314263, "outcome": "passed", "stderr": "Cannot send test email: Failed to retrieve password from 1Password\n", "log": [{"name": "anymail", "msg": "Cannot send test email: Failed to retrieve password from 1Password", "args": null, "levelname": "ERROR", "levelno": 40, "pathname": "/Users/joan/VSProjects/pyERP/pyerp/utils/email_system/utils.py", "filename": "utils.py", "module": "utils", "exc_info": null, "exc_text": null, "stack_info": null, "lineno": 54, "funcName": "send_test_email", "created": 1742310262.136018, "msecs": 136.0, "relativeCreated": 9119.451999664307, "thread": 8674591296, "threadName": "MainThread", "processName": "MainProcess", "process": 9855, "taskName": null}]}, "teardown": {"duration": 0.00018575000285636634, "outcome": "passed"}}, {"nodeid": "unit/utils/email_system/test_utils.py::TestEmailSystemUtils::test_send_test_email_exception", "lineno": 104, "outcome": "passed", "keywords": ["test_send_test_email_exception", "__wrapped__", "patchings", "TestEmailSystemUtils", "test_utils.py", "email_system", "utils", "unit", "tests", ""], "setup": {"duration": 0.0007304580067284405, "outcome": "passed"}, "call": {"duration": 0.03769425000064075, "outcome": "passed", "stderr": "Sending test email with settings: HOST=, PORT=587, USER=, SSL=False, TLS=True\nError sending test email: Test exception\nTraceback: Traceback (most recent call last):\n  File \"/Users/joan/VSProjects/pyERP/pyerp/utils/email_system/utils.py\", line 88, in send_test_email\n    msg.send()\n  File \"/opt/miniconda3/lib/python3.12/unittest/mock.py\", line 1139, in __call__\n    return self._mock_call(*args, **kwargs)\n           ^^^^^^^^^^^^^^^^^^^^^^^^^^^^^^^^\n  File \"/opt/miniconda3/lib/python3.12/unittest/mock.py\", line 1143, in _mock_call\n    return self._execute_mock_call(*args, **kwargs)\n           ^^^^^^^^^^^^^^^^^^^^^^^^^^^^^^^^^^^^^^^^\n  File \"/opt/miniconda3/lib/python3.12/unittest/mock.py\", line 1198, in _execute_mock_call\n    raise effect\nException: Test exception\n\n", "log": [{"name": "anymail", "msg": "Sending test email with settings: HOST=, PORT=587, USER=, SSL=False, TLS=True", "args": null, "levelname": "INFO", "levelno": 20, "pathname": "/Users/joan/VSProjects/pyERP/pyerp/utils/email_system/utils.py", "filename": "utils.py", "module": "utils", "exc_info": null, "exc_text": null, "stack_info": null, "lineno": 72, "funcName": "send_test_email", "created": 1742310262.138467, "msecs": 138.0, "relativeCreated": 9121.901035308838, "thread": 8674591296, "threadName": "MainThread", "processName": "MainProcess", "process": 9855, "taskName": null}, {"name": "anymail", "msg": "Error sending test email: Test exception", "args": null, "levelname": "ERROR", "levelno": 40, "pathname": "/Users/joan/VSProjects/pyERP/pyerp/utils/email_system/utils.py", "filename": "utils.py", "module": "utils", "exc_info": null, "exc_text": null, "stack_info": null, "lineno": 94, "funcName": "send_test_email", "created": 1742310262.168967, "msecs": 168.0, "relativeCreated": 9152.400970458984, "thread": 8674591296, "threadName": "MainThread", "processName": "MainProcess", "process": 9855, "taskName": null}, {"name": "anymail", "msg": "Traceback: Traceback (most recent call last):\n  File \"/Users/joan/VSProjects/pyERP/pyerp/utils/email_system/utils.py\", line 88, in send_test_email\n    msg.send()\n  File \"/opt/miniconda3/lib/python3.12/unittest/mock.py\", line 1139, in __call__\n    return self._mock_call(*args, **kwargs)\n           ^^^^^^^^^^^^^^^^^^^^^^^^^^^^^^^^\n  File \"/opt/miniconda3/lib/python3.12/unittest/mock.py\", line 1143, in _mock_call\n    return self._execute_mock_call(*args, **kwargs)\n           ^^^^^^^^^^^^^^^^^^^^^^^^^^^^^^^^^^^^^^^^\n  File \"/opt/miniconda3/lib/python3.12/unittest/mock.py\", line 1198, in _execute_mock_call\n    raise effect\nException: Test exception\n", "args": null, "levelname": "ERROR", "levelno": 40, "pathname": "/Users/joan/VSProjects/pyERP/pyerp/utils/email_system/utils.py", "filename": "utils.py", "module": "utils", "exc_info": null, "exc_text": null, "stack_info": null, "lineno": 98, "funcName": "send_test_email", "created": 1742310262.17506, "msecs": 175.0, "relativeCreated": 9158.493995666504, "thread": 8674591296, "threadName": "MainThread", "processName": "MainProcess", "process": 9855, "taskName": null}]}, "teardown": {"duration": 0.00041887500265147537, "outcome": "passed"}}, {"nodeid": "unit/utils/email_system/test_utils.py::TestEmailSystemUtils::test_send_html_email_success", "lineno": 123, "outcome": "passed", "keywords": ["test_send_html_email_success", "__wrapped__", "patchings", "TestEmailSystemUtils", "test_utils.py", "email_system", "utils", "unit", "tests", ""], "setup": {"duration": 0.0007341670134337619, "outcome": "passed"}, "call": {"duration": 0.0017716659931465983, "outcome": "passed", "stderr": "Email 'Test Subject' sent to ['test@example.com']\n", "log": [{"name": "anymail", "msg": "Email 'Test Subject' sent to ['test@example.com']", "args": null, "levelname": "INFO", "levelno": 20, "pathname": "/Users/joan/VSProjects/pyERP/pyerp/utils/email_system/utils.py", "filename": "utils.py", "module": "utils", "exc_info": null, "exc_text": null, "stack_info": null, "lineno": 158, "funcName": "send_html_email", "created": 1742310262.179562, "msecs": 179.0, "relativeCreated": 9162.996053695679, "thread": 8674591296, "threadName": "MainThread", "processName": "MainProcess", "process": 9855, "taskName": null}]}, "teardown": {"duration": 0.00019137500203214586, "outcome": "passed"}}, {"nodeid": "unit/utils/email_system/test_utils.py::TestEmailSystemUtils::test_send_html_email_password_failure", "lineno": 145, "outcome": "passed", "keywords": ["test_send_html_email_password_failure", "__wrapped__", "patchings", "TestEmailSystemUtils", "test_utils.py", "email_system", "utils", "unit", "tests", ""], "setup": {"duration": 0.0006502920005004853, "outcome": "passed"}, "call": {"duration": 0.00046354100049939007, "outcome": "passed", "stderr": "Cannot send email: Failed to retrieve password from 1Password\n", "log": [{"name": "anymail", "msg": "Cannot send email: Failed to retrieve password from 1Password", "args": null, "levelname": "ERROR", "levelno": 40, "pathname": "/Users/joan/VSProjects/pyERP/pyerp/utils/email_system/utils.py", "filename": "utils.py", "module": "utils", "exc_info": null, "exc_text": null, "stack_info": null, "lineno": 129, "funcName": "send_html_email", "created": 1742310262.1816828, "msecs": 181.0, "relativeCreated": 9165.116786956787, "thread": 8674591296, "threadName": "MainThread", "processName": "MainProcess", "process": 9855, "taskName": null}]}, "teardown": {"duration": 0.00024666600802447647, "outcome": "passed"}}, {"nodeid": "unit/utils/email_system/test_utils.py::TestEmailSystemUtils::test_send_html_email_exception", "lineno": 153, "outcome": "passed", "keywords": ["test_send_html_email_exception", "__wrapped__", "patchings", "TestEmailSystemUtils", "test_utils.py", "email_system", "utils", "unit", "tests", ""], "setup": {"duration": 0.0005931669875280932, "outcome": "passed"}, "call": {"duration": 0.0018040410068351775, "outcome": "passed", "stderr": "Error sending email 'Test Subject': Test exception\n", "log": [{"name": "anymail", "msg": "Error sending email 'Test Subject': Test exception", "args": null, "levelname": "ERROR", "levelno": 40, "pathname": "/Users/joan/VSProjects/pyERP/pyerp/utils/email_system/utils.py", "filename": "utils.py", "module": "utils", "exc_info": null, "exc_text": null, "stack_info": null, "lineno": 162, "funcName": "send_html_email", "created": 1742310262.1852732, "msecs": 185.0, "relativeCreated": 9168.707132339478, "thread": 8674591296, "threadName": "MainThread", "processName": "MainProcess", "process": 9855, "taskName": null}]}, "teardown": {"duration": 0.0007745830080239102, "outcome": "passed"}}, {"nodeid": "unit/utils/email_system/test_utils.py::TestEmailSystemUtils::test_send_html_email_with_cc_bcc", "lineno": 172, "outcome": "passed", "keywords": ["test_send_html_email_with_cc_bcc", "__wrapped__", "patchings", "TestEmailSystemUtils", "test_utils.py", "email_system", "utils", "unit", "tests", ""], "setup": {"duration": 0.0008220840099966154, "outcome": "passed"}, "call": {"duration": 0.0013490420096786693, "outcome": "passed", "stderr": "Email 'Test Subject' sent to ['test@example.com']\n", "log": [{"name": "anymail", "msg": "Email 'Test Subject' sent to ['test@example.com']", "args": null, "levelname": "INFO", "levelno": 20, "pathname": "/Users/joan/VSProjects/pyERP/pyerp/utils/email_system/utils.py", "filename": "utils.py", "module": "utils", "exc_info": null, "exc_text": null, "stack_info": null, "lineno": 158, "funcName": "send_html_email", "created": 1742310262.189552, "msecs": 189.0, "relativeCreated": 9172.986030578613, "thread": 8674591296, "threadName": "MainThread", "processName": "MainProcess", "process": 9855, "taskName": null}]}, "teardown": {"duration": 0.016792958995210938, "outcome": "passed", "stderr": "Destroying test database for alias 'default' ('file:memorydb_default?mode=memory&cache=shared')...\n"}}], "warnings": [{"message": "pkg_resources is deprecated as an API. See https://setuptools.pypa.io/en/latest/pkg_resources.html", "category": "DeprecationWarning", "when": "config", "filename": "/Users/joan/VSProjects/pyERP/venv/lib/python3.12/site-packages/ddtrace/internal/module.py", "lineno": 297}, {"message": "Deprecated call to `pkg_resources.declare_namespace('sphinxcontrib')`.\nImplementing implicit namespace packages (as specified in PEP 420) is preferred to `pkg_resources.declare_namespace`. See https://setuptools.pypa.io/en/latest/references/keywords.html#keyword-namespace-packages", "category": "DeprecationWarning", "when": "config", "filename": "/Users/joan/VSProjects/pyERP/venv/lib/python3.12/site-packages/pkg_resources/__init__.py", "lineno": 3147}, {"message": "'cgi' is deprecated and slated for removal in Python 3.13", "category": "DeprecationWarning", "when": "config", "filename": "/Users/joan/VSProjects/pyERP/venv/lib/python3.12/site-packages/ddtrace/internal/module.py", "lineno": 297}, {"message": "pythonjsonlogger.jsonlogger has been moved to pythonjsonlogger.json", "category": "DeprecationWarning", "when": "config", "filename": "/Users/joan/VSProjects/pyERP/venv/lib/python3.12/site-packages/pythonjsonlogger/jsonlogger.py", "lineno": 11}, {"message": "Unknown config option: env\n", "category": "PytestConfigWarning", "when": "config", "filename": "/Users/joan/VSProjects/pyERP/venv/lib/python3.12/site-packages/_pytest/config/__init__.py", "lineno": 1396}]}